Log file open, 06/12/19 16:52:02
LogWindows: Failed to load 'aqProf.dll' (GetLastError=126)
LogWindows: File 'aqProf.dll' does not exist
LogWindows: Failed to load 'VtuneApi.dll' (GetLastError=126)
LogWindows: File 'VtuneApi.dll' does not exist
LogWindows: Failed to load 'VtuneApi32e.dll' (GetLastError=126)
LogWindows: File 'VtuneApi32e.dll' does not exist
LogConsoleResponse: Display: Failed to find resolution value strings in scalability ini. Falling back to default.
LogInit: Display: Running engine for game: MountainAndSea
LogPakFile: Registered encryption key '00000000000000000000000000000000': 0 pak files mounted, 0 remain pending
LogPlatformFile: Not using cached read wrapper
LogTaskGraph: Started task graph with 5 named threads and 47 total threads with 3 sets of task threads.
LogStats: Stats thread started at 0.766563
LogD3D11RHI: Loaded GFSDK_Aftermath_Lib.x64.dll
LogICUInternationalization: ICU TimeZone Detection - Raw Offset: +8:00, Platform Override: ''
LogPluginManager: Mounting plugin Paper2D
LogPluginManager: Mounting plugin AISupport
LogPluginManager: Mounting plugin LightPropagationVolume
LogPluginManager: Mounting plugin ActorLayerUtilities
LogPluginManager: Mounting plugin CLionSourceCodeAccess
LogPluginManager: Mounting plugin CodeLiteSourceCodeAccess
LogPluginManager: Mounting plugin GitSourceControl
LogPluginManager: Mounting plugin KDevelopSourceCodeAccess
LogPluginManager: Mounting plugin NullSourceCodeAccess
LogPluginManager: Mounting plugin PerforceSourceControl
LogPluginManager: Mounting plugin SubversionSourceControl
LogPluginManager: Mounting plugin UObjectPlugin
LogPluginManager: Mounting plugin VisualStudioCodeSourceCodeAccess
LogPluginManager: Mounting plugin VisualStudioSourceCodeAccess
LogPluginManager: Mounting plugin XCodeSourceCodeAccess
LogPluginManager: Mounting plugin AssetManagerEditor
LogPluginManager: Mounting plugin CryptoKeys
LogPluginManager: Mounting plugin DataValidation
LogPluginManager: Mounting plugin FacialAnimation
LogPluginManager: Mounting plugin GameplayTagsEditor
LogPluginManager: Mounting plugin MacGraphicsSwitching
LogPluginManager: Mounting plugin MeshEditor
LogPluginManager: Mounting plugin MobileLauncherProfileWizard
LogPluginManager: Mounting plugin PluginBrowser
LogPluginManager: Mounting plugin SpeedTreeImporter
LogPluginManager: Mounting plugin DatasmithContent
LogPluginManager: Mounting plugin VariantManagerContent
LogPluginManager: Mounting plugin AlembicImporter
LogPluginManager: Mounting plugin AppleImageUtils
LogPluginManager: Mounting plugin AppleVision
LogPluginManager: Mounting plugin BackChannel
LogPluginManager: Mounting plugin CharacterAI
LogPluginManager: Mounting plugin GeometryCache
LogPluginManager: Mounting plugin HTML5Networking
LogPluginManager: Mounting plugin ProxyLODPlugin
LogPluginManager: Mounting plugin MagicLeap
LogPluginManager: Mounting plugin MagicLeapMedia
LogPluginManager: Mounting plugin AndroidMedia
LogPluginManager: Mounting plugin AvfMedia
LogPluginManager: Mounting plugin ImgMedia
LogPluginManager: Mounting plugin LinearTimecode
LogPluginManager: Mounting plugin MediaCompositing
LogPluginManager: Mounting plugin MediaPlayerEditor
LogPluginManager: Mounting plugin WebMMedia
LogPluginManager: Mounting plugin WmfMedia
LogPluginManager: Mounting plugin TcpMessaging
LogPluginManager: Mounting plugin UdpMessaging
LogPluginManager: Mounting plugin ActorSequence
LogPluginManager: Mounting plugin LevelSequenceEditor
LogPluginManager: Mounting plugin MatineeToLevelSequence
LogPluginManager: Mounting plugin NetcodeUnitTest
LogPluginManager: Mounting plugin NUTUnrealEngine4
LogPluginManager: Mounting plugin OnlineSubsystemGooglePlay
LogPluginManager: Mounting plugin OnlineSubsystemIOS
LogPluginManager: Mounting plugin OnlineSubsystem
LogPluginManager: Mounting plugin OnlineSubsystemNull
LogPluginManager: Mounting plugin OnlineSubsystemUtils
LogPluginManager: Mounting plugin LauncherChunkInstaller
LogPluginManager: Mounting plugin AndroidDeviceProfileSelector
LogPluginManager: Mounting plugin AndroidMoviePlayer
LogPluginManager: Mounting plugin AndroidPermission
LogPluginManager: Mounting plugin AppleMoviePlayer
LogPluginManager: Mounting plugin ArchVisCharacter
LogPluginManager: Mounting plugin AudioCapture
LogPluginManager: Mounting plugin CableComponent
LogPluginManager: Mounting plugin CustomMeshComponent
LogPluginManager: Mounting plugin EditableMesh
LogPluginManager: Mounting plugin ExampleDeviceProfileSelector
LogPluginManager: Mounting plugin Firebase
LogPluginManager: Mounting plugin GoogleCloudMessaging
LogPluginManager: Mounting plugin IOSDeviceProfileSelector
LogPluginManager: Mounting plugin LinuxDeviceProfileSelector
LogPluginManager: Mounting plugin LocationServicesBPLibrary
LogPluginManager: Mounting plugin MobilePatchingUtils
LogPluginManager: Mounting plugin OculusVR
LogPluginManager: Mounting plugin PhysXVehicles
LogPluginManager: Mounting plugin ProceduralMeshComponent
LogPluginManager: Mounting plugin RuntimePhysXCooking
LogPluginManager: Mounting plugin SteamVR
LogPluginManager: Mounting plugin WebMMoviePlayer
LogPluginManager: Mounting plugin WindowsMoviePlayer
LogStreaming: Display: Took  0.124s to configure plugins.
LogInit: Using libcurl 7.55.1-DEV
LogInit:  - built for x86_64-pc-win32
LogInit:  - supports SSL with OpenSSL/1.0.2h
LogInit:  - supports HTTP deflate (compression) using libz 1.2.8
LogInit:  - other features:
LogInit:      CURL_VERSION_SSL
LogInit:      CURL_VERSION_LIBZ
LogInit:      CURL_VERSION_IPV6
LogInit:      CURL_VERSION_ASYNCHDNS
LogInit:      CURL_VERSION_LARGEFILE
LogInit:      CURL_VERSION_IDN
LogInit:  CurlRequestOptions (configurable via config and command line):
LogInit:  - bVerifyPeer = true  - Libcurl will verify peer certificate
LogInit:  - bUseHttpProxy = false  - Libcurl will NOT use HTTP proxy
LogInit:  - bDontReuseConnections = false  - Libcurl will reuse connections
LogInit:  - MaxHostConnections = 16  - Libcurl will limit the number of connections to a host
LogInit:  - LocalHostAddr = Default
LogInit:  - BufferSize = 65536
LogInit: WinSock: version 1.1 (2.2), MaxSocks=32767, MaxUdp=65467
LogInit: Build: ++UE4+Release-4.21-CL-4753647
LogInit: Engine Version: 4.21.2-4753647+++UE4+Release-4.21
LogInit: Compatible Engine Version: 4.21.0-4541578+++UE4+Release-4.21
LogInit: Net CL: 4541578
LogInit: OS: Windows 10 (), CPU: AMD Ryzen 7 2700X Eight-Core Processor         , GPU: NVIDIA GeForce GTX 1080 Ti
LogInit: Compiled (64-bit): Jan 19 2019 02:07:31
LogInit: Compiled with Visual C++: 19.13.26129.00
LogInit: Build Configuration: Development
LogInit: Branch Name: ++UE4+Release-4.21
LogInit: Command Line:  -skipcompile
LogInit: Base Directory: D:/UnrealEngine/UnrealEngine-release/UE_4.21/Engine/Binaries/Win64/
LogInit: Installed Engine Build: 1
LogDevObjectVersion: Number of dev versions registered: 22
LogDevObjectVersion:   Dev-Blueprints (B0D832E4-1F89-4F0D-ACCF-7EB736FD4AA2): 10
LogDevObjectVersion:   Dev-Build (E1C64328-A22C-4D53-A36C-8E866417BD8C): 0
LogDevObjectVersion:   Dev-Core (375EC13C-06E4-48FB-B500-84F0262A717E): 2
LogDevObjectVersion:   Dev-Editor (E4B068ED-F494-42E9-A231-DA0B2E46BB41): 26
LogDevObjectVersion:   Dev-Framework (CFFC743F-43B0-4480-9391-14DF171D2073): 34
LogDevObjectVersion:   Dev-Mobile (B02B49B5-BB20-44E9-A304-32B752E40360): 2
LogDevObjectVersion:   Dev-Networking (A4E4105C-59A1-49B5-A7C5-40C4547EDFEE): 0
LogDevObjectVersion:   Dev-Online (39C831C9-5AE6-47DC-9A44-9C173E1C8E7C): 0
LogDevObjectVersion:   Dev-Physics (78F01B33-EBEA-4F98-B9B4-84EACCB95AA2): 0
LogDevObjectVersion:   Dev-Platform (6631380F-2D4D-43E0-8009-CF276956A95A): 0
LogDevObjectVersion:   Dev-Rendering (12F88B9F-8875-4AFC-A67C-D90C383ABD29): 27
LogDevObjectVersion:   Dev-Sequencer (7B5AE74C-D270-4C10-A958-57980B212A5A): 9
LogDevObjectVersion:   Dev-VR (D7296918-1DD6-4BDD-9DE2-64A83CC13884): 2
LogDevObjectVersion:   Dev-LoadTimes (C2A15278-BFE7-4AFE-6C17-90FF531DF755): 1
LogDevObjectVersion:   Private-Geometry (6EACA3D4-40EC-4CC1-B786-8BED09428FC5): 3
LogDevObjectVersion:   Dev-AnimPhys (29E575DD-E0A3-4627-9D10-D276232CDCEA): 17
LogDevObjectVersion:   Dev-Anim (AF43A65D-7FD3-4947-9873-3E8ED9C1BB05): 2
LogDevObjectVersion:   Dev-ReflectionCapture (6B266CEC-1EC7-4B8F-A30B-E4D90942FC07): 1
LogDevObjectVersion:   Dev-Automation (0DF73D61-A23F-47EA-B727-89E90C41499A): 1
LogDevObjectVersion:   FortniteMain (601D1886-AC64-4F84-AA16-D3DE0DEAC7D6): 17
LogDevObjectVersion:   Dev-Enterprise (9DFFBCD6-494F-0158-E221-12823C92A888): 4
LogDevObjectVersion:   Dev-Niagara (F2AED0AC-9AFE-416F-8664-AA7FFA26D6FC): 1
LogStreaming: Display: Took  0.010s to delete old logs.
LogInit: Presizing for max 8388607 objects, including 0 objects not considered by GC, pre-allocating 0 bytes for permanent pool.
LogInit: Object subsystem initialized
LogConfig: Setting CVar [[con.DebugEarlyDefault:1]]
LogConfig: Setting CVar [[r.setres:1280x720]]
[2019.06.12-08.52.03:465][  0]LogConfig: Setting CVar [[r.VSync:0]]
[2019.06.12-08.52.03:466][  0]LogConfig: Setting CVar [[r.RHICmdBypass:0]]
[2019.06.12-08.52.03:466][  0]LogConfig: Applying CVar settings from Section [/Script/Engine.RendererSettings] File [D:/UnrealEngineProject/MountainAndSea/Saved/Config/Windows/Engine.ini]
[2019.06.12-08.52.03:466][  0]LogConfig: Setting CVar [[r.GPUCrashDebugging:0]]
[2019.06.12-08.52.03:466][  0]LogConfig: Applying CVar settings from Section [/Script/Engine.RendererOverrideSettings] File [D:/UnrealEngineProject/MountainAndSea/Saved/Config/Windows/Engine.ini]
[2019.06.12-08.52.03:466][  0]LogConfig: Applying CVar settings from Section [/Script/Engine.StreamingSettings] File [D:/UnrealEngineProject/MountainAndSea/Saved/Config/Windows/Engine.ini]
[2019.06.12-08.52.03:466][  0]LogConfig: Setting CVar [[s.MinBulkDataSizeForAsyncLoading:131072]]
[2019.06.12-08.52.03:466][  0]LogConfig: Setting CVar [[s.AsyncLoadingThreadEnabled:0]]
[2019.06.12-08.52.03:466][  0]LogConfig: Setting CVar [[s.EventDrivenLoaderEnabled:1]]
[2019.06.12-08.52.03:466][  0]LogConfig: Setting CVar [[s.WarnIfTimeLimitExceeded:0]]
[2019.06.12-08.52.03:466][  0]LogConfig: Setting CVar [[s.TimeLimitExceededMultiplier:1.5]]
[2019.06.12-08.52.03:466][  0]LogConfig: Setting CVar [[s.TimeLimitExceededMinTime:0.005]]
[2019.06.12-08.52.03:466][  0]LogConfig: Setting CVar [[s.UseBackgroundLevelStreaming:1]]
[2019.06.12-08.52.03:467][  0]LogConfig: Setting CVar [[s.PriorityAsyncLoadingExtraTime:15.0]]
[2019.06.12-08.52.03:467][  0]LogConfig: Setting CVar [[s.LevelStreamingActorsUpdateTimeLimit:5.0]]
[2019.06.12-08.52.03:467][  0]LogConfig: Setting CVar [[s.PriorityLevelStreamingActorsUpdateExtraTime:5.0]]
[2019.06.12-08.52.03:467][  0]LogConfig: Setting CVar [[s.LevelStreamingComponentsRegistrationGranularity:10]]
[2019.06.12-08.52.03:467][  0]LogConfig: Setting CVar [[s.UnregisterComponentsTimeLimit:1.0]]
[2019.06.12-08.52.03:467][  0]LogConfig: Setting CVar [[s.LevelStreamingComponentsUnregistrationGranularity:5]]
[2019.06.12-08.52.03:467][  0]LogConfig: Applying CVar settings from Section [/Script/Engine.GarbageCollectionSettings] File [D:/UnrealEngineProject/MountainAndSea/Saved/Config/Windows/Engine.ini]
[2019.06.12-08.52.03:467][  0]LogConfig: Setting CVar [[gc.MaxObjectsNotConsideredByGC:1]]
[2019.06.12-08.52.03:467][  0]LogConfig: Setting CVar [[gc.SizeOfPermanentObjectPool:0]]
[2019.06.12-08.52.03:467][  0]LogConfig: Setting CVar [[gc.FlushStreamingOnGC:0]]
[2019.06.12-08.52.03:467][  0]LogConfig: Setting CVar [[gc.NumRetriesBeforeForcingGC:10]]
[2019.06.12-08.52.03:467][  0]LogConfig: Setting CVar [[gc.AllowParallelGC:1]]
[2019.06.12-08.52.03:467][  0]LogConfig: Setting CVar [[gc.TimeBetweenPurgingPendingKillObjects:61.1]]
[2019.06.12-08.52.03:468][  0]LogConfig: Setting CVar [[gc.MaxObjectsInEditor:8388607]]
[2019.06.12-08.52.03:468][  0]LogConfig: Setting CVar [[gc.IncrementalBeginDestroyEnabled:1]]
[2019.06.12-08.52.03:468][  0]LogConfig: Setting CVar [[gc.CreateGCClusters:1]]
[2019.06.12-08.52.03:468][  0]LogConfig: Setting CVar [[gc.MergeGCClusters:0]]
[2019.06.12-08.52.03:468][  0]LogConfig: Setting CVar [[gc.MinGCClusterSize:5]]
[2019.06.12-08.52.03:468][  0]LogConfig: Setting CVar [[gc.ActorClusteringEnabled:0]]
[2019.06.12-08.52.03:468][  0]LogConfig: Setting CVar [[gc.BlueprintClusteringEnabled:0]]
[2019.06.12-08.52.03:468][  0]LogConfig: Setting CVar [[gc.UseDisregardForGCOnDedicatedServers:0]]
[2019.06.12-08.52.03:468][  0]LogConfig: Applying CVar settings from Section [/Script/Engine.NetworkSettings] File [D:/UnrealEngineProject/MountainAndSea/Saved/Config/Windows/Engine.ini]
[2019.06.12-08.52.03:468][  0]LogConfig: Applying CVar settings from Section [/Script/UnrealEd.CookerSettings] File [D:/UnrealEngineProject/MountainAndSea/Saved/Config/Windows/Engine.ini]
[2019.06.12-08.52.03:477][  0]LogConfig: Applying CVar settings from Section [ViewDistanceQuality@3] File [D:/UnrealEngineProject/MountainAndSea/Saved/Config/Windows/Scalability.ini]
[2019.06.12-08.52.03:477][  0]LogConfig: Setting CVar [[r.SkeletalMeshLODBias:0]]
[2019.06.12-08.52.03:477][  0]LogConfig: Setting CVar [[r.ViewDistanceScale:1.0]]
[2019.06.12-08.52.03:477][  0]LogConfig: Applying CVar settings from Section [AntiAliasingQuality@3] File [D:/UnrealEngineProject/MountainAndSea/Saved/Config/Windows/Scalability.ini]
[2019.06.12-08.52.03:477][  0]LogConfig: Setting CVar [[r.PostProcessAAQuality:4]]
[2019.06.12-08.52.03:477][  0]LogConfig: Applying CVar settings from Section [ShadowQuality@3] File [D:/UnrealEngineProject/MountainAndSea/Saved/Config/Windows/Scalability.ini]
[2019.06.12-08.52.03:477][  0]LogConfig: Setting CVar [[r.LightFunctionQuality:1]]
[2019.06.12-08.52.03:478][  0]LogConfig: Setting CVar [[r.ShadowQuality:5]]
[2019.06.12-08.52.03:478][  0]LogConfig: Setting CVar [[r.Shadow.CSM.MaxCascades:10]]
[2019.06.12-08.52.03:478][  0]LogConfig: Setting CVar [[r.Shadow.MaxResolution:2048]]
[2019.06.12-08.52.03:478][  0]LogConfig: Setting CVar [[r.Shadow.MaxCSMResolution:2048]]
[2019.06.12-08.52.03:478][  0]LogConfig: Setting CVar [[r.Shadow.RadiusThreshold:0.01]]
[2019.06.12-08.52.03:478][  0]LogConfig: Setting CVar [[r.Shadow.DistanceScale:1.0]]
[2019.06.12-08.52.03:478][  0]LogConfig: Setting CVar [[r.Shadow.CSM.TransitionScale:1.0]]
[2019.06.12-08.52.03:478][  0]LogConfig: Setting CVar [[r.Shadow.PreShadowResolutionFactor:1.0]]
[2019.06.12-08.52.03:478][  0]LogConfig: Setting CVar [[r.DistanceFieldShadowing:1]]
[2019.06.12-08.52.03:478][  0]LogConfig: Setting CVar [[r.DistanceFieldAO:1]]
[2019.06.12-08.52.03:478][  0]LogConfig: Setting CVar [[r.AOQuality:2]]
[2019.06.12-08.52.03:478][  0]LogConfig: Setting CVar [[r.VolumetricFog:1]]
[2019.06.12-08.52.03:478][  0]LogConfig: Setting CVar [[r.VolumetricFog.GridPixelSize:8]]
[2019.06.12-08.52.03:479][  0]LogConfig: Setting CVar [[r.VolumetricFog.GridSizeZ:128]]
[2019.06.12-08.52.03:479][  0]LogConfig: Setting CVar [[r.VolumetricFog.HistoryMissSupersampleCount:4]]
[2019.06.12-08.52.03:479][  0]LogConfig: Setting CVar [[r.LightMaxDrawDistanceScale:1]]
[2019.06.12-08.52.03:479][  0]LogConfig: Setting CVar [[r.CapsuleShadows:1]]
[2019.06.12-08.52.03:479][  0]LogConfig: Applying CVar settings from Section [PostProcessQuality@3] File [D:/UnrealEngineProject/MountainAndSea/Saved/Config/Windows/Scalability.ini]
[2019.06.12-08.52.03:479][  0]LogConfig: Setting CVar [[r.MotionBlurQuality:4]]
[2019.06.12-08.52.03:479][  0]LogConfig: Setting CVar [[r.AmbientOcclusionMipLevelFactor:0.4]]
[2019.06.12-08.52.03:479][  0]LogConfig: Setting CVar [[r.AmbientOcclusionMaxQuality:100]]
[2019.06.12-08.52.03:479][  0]LogConfig: Setting CVar [[r.AmbientOcclusionLevels:-1]]
[2019.06.12-08.52.03:479][  0]LogConfig: Setting CVar [[r.AmbientOcclusionRadiusScale:1.0]]
[2019.06.12-08.52.03:480][  0]LogConfig: Setting CVar [[r.DepthOfFieldQuality:2]]
[2019.06.12-08.52.03:480][  0]LogConfig: Setting CVar [[r.RenderTargetPoolMin:400]]
[2019.06.12-08.52.03:480][  0]LogConfig: Setting CVar [[r.LensFlareQuality:2]]
[2019.06.12-08.52.03:480][  0]LogConfig: Setting CVar [[r.SceneColorFringeQuality:1]]
[2019.06.12-08.52.03:480][  0]LogConfig: Setting CVar [[r.EyeAdaptationQuality:2]]
[2019.06.12-08.52.03:480][  0]LogConfig: Setting CVar [[r.BloomQuality:5]]
[2019.06.12-08.52.03:480][  0]LogConfig: Setting CVar [[r.FastBlurThreshold:100]]
[2019.06.12-08.52.03:480][  0]LogConfig: Setting CVar [[r.Upscale.Quality:3]]
[2019.06.12-08.52.03:480][  0]LogConfig: Setting CVar [[r.Tonemapper.GrainQuantization:1]]
[2019.06.12-08.52.03:480][  0]LogConfig: Setting CVar [[r.LightShaftQuality:1]]
[2019.06.12-08.52.03:480][  0]LogConfig: Setting CVar [[r.Filter.SizeScale:1]]
[2019.06.12-08.52.03:481][  0]LogConfig: Setting CVar [[r.Tonemapper.Quality:5]]
[2019.06.12-08.52.03:481][  0]LogConfig: Setting CVar [[r.DOF.Gather.AccumulatorQuality:1        ; higher gathering accumulator quality]]
[2019.06.12-08.52.03:481][  0]LogConfig: Setting CVar [[r.DOF.Gather.PostfilterMethod:1          ; Median3x3 postfilering method]]
[2019.06.12-08.52.03:481][  0]LogConfig: Setting CVar [[r.DOF.Gather.EnableBokehSettings:0       ; no bokeh simulation when gathering]]
[2019.06.12-08.52.03:481][  0]LogConfig: Setting CVar [[r.DOF.Gather.RingCount:4                 ; medium number of samples when gathering]]
[2019.06.12-08.52.03:481][  0]LogConfig: Setting CVar [[r.DOF.Scatter.ForegroundCompositing:1    ; additive foreground scattering]]
[2019.06.12-08.52.03:481][  0]LogConfig: Setting CVar [[r.DOF.Scatter.BackgroundCompositing:2    ; additive background scattering]]
[2019.06.12-08.52.03:481][  0]LogConfig: Setting CVar [[r.DOF.Scatter.EnableBokehSettings:1      ; bokeh simulation when scattering]]
[2019.06.12-08.52.03:481][  0]LogConfig: Setting CVar [[r.DOF.Scatter.MaxSpriteRatio:0.1         ; only a maximum of 10% of scattered bokeh]]
[2019.06.12-08.52.03:481][  0]LogConfig: Setting CVar [[r.DOF.Recombine.Quality:1                ; cheap slight out of focus]]
[2019.06.12-08.52.03:481][  0]LogConfig: Setting CVar [[r.DOF.Recombine.EnableBokehSettings:0    ; no bokeh simulation on slight out of focus]]
[2019.06.12-08.52.03:481][  0]LogConfig: Setting CVar [[r.DOF.TemporalAAQuality:1                ; more stable temporal accumulation]]
[2019.06.12-08.52.03:482][  0]LogConfig: Setting CVar [[r.DOF.Kernel.MaxForegroundRadius:0.025]]
[2019.06.12-08.52.03:482][  0]LogConfig: Setting CVar [[r.DOF.Kernel.MaxBackgroundRadius:0.025]]
[2019.06.12-08.52.03:482][  0]LogConfig: Applying CVar settings from Section [TextureQuality@3] File [D:/UnrealEngineProject/MountainAndSea/Saved/Config/Windows/Scalability.ini]
[2019.06.12-08.52.03:482][  0]LogConfig: Setting CVar [[r.Streaming.MipBias:0]]
[2019.06.12-08.52.03:482][  0]LogConfig: Setting CVar [[r.Streaming.AmortizeCPUToGPUCopy:0]]
[2019.06.12-08.52.03:482][  0]LogConfig: Setting CVar [[r.Streaming.MaxNumTexturesToStreamPerFrame:0]]
[2019.06.12-08.52.03:482][  0]LogConfig: Setting CVar [[r.Streaming.Boost:1]]
[2019.06.12-08.52.03:482][  0]LogConfig: Setting CVar [[r.MaxAnisotropy:8]]
[2019.06.12-08.52.03:482][  0]LogConfig: Setting CVar [[r.Streaming.LimitPoolSizeToVRAM:0]]
[2019.06.12-08.52.03:482][  0]LogConfig: Setting CVar [[r.Streaming.PoolSize:1000]]
[2019.06.12-08.52.03:482][  0]LogConfig: Setting CVar [[r.Streaming.MaxEffectiveScreenSize:0]]
[2019.06.12-08.52.03:482][  0]LogConfig: Applying CVar settings from Section [EffectsQuality@3] File [D:/UnrealEngineProject/MountainAndSea/Saved/Config/Windows/Scalability.ini]
[2019.06.12-08.52.03:482][  0]LogConfig: Setting CVar [[r.TranslucencyLightingVolumeDim:64]]
[2019.06.12-08.52.03:483][  0]LogConfig: Setting CVar [[r.RefractionQuality:2]]
[2019.06.12-08.52.03:483][  0]LogConfig: Setting CVar [[r.SSR.Quality:3]]
[2019.06.12-08.52.03:483][  0]LogConfig: Setting CVar [[r.SceneColorFormat:4]]
[2019.06.12-08.52.03:483][  0]LogConfig: Setting CVar [[r.DetailMode:2]]
[2019.06.12-08.52.03:483][  0]LogConfig: Setting CVar [[r.TranslucencyVolumeBlur:1]]
[2019.06.12-08.52.03:483][  0]LogConfig: Setting CVar [[r.MaterialQualityLevel:1 ; High quality]]
[2019.06.12-08.52.03:483][  0]LogConfig: Setting CVar [[r.SSS.Scale:1]]
[2019.06.12-08.52.03:483][  0]LogConfig: Setting CVar [[r.SSS.SampleSet:2]]
[2019.06.12-08.52.03:483][  0]LogConfig: Setting CVar [[r.SSS.Quality:1]]
[2019.06.12-08.52.03:483][  0]LogConfig: Setting CVar [[r.SSS.HalfRes:1]]
[2019.06.12-08.52.03:483][  0]LogConfig: Setting CVar [[r.EmitterSpawnRateScale:1.0]]
[2019.06.12-08.52.03:484][  0]LogConfig: Setting CVar [[r.ParticleLightQuality:2]]
[2019.06.12-08.52.03:484][  0]LogConfig: Applying CVar settings from Section [FoliageQuality@3] File [D:/UnrealEngineProject/MountainAndSea/Saved/Config/Windows/Scalability.ini]
[2019.06.12-08.52.03:484][  0]LogConfig: Setting CVar [[foliage.DensityScale:1.0]]
[2019.06.12-08.52.03:484][  0]LogConfig: Setting CVar [[grass.DensityScale:1.0]]
[2019.06.12-08.52.03:484][  0]LogInit: Selected Device Profile: [Windows]
[2019.06.12-08.52.03:484][  0]LogInit: Applying CVar settings loaded from the selected device profile: [Windows]
[2019.06.12-08.52.03:518][  0]LogHAL: Display: Platform has ~ 16 GB [17096769536 / 17179869184 / 16], which maps to Larger [LargestMinGB=32, LargerMinGB=12, DefaultMinGB=8, SmallerMinGB=6, SmallestMinGB=0)
[2019.06.12-08.52.03:518][  0]LogConfig: Setting CVar [[r.Vulkan.UseRealUBs:1]]
[2019.06.12-08.52.03:518][  0]LogInit: Going up to parent DeviceProfile []
[2019.06.12-08.52.03:519][  0]LogConfig: Applying CVar settings from Section [ViewDistanceQuality@3] File [D:/UnrealEngineProject/MountainAndSea/Saved/Config/Windows/Scalability.ini]
[2019.06.12-08.52.03:519][  0]LogConfig: Setting CVar [[r.SkeletalMeshLODBias:0]]
[2019.06.12-08.52.03:519][  0]LogConfig: Setting CVar [[r.ViewDistanceScale:1.0]]
[2019.06.12-08.52.03:519][  0]LogConfig: Applying CVar settings from Section [AntiAliasingQuality@3] File [D:/UnrealEngineProject/MountainAndSea/Saved/Config/Windows/Scalability.ini]
[2019.06.12-08.52.03:519][  0]LogConfig: Setting CVar [[r.PostProcessAAQuality:4]]
[2019.06.12-08.52.03:519][  0]LogConfig: Applying CVar settings from Section [ShadowQuality@3] File [D:/UnrealEngineProject/MountainAndSea/Saved/Config/Windows/Scalability.ini]
[2019.06.12-08.52.03:519][  0]LogConfig: Setting CVar [[r.LightFunctionQuality:1]]
[2019.06.12-08.52.03:519][  0]LogConfig: Setting CVar [[r.ShadowQuality:5]]
[2019.06.12-08.52.03:519][  0]LogConfig: Setting CVar [[r.Shadow.CSM.MaxCascades:10]]
[2019.06.12-08.52.03:519][  0]LogConfig: Setting CVar [[r.Shadow.MaxResolution:2048]]
[2019.06.12-08.52.03:519][  0]LogConfig: Setting CVar [[r.Shadow.MaxCSMResolution:2048]]
[2019.06.12-08.52.03:520][  0]LogConfig: Setting CVar [[r.Shadow.RadiusThreshold:0.01]]
[2019.06.12-08.52.03:520][  0]LogConfig: Setting CVar [[r.Shadow.DistanceScale:1.0]]
[2019.06.12-08.52.03:520][  0]LogConfig: Setting CVar [[r.Shadow.CSM.TransitionScale:1.0]]
[2019.06.12-08.52.03:520][  0]LogConfig: Setting CVar [[r.Shadow.PreShadowResolutionFactor:1.0]]
[2019.06.12-08.52.03:520][  0]LogConfig: Setting CVar [[r.DistanceFieldShadowing:1]]
[2019.06.12-08.52.03:520][  0]LogConfig: Setting CVar [[r.DistanceFieldAO:1]]
[2019.06.12-08.52.03:520][  0]LogConfig: Setting CVar [[r.AOQuality:2]]
[2019.06.12-08.52.03:520][  0]LogConfig: Setting CVar [[r.VolumetricFog:1]]
[2019.06.12-08.52.03:520][  0]LogConfig: Setting CVar [[r.VolumetricFog.GridPixelSize:8]]
[2019.06.12-08.52.03:520][  0]LogConfig: Setting CVar [[r.VolumetricFog.GridSizeZ:128]]
[2019.06.12-08.52.03:520][  0]LogConfig: Setting CVar [[r.VolumetricFog.HistoryMissSupersampleCount:4]]
[2019.06.12-08.52.03:520][  0]LogConfig: Setting CVar [[r.LightMaxDrawDistanceScale:1]]
[2019.06.12-08.52.03:520][  0]LogConfig: Setting CVar [[r.CapsuleShadows:1]]
[2019.06.12-08.52.03:521][  0]LogConfig: Applying CVar settings from Section [PostProcessQuality@3] File [D:/UnrealEngineProject/MountainAndSea/Saved/Config/Windows/Scalability.ini]
[2019.06.12-08.52.03:521][  0]LogConfig: Setting CVar [[r.MotionBlurQuality:4]]
[2019.06.12-08.52.03:521][  0]LogConfig: Setting CVar [[r.AmbientOcclusionMipLevelFactor:0.4]]
[2019.06.12-08.52.03:521][  0]LogConfig: Setting CVar [[r.AmbientOcclusionMaxQuality:100]]
[2019.06.12-08.52.03:521][  0]LogConfig: Setting CVar [[r.AmbientOcclusionLevels:-1]]
[2019.06.12-08.52.03:521][  0]LogConfig: Setting CVar [[r.AmbientOcclusionRadiusScale:1.0]]
[2019.06.12-08.52.03:521][  0]LogConfig: Setting CVar [[r.DepthOfFieldQuality:2]]
[2019.06.12-08.52.03:521][  0]LogConfig: Setting CVar [[r.RenderTargetPoolMin:400]]
[2019.06.12-08.52.03:521][  0]LogConfig: Setting CVar [[r.LensFlareQuality:2]]
[2019.06.12-08.52.03:521][  0]LogConfig: Setting CVar [[r.SceneColorFringeQuality:1]]
[2019.06.12-08.52.03:521][  0]LogConfig: Setting CVar [[r.EyeAdaptationQuality:2]]
[2019.06.12-08.52.03:521][  0]LogConfig: Setting CVar [[r.BloomQuality:5]]
[2019.06.12-08.52.03:522][  0]LogConfig: Setting CVar [[r.FastBlurThreshold:100]]
[2019.06.12-08.52.03:522][  0]LogConfig: Setting CVar [[r.Upscale.Quality:3]]
[2019.06.12-08.52.03:522][  0]LogConfig: Setting CVar [[r.Tonemapper.GrainQuantization:1]]
[2019.06.12-08.52.03:522][  0]LogConfig: Setting CVar [[r.LightShaftQuality:1]]
[2019.06.12-08.52.03:522][  0]LogConfig: Setting CVar [[r.Filter.SizeScale:1]]
[2019.06.12-08.52.03:522][  0]LogConfig: Setting CVar [[r.Tonemapper.Quality:5]]
[2019.06.12-08.52.03:522][  0]LogConfig: Setting CVar [[r.DOF.Gather.AccumulatorQuality:1        ; higher gathering accumulator quality]]
[2019.06.12-08.52.03:522][  0]LogConfig: Setting CVar [[r.DOF.Gather.PostfilterMethod:1          ; Median3x3 postfilering method]]
[2019.06.12-08.52.03:522][  0]LogConfig: Setting CVar [[r.DOF.Gather.EnableBokehSettings:0       ; no bokeh simulation when gathering]]
[2019.06.12-08.52.03:522][  0]LogConfig: Setting CVar [[r.DOF.Gather.RingCount:4                 ; medium number of samples when gathering]]
[2019.06.12-08.52.03:522][  0]LogConfig: Setting CVar [[r.DOF.Scatter.ForegroundCompositing:1    ; additive foreground scattering]]
[2019.06.12-08.52.03:522][  0]LogConfig: Setting CVar [[r.DOF.Scatter.BackgroundCompositing:2    ; additive background scattering]]
[2019.06.12-08.52.03:523][  0]LogConfig: Setting CVar [[r.DOF.Scatter.EnableBokehSettings:1      ; bokeh simulation when scattering]]
[2019.06.12-08.52.03:523][  0]LogConfig: Setting CVar [[r.DOF.Scatter.MaxSpriteRatio:0.1         ; only a maximum of 10% of scattered bokeh]]
[2019.06.12-08.52.03:523][  0]LogConfig: Setting CVar [[r.DOF.Recombine.Quality:1                ; cheap slight out of focus]]
[2019.06.12-08.52.03:523][  0]LogConfig: Setting CVar [[r.DOF.Recombine.EnableBokehSettings:0    ; no bokeh simulation on slight out of focus]]
[2019.06.12-08.52.03:523][  0]LogConfig: Setting CVar [[r.DOF.TemporalAAQuality:1                ; more stable temporal accumulation]]
[2019.06.12-08.52.03:523][  0]LogConfig: Setting CVar [[r.DOF.Kernel.MaxForegroundRadius:0.025]]
[2019.06.12-08.52.03:523][  0]LogConfig: Setting CVar [[r.DOF.Kernel.MaxBackgroundRadius:0.025]]
[2019.06.12-08.52.03:523][  0]LogConfig: Applying CVar settings from Section [TextureQuality@3] File [D:/UnrealEngineProject/MountainAndSea/Saved/Config/Windows/Scalability.ini]
[2019.06.12-08.52.03:523][  0]LogConfig: Setting CVar [[r.Streaming.MipBias:0]]
[2019.06.12-08.52.03:523][  0]LogConfig: Setting CVar [[r.Streaming.AmortizeCPUToGPUCopy:0]]
[2019.06.12-08.52.03:523][  0]LogConfig: Setting CVar [[r.Streaming.MaxNumTexturesToStreamPerFrame:0]]
[2019.06.12-08.52.03:523][  0]LogConfig: Setting CVar [[r.Streaming.Boost:1]]
[2019.06.12-08.52.03:523][  0]LogConfig: Setting CVar [[r.MaxAnisotropy:8]]
[2019.06.12-08.52.03:523][  0]LogConfig: Setting CVar [[r.Streaming.LimitPoolSizeToVRAM:0]]
[2019.06.12-08.52.03:524][  0]LogConfig: Setting CVar [[r.Streaming.PoolSize:1000]]
[2019.06.12-08.52.03:524][  0]LogConfig: Setting CVar [[r.Streaming.MaxEffectiveScreenSize:0]]
[2019.06.12-08.52.03:524][  0]LogConfig: Applying CVar settings from Section [EffectsQuality@3] File [D:/UnrealEngineProject/MountainAndSea/Saved/Config/Windows/Scalability.ini]
[2019.06.12-08.52.03:524][  0]LogConfig: Setting CVar [[r.TranslucencyLightingVolumeDim:64]]
[2019.06.12-08.52.03:524][  0]LogConfig: Setting CVar [[r.RefractionQuality:2]]
[2019.06.12-08.52.03:524][  0]LogConfig: Setting CVar [[r.SSR.Quality:3]]
[2019.06.12-08.52.03:524][  0]LogConfig: Setting CVar [[r.SceneColorFormat:4]]
[2019.06.12-08.52.03:524][  0]LogConfig: Setting CVar [[r.DetailMode:2]]
[2019.06.12-08.52.03:524][  0]LogConfig: Setting CVar [[r.TranslucencyVolumeBlur:1]]
[2019.06.12-08.52.03:524][  0]LogConfig: Setting CVar [[r.MaterialQualityLevel:1 ; High quality]]
[2019.06.12-08.52.03:524][  0]LogConfig: Setting CVar [[r.SSS.Scale:1]]
[2019.06.12-08.52.03:524][  0]LogConfig: Setting CVar [[r.SSS.SampleSet:2]]
[2019.06.12-08.52.03:524][  0]LogConfig: Setting CVar [[r.SSS.Quality:1]]
[2019.06.12-08.52.03:524][  0]LogConfig: Setting CVar [[r.SSS.HalfRes:1]]
[2019.06.12-08.52.03:525][  0]LogConfig: Setting CVar [[r.EmitterSpawnRateScale:1.0]]
[2019.06.12-08.52.03:525][  0]LogConfig: Setting CVar [[r.ParticleLightQuality:2]]
[2019.06.12-08.52.03:525][  0]LogConfig: Applying CVar settings from Section [FoliageQuality@3] File [D:/UnrealEngineProject/MountainAndSea/Saved/Config/Windows/Scalability.ini]
[2019.06.12-08.52.03:525][  0]LogConfig: Setting CVar [[foliage.DensityScale:1.0]]
[2019.06.12-08.52.03:525][  0]LogConfig: Setting CVar [[grass.DensityScale:1.0]]
[2019.06.12-08.52.03:525][  0]LogConfig: Applying CVar settings from Section [Startup] File [../../../Engine/Config/ConsoleVariables.ini]
[2019.06.12-08.52.03:525][  0]LogConfig: Setting CVar [[net.UseAdaptiveNetUpdateFrequency:0]]
[2019.06.12-08.52.03:525][  0]LogConfig: Applying CVar settings from Section [ConsoleVariables] File [D:/UnrealEngineProject/MountainAndSea/Saved/Config/Windows/Engine.ini]
[2019.06.12-08.52.03:526][  0]LogInit: Computer: DESKTOP-82VF2NQ
[2019.06.12-08.52.03:526][  0]LogInit: User: yifan
[2019.06.12-08.52.03:526][  0]LogInit: CPU Page size=4096, Cores=8
[2019.06.12-08.52.03:526][  0]LogInit: High frequency timer resolution =3.898925 MHz
[2019.06.12-08.52.03:526][  0]LogMemory: Memory total: Physical=15.9GB (16GB approx)
[2019.06.12-08.52.03:526][  0]LogMemory: Platform Memory Stats for Windows
[2019.06.12-08.52.03:526][  0]LogMemory: Process Physical Memory: 105.30 MB used, 105.30 MB peak
[2019.06.12-08.52.03:527][  0]LogMemory: Process Virtual Memory: 89.54 MB used, 89.54 MB peak
[2019.06.12-08.52.03:527][  0]LogMemory: Physical Memory: 6360.14 MB used,  9944.61 MB free, 16304.75 MB total
[2019.06.12-08.52.03:527][  0]LogMemory: Virtual Memory: 4683.96 MB used,  134213040.00 MB free, 134217728.00 MB total
[2019.06.12-08.52.04:002][  0]LogInit: Overriding language with editor language configuration option (en).
[2019.06.12-08.52.04:002][  0]LogInit: Overriding locale with editor locale configuration option (en).
[2019.06.12-08.52.04:444][  0]LogStreaming: Display: Took  0.443s to InitEngineTextLocalization.
[2019.06.12-08.52.04:445][  0]LogInit: Setting process to per monitor DPI aware
[2019.06.12-08.52.04:569][  0]LogSlate: New Slate User Created.  User Index 0, Is Virtual User: 0
[2019.06.12-08.52.04:569][  0]LogSlate: Slate User Registered.  User Index 0, Is Virtual User: 0
[2019.06.12-08.52.06:760][  0]LogHMD: Failed to initialize OpenVR with code 110
[2019.06.12-08.52.06:760][  0]LogD3D11RHI: D3D11 adapters:
[2019.06.12-08.52.06:883][  0]LogD3D11RHI:    0. 'NVIDIA GeForce GTX 1080 Ti' (Feature Level 11_0)
[2019.06.12-08.52.06:883][  0]LogD3D11RHI:       11127/0/8152 MB DedicatedVideo/DedicatedSystem/SharedSystem, Outputs:1, VendorId:0x10de
[2019.06.12-08.52.06:889][  0]LogD3D11RHI:    1. 'Microsoft Basic Render Driver' (Feature Level 11_0)
[2019.06.12-08.52.06:889][  0]LogD3D11RHI:       0/0/8152 MB DedicatedVideo/DedicatedSystem/SharedSystem, Outputs:0, VendorId:0x1414
[2019.06.12-08.52.06:890][  0]LogD3D11RHI: Chosen D3D11 Adapter: 0
[2019.06.12-08.52.06:902][  0]LogD3D11RHI: Creating new Direct3DDevice
[2019.06.12-08.52.06:902][  0]LogD3D11RHI:     GPU DeviceId: 0x1b06 (for the marketing name, search the web for "GPU Device Id")
[2019.06.12-08.52.06:902][  0]LogWindows: EnumDisplayDevices:
[2019.06.12-08.52.06:903][  0]LogWindows:    0. 'NVIDIA GeForce GTX 1080 Ti' (P:1 D:1)
[2019.06.12-08.52.06:903][  0]LogWindows:    1. 'NVIDIA GeForce GTX 1080 Ti' (P:0 D:0)
[2019.06.12-08.52.06:903][  0]LogWindows:    2. 'NVIDIA GeForce GTX 1080 Ti' (P:0 D:0)
[2019.06.12-08.52.06:903][  0]LogWindows:    3. 'NVIDIA GeForce GTX 1080 Ti' (P:0 D:0)
[2019.06.12-08.52.06:903][  0]LogWindows: DebugString: FoundDriverCount:4 
[2019.06.12-08.52.06:903][  0]LogD3D11RHI:     Adapter Name: NVIDIA GeForce GTX 1080 Ti
[2019.06.12-08.52.06:904][  0]LogD3D11RHI:   Driver Version: 399.24 (internal:24.21.13.9924, unified:399.24)
[2019.06.12-08.52.06:904][  0]LogD3D11RHI:      Driver Date: 9-5-2018
[2019.06.12-08.52.06:904][  0]LogRHI: Texture pool is 7788 MB (70% of 11127 MB)
[2019.06.12-08.52.06:968][  0]LogD3D11RHI: Async texture creation enabled
[2019.06.12-08.52.06:989][  0]LogD3D11RHI: GPU Timing Frequency: 1000.000000 (Debug: 2 2)
[2019.06.12-08.52.07:411][  0]LogTemp: Display: Loaded TP AllDesktopTargetPlatform
[2019.06.12-08.52.07:460][  0]LogTemp: Display: Loaded TP MacClientTargetPlatform
[2019.06.12-08.52.07:507][  0]LogTemp: Display: Loaded TP MacNoEditorTargetPlatform
[2019.06.12-08.52.07:572][  0]LogTemp: Display: Loaded TP MacServerTargetPlatform
[2019.06.12-08.52.07:631][  0]LogTemp: Display: Loaded TP MacTargetPlatform
[2019.06.12-08.52.07:678][  0]LogTemp: Display: Loaded TP WindowsClientTargetPlatform
[2019.06.12-08.52.07:738][  0]LogTemp: Display: Loaded TP WindowsNoEditorTargetPlatform
[2019.06.12-08.52.07:790][  0]LogTemp: Display: Loaded TP WindowsServerTargetPlatform
[2019.06.12-08.52.07:828][  0]LogTemp: Display: Loaded TP WindowsTargetPlatform
[2019.06.12-08.52.08:012][  0]LogTemp: Display: Loaded TP AndroidTargetPlatform
[2019.06.12-08.52.08:012][  0]LogTemp: Display: Loaded TP AndroidTargetPlatform
[2019.06.12-08.52.08:012][  0]LogTemp: Display: Loaded TP AndroidTargetPlatform
[2019.06.12-08.52.08:013][  0]LogTemp: Display: Loaded TP AndroidTargetPlatform
[2019.06.12-08.52.08:013][  0]LogTemp: Display: Loaded TP AndroidTargetPlatform
[2019.06.12-08.52.08:013][  0]LogTemp: Display: Loaded TP AndroidTargetPlatform
[2019.06.12-08.52.08:013][  0]LogTemp: Display: Loaded TP AndroidTargetPlatform
[2019.06.12-08.52.08:013][  0]LogTemp: Display: Loaded TP AndroidTargetPlatform
[2019.06.12-08.52.08:013][  0]LogTemp: Display: Loaded TP AndroidTargetPlatform
[2019.06.12-08.52.08:013][  0]LogTemp: Display: Loaded TP AndroidTargetPlatform
[2019.06.12-08.52.08:013][  0]LogTemp: Display: Loaded TP AndroidTargetPlatform
[2019.06.12-08.52.08:013][  0]LogTemp: Display: Loaded TP AndroidTargetPlatform
[2019.06.12-08.52.08:013][  0]LogTemp: Display: Loaded TP AndroidTargetPlatform
[2019.06.12-08.52.08:014][  0]LogTemp: Display: Loaded TP AndroidTargetPlatform
[2019.06.12-08.52.08:014][  0]LogTemp: Display: Loaded TP AndroidTargetPlatform
[2019.06.12-08.52.08:014][  0]LogTemp: Display: Loaded TP AndroidTargetPlatform
[2019.06.12-08.52.08:014][  0]LogTemp: Display: Loaded TP AndroidTargetPlatform
[2019.06.12-08.52.08:014][  0]LogTemp: Display: Loaded TP AndroidTargetPlatform
[2019.06.12-08.52.08:039][  0]LogTemp: Display: Loaded TP HTML5TargetPlatform
[2019.06.12-08.52.08:219][  0]LogTemp: Display: Loaded TP IOSTargetPlatform
[2019.06.12-08.52.08:219][  0]LogTemp: Display: Loaded TP IOSTargetPlatform
[2019.06.12-08.52.08:287][  0]LogTemp: Display: Loaded TP TVOSTargetPlatform
[2019.06.12-08.52.08:287][  0]LogTemp: Display: Loaded TP TVOSTargetPlatform
[2019.06.12-08.52.08:333][  0]LogTemp: Display: Loaded TP LinuxClientTargetPlatform
[2019.06.12-08.52.08:374][  0]LogTemp: Display: Loaded TP LinuxNoEditorTargetPlatform
[2019.06.12-08.52.08:412][  0]LogTemp: Display: Loaded TP LinuxServerTargetPlatform
[2019.06.12-08.52.08:456][  0]LogTemp: Display: Loaded TP LinuxTargetPlatform
[2019.06.12-08.52.08:549][  0]LogTemp: Display: Loaded TP LuminTargetPlatform
[2019.06.12-08.52.08:549][  0]LogTemp: Display: Loaded TP LuminTargetPlatform
[2019.06.12-08.52.08:549][  0]LogTargetPlatformManager: Display: Building Assets For Windows
[2019.06.12-08.52.09:412][  0]LogShaderCompilers: Guid format shader working directory is -7 characters bigger than the processId version (../../../../../../UnrealEngineProject/MountainAndSea/Intermediate/Shaders/WorkingDirectory/14764/).
[2019.06.12-08.52.09:412][  0]LogShaderCompilers: Cleaned the shader compiler working directory 'C:/Users/yifan/AppData/Local/Temp/UnrealShaderWorkingDir/5992E27A439181BC41CBD9BB748407F1/'.
[2019.06.12-08.52.09:415][  0]LogXGEController: Cleaning working directory: C:/Users/yifan/AppData/Local/Temp/UnrealXGEWorkingDir/
[2019.06.12-08.52.09:415][  0]LogXGEController: Cannot use XGE Controller as Incredibuild is not installed on this machine.
[2019.06.12-08.52.09:416][  0]LogShaderCompilers: Cannot use XGE Shader Compiler as Incredibuild is not installed on this machine.
[2019.06.12-08.52.09:416][  0]LogShaderCompilers: Display: Using Local Shader Compiler.
[2019.06.12-08.52.11:101][  0]LogDerivedDataCache: Display: Max Cache Size: 512 MB
[2019.06.12-08.52.11:182][  0]LogDerivedDataCache: Loaded boot cache 0.08s 74MB C:/Users/yifan/AppData/Local/UnrealEngine/4.21/DerivedDataCache/Boot.ddc.
[2019.06.12-08.52.11:183][  0]LogDerivedDataCache: Display: Loaded Boot cache: C:/Users/yifan/AppData/Local/UnrealEngine/4.21/DerivedDataCache/Boot.ddc
[2019.06.12-08.52.11:183][  0]LogDerivedDataCache: FDerivedDataBackendGraph:  Pak pak cache file ../../../../../../UnrealEngineProject/MountainAndSea/DerivedDataCache/DDC.ddp not found, will not use a pak cache.
[2019.06.12-08.52.11:183][  0]LogDerivedDataCache: Unable to find inner node Pak for hierarchical cache Hierarchy.
[2019.06.12-08.52.11:183][  0]LogDerivedDataCache: FDerivedDataBackendGraph:  CompressedPak pak cache file ../../../../../../UnrealEngineProject/MountainAndSea/DerivedDataCache/Compressed.ddp not found, will not use a pak cache.
[2019.06.12-08.52.11:183][  0]LogDerivedDataCache: Unable to find inner node CompressedPak for hierarchical cache Hierarchy.
[2019.06.12-08.52.11:233][  0]LogDerivedDataCache: Display: Pak cache opened for reading ../../../Engine/DerivedDataCache/Compressed.ddp.
[2019.06.12-08.52.11:233][  0]LogDerivedDataCache: FDerivedDataBackendGraph:  EnterprisePak pak cache file ../../../Enterprise/DerivedDataCache/Compressed.ddp not found, will not use a pak cache.
[2019.06.12-08.52.11:233][  0]LogDerivedDataCache: Unable to find inner node EnterprisePak for hierarchical cache Hierarchy.
[2019.06.12-08.52.11:247][  0]LogDerivedDataCache: Using Local data cache path C:/Users/yifan/AppData/Local/UnrealEngine/Common/DerivedDataCache: Writable
[2019.06.12-08.52.11:247][  0]LogDerivedDataCache: Shared data cache path not found in *engine.ini, will not use an Shared cache.
[2019.06.12-08.52.11:247][  0]LogDerivedDataCache: Unable to find inner node Shared for hierarchical cache Hierarchy.
[2019.06.12-08.52.11:270][  0]LogMaterial: Verifying Global Shaders for PCD3D_SM5
[2019.06.12-08.52.11:273][  0]LogSlate: Using FreeType 2.6.0
[2019.06.12-08.52.11:290][  0]LogSlate: SlateFontServices - WITH_FREETYPE: 1, WITH_HARFBUZZ: 1
[2019.06.12-08.52.11:602][  0]LogAssetRegistry: FAssetRegistry took 0.0508 seconds to start up
[2019.06.12-08.52.12:038][  0]LogInit: Selected Device Profile: [Windows]
[2019.06.12-08.52.12:753][  0]LogSimplygon: Simplygon DLL not present - disabling.
[2019.06.12-08.52.12:845][  0]LogMeshReduction: Using SimplygonSwarm for distributed automatic mesh merging
[2019.06.12-08.52.12:845][  0]LogMeshReduction: Using ProxyLODMeshReduction for automatic mesh merging
[2019.06.12-08.52.12:845][  0]LogMeshReduction: Using QuadricMeshReduction for automatic static mesh reduction
[2019.06.12-08.52.12:845][  0]LogMeshReduction: No automatic skeletal mesh reduction module available
[2019.06.12-08.52.12:889][  0]LogNetVersion: MountainAndSea 1.0.0, NetCL: 4541578, EngineNetVer: 5, GameNetVer: 0 (Checksum: 3138369148)
[2019.06.12-08.52.13:963][  0]LogPackageLocalizationCache: Processed 11 localized package path(s) for 1 prioritized culture(s) in 0.078133 seconds
[2019.06.12-08.52.13:973][  0]LogUObjectArray: 39776 objects as part of root set at end of initial load.
[2019.06.12-08.52.13:973][  0]LogUObjectAllocator: 6914888 out of 0 bytes used by permanent object pool.
[2019.06.12-08.52.13:973][  0]LogUObjectArray: CloseDisregardForGC: 0/0 objects in disregard for GC pool
[2019.06.12-08.52.19:219][  0]LogTcpMessaging: Initializing TcpMessaging bridge
[2019.06.12-08.52.19:272][  0]LogUdpMessaging: Initializing bridge on interface 0.0.0.0:0 to multicast group 230.0.0.1:6666.
[2019.06.12-08.52.21:266][  0]SourceControl: Source control is disabled
[2019.06.12-08.52.21:266][  0]SourceControl: Source control is disabled
[2019.06.12-08.52.21:330][  0]SourceControl: Source control is disabled
[2019.06.12-08.52.21:366][  0]SourceControl: Source control is disabled
[2019.06.12-08.52.22:818][  0]LogAndroidPermission: UAndroidPermissionCallbackProxy::GetInstance
[2019.06.12-08.52.23:111][  0]LogOcInput: OculusInput pre-init called
[2019.06.12-08.52.23:466][  0]LogEngine: Initializing Engine...
[2019.06.12-08.52.23:467][  0]LogHMD: Failed to initialize OpenVR with code 110
[2019.06.12-08.52.23:470][  0]LogStats: UGameplayTagsManager::ConstructGameplayTagTree: ImportINI prefixes -  0.000 s
[2019.06.12-08.52.23:470][  0]LogStats: UGameplayTagsManager::ConstructGameplayTagTree: Construct from data asset -  0.000 s
[2019.06.12-08.52.23:470][  0]LogStats: UGameplayTagsManager::ConstructGameplayTagTree: ImportINI -  0.000 s
[2019.06.12-08.52.23:470][  0]LogStats: UGameplayTagsManager::ConstructGameplayTagTree: GameplayTagTreeChangedEvent.Broadcast -  0.000 s
[2019.06.12-08.52.23:958][  0]LogInit: Initializing FReadOnlyCVARCache
[2019.06.12-08.52.24:004][  0]LogAIModule: Creating AISystem for world Untitled
[2019.06.12-08.52.24:050][  0]LogInit: XAudio2 using '扬声器 (2- High Definition Audio 设备)' : 2 channels at 48 kHz using 16 bits per sample (channel mask 0x3)
[2019.06.12-08.52.24:087][  0]LogInit: FAudioDevice initialized.
[2019.06.12-08.52.24:087][  0]LogNetVersion: Set ProjectVersion to 1.0.0.0. Version Checksum will be recalculated on next use.
[2019.06.12-08.52.24:189][  0]LogDerivedDataCache: Saved boot cache 0.10s 74MB C:/Users/yifan/AppData/Local/UnrealEngine/4.21/DerivedDataCache/Boot.ddc.
[2019.06.12-08.52.24:204][  0]LogInit: Texture streaming: Enabled
[2019.06.12-08.52.24:348][  0]LogEngineSessionManager: EngineSessionManager initialized
[2019.06.12-08.52.24:349][  0]LogEngineSessionManager: EngineSessionManager sent abnormal shutdown report. Type=Debugger, SessionId={3D28485A-4769-8314-784A-22863FF6D963}
[2019.06.12-08.52.24:390][  0]LogInit: Transaction tracking system initialized
[2019.06.12-08.52.24:563][  0]BlueprintLog: New page: Editor Load
[2019.06.12-08.52.25:390][  0]LocalizationService: Localization service is disabled
[2019.06.12-08.52.26:834][  0]LogCook: Display: Max memory allowance for cook 16384mb min free memory 0mb
[2019.06.12-08.52.26:835][  0]LogCook: Display: Mobile HDR setting 1
[2019.06.12-08.52.26:835][  0]LogGameplayTags: Display: UGameplayTagsManager::DoneAddingNativeTags. DelegateIsBound: 0
[2019.06.12-08.52.26:835][  0]LogStats: UGameplayTagsManager::ConstructGameplayTagTree: ImportINI prefixes -  0.000 s
[2019.06.12-08.52.26:835][  0]LogStats: UGameplayTagsManager::ConstructGameplayTagTree: Construct from data asset -  0.000 s
[2019.06.12-08.52.26:835][  0]LogStats: UGameplayTagsManager::ConstructGameplayTagTree: ImportINI -  0.000 s
[2019.06.12-08.52.26:835][  0]LogStats: UGameplayTagsManager::ConstructGameplayTagTree: GameplayTagTreeChangedEvent.Broadcast -  0.000 s
[2019.06.12-08.52.27:320][  0]LogFileCache: Scanning file cache for directory 'D:/UnrealEngineProject/MountainAndSea/Content/' took 0.03s
[2019.06.12-08.52.28:117][  0]SourceControl: Source control is disabled
[2019.06.12-08.52.28:117][  0]Cmd: MAP LOAD FILE="../../../../../../UnrealEngineProject/MountainAndSea/Content/Maps/DefaultMap.umap" TEMPLATE=0 SHOWPROGRESS=1 FEATURELEVEL=3
[2019.06.12-08.52.28:118][  0]LightingResults: New page: Lighting Build
[2019.06.12-08.52.28:121][  0]MapCheck: New page: Map Check
[2019.06.12-08.52.28:121][  0]LightingResults: New page: Lighting Build
[2019.06.12-08.52.28:377][  0]LogAIModule: Creating AISystem for world DefaultMap
[2019.06.12-08.52.28:396][  0]LogEditorServer: Finished looking for orphan Actors (0.000 secs)
[2019.06.12-08.52.28:441][  0]Cmd: MAP CHECKDEP NOCLEARLOG
[2019.06.12-08.52.28:442][  0]MapCheck: Map check complete: 0 Error(s), 0 Warning(s), took 0.111ms to complete.
[2019.06.12-08.52.28:442][  0]LogFileHelpers: Loading map 'DefaultMap' took 0.325
[2019.06.12-08.52.28:598][  0]LogSlate: Updating window title bar state: overlay mode, drag disabled, window buttons hidden, title bar hidden
[2019.06.12-08.52.28:612][  0]LogSlate: Updating window title bar state: overlay mode, drag disabled, window buttons hidden, title bar hidden
[2019.06.12-08.52.28:628][  0]LogSlate: Updating window title bar state: overlay mode, drag disabled, window buttons hidden, title bar hidden
[2019.06.12-08.52.28:644][  0]LogSlate: Updating window title bar state: overlay mode, drag disabled, window buttons hidden, title bar hidden
[2019.06.12-08.52.28:691][  0]LogCollectionManager: Loaded 0 collections in 0.001298 seconds
[2019.06.12-08.52.28:710][  0]LogFileCache: Scanning file cache for directory 'D:/UnrealEngineProject/MountainAndSea/Saved/Collections/' took 0.01s
[2019.06.12-08.52.28:711][  0]LogFileCache: Scanning file cache for directory 'D:/UnrealEngineProject/MountainAndSea/Content/Developers/yifan/Collections/' took 0.00s
[2019.06.12-08.52.28:711][  0]LogFileCache: Scanning file cache for directory 'D:/UnrealEngineProject/MountainAndSea/Content/Collections/' took 0.00s
[2019.06.12-08.52.28:711][  0]LogCollectionManager: Rebuilt the GUID cache for 0 collections in 0.000000 seconds
[2019.06.12-08.52.28:727][  0]LogContentBrowser: Native class hierarchy populated in 0.0156 seconds. Added 2660 classes and 628 folders.
[2019.06.12-08.52.28:736][  0]LogContentBrowser: Native class hierarchy updated for 'WidgetCarousel' in 0.0006 seconds. Added 0 classes and 0 folders.
[2019.06.12-08.52.28:747][  0]LogPakFile: Registered encryption key '00000000000000000000000000000000': 0 pak files mounted, 0 remain pending
[2019.06.12-08.52.28:755][  0]LogPakFile: Registered encryption key '00000000000000000000000000000000': 0 pak files mounted, 0 remain pending
[2019.06.12-08.52.28:779][  0]LogPakFile: Registered encryption key '00000000000000000000000000000000': 0 pak files mounted, 0 remain pending
[2019.06.12-08.52.28:785][  0]LogPakFile: Registered encryption key '00000000000000000000000000000000': 0 pak files mounted, 0 remain pending
[2019.06.12-08.52.28:792][  0]LogPakFile: Registered encryption key '00000000000000000000000000000000': 0 pak files mounted, 0 remain pending
[2019.06.12-08.52.28:798][  0]LogPakFile: Registered encryption key '00000000000000000000000000000000': 0 pak files mounted, 0 remain pending
[2019.06.12-08.52.28:805][  0]LogPakFile: Registered encryption key '00000000000000000000000000000000': 0 pak files mounted, 0 remain pending
[2019.06.12-08.52.28:811][  0]LogPakFile: Registered encryption key '00000000000000000000000000000000': 0 pak files mounted, 0 remain pending
[2019.06.12-08.52.28:818][  0]LogPakFile: Registered encryption key '00000000000000000000000000000000': 0 pak files mounted, 0 remain pending
[2019.06.12-08.52.28:825][  0]LogPakFile: Registered encryption key '00000000000000000000000000000000': 0 pak files mounted, 0 remain pending
[2019.06.12-08.52.28:832][  0]LogPakFile: Registered encryption key '00000000000000000000000000000000': 0 pak files mounted, 0 remain pending
[2019.06.12-08.52.28:838][  0]LogPakFile: Registered encryption key '00000000000000000000000000000000': 0 pak files mounted, 0 remain pending
[2019.06.12-08.52.28:845][  0]LogPakFile: Registered encryption key '00000000000000000000000000000000': 0 pak files mounted, 0 remain pending
[2019.06.12-08.52.28:853][  0]LogPakFile: Registered encryption key '00000000000000000000000000000000': 0 pak files mounted, 0 remain pending
[2019.06.12-08.52.28:859][  0]LogPakFile: Registered encryption key '00000000000000000000000000000000': 0 pak files mounted, 0 remain pending
[2019.06.12-08.52.28:866][  0]LogPakFile: Registered encryption key '00000000000000000000000000000000': 0 pak files mounted, 0 remain pending
[2019.06.12-08.52.28:898][  0]LogPakFile: Registered encryption key '00000000000000000000000000000000': 0 pak files mounted, 0 remain pending
[2019.06.12-08.52.28:905][  0]LogPakFile: Registered encryption key '00000000000000000000000000000000': 0 pak files mounted, 0 remain pending
[2019.06.12-08.52.28:914][  0]LogPakFile: Registered encryption key '00000000000000000000000000000000': 0 pak files mounted, 0 remain pending
[2019.06.12-08.52.28:922][  0]LogPakFile: Registered encryption key '00000000000000000000000000000000': 0 pak files mounted, 0 remain pending
[2019.06.12-08.52.28:954][  0]LogPakFile: Registered encryption key '00000000000000000000000000000000': 0 pak files mounted, 0 remain pending
[2019.06.12-08.52.28:961][  0]LogPakFile: Registered encryption key '00000000000000000000000000000000': 0 pak files mounted, 0 remain pending
[2019.06.12-08.52.28:967][  0]LogPakFile: Registered encryption key '00000000000000000000000000000000': 0 pak files mounted, 0 remain pending
[2019.06.12-08.52.28:971][  0]LogPakFile: Registered encryption key '00000000000000000000000000000000': 0 pak files mounted, 0 remain pending
[2019.06.12-08.52.28:979][  0]LogPakFile: Registered encryption key '00000000000000000000000000000000': 0 pak files mounted, 0 remain pending
[2019.06.12-08.52.28:987][  0]LogPakFile: Registered encryption key '00000000000000000000000000000000': 0 pak files mounted, 0 remain pending
[2019.06.12-08.52.29:175][  0]LogContentBrowser: Native class hierarchy updated for 'AddContentDialog' in 0.0008 seconds. Added 0 classes and 0 folders.
[2019.06.12-08.52.29:214][  0]LogContentBrowser: Native class hierarchy updated for 'SceneOutliner' in 0.0007 seconds. Added 1 classes and 2 folders.
[2019.06.12-08.52.29:301][  0]LogSlate: Took 0.007175 seconds to synchronously load lazily loaded font '../../../Engine/Content/Slate/Fonts/Roboto-Regular.ttf' (155K)
[2019.06.12-08.52.29:310][  0]LogSlate: Took 0.006304 seconds to synchronously load lazily loaded font '../../../Engine/Content/Slate/Fonts/Roboto-Bold.ttf' (160K)
[2019.06.12-08.52.29:325][  0]LogSlate: Took 0.005883 seconds to synchronously load lazily loaded font '../../../Engine/Content/Editor/Slate/Fonts/FontAwesome.ttf' (139K)
[2019.06.12-08.52.29:492][  0]LogRenderer: Reallocating scene render targets to support 1172x668 Format 10 NumSamples 1 (Frame:1).
[2019.06.12-08.52.29:706][  0]LogContentBrowser: Native class hierarchy updated for 'HierarchicalLODOutliner' in 0.0007 seconds. Added 0 classes and 0 folders.
[2019.06.12-08.52.29:707][  0]LogLoad: (Engine Initialization) Total time: 30.23 seconds
[2019.06.12-08.52.29:707][  0]LogLoad: (Engine Initialization) Total Blueprint compile time: 0.00 seconds
[2019.06.12-08.52.29:770][  0]LogContentStreaming: Texture pool size now 1000 MB
[2019.06.12-08.52.29:812][  0]LogSlate: Took 0.005857 seconds to synchronously load lazily loaded font '../../../Engine/Content/Slate/Fonts/Roboto-Light.ttf' (167K)
[2019.06.12-08.52.29:968][  3]LogAssetRegistry: Asset discovery search completed in 18.3929 seconds
[2019.06.12-08.52.29:971][  3]LogCollectionManager: Rebuilt the object cache for 0 collections in 0.000001 seconds (found 0 objects)
[2019.06.12-08.52.29:971][  3]LogCollectionManager: Fixed up redirectors for 0 collections in 0.000256 seconds (updated 0 objects)
[2019.06.12-08.52.30:910][112]LogSlate: FSceneViewport::OnFocusLost() reason 0
[2019.06.12-08.52.31:009][124]LogTemp: Repeating last play command: Selected Viewport
[2019.06.12-08.52.31:029][124]LogBlueprintUserMessages: Early PlayInEditor Detection: Level '/Game/Maps/DefaultMap.DefaultMap:PersistentLevel' has LevelScriptBlueprint '/Game/Maps/DefaultMap.DefaultMap:PersistentLevel.DefaultMap' with GeneratedClass '/Game/Maps/DefaultMap.DefaultMap_C' with ClassGeneratedBy '/Game/Maps/DefaultMap.DefaultMap:PersistentLevel.DefaultMap'
[2019.06.12-08.52.31:029][124]LogPlayLevel: PlayLevel: No blueprints needed recompiling
[2019.06.12-08.52.31:029][124]PIE: New page: PIE session: DefaultMap (Jun 13, 2019, 12:52:31 AM)
[2019.06.12-08.52.31:043][124]LogPlayLevel: Creating play world package: /Game/Maps/UEDPIE_1_DefaultMap
[2019.06.12-08.52.31:047][124]LogPlayLevel: PIE: StaticDuplicateObject took: (0.003683s)
[2019.06.12-08.52.31:048][124]LogAIModule: Creating AISystem for world DefaultMap
[2019.06.12-08.52.31:049][124]LogPlayLevel: PIE: World Init took: (0.001059s)
[2019.06.12-08.52.31:049][124]LogPlayLevel: PIE: Created PIE world by copying editor world from /Game/Maps/DefaultMap.DefaultMap to /Game/Maps/UEDPIE_1_DefaultMap.DefaultMap (0.005465s)
[2019.06.12-08.52.31:105][124]LogInit: XAudio2 using '扬声器 (2- High Definition Audio 设备)' : 2 channels at 48 kHz using 16 bits per sample (channel mask 0x3)
[2019.06.12-08.52.31:115][124]LogInit: FAudioDevice initialized.
[2019.06.12-08.52.31:167][124]LogLoad: Game class is 'MountainAndSeaGameMode'
[2019.06.12-08.52.31:170][124]LogWorld: Bringing World /Game/Maps/UEDPIE_1_DefaultMap.DefaultMap up for play (max tick rate 0) at 2019.06.12-16.52.31
[2019.06.12-08.52.31:170][124]LogWorld: Bringing up level for play took: 0.000937
[2019.06.12-08.52.31:190][124]LogContentBrowser: Native class hierarchy updated for 'MovieSceneCapture' in 0.0007 seconds. Added 20 classes and 0 folders.
[2019.06.12-08.52.31:195][124]LogTemp: Display: ParseSettings for GameNetDriver
[2019.06.12-08.52.31:195][124]LogTemp: Display: ParseSettings for IpNetDriver_0
[2019.06.12-08.52.31:195][124]LogTemp: Display: ParseSettings for GameNetDriver
[2019.06.12-08.52.31:196][124]LogNet: ReplicationDriverClass is null! Not using ReplicationDriver.
[2019.06.12-08.52.31:196][124]PacketHandlerLog: DDoS detection status: detection enabled: 0 analytics enabled: 0
[2019.06.12-08.52.31:196][124]LogInit: WinSock: Socket queue 131072 / 131072
[2019.06.12-08.52.31:203][124]LogInit: WinSock: I am DESKTOP-82VF2NQ (192.168.199.149:0)
[2019.06.12-08.52.31:203][124]PacketHandlerLog: Loaded PacketHandler component: Engine.EngineHandlerComponentFactory (StatelessConnectHandlerComponent)
[2019.06.12-08.52.31:204][124]LogNet: GameNetDriver IpNetDriver_0 IpNetDriver listening on port 17777
[2019.06.12-08.52.31:204][124]PIE: Play in editor start time for /Game/Maps/UEDPIE_1_DefaultMap -0.155
[2019.06.12-08.52.31:210][124]LogSlate: FSceneViewport::OnFocusLost() reason 2
[2019.06.12-08.52.31:216][124]LogSlate: Updating window title bar state: overlay mode, drag disabled, window buttons hidden, title bar hidden
[2019.06.12-08.52.31:257][124]LogNet: Browse: 127.0.0.1:17777//Game/Maps/DefaultMap
[2019.06.12-08.52.31:257][124]LogTemp: Display: ParseSettings for GameNetDriver
[2019.06.12-08.52.31:257][124]LogTemp: Display: ParseSettings for IpNetDriver_1
[2019.06.12-08.52.31:257][124]LogTemp: Display: ParseSettings for PendingNetDriver
[2019.06.12-08.52.31:258][124]LogInit: WinSock: Socket queue 32768 / 32768
[2019.06.12-08.52.31:258][124]PacketHandlerLog: Loaded PacketHandler component: Engine.EngineHandlerComponentFactory (StatelessConnectHandlerComponent)
[2019.06.12-08.52.31:259][124]LogNet: Game client on port 17777, rate 10000
[2019.06.12-08.52.31:263][124]PIE: Play in editor start time for /Game/Maps/DefaultMap -0.097
[2019.06.12-08.52.31:268][124]LogBlueprintUserMessages: Late PlayInEditor Detection: Level '/Game/Maps/DefaultMap.DefaultMap:PersistentLevel' has LevelScriptBlueprint '/Game/Maps/DefaultMap.DefaultMap:PersistentLevel.DefaultMap' with GeneratedClass '/Game/Maps/DefaultMap.DefaultMap_C' with ClassGeneratedBy '/Game/Maps/DefaultMap.DefaultMap:PersistentLevel.DefaultMap'
[2019.06.12-08.52.31:269][124]LogNet: NotifyAcceptingConnection accepted from: 127.0.0.1:58225
[2019.06.12-08.52.31:269][124]LogHandshake: SendConnectChallenge. Timestamp: 0.008334, Cookie: 231203034172197194113099098216040081071030233075236169081222
[2019.06.12-08.52.31:275][124]LogHandshake: SendChallengeResponse. Timestamp: 0.008334, Cookie: 231203034172197194113099098216040081071030233075236169081222
[2019.06.12-08.52.31:365][125]LogNet: NotifyAcceptingConnection accepted from: 127.0.0.1:58225
[2019.06.12-08.52.31:365][125]LogHandshake: SendChallengeAck. InCookie: 231203034172197194113099098216040081071030233075236169081222
[2019.06.12-08.52.31:366][125]LogNet: Server accepting post-challenge connection from: 127.0.0.1:58225
[2019.06.12-08.52.31:367][125]PacketHandlerLog: Loaded PacketHandler component: Engine.EngineHandlerComponentFactory (StatelessConnectHandlerComponent)
[2019.06.12-08.52.31:367][125]LogNet: NotifyAcceptedConnection: Name: DefaultMap, TimeStamp: 06/12/19 16:52:31, [UNetConnection] RemoteAddr: 127.0.0.1:58225, Name: IpConnection_1, Driver: GameNetDriver IpNetDriver_0, IsServer: YES, PC: NULL, Owner: NULL, UniqueId: INVALID
[2019.06.12-08.52.31:367][125]LogNet: AddClientConnection: Added client connection: [UNetConnection] RemoteAddr: 127.0.0.1:58225, Name: IpConnection_1, Driver: GameNetDriver IpNetDriver_0, IsServer: YES, PC: NULL, Owner: NULL, UniqueId: INVALID
[2019.06.12-08.52.31:369][125]LogNetVersion: MountainAndSea 1.0.0.0, NetCL: 4541578, EngineNetVer: 5, GameNetVer: 0 (Checksum: 1277640229)
[2019.06.12-08.52.31:369][125]LogNet: UPendingNetGame::SendInitialJoin: Sending hello. [UNetConnection] RemoteAddr: 127.0.0.1:17777, Name: IpConnection_0, Driver: PendingNetDriver IpNetDriver_1, IsServer: NO, PC: NULL, Owner: NULL, UniqueId: INVALID
[2019.06.12-08.52.31:384][126]LogNet: NotifyAcceptingChannel Control 0 server World /Game/Maps/UEDPIE_1_DefaultMap.DefaultMap: Accepted
[2019.06.12-08.52.31:385][126]LogNet: Remote platform little endian=1
[2019.06.12-08.52.31:385][126]LogNet: This platform little endian=1
[2019.06.12-08.52.31:406][127]LogNet: Login request: /Game/Maps/DefaultMap?Name=DESKTOP-82VF2NQ-7238C22F4EBA7CE2E798B2B7188B00D0 userId: NULL:DESKTOP-82VF2NQ-7238C22F4EBA7CE2E798B2B7188B00D0 platform: NULL
[2019.06.12-08.52.31:407][127]LogNet: Welcomed by server (Level: /Game/Maps/UEDPIE_1_DefaultMap, Game: /Script/MountainAndSea.MountainAndSeaGameMode)
[2019.06.12-08.52.31:408][127]LogLoad: LoadMap: 127.0.0.1:17777//Game/Maps/UEDPIE_1_DefaultMap?game=/Script/MountainAndSea.MountainAndSeaGameMode
[2019.06.12-08.52.31:452][127]LogAIModule: Creating AISystem for world DefaultMap
[2019.06.12-08.52.31:452][127]LogTemp: Display: ParseSettings for GameNetDriver
[2019.06.12-08.52.31:453][127]LogWorld: Bringing World /Game/Maps/UEDPIE_2_DefaultMap.DefaultMap up for play (max tick rate 0) at 2019.06.12-16.52.31
[2019.06.12-08.52.31:454][127]LogWorld: Bringing up level for play took: 0.000566
[2019.06.12-08.52.31:454][127]LogLoad: Took 0.046696 seconds to LoadMap(/Game/Maps/UEDPIE_1_DefaultMap)
[2019.06.12-08.52.31:466][128]LogNet: Client netspeed is 10000
[2019.06.12-08.52.31:466][128]LogNet: Join request: /Game/Maps/DefaultMap?Name=DESKTOP-82VF2NQ-7238C22F4EBA7CE2E798B2B7188B00D0?SplitscreenCount=1
[2019.06.12-08.52.31:467][128]LogRenderer: Reallocating scene render targets to support 1280x720 Format 10 NumSamples 1 (Frame:1).
[2019.06.12-08.52.31:467][128]LogOnlineSession: Warning: OSS: No game present to join for session (GameSession)
[2019.06.12-08.52.31:470][128]LogNet: Join succeeded: DESKTOP-82VF2NQ-7238
[2019.06.12-08.52.31:509][131]LogOnlineSession: Warning: OSS: No game present to join for session (GameSession)
[2019.06.12-08.52.31:517][132]LogOnlineSession: Warning: OSS: No game present to join for session (GameSession)
[2019.06.12-08.52.33:374][345]LogSlate: FSceneViewport::OnFocusLost() reason 2
[2019.06.12-08.52.45:548][946]LogSlate: FSceneViewport::OnFocusLost() reason 2
[2019.06.12-08.52.47:917][ 51]LogSlate: FSceneViewport::OnFocusLost() reason 2
[2019.06.12-08.53.08:272][468]LogNet: World NetDriver shutdown IpNetDriver_0 [GameNetDriver]
[2019.06.12-08.53.08:272][468]LogNet: DestroyNamedNetDriver IpNetDriver_0 [GameNetDriver]
[2019.06.12-08.53.08:273][468]LogNet: UNetConnection::Cleanup: Closing open connection. [UNetConnection] RemoteAddr: 127.0.0.1:58225, Name: IpConnection_1, Driver: GameNetDriver IpNetDriver_0, IsServer: YES, PC: PlayerController_1, Owner: PlayerController_1, UniqueId: NULL:DESKTOP-82VF2NQ-7238C22F4EBA7CE2E798B2B7188B00D0
[2019.06.12-08.53.08:273][468]LogNet: UNetConnection::Close: [UNetConnection] RemoteAddr: 127.0.0.1:58225, Name: IpConnection_1, Driver: GameNetDriver IpNetDriver_0, IsServer: YES, PC: PlayerController_1, Owner: PlayerController_1, UniqueId: NULL:DESKTOP-82VF2NQ-7238C22F4EBA7CE2E798B2B7188B00D0, Channels: 11, Time: 2019.06.12-08.53.08
[2019.06.12-08.53.08:273][468]LogNet: UChannel::Close: Sending CloseBunch. ChIndex == 0. Name: [UChannel] ChIndex: 0, Closing: 0 [UNetConnection] RemoteAddr: 127.0.0.1:58225, Name: IpConnection_1, Driver: GameNetDriver IpNetDriver_0, IsServer: YES, PC: PlayerController_1, Owner: PlayerController_1, UniqueId: NULL:DESKTOP-82VF2NQ-7238C22F4EBA7CE2E798B2B7188B00D0
[2019.06.12-08.53.08:273][468]LogExit: GameNetDriver IpNetDriver_0 shut down
[2019.06.12-08.53.08:274][468]LogBlueprintUserMessages: Early EndPlayMap Detection: Level '/Game/Maps/DefaultMap.DefaultMap:PersistentLevel' has LevelScriptBlueprint '/Game/Maps/DefaultMap.DefaultMap:PersistentLevel.DefaultMap' with GeneratedClass '/Game/Maps/DefaultMap.DefaultMap_C' with ClassGeneratedBy '/Game/Maps/DefaultMap.DefaultMap:PersistentLevel.DefaultMap'
[2019.06.12-08.53.08:274][468]LogSlate: Updating window title bar state: overlay mode, drag disabled, window buttons hidden, title bar hidden
[2019.06.12-08.53.08:297][468]LogSlate: Window 'MountainAndSea Game Preview Client 1 (64-bit/PCD3D_SM5)' being destroyed
[2019.06.12-08.53.08:334][468]LogSlate: Updating window title bar state: overlay mode, drag disabled, window buttons hidden, title bar hidden
[2019.06.12-08.53.08:373][468]LogPlayLevel: Display: Shutting down PIE online subsystems
[2019.06.12-08.53.08:374][468]LogBlueprintUserMessages: Late EndPlayMap Detection: Level '/Game/Maps/DefaultMap.DefaultMap:PersistentLevel' has LevelScriptBlueprint '/Game/Maps/DefaultMap.DefaultMap:PersistentLevel.DefaultMap' with GeneratedClass '/Game/Maps/DefaultMap.DefaultMap_C' with ClassGeneratedBy '/Game/Maps/DefaultMap.DefaultMap:PersistentLevel.DefaultMap'
[2019.06.12-08.53.08:412][468]LogSlate: Updating window title bar state: overlay mode, drag disabled, window buttons hidden, title bar hidden
[2019.06.12-08.53.08:413][468]LogNet: UChannel::CleanUp: ChIndex == 0. Closing connection. [UChannel] ChIndex: 0, Closing: 0 [UNetConnection] RemoteAddr: 127.0.0.1:17777, Name: None, Driver: GameNetDriver None, IsServer: NO, PC: PlayerController_1, Owner: PlayerController_1, UniqueId: NULL:DESKTOP-82VF2NQ-7238C22F4EBA7CE2E798B2B7188B00D0
[2019.06.12-08.53.08:413][468]LogNet: UNetConnection::Close: [UNetConnection] RemoteAddr: 127.0.0.1:17777, Name: None, Driver: GameNetDriver None, IsServer: NO, PC: PlayerController_1, Owner: PlayerController_1, UniqueId: NULL:DESKTOP-82VF2NQ-7238C22F4EBA7CE2E798B2B7188B00D0, Channels: 10, Time: 2019.06.12-08.53.08
[2019.06.12-08.53.08:413][468]LogNet: UChannel::Close: Sending CloseBunch. ChIndex == 0. Name: [UChannel] ChIndex: 0, Closing: 0 [UNetConnection] RemoteAddr: 127.0.0.1:17777, Name: None, Driver: GameNetDriver None, IsServer: NO, PC: PlayerController_1, Owner: PlayerController_1, UniqueId: NULL:DESKTOP-82VF2NQ-7238C22F4EBA7CE2E798B2B7188B00D0
[2019.06.12-08.53.08:414][468]LogExit: GameNetDriver None shut down
[2019.06.12-08.53.08:427][469]LogPlayLevel: Display: Destroying online subsystem :Context_2
[2019.06.12-08.53.08:427][469]LogPlayLevel: Display: Destroying online subsystem :Context_1
[2019.06.12-08.53.09:448][590]LogSlate: FSceneViewport::OnFocusLost() reason 2
[2019.06.12-08.53.11:942][888]LogTemp: Repeating last play command: Selected Viewport
[2019.06.12-08.53.11:960][888]LogBlueprintUserMessages: Early PlayInEditor Detection: Level '/Game/Maps/DefaultMap.DefaultMap:PersistentLevel' has LevelScriptBlueprint '/Game/Maps/DefaultMap.DefaultMap:PersistentLevel.DefaultMap' with GeneratedClass '/Game/Maps/DefaultMap.DefaultMap_C' with ClassGeneratedBy '/Game/Maps/DefaultMap.DefaultMap:PersistentLevel.DefaultMap'
[2019.06.12-08.53.11:960][888]LogPlayLevel: PlayLevel: No blueprints needed recompiling
[2019.06.12-08.53.11:960][888]PIE: New page: PIE session: DefaultMap (Jun 13, 2019, 12:53:11 AM)
[2019.06.12-08.53.11:960][888]LogPlayLevel: Creating play world package: /Game/Maps/UEDPIE_0_DefaultMap
[2019.06.12-08.53.11:963][888]LogPlayLevel: PIE: StaticDuplicateObject took: (0.002216s)
[2019.06.12-08.53.11:963][888]LogAIModule: Creating AISystem for world DefaultMap
[2019.06.12-08.53.11:963][888]LogPlayLevel: PIE: World Init took: (0.000690s)
[2019.06.12-08.53.11:964][888]LogPlayLevel: PIE: Created PIE world by copying editor world from /Game/Maps/DefaultMap.DefaultMap to /Game/Maps/UEDPIE_0_DefaultMap.DefaultMap (0.003392s)
[2019.06.12-08.53.12:002][888]LogInit: XAudio2 using '扬声器 (2- High Definition Audio 设备)' : 2 channels at 48 kHz using 16 bits per sample (channel mask 0x3)
[2019.06.12-08.53.12:011][888]LogInit: FAudioDevice initialized.
[2019.06.12-08.53.12:046][888]LogLoad: Game class is 'MountainAndSeaGameMode'
[2019.06.12-08.53.12:047][888]LogWorld: Bringing World /Game/Maps/UEDPIE_0_DefaultMap.DefaultMap up for play (max tick rate 0) at 2019.06.12-16.53.12
[2019.06.12-08.53.12:047][888]LogWorld: Bringing up level for play took: 0.000699
[2019.06.12-08.53.12:064][888]PIE: Play in editor start time for /Game/Maps/UEDPIE_0_DefaultMap 0.705
[2019.06.12-08.53.12:065][888]LogBlueprintUserMessages: Late PlayInEditor Detection: Level '/Game/Maps/DefaultMap.DefaultMap:PersistentLevel' has LevelScriptBlueprint '/Game/Maps/DefaultMap.DefaultMap:PersistentLevel.DefaultMap' with GeneratedClass '/Game/Maps/DefaultMap.DefaultMap_C' with ClassGeneratedBy '/Game/Maps/DefaultMap.DefaultMap:PersistentLevel.DefaultMap'
[2019.06.12-08.53.14:920][227]LogBlueprintUserMessages: Early EndPlayMap Detection: Level '/Game/Maps/DefaultMap.DefaultMap:PersistentLevel' has LevelScriptBlueprint '/Game/Maps/DefaultMap.DefaultMap:PersistentLevel.DefaultMap' with GeneratedClass '/Game/Maps/DefaultMap.DefaultMap_C' with ClassGeneratedBy '/Game/Maps/DefaultMap.DefaultMap:PersistentLevel.DefaultMap'
[2019.06.12-08.53.14:921][227]LogSlate: Updating window title bar state: overlay mode, drag disabled, window buttons hidden, title bar hidden
[2019.06.12-08.53.14:961][227]LogPlayLevel: Display: Shutting down PIE online subsystems
[2019.06.12-08.53.14:962][227]LogBlueprintUserMessages: Late EndPlayMap Detection: Level '/Game/Maps/DefaultMap.DefaultMap:PersistentLevel' has LevelScriptBlueprint '/Game/Maps/DefaultMap.DefaultMap:PersistentLevel.DefaultMap' with GeneratedClass '/Game/Maps/DefaultMap.DefaultMap_C' with ClassGeneratedBy '/Game/Maps/DefaultMap.DefaultMap:PersistentLevel.DefaultMap'
[2019.06.12-08.53.15:007][227]LogSlate: Updating window title bar state: overlay mode, drag disabled, window buttons hidden, title bar hidden
[2019.06.12-08.53.15:026][228]LogPlayLevel: Display: Destroying online subsystem :Context_3
[2019.06.12-08.53.15:787][318]LogSlate: FSceneViewport::OnFocusLost() reason 0
[2019.06.12-08.53.15:878][329]LogTemp: Repeating last play command: Selected Viewport
[2019.06.12-08.53.15:896][329]LogBlueprintUserMessages: Early PlayInEditor Detection: Level '/Game/Maps/DefaultMap.DefaultMap:PersistentLevel' has LevelScriptBlueprint '/Game/Maps/DefaultMap.DefaultMap:PersistentLevel.DefaultMap' with GeneratedClass '/Game/Maps/DefaultMap.DefaultMap_C' with ClassGeneratedBy '/Game/Maps/DefaultMap.DefaultMap:PersistentLevel.DefaultMap'
[2019.06.12-08.53.15:896][329]LogPlayLevel: PlayLevel: No blueprints needed recompiling
[2019.06.12-08.53.15:897][329]PIE: New page: PIE session: DefaultMap (Jun 13, 2019, 12:53:15 AM)
[2019.06.12-08.53.15:897][329]LogPlayLevel: Creating play world package: /Game/Maps/UEDPIE_0_DefaultMap
[2019.06.12-08.53.15:899][329]LogPlayLevel: PIE: StaticDuplicateObject took: (0.002124s)
[2019.06.12-08.53.15:900][329]LogAIModule: Creating AISystem for world DefaultMap
[2019.06.12-08.53.15:900][329]LogPlayLevel: PIE: World Init took: (0.000886s)
[2019.06.12-08.53.15:900][329]LogPlayLevel: PIE: Created PIE world by copying editor world from /Game/Maps/DefaultMap.DefaultMap to /Game/Maps/UEDPIE_0_DefaultMap.DefaultMap (0.003379s)
[2019.06.12-08.53.15:939][329]LogInit: XAudio2 using '扬声器 (2- High Definition Audio 设备)' : 2 channels at 48 kHz using 16 bits per sample (channel mask 0x3)
[2019.06.12-08.53.15:948][329]LogInit: FAudioDevice initialized.
[2019.06.12-08.53.15:982][329]LogLoad: Game class is 'MountainAndSeaGameMode'
[2019.06.12-08.53.15:983][329]LogWorld: Bringing World /Game/Maps/UEDPIE_0_DefaultMap.DefaultMap up for play (max tick rate 0) at 2019.06.12-16.53.15
[2019.06.12-08.53.15:983][329]LogWorld: Bringing up level for play took: 0.000798
[2019.06.12-08.53.15:999][329]PIE: Play in editor start time for /Game/Maps/UEDPIE_0_DefaultMap 0.64
[2019.06.12-08.53.15:999][329]LogBlueprintUserMessages: Late PlayInEditor Detection: Level '/Game/Maps/DefaultMap.DefaultMap:PersistentLevel' has LevelScriptBlueprint '/Game/Maps/DefaultMap.DefaultMap:PersistentLevel.DefaultMap' with GeneratedClass '/Game/Maps/DefaultMap.DefaultMap_C' with ClassGeneratedBy '/Game/Maps/DefaultMap.DefaultMap:PersistentLevel.DefaultMap'
[2019.06.12-08.53.16:769][418]LogBlueprintUserMessages: Early EndPlayMap Detection: Level '/Game/Maps/DefaultMap.DefaultMap:PersistentLevel' has LevelScriptBlueprint '/Game/Maps/DefaultMap.DefaultMap:PersistentLevel.DefaultMap' with GeneratedClass '/Game/Maps/DefaultMap.DefaultMap_C' with ClassGeneratedBy '/Game/Maps/DefaultMap.DefaultMap:PersistentLevel.DefaultMap'
[2019.06.12-08.53.16:769][418]LogSlate: Updating window title bar state: overlay mode, drag disabled, window buttons hidden, title bar hidden
[2019.06.12-08.53.16:813][418]LogPlayLevel: Display: Shutting down PIE online subsystems
[2019.06.12-08.53.16:813][418]LogBlueprintUserMessages: Late EndPlayMap Detection: Level '/Game/Maps/DefaultMap.DefaultMap:PersistentLevel' has LevelScriptBlueprint '/Game/Maps/DefaultMap.DefaultMap:PersistentLevel.DefaultMap' with GeneratedClass '/Game/Maps/DefaultMap.DefaultMap_C' with ClassGeneratedBy '/Game/Maps/DefaultMap.DefaultMap:PersistentLevel.DefaultMap'
[2019.06.12-08.53.16:859][418]LogSlate: Updating window title bar state: overlay mode, drag disabled, window buttons hidden, title bar hidden
[2019.06.12-08.53.16:872][419]LogPlayLevel: Display: Destroying online subsystem :Context_4
[2019.06.12-08.53.20:157][808]LogTemp: Repeating last play command: Selected Viewport
[2019.06.12-08.53.20:174][808]LogBlueprintUserMessages: Early PlayInEditor Detection: Level '/Game/Maps/DefaultMap.DefaultMap:PersistentLevel' has LevelScriptBlueprint '/Game/Maps/DefaultMap.DefaultMap:PersistentLevel.DefaultMap' with GeneratedClass '/Game/Maps/DefaultMap.DefaultMap_C' with ClassGeneratedBy '/Game/Maps/DefaultMap.DefaultMap:PersistentLevel.DefaultMap'
[2019.06.12-08.53.20:175][808]LogPlayLevel: PlayLevel: No blueprints needed recompiling
[2019.06.12-08.53.20:175][808]PIE: New page: PIE session: DefaultMap (Jun 13, 2019, 12:53:20 AM)
[2019.06.12-08.53.20:175][808]LogPlayLevel: Creating play world package: /Game/Maps/UEDPIE_1_DefaultMap
[2019.06.12-08.53.20:177][808]LogPlayLevel: PIE: StaticDuplicateObject took: (0.002127s)
[2019.06.12-08.53.20:178][808]LogAIModule: Creating AISystem for world DefaultMap
[2019.06.12-08.53.20:178][808]LogPlayLevel: PIE: World Init took: (0.000710s)
[2019.06.12-08.53.20:178][808]LogPlayLevel: PIE: Created PIE world by copying editor world from /Game/Maps/DefaultMap.DefaultMap to /Game/Maps/UEDPIE_1_DefaultMap.DefaultMap (0.003167s)
[2019.06.12-08.53.20:210][808]LogLoad: Game class is 'MountainAndSeaGameMode'
[2019.06.12-08.53.20:211][808]LogWorld: Bringing World /Game/Maps/UEDPIE_1_DefaultMap.DefaultMap up for play (max tick rate 0) at 2019.06.12-16.53.20
[2019.06.12-08.53.20:211][808]LogWorld: Bringing up level for play took: 0.000688
[2019.06.12-08.53.20:211][808]LogTemp: Display: ParseSettings for GameNetDriver
[2019.06.12-08.53.20:211][808]LogTemp: Display: ParseSettings for IpNetDriver_2
[2019.06.12-08.53.20:211][808]LogTemp: Display: ParseSettings for GameNetDriver
[2019.06.12-08.53.20:211][808]LogNet: ReplicationDriverClass is null! Not using ReplicationDriver.
[2019.06.12-08.53.20:212][808]PacketHandlerLog: DDoS detection status: detection enabled: 0 analytics enabled: 0
[2019.06.12-08.53.20:212][808]LogInit: WinSock: Socket queue 131072 / 131072
[2019.06.12-08.53.20:212][808]PacketHandlerLog: Loaded PacketHandler component: Engine.EngineHandlerComponentFactory (StatelessConnectHandlerComponent)
[2019.06.12-08.53.20:212][808]LogNet: GameNetDriver IpNetDriver_2 IpNetDriver listening on port 17777
[2019.06.12-08.53.20:213][808]PIE: Play in editor start time for /Game/Maps/UEDPIE_1_DefaultMap 0.854
[2019.06.12-08.53.20:222][808]LogInit: XAudio2 using '扬声器 (2- High Definition Audio 设备)' : 2 channels at 48 kHz using 16 bits per sample (channel mask 0x3)
[2019.06.12-08.53.20:230][808]LogInit: FAudioDevice initialized.
[2019.06.12-08.53.20:268][808]LogNet: Browse: 127.0.0.1:17777//Game/Maps/DefaultMap
[2019.06.12-08.53.20:268][808]LogTemp: Display: ParseSettings for GameNetDriver
[2019.06.12-08.53.20:269][808]LogTemp: Display: ParseSettings for IpNetDriver_3
[2019.06.12-08.53.20:269][808]LogTemp: Display: ParseSettings for PendingNetDriver
[2019.06.12-08.53.20:269][808]LogInit: WinSock: Socket queue 32768 / 32768
[2019.06.12-08.53.20:270][808]PacketHandlerLog: Loaded PacketHandler component: Engine.EngineHandlerComponentFactory (StatelessConnectHandlerComponent)
[2019.06.12-08.53.20:270][808]LogNet: Game client on port 17777, rate 10000
[2019.06.12-08.53.20:270][808]PIE: Play in editor start time for /Game/Maps/DefaultMap 0.912
[2019.06.12-08.53.20:275][808]LogSlate: FSceneViewport::OnFocusLost() reason 2
[2019.06.12-08.53.20:281][808]LogSlate: Updating window title bar state: overlay mode, drag disabled, window buttons hidden, title bar hidden
[2019.06.12-08.53.20:322][808]LogNet: Browse: 127.0.0.1:17777//Game/Maps/DefaultMap
[2019.06.12-08.53.20:323][808]LogTemp: Display: ParseSettings for GameNetDriver
[2019.06.12-08.53.20:323][808]LogTemp: Display: ParseSettings for IpNetDriver_4
[2019.06.12-08.53.20:323][808]LogTemp: Display: ParseSettings for PendingNetDriver
[2019.06.12-08.53.20:324][808]LogInit: WinSock: Socket queue 32768 / 32768
[2019.06.12-08.53.20:325][808]PacketHandlerLog: Loaded PacketHandler component: Engine.EngineHandlerComponentFactory (StatelessConnectHandlerComponent)
[2019.06.12-08.53.20:325][808]LogNet: Game client on port 17777, rate 10000
[2019.06.12-08.53.20:328][808]PIE: Play in editor start time for /Game/Maps/DefaultMap 0.969
[2019.06.12-08.53.20:332][808]LogBlueprintUserMessages: Late PlayInEditor Detection: Level '/Game/Maps/DefaultMap.DefaultMap:PersistentLevel' has LevelScriptBlueprint '/Game/Maps/DefaultMap.DefaultMap:PersistentLevel.DefaultMap' with GeneratedClass '/Game/Maps/DefaultMap.DefaultMap_C' with ClassGeneratedBy '/Game/Maps/DefaultMap.DefaultMap:PersistentLevel.DefaultMap'
[2019.06.12-08.53.20:332][808]LogNet: NotifyAcceptingConnection accepted from: 127.0.0.1:58226
[2019.06.12-08.53.20:332][808]LogHandshake: SendConnectChallenge. Timestamp: 0.008334, Cookie: 238164140250212229067163090204028197119109086244085137022066
[2019.06.12-08.53.20:332][808]LogNet: NotifyAcceptingConnection accepted from: 127.0.0.1:58227
[2019.06.12-08.53.20:333][808]LogHandshake: SendConnectChallenge. Timestamp: 0.008334, Cookie: 072172035110210150121186190159221217082078065205150178048196
[2019.06.12-08.53.20:348][808]LogHandshake: SendChallengeResponse. Timestamp: 0.008334, Cookie: 238164140250212229067163090204028197119109086244085137022066
[2019.06.12-08.53.20:349][808]LogHandshake: SendChallengeResponse. Timestamp: 0.008334, Cookie: 072172035110210150121186190159221217082078065205150178048196
[2019.06.12-08.53.20:411][809]LogNet: NotifyAcceptingConnection accepted from: 127.0.0.1:58226
[2019.06.12-08.53.20:411][809]LogHandshake: SendChallengeAck. InCookie: 238164140250212229067163090204028197119109086244085137022066
[2019.06.12-08.53.20:411][809]LogNet: Server accepting post-challenge connection from: 127.0.0.1:58226
[2019.06.12-08.53.20:412][809]PacketHandlerLog: Loaded PacketHandler component: Engine.EngineHandlerComponentFactory (StatelessConnectHandlerComponent)
[2019.06.12-08.53.20:412][809]LogNet: NotifyAcceptedConnection: Name: DefaultMap, TimeStamp: 06/12/19 16:53:20, [UNetConnection] RemoteAddr: 127.0.0.1:58226, Name: IpConnection_4, Driver: GameNetDriver IpNetDriver_2, IsServer: YES, PC: NULL, Owner: NULL, UniqueId: INVALID
[2019.06.12-08.53.20:413][809]LogNet: AddClientConnection: Added client connection: [UNetConnection] RemoteAddr: 127.0.0.1:58226, Name: IpConnection_4, Driver: GameNetDriver IpNetDriver_2, IsServer: YES, PC: NULL, Owner: NULL, UniqueId: INVALID
[2019.06.12-08.53.20:413][809]LogNet: NotifyAcceptingConnection accepted from: 127.0.0.1:58227
[2019.06.12-08.53.20:413][809]LogHandshake: SendChallengeAck. InCookie: 072172035110210150121186190159221217082078065205150178048196
[2019.06.12-08.53.20:413][809]LogNet: Server accepting post-challenge connection from: 127.0.0.1:58227
[2019.06.12-08.53.20:414][809]PacketHandlerLog: Loaded PacketHandler component: Engine.EngineHandlerComponentFactory (StatelessConnectHandlerComponent)
[2019.06.12-08.53.20:414][809]LogNet: NotifyAcceptedConnection: Name: DefaultMap, TimeStamp: 06/12/19 16:53:20, [UNetConnection] RemoteAddr: 127.0.0.1:58227, Name: IpConnection_5, Driver: GameNetDriver IpNetDriver_2, IsServer: YES, PC: NULL, Owner: NULL, UniqueId: INVALID
[2019.06.12-08.53.20:414][809]LogNet: AddClientConnection: Added client connection: [UNetConnection] RemoteAddr: 127.0.0.1:58227, Name: IpConnection_5, Driver: GameNetDriver IpNetDriver_2, IsServer: YES, PC: NULL, Owner: NULL, UniqueId: INVALID
[2019.06.12-08.53.20:415][809]LogNet: UPendingNetGame::SendInitialJoin: Sending hello. [UNetConnection] RemoteAddr: 127.0.0.1:17777, Name: IpConnection_2, Driver: PendingNetDriver IpNetDriver_3, IsServer: NO, PC: NULL, Owner: NULL, UniqueId: INVALID
[2019.06.12-08.53.20:416][809]LogNet: UPendingNetGame::SendInitialJoin: Sending hello. [UNetConnection] RemoteAddr: 127.0.0.1:17777, Name: IpConnection_3, Driver: PendingNetDriver IpNetDriver_4, IsServer: NO, PC: NULL, Owner: NULL, UniqueId: INVALID
[2019.06.12-08.53.20:423][810]LogNet: NotifyAcceptingChannel Control 0 server World /Game/Maps/UEDPIE_1_DefaultMap.DefaultMap: Accepted
[2019.06.12-08.53.20:423][810]LogNet: Remote platform little endian=1
[2019.06.12-08.53.20:423][810]LogNet: This platform little endian=1
[2019.06.12-08.53.20:423][810]LogNet: NotifyAcceptingChannel Control 0 server World /Game/Maps/UEDPIE_1_DefaultMap.DefaultMap: Accepted
[2019.06.12-08.53.20:423][810]LogNet: Remote platform little endian=1
[2019.06.12-08.53.20:423][810]LogNet: This platform little endian=1
[2019.06.12-08.53.20:458][811]LogNet: Login request: /Game/Maps/DefaultMap?Name=DESKTOP-82VF2NQ-F994284A4B0721C9AB962FB3E3FFB5A0 userId: NULL:DESKTOP-82VF2NQ-F994284A4B0721C9AB962FB3E3FFB5A0 platform: NULL
[2019.06.12-08.53.20:458][811]LogNet: Login request: /Game/Maps/DefaultMap?Name=DESKTOP-82VF2NQ-29BC7EFA474A03BE4509AA801BC9A289 userId: NULL:DESKTOP-82VF2NQ-29BC7EFA474A03BE4509AA801BC9A289 platform: NULL
[2019.06.12-08.53.20:459][811]LogNet: Welcomed by server (Level: /Game/Maps/UEDPIE_1_DefaultMap, Game: /Script/MountainAndSea.MountainAndSeaGameMode)
[2019.06.12-08.53.20:459][811]LogLoad: LoadMap: 127.0.0.1:17777//Game/Maps/UEDPIE_1_DefaultMap?game=/Script/MountainAndSea.MountainAndSeaGameMode
[2019.06.12-08.53.20:504][811]LogAIModule: Creating AISystem for world DefaultMap
[2019.06.12-08.53.20:505][811]LogTemp: Display: ParseSettings for GameNetDriver
[2019.06.12-08.53.20:505][811]LogWorld: Bringing World /Game/Maps/UEDPIE_2_DefaultMap.DefaultMap up for play (max tick rate 0) at 2019.06.12-16.53.20
[2019.06.12-08.53.20:506][811]LogWorld: Bringing up level for play took: 0.000650
[2019.06.12-08.53.20:506][811]LogLoad: Took 0.046993 seconds to LoadMap(/Game/Maps/UEDPIE_1_DefaultMap)
[2019.06.12-08.53.20:507][811]LogNet: Welcomed by server (Level: /Game/Maps/UEDPIE_1_DefaultMap, Game: /Script/MountainAndSea.MountainAndSeaGameMode)
[2019.06.12-08.53.20:515][811]LogLoad: LoadMap: 127.0.0.1:17777//Game/Maps/UEDPIE_1_DefaultMap?game=/Script/MountainAndSea.MountainAndSeaGameMode
[2019.06.12-08.53.20:551][811]LogAIModule: Creating AISystem for world DefaultMap
[2019.06.12-08.53.20:551][811]LogTemp: Display: ParseSettings for GameNetDriver
[2019.06.12-08.53.20:552][811]LogWorld: Bringing World /Game/Maps/UEDPIE_3_DefaultMap.DefaultMap up for play (max tick rate 0) at 2019.06.12-16.53.20
[2019.06.12-08.53.20:552][811]LogWorld: Bringing up level for play took: 0.000693
[2019.06.12-08.53.20:553][811]LogLoad: Took 0.038228 seconds to LoadMap(/Game/Maps/UEDPIE_1_DefaultMap)
[2019.06.12-08.53.20:564][812]LogNet: Client netspeed is 10000
[2019.06.12-08.53.20:564][812]LogNet: Join request: /Game/Maps/DefaultMap?Name=DESKTOP-82VF2NQ-F994284A4B0721C9AB962FB3E3FFB5A0?SplitscreenCount=1
[2019.06.12-08.53.20:565][812]LogOnlineSession: Warning: OSS: No game present to join for session (GameSession)
[2019.06.12-08.53.20:567][812]LogNet: Join succeeded: DESKTOP-82VF2NQ-F994
[2019.06.12-08.53.20:567][812]LogNet: Client netspeed is 10000
[2019.06.12-08.53.20:568][812]LogNet: Join request: /Game/Maps/DefaultMap?Name=DESKTOP-82VF2NQ-29BC7EFA474A03BE4509AA801BC9A289?SplitscreenCount=1
[2019.06.12-08.53.20:568][812]LogOnlineSession: Warning: OSS: No game present to join for session (GameSession)
[2019.06.12-08.53.20:570][812]LogNet: Join succeeded: DESKTOP-82VF2NQ-29BC
[2019.06.12-08.53.20:585][813]LogOnlineSession: Warning: OSS: No game present to join for session (GameSession)
[2019.06.12-08.53.20:585][813]LogOnlineSession: Warning: OSS: No game present to join for session (GameSession)
[2019.06.12-08.53.20:589][813]LogOnlineSession: Warning: OSS: No game present to join for session (GameSession)
[2019.06.12-08.53.20:590][813]LogOnlineSession: Warning: OSS: No game present to join for session (GameSession)
[2019.06.12-08.53.21:593][922]LogSlate: FSceneViewport::OnFocusLost() reason 2
[2019.06.12-08.53.27:273][559]LogNet: World NetDriver shutdown IpNetDriver_2 [GameNetDriver]
[2019.06.12-08.53.27:274][559]LogNet: DestroyNamedNetDriver IpNetDriver_2 [GameNetDriver]
[2019.06.12-08.53.27:274][559]LogNet: UNetConnection::Cleanup: Closing open connection. [UNetConnection] RemoteAddr: 127.0.0.1:58227, Name: IpConnection_5, Driver: GameNetDriver IpNetDriver_2, IsServer: YES, PC: PlayerController_1, Owner: PlayerController_1, UniqueId: NULL:DESKTOP-82VF2NQ-29BC7EFA474A03BE4509AA801BC9A289
[2019.06.12-08.53.27:274][559]LogNet: UNetConnection::Close: [UNetConnection] RemoteAddr: 127.0.0.1:58227, Name: IpConnection_5, Driver: GameNetDriver IpNetDriver_2, IsServer: YES, PC: PlayerController_1, Owner: PlayerController_1, UniqueId: NULL:DESKTOP-82VF2NQ-29BC7EFA474A03BE4509AA801BC9A289, Channels: 11, Time: 2019.06.12-08.53.27
[2019.06.12-08.53.27:275][559]LogNet: UChannel::Close: Sending CloseBunch. ChIndex == 0. Name: [UChannel] ChIndex: 0, Closing: 0 [UNetConnection] RemoteAddr: 127.0.0.1:58227, Name: IpConnection_5, Driver: GameNetDriver IpNetDriver_2, IsServer: YES, PC: PlayerController_1, Owner: PlayerController_1, UniqueId: NULL:DESKTOP-82VF2NQ-29BC7EFA474A03BE4509AA801BC9A289
[2019.06.12-08.53.27:275][559]LogNet: UNetConnection::Cleanup: Closing open connection. [UNetConnection] RemoteAddr: 127.0.0.1:58226, Name: IpConnection_4, Driver: GameNetDriver IpNetDriver_2, IsServer: YES, PC: PlayerController_0, Owner: PlayerController_0, UniqueId: NULL:DESKTOP-82VF2NQ-F994284A4B0721C9AB962FB3E3FFB5A0
[2019.06.12-08.53.27:275][559]LogNet: UNetConnection::Close: [UNetConnection] RemoteAddr: 127.0.0.1:58226, Name: IpConnection_4, Driver: GameNetDriver IpNetDriver_2, IsServer: YES, PC: PlayerController_0, Owner: PlayerController_0, UniqueId: NULL:DESKTOP-82VF2NQ-F994284A4B0721C9AB962FB3E3FFB5A0, Channels: 11, Time: 2019.06.12-08.53.27
[2019.06.12-08.53.27:275][559]LogNet: UChannel::Close: Sending CloseBunch. ChIndex == 0. Name: [UChannel] ChIndex: 0, Closing: 0 [UNetConnection] RemoteAddr: 127.0.0.1:58226, Name: IpConnection_4, Driver: GameNetDriver IpNetDriver_2, IsServer: YES, PC: PlayerController_0, Owner: PlayerController_0, UniqueId: NULL:DESKTOP-82VF2NQ-F994284A4B0721C9AB962FB3E3FFB5A0
[2019.06.12-08.53.27:276][559]LogExit: GameNetDriver IpNetDriver_2 shut down
[2019.06.12-08.53.27:276][559]LogBlueprintUserMessages: Early EndPlayMap Detection: Level '/Game/Maps/DefaultMap.DefaultMap:PersistentLevel' has LevelScriptBlueprint '/Game/Maps/DefaultMap.DefaultMap:PersistentLevel.DefaultMap' with GeneratedClass '/Game/Maps/DefaultMap.DefaultMap_C' with ClassGeneratedBy '/Game/Maps/DefaultMap.DefaultMap:PersistentLevel.DefaultMap'
[2019.06.12-08.53.27:276][559]LogSlate: Updating window title bar state: overlay mode, drag disabled, window buttons hidden, title bar hidden
[2019.06.12-08.53.27:298][559]LogSlate: Window 'MountainAndSea Game Preview Client 2 (64-bit/PCD3D_SM5)' being destroyed
[2019.06.12-08.53.27:341][559]LogSlate: Updating window title bar state: overlay mode, drag disabled, window buttons hidden, title bar hidden
[2019.06.12-08.53.27:382][559]LogPlayLevel: Display: Shutting down PIE online subsystems
[2019.06.12-08.53.27:382][559]LogBlueprintUserMessages: Late EndPlayMap Detection: Level '/Game/Maps/DefaultMap.DefaultMap:PersistentLevel' has LevelScriptBlueprint '/Game/Maps/DefaultMap.DefaultMap:PersistentLevel.DefaultMap' with GeneratedClass '/Game/Maps/DefaultMap.DefaultMap_C' with ClassGeneratedBy '/Game/Maps/DefaultMap.DefaultMap:PersistentLevel.DefaultMap'
[2019.06.12-08.53.27:420][559]LogNet: UChannel::CleanUp: ChIndex == 0. Closing connection. [UChannel] ChIndex: 0, Closing: 0 [UNetConnection] RemoteAddr: 127.0.0.1:17777, Name: IpConnection_3, Driver: GameNetDriver IpNetDriver_4, IsServer: NO, PC: None, Owner: None, UniqueId: NULL:DESKTOP-82VF2NQ-29BC7EFA474A03BE4509AA801BC9A289
[2019.06.12-08.53.27:420][559]LogNet: UNetConnection::Close: [UNetConnection] RemoteAddr: 127.0.0.1:17777, Name: IpConnection_3, Driver: GameNetDriver IpNetDriver_4, IsServer: NO, PC: None, Owner: None, UniqueId: NULL:DESKTOP-82VF2NQ-29BC7EFA474A03BE4509AA801BC9A289, Channels: 10, Time: 2019.06.12-08.53.27
[2019.06.12-08.53.27:420][559]LogNet: UChannel::Close: Sending CloseBunch. ChIndex == 0. Name: [UChannel] ChIndex: 0, Closing: 0 [UNetConnection] RemoteAddr: 127.0.0.1:17777, Name: IpConnection_3, Driver: GameNetDriver IpNetDriver_4, IsServer: NO, PC: None, Owner: None, UniqueId: NULL:DESKTOP-82VF2NQ-29BC7EFA474A03BE4509AA801BC9A289
[2019.06.12-08.53.27:421][559]LogNet: UChannel::CleanUp: ChIndex == 0. Closing connection. [UChannel] ChIndex: 0, Closing: 0 [UNetConnection] RemoteAddr: 127.0.0.1:17777, Name: IpConnection_2, Driver: GameNetDriver IpNetDriver_3, IsServer: NO, PC: None, Owner: None, UniqueId: NULL:DESKTOP-82VF2NQ-F994284A4B0721C9AB962FB3E3FFB5A0
[2019.06.12-08.53.27:421][559]LogNet: UNetConnection::Close: [UNetConnection] RemoteAddr: 127.0.0.1:17777, Name: IpConnection_2, Driver: GameNetDriver IpNetDriver_3, IsServer: NO, PC: None, Owner: None, UniqueId: NULL:DESKTOP-82VF2NQ-F994284A4B0721C9AB962FB3E3FFB5A0, Channels: 9, Time: 2019.06.12-08.53.27
[2019.06.12-08.53.27:421][559]LogNet: UChannel::Close: Sending CloseBunch. ChIndex == 0. Name: [UChannel] ChIndex: 0, Closing: 0 [UNetConnection] RemoteAddr: 127.0.0.1:17777, Name: IpConnection_2, Driver: GameNetDriver IpNetDriver_3, IsServer: NO, PC: None, Owner: None, UniqueId: NULL:DESKTOP-82VF2NQ-F994284A4B0721C9AB962FB3E3FFB5A0
[2019.06.12-08.53.27:423][559]LogSlate: Updating window title bar state: overlay mode, drag disabled, window buttons hidden, title bar hidden
[2019.06.12-08.53.27:424][559]LogExit: GameNetDriver None shut down
[2019.06.12-08.53.27:424][559]LogExit: GameNetDriver None shut down
[2019.06.12-08.53.27:437][560]LogPlayLevel: Display: Destroying online subsystem :Context_7
[2019.06.12-08.53.27:437][560]LogPlayLevel: Display: Destroying online subsystem :Context_6
[2019.06.12-08.53.27:437][560]LogPlayLevel: Display: Destroying online subsystem :Context_5
