Log file open, 06/12/19 17:11:10
LogWindows: Failed to load 'aqProf.dll' (GetLastError=126)
LogWindows: File 'aqProf.dll' does not exist
LogWindows: Failed to load 'VtuneApi.dll' (GetLastError=126)
LogWindows: File 'VtuneApi.dll' does not exist
LogWindows: Failed to load 'VtuneApi32e.dll' (GetLastError=126)
LogWindows: File 'VtuneApi32e.dll' does not exist
LogConsoleResponse: Display: Failed to find resolution value strings in scalability ini. Falling back to default.
LogInit: Display: Running engine for game: MountainAndSea
LogPakFile: Registered encryption key '00000000000000000000000000000000': 0 pak files mounted, 0 remain pending
LogPlatformFile: Not using cached read wrapper
LogTaskGraph: Started task graph with 5 named threads and 17 total threads with 3 sets of task threads.
LogStats: Stats thread started at 0.206238
LogD3D11RHI: Loaded GFSDK_Aftermath_Lib.x64.dll
LogICUInternationalization: ICU TimeZone Detection - Raw Offset: +8:00, Platform Override: ''
LogPluginManager: Mounting plugin Paper2D
LogPluginManager: Mounting plugin AISupport
LogPluginManager: Mounting plugin LightPropagationVolume
LogPluginManager: Mounting plugin ActorLayerUtilities
LogPluginManager: Mounting plugin CLionSourceCodeAccess
LogPluginManager: Mounting plugin CodeLiteSourceCodeAccess
LogPluginManager: Mounting plugin GitSourceControl
LogPluginManager: Mounting plugin KDevelopSourceCodeAccess
LogPluginManager: Mounting plugin NullSourceCodeAccess
LogPluginManager: Mounting plugin PerforceSourceControl
LogPluginManager: Mounting plugin SubversionSourceControl
LogPluginManager: Mounting plugin UObjectPlugin
LogPluginManager: Mounting plugin VisualStudioCodeSourceCodeAccess
LogPluginManager: Mounting plugin VisualStudioSourceCodeAccess
LogPluginManager: Mounting plugin XCodeSourceCodeAccess
LogPluginManager: Mounting plugin AssetManagerEditor
LogPluginManager: Mounting plugin CryptoKeys
LogPluginManager: Mounting plugin DataValidation
LogPluginManager: Mounting plugin FacialAnimation
LogPluginManager: Mounting plugin GameplayTagsEditor
LogPluginManager: Mounting plugin MacGraphicsSwitching
LogPluginManager: Mounting plugin MeshEditor
LogPluginManager: Mounting plugin MobileLauncherProfileWizard
LogPluginManager: Mounting plugin PluginBrowser
LogPluginManager: Mounting plugin SpeedTreeImporter
LogPluginManager: Mounting plugin DatasmithContent
LogPluginManager: Mounting plugin VariantManagerContent
LogPluginManager: Mounting plugin AlembicImporter
LogPluginManager: Mounting plugin AppleImageUtils
LogPluginManager: Mounting plugin AppleVision
LogPluginManager: Mounting plugin BackChannel
LogPluginManager: Mounting plugin CharacterAI
LogPluginManager: Mounting plugin GeometryCache
LogPluginManager: Mounting plugin HTML5Networking
LogPluginManager: Mounting plugin ProxyLODPlugin
LogPluginManager: Mounting plugin MagicLeap
LogPluginManager: Mounting plugin MagicLeapMedia
LogPluginManager: Mounting plugin AndroidMedia
LogPluginManager: Mounting plugin AvfMedia
LogPluginManager: Mounting plugin ImgMedia
LogPluginManager: Mounting plugin LinearTimecode
LogPluginManager: Mounting plugin MediaCompositing
LogPluginManager: Mounting plugin MediaPlayerEditor
LogPluginManager: Mounting plugin WebMMedia
LogPluginManager: Mounting plugin WmfMedia
LogPluginManager: Mounting plugin TcpMessaging
LogPluginManager: Mounting plugin UdpMessaging
LogPluginManager: Mounting plugin ActorSequence
LogPluginManager: Mounting plugin LevelSequenceEditor
LogPluginManager: Mounting plugin MatineeToLevelSequence
LogPluginManager: Mounting plugin NetcodeUnitTest
LogPluginManager: Mounting plugin NUTUnrealEngine4
LogPluginManager: Mounting plugin OnlineSubsystemGooglePlay
LogPluginManager: Mounting plugin OnlineSubsystemIOS
LogPluginManager: Mounting plugin OnlineSubsystem
LogPluginManager: Mounting plugin OnlineSubsystemNull
LogPluginManager: Mounting plugin OnlineSubsystemUtils
LogPluginManager: Mounting plugin LauncherChunkInstaller
LogPluginManager: Mounting plugin AndroidDeviceProfileSelector
LogPluginManager: Mounting plugin AndroidMoviePlayer
LogPluginManager: Mounting plugin AndroidPermission
LogPluginManager: Mounting plugin AppleMoviePlayer
LogPluginManager: Mounting plugin ArchVisCharacter
LogPluginManager: Mounting plugin AudioCapture
LogPluginManager: Mounting plugin CableComponent
LogPluginManager: Mounting plugin CustomMeshComponent
LogPluginManager: Mounting plugin EditableMesh
LogPluginManager: Mounting plugin ExampleDeviceProfileSelector
LogPluginManager: Mounting plugin Firebase
LogPluginManager: Mounting plugin GoogleCloudMessaging
LogPluginManager: Mounting plugin IOSDeviceProfileSelector
LogPluginManager: Mounting plugin LinuxDeviceProfileSelector
LogPluginManager: Mounting plugin LocationServicesBPLibrary
LogPluginManager: Mounting plugin MobilePatchingUtils
LogPluginManager: Mounting plugin OculusVR
LogPluginManager: Mounting plugin PhysXVehicles
LogPluginManager: Mounting plugin ProceduralMeshComponent
LogPluginManager: Mounting plugin RuntimePhysXCooking
LogPluginManager: Mounting plugin SteamVR
LogPluginManager: Mounting plugin WebMMoviePlayer
LogPluginManager: Mounting plugin WindowsMoviePlayer
LogStreaming: Display: Took  0.081s to configure plugins.
LogInit: Using libcurl 7.55.1-DEV
LogInit:  - built for x86_64-pc-win32
LogInit:  - supports SSL with OpenSSL/1.0.2h
LogInit:  - supports HTTP deflate (compression) using libz 1.2.8
LogInit:  - other features:
LogInit:      CURL_VERSION_SSL
LogInit:      CURL_VERSION_LIBZ
LogInit:      CURL_VERSION_IPV6
LogInit:      CURL_VERSION_ASYNCHDNS
LogInit:      CURL_VERSION_LARGEFILE
LogInit:      CURL_VERSION_IDN
LogInit:  CurlRequestOptions (configurable via config and command line):
LogInit:  - bVerifyPeer = true  - Libcurl will verify peer certificate
LogInit:  - bUseHttpProxy = false  - Libcurl will NOT use HTTP proxy
LogInit:  - bDontReuseConnections = false  - Libcurl will reuse connections
LogInit:  - MaxHostConnections = 16  - Libcurl will limit the number of connections to a host
LogInit:  - LocalHostAddr = Default
LogInit:  - BufferSize = 65536
LogModuleManager: Warning: ModuleManager: Unable to load module 'OnlineSubsystem<Default Platform Identifier>'  - 0 instances of that module name found.
LogInit: WinSock: version 1.1 (2.2), MaxSocks=32767, MaxUdp=65467
LogInit: Build: ++UE4+Release-4.21-CL-4753647
LogInit: Engine Version: 4.21.2-4753647+++UE4+Release-4.21
LogInit: Compatible Engine Version: 4.21.0-4541578+++UE4+Release-4.21
LogInit: Net CL: 4541578
LogInit: OS: Windows 10 (), CPU: AMD Ryzen 7 2700X Eight-Core Processor         , GPU: NVIDIA GeForce GTX 1080 Ti
LogInit: Compiled (64-bit): Jan 19 2019 02:07:31
LogInit: Compiled with Visual C++: 19.13.26129.00
LogInit: Build Configuration: Development
LogInit: Branch Name: ++UE4+Release-4.21
LogInit: Command Line:  -Log -Server
LogInit: Base Directory: D:/UnrealEngine/UnrealEngine-release/UE_4.21/Engine/Binaries/Win64/
LogInit: Installed Engine Build: 1
LogDevObjectVersion: Number of dev versions registered: 22
LogDevObjectVersion:   Dev-Blueprints (B0D832E4-1F89-4F0D-ACCF-7EB736FD4AA2): 10
LogDevObjectVersion:   Dev-Build (E1C64328-A22C-4D53-A36C-8E866417BD8C): 0
LogDevObjectVersion:   Dev-Core (375EC13C-06E4-48FB-B500-84F0262A717E): 2
LogDevObjectVersion:   Dev-Editor (E4B068ED-F494-42E9-A231-DA0B2E46BB41): 26
LogDevObjectVersion:   Dev-Framework (CFFC743F-43B0-4480-9391-14DF171D2073): 34
LogDevObjectVersion:   Dev-Mobile (B02B49B5-BB20-44E9-A304-32B752E40360): 2
LogDevObjectVersion:   Dev-Networking (A4E4105C-59A1-49B5-A7C5-40C4547EDFEE): 0
LogDevObjectVersion:   Dev-Online (39C831C9-5AE6-47DC-9A44-9C173E1C8E7C): 0
LogDevObjectVersion:   Dev-Physics (78F01B33-EBEA-4F98-B9B4-84EACCB95AA2): 0
LogDevObjectVersion:   Dev-Platform (6631380F-2D4D-43E0-8009-CF276956A95A): 0
LogDevObjectVersion:   Dev-Rendering (12F88B9F-8875-4AFC-A67C-D90C383ABD29): 27
LogDevObjectVersion:   Dev-Sequencer (7B5AE74C-D270-4C10-A958-57980B212A5A): 9
LogDevObjectVersion:   Dev-VR (D7296918-1DD6-4BDD-9DE2-64A83CC13884): 2
LogDevObjectVersion:   Dev-LoadTimes (C2A15278-BFE7-4AFE-6C17-90FF531DF755): 1
LogDevObjectVersion:   Private-Geometry (6EACA3D4-40EC-4CC1-B786-8BED09428FC5): 3
LogDevObjectVersion:   Dev-AnimPhys (29E575DD-E0A3-4627-9D10-D276232CDCEA): 17
LogDevObjectVersion:   Dev-Anim (AF43A65D-7FD3-4947-9873-3E8ED9C1BB05): 2
LogDevObjectVersion:   Dev-ReflectionCapture (6B266CEC-1EC7-4B8F-A30B-E4D90942FC07): 1
LogDevObjectVersion:   Dev-Automation (0DF73D61-A23F-47EA-B727-89E90C41499A): 1
LogDevObjectVersion:   FortniteMain (601D1886-AC64-4F84-AA16-D3DE0DEAC7D6): 17
LogDevObjectVersion:   Dev-Enterprise (9DFFBCD6-494F-0158-E221-12823C92A888): 4
LogDevObjectVersion:   Dev-Niagara (F2AED0AC-9AFE-416F-8664-AA7FFA26D6FC): 1
LogStreaming: Display: Took  0.002s to delete old logs.
LogInit: Presizing for max 8388607 objects, including 0 objects not considered by GC, pre-allocating 0 bytes for permanent pool.
LogInit: Object subsystem initialized
LogConfig: Setting CVar [[con.DebugEarlyDefault:1]]
LogConfig: Setting CVar [[r.setres:1280x720]]
[2019.06.12-09.11.10:896][  0]LogConfig: Setting CVar [[con.DebugEarlyDefault:1]]
[2019.06.12-09.11.10:896][  0]LogConfig: Setting CVar [[r.setres:1280x720]]
[2019.06.12-09.11.10:897][  0]LogConfig: Applying CVar settings from Section [/Script/Engine.RendererSettings] File [D:/UnrealEngineProject/MountainAndSea/Saved/Config/Windows/Engine.ini]
[2019.06.12-09.11.10:897][  0]LogConfig: Setting CVar [[r.GPUCrashDebugging:0]]
[2019.06.12-09.11.10:897][  0]LogConfig: Applying CVar settings from Section [/Script/Engine.RendererOverrideSettings] File [D:/UnrealEngineProject/MountainAndSea/Saved/Config/Windows/Engine.ini]
[2019.06.12-09.11.10:898][  0]LogConfig: Applying CVar settings from Section [/Script/Engine.StreamingSettings] File [D:/UnrealEngineProject/MountainAndSea/Saved/Config/Windows/Engine.ini]
[2019.06.12-09.11.10:898][  0]LogConfig: Setting CVar [[s.MinBulkDataSizeForAsyncLoading:131072]]
[2019.06.12-09.11.10:898][  0]LogConfig: Setting CVar [[s.AsyncLoadingThreadEnabled:0]]
[2019.06.12-09.11.10:899][  0]LogConfig: Setting CVar [[s.EventDrivenLoaderEnabled:1]]
[2019.06.12-09.11.10:899][  0]LogConfig: Setting CVar [[s.WarnIfTimeLimitExceeded:0]]
[2019.06.12-09.11.10:899][  0]LogConfig: Setting CVar [[s.TimeLimitExceededMultiplier:1.5]]
[2019.06.12-09.11.10:900][  0]LogConfig: Setting CVar [[s.TimeLimitExceededMinTime:0.005]]
[2019.06.12-09.11.10:900][  0]LogConfig: Setting CVar [[s.UseBackgroundLevelStreaming:1]]
[2019.06.12-09.11.10:900][  0]LogConfig: Setting CVar [[s.PriorityAsyncLoadingExtraTime:15.0]]
[2019.06.12-09.11.10:901][  0]LogConfig: Setting CVar [[s.LevelStreamingActorsUpdateTimeLimit:5.0]]
[2019.06.12-09.11.10:901][  0]LogConfig: Setting CVar [[s.PriorityLevelStreamingActorsUpdateExtraTime:5.0]]
[2019.06.12-09.11.10:902][  0]LogConfig: Setting CVar [[s.LevelStreamingComponentsRegistrationGranularity:10]]
[2019.06.12-09.11.10:902][  0]LogConfig: Setting CVar [[s.UnregisterComponentsTimeLimit:1.0]]
[2019.06.12-09.11.10:903][  0]LogConfig: Setting CVar [[s.LevelStreamingComponentsUnregistrationGranularity:5]]
[2019.06.12-09.11.10:903][  0]LogConfig: Applying CVar settings from Section [/Script/Engine.GarbageCollectionSettings] File [D:/UnrealEngineProject/MountainAndSea/Saved/Config/Windows/Engine.ini]
[2019.06.12-09.11.10:903][  0]LogConfig: Setting CVar [[gc.MaxObjectsNotConsideredByGC:1]]
[2019.06.12-09.11.10:904][  0]LogConfig: Setting CVar [[gc.SizeOfPermanentObjectPool:0]]
[2019.06.12-09.11.10:907][  0]LogConfig: Setting CVar [[gc.FlushStreamingOnGC:0]]
[2019.06.12-09.11.10:907][  0]LogConfig: Setting CVar [[gc.NumRetriesBeforeForcingGC:10]]
[2019.06.12-09.11.10:907][  0]LogConfig: Setting CVar [[gc.AllowParallelGC:1]]
[2019.06.12-09.11.10:908][  0]LogConfig: Setting CVar [[gc.TimeBetweenPurgingPendingKillObjects:61.1]]
[2019.06.12-09.11.10:908][  0]LogConfig: Setting CVar [[gc.MaxObjectsInEditor:8388607]]
[2019.06.12-09.11.10:908][  0]LogConfig: Setting CVar [[gc.IncrementalBeginDestroyEnabled:1]]
[2019.06.12-09.11.10:909][  0]LogConfig: Setting CVar [[gc.CreateGCClusters:1]]
[2019.06.12-09.11.10:909][  0]LogConfig: Setting CVar [[gc.MergeGCClusters:0]]
[2019.06.12-09.11.10:909][  0]LogConfig: Setting CVar [[gc.MinGCClusterSize:5]]
[2019.06.12-09.11.10:910][  0]LogConfig: Setting CVar [[gc.ActorClusteringEnabled:0]]
[2019.06.12-09.11.10:910][  0]LogConfig: Setting CVar [[gc.BlueprintClusteringEnabled:0]]
[2019.06.12-09.11.10:911][  0]LogConfig: Setting CVar [[gc.UseDisregardForGCOnDedicatedServers:0]]
[2019.06.12-09.11.10:911][  0]LogConfig: Applying CVar settings from Section [/Script/Engine.NetworkSettings] File [D:/UnrealEngineProject/MountainAndSea/Saved/Config/Windows/Engine.ini]
[2019.06.12-09.11.10:911][  0]LogConfig: Applying CVar settings from Section [/Script/UnrealEd.CookerSettings] File [D:/UnrealEngineProject/MountainAndSea/Saved/Config/Windows/Engine.ini]
[2019.06.12-09.11.10:912][  0]LogConfig: Applying CVar settings from Section [ViewDistanceQuality@3] File [D:/UnrealEngineProject/MountainAndSea/Saved/Config/Windows/Scalability.ini]
[2019.06.12-09.11.10:912][  0]LogConfig: Setting CVar [[r.SkeletalMeshLODBias:0]]
[2019.06.12-09.11.10:912][  0]LogConfig: Setting CVar [[r.ViewDistanceScale:1.0]]
[2019.06.12-09.11.10:912][  0]LogConfig: Applying CVar settings from Section [AntiAliasingQuality@3] File [D:/UnrealEngineProject/MountainAndSea/Saved/Config/Windows/Scalability.ini]
[2019.06.12-09.11.10:913][  0]LogConfig: Setting CVar [[r.PostProcessAAQuality:4]]
[2019.06.12-09.11.10:913][  0]LogConfig: Applying CVar settings from Section [ShadowQuality@3] File [D:/UnrealEngineProject/MountainAndSea/Saved/Config/Windows/Scalability.ini]
[2019.06.12-09.11.10:913][  0]LogConfig: Setting CVar [[r.LightFunctionQuality:1]]
[2019.06.12-09.11.10:913][  0]LogConfig: Setting CVar [[r.ShadowQuality:5]]
[2019.06.12-09.11.10:913][  0]LogConfig: Setting CVar [[r.Shadow.CSM.MaxCascades:10]]
[2019.06.12-09.11.10:914][  0]LogConfig: Setting CVar [[r.Shadow.MaxResolution:2048]]
[2019.06.12-09.11.10:914][  0]LogConfig: Setting CVar [[r.Shadow.MaxCSMResolution:2048]]
[2019.06.12-09.11.10:914][  0]LogConfig: Setting CVar [[r.Shadow.RadiusThreshold:0.01]]
[2019.06.12-09.11.10:914][  0]LogConfig: Setting CVar [[r.Shadow.DistanceScale:1.0]]
[2019.06.12-09.11.10:915][  0]LogConfig: Setting CVar [[r.Shadow.CSM.TransitionScale:1.0]]
[2019.06.12-09.11.10:915][  0]LogConfig: Setting CVar [[r.Shadow.PreShadowResolutionFactor:1.0]]
[2019.06.12-09.11.10:916][  0]LogConfig: Setting CVar [[r.DistanceFieldShadowing:1]]
[2019.06.12-09.11.10:919][  0]LogConfig: Setting CVar [[r.DistanceFieldAO:1]]
[2019.06.12-09.11.10:919][  0]LogConfig: Setting CVar [[r.AOQuality:2]]
[2019.06.12-09.11.10:919][  0]LogConfig: Setting CVar [[r.VolumetricFog:1]]
[2019.06.12-09.11.10:920][  0]LogConfig: Setting CVar [[r.VolumetricFog.GridPixelSize:8]]
[2019.06.12-09.11.10:920][  0]LogConfig: Setting CVar [[r.VolumetricFog.GridSizeZ:128]]
[2019.06.12-09.11.10:920][  0]LogConfig: Setting CVar [[r.VolumetricFog.HistoryMissSupersampleCount:4]]
[2019.06.12-09.11.10:920][  0]LogConfig: Setting CVar [[r.LightMaxDrawDistanceScale:1]]
[2019.06.12-09.11.10:921][  0]LogConfig: Setting CVar [[r.CapsuleShadows:1]]
[2019.06.12-09.11.10:921][  0]LogConfig: Applying CVar settings from Section [PostProcessQuality@3] File [D:/UnrealEngineProject/MountainAndSea/Saved/Config/Windows/Scalability.ini]
[2019.06.12-09.11.10:921][  0]LogConfig: Setting CVar [[r.MotionBlurQuality:4]]
[2019.06.12-09.11.10:922][  0]LogConfig: Setting CVar [[r.AmbientOcclusionMipLevelFactor:0.4]]
[2019.06.12-09.11.10:922][  0]LogConfig: Setting CVar [[r.AmbientOcclusionMaxQuality:100]]
[2019.06.12-09.11.10:922][  0]LogConfig: Setting CVar [[r.AmbientOcclusionLevels:-1]]
[2019.06.12-09.11.10:922][  0]LogConfig: Setting CVar [[r.AmbientOcclusionRadiusScale:1.0]]
[2019.06.12-09.11.10:923][  0]LogConfig: Setting CVar [[r.DepthOfFieldQuality:2]]
[2019.06.12-09.11.10:923][  0]LogConfig: Setting CVar [[r.RenderTargetPoolMin:400]]
[2019.06.12-09.11.10:924][  0]LogConfig: Setting CVar [[r.LensFlareQuality:2]]
[2019.06.12-09.11.10:924][  0]LogConfig: Setting CVar [[r.SceneColorFringeQuality:1]]
[2019.06.12-09.11.10:924][  0]LogConfig: Setting CVar [[r.EyeAdaptationQuality:2]]
[2019.06.12-09.11.10:924][  0]LogConfig: Setting CVar [[r.BloomQuality:5]]
[2019.06.12-09.11.10:925][  0]LogConfig: Setting CVar [[r.FastBlurThreshold:100]]
[2019.06.12-09.11.10:925][  0]LogConfig: Setting CVar [[r.Upscale.Quality:3]]
[2019.06.12-09.11.10:925][  0]LogConfig: Setting CVar [[r.Tonemapper.GrainQuantization:1]]
[2019.06.12-09.11.10:925][  0]LogConfig: Setting CVar [[r.LightShaftQuality:1]]
[2019.06.12-09.11.10:926][  0]LogConfig: Setting CVar [[r.Filter.SizeScale:1]]
[2019.06.12-09.11.10:926][  0]LogConfig: Setting CVar [[r.Tonemapper.Quality:5]]
[2019.06.12-09.11.10:926][  0]LogConfig: Setting CVar [[r.DOF.Gather.AccumulatorQuality:1        ; higher gathering accumulator quality]]
[2019.06.12-09.11.10:926][  0]LogConfig: Setting CVar [[r.DOF.Gather.PostfilterMethod:1          ; Median3x3 postfilering method]]
[2019.06.12-09.11.10:927][  0]LogConfig: Setting CVar [[r.DOF.Gather.EnableBokehSettings:0       ; no bokeh simulation when gathering]]
[2019.06.12-09.11.10:927][  0]LogConfig: Setting CVar [[r.DOF.Gather.RingCount:4                 ; medium number of samples when gathering]]
[2019.06.12-09.11.10:927][  0]LogConfig: Setting CVar [[r.DOF.Scatter.ForegroundCompositing:1    ; additive foreground scattering]]
[2019.06.12-09.11.10:927][  0]LogConfig: Setting CVar [[r.DOF.Scatter.BackgroundCompositing:2    ; additive background scattering]]
[2019.06.12-09.11.10:928][  0]LogConfig: Setting CVar [[r.DOF.Scatter.EnableBokehSettings:1      ; bokeh simulation when scattering]]
[2019.06.12-09.11.10:931][  0]LogConfig: Setting CVar [[r.DOF.Scatter.MaxSpriteRatio:0.1         ; only a maximum of 10% of scattered bokeh]]
[2019.06.12-09.11.10:931][  0]LogConfig: Setting CVar [[r.DOF.Recombine.Quality:1                ; cheap slight out of focus]]
[2019.06.12-09.11.10:931][  0]LogConfig: Setting CVar [[r.DOF.Recombine.EnableBokehSettings:0    ; no bokeh simulation on slight out of focus]]
[2019.06.12-09.11.10:932][  0]LogConfig: Setting CVar [[r.DOF.TemporalAAQuality:1                ; more stable temporal accumulation]]
[2019.06.12-09.11.10:932][  0]LogConfig: Setting CVar [[r.DOF.Kernel.MaxForegroundRadius:0.025]]
[2019.06.12-09.11.10:932][  0]LogConfig: Setting CVar [[r.DOF.Kernel.MaxBackgroundRadius:0.025]]
[2019.06.12-09.11.10:933][  0]LogConfig: Applying CVar settings from Section [TextureQuality@3] File [D:/UnrealEngineProject/MountainAndSea/Saved/Config/Windows/Scalability.ini]
[2019.06.12-09.11.10:933][  0]LogConfig: Setting CVar [[r.Streaming.MipBias:0]]
[2019.06.12-09.11.10:934][  0]LogConfig: Setting CVar [[r.Streaming.AmortizeCPUToGPUCopy:0]]
[2019.06.12-09.11.10:934][  0]LogConfig: Setting CVar [[r.Streaming.MaxNumTexturesToStreamPerFrame:0]]
[2019.06.12-09.11.10:934][  0]LogConfig: Setting CVar [[r.Streaming.Boost:1]]
[2019.06.12-09.11.10:935][  0]LogConfig: Setting CVar [[r.MaxAnisotropy:8]]
[2019.06.12-09.11.10:935][  0]LogConfig: Setting CVar [[r.Streaming.LimitPoolSizeToVRAM:0]]
[2019.06.12-09.11.10:936][  0]LogConfig: Setting CVar [[r.Streaming.PoolSize:1000]]
[2019.06.12-09.11.10:936][  0]LogConfig: Setting CVar [[r.Streaming.MaxEffectiveScreenSize:0]]
[2019.06.12-09.11.10:936][  0]LogConfig: Applying CVar settings from Section [EffectsQuality@3] File [D:/UnrealEngineProject/MountainAndSea/Saved/Config/Windows/Scalability.ini]
[2019.06.12-09.11.10:936][  0]LogConfig: Setting CVar [[r.TranslucencyLightingVolumeDim:64]]
[2019.06.12-09.11.10:937][  0]LogConfig: Setting CVar [[r.RefractionQuality:2]]
[2019.06.12-09.11.10:937][  0]LogConfig: Setting CVar [[r.SSR.Quality:3]]
[2019.06.12-09.11.10:937][  0]LogConfig: Setting CVar [[r.SceneColorFormat:4]]
[2019.06.12-09.11.10:937][  0]LogConfig: Setting CVar [[r.DetailMode:2]]
[2019.06.12-09.11.10:938][  0]LogConfig: Setting CVar [[r.TranslucencyVolumeBlur:1]]
[2019.06.12-09.11.10:938][  0]LogConfig: Setting CVar [[r.MaterialQualityLevel:1 ; High quality]]
[2019.06.12-09.11.10:938][  0]LogConfig: Setting CVar [[r.SSS.Scale:1]]
[2019.06.12-09.11.10:938][  0]LogConfig: Setting CVar [[r.SSS.SampleSet:2]]
[2019.06.12-09.11.10:939][  0]LogConfig: Setting CVar [[r.SSS.Quality:1]]
[2019.06.12-09.11.10:939][  0]LogConfig: Setting CVar [[r.SSS.HalfRes:1]]
[2019.06.12-09.11.10:939][  0]LogConfig: Setting CVar [[r.EmitterSpawnRateScale:1.0]]
[2019.06.12-09.11.10:939][  0]LogConfig: Setting CVar [[r.ParticleLightQuality:2]]
[2019.06.12-09.11.10:940][  0]LogConfig: Applying CVar settings from Section [FoliageQuality@3] File [D:/UnrealEngineProject/MountainAndSea/Saved/Config/Windows/Scalability.ini]
[2019.06.12-09.11.10:943][  0]LogConfig: Setting CVar [[foliage.DensityScale:1.0]]
[2019.06.12-09.11.10:943][  0]LogConfig: Setting CVar [[grass.DensityScale:1.0]]
[2019.06.12-09.11.10:944][  0]LogInit: Selected Device Profile: [Windows]
[2019.06.12-09.11.10:944][  0]LogInit: Applying CVar settings loaded from the selected device profile: [Windows]
[2019.06.12-09.11.10:965][  0]LogHAL: Display: Platform has ~ 16 GB [17096769536 / 17179869184 / 16], which maps to Larger [LargestMinGB=32, LargerMinGB=12, DefaultMinGB=8, SmallerMinGB=6, SmallestMinGB=0)
[2019.06.12-09.11.10:965][  0]LogConfig: Setting CVar [[r.Vulkan.UseRealUBs:1]]
[2019.06.12-09.11.10:967][  0]LogInit: Going up to parent DeviceProfile []
[2019.06.12-09.11.10:968][  0]LogConfig: Applying CVar settings from Section [ViewDistanceQuality@3] File [D:/UnrealEngineProject/MountainAndSea/Saved/Config/Windows/Scalability.ini]
[2019.06.12-09.11.10:968][  0]LogConfig: Setting CVar [[r.SkeletalMeshLODBias:0]]
[2019.06.12-09.11.10:968][  0]LogConfig: Setting CVar [[r.ViewDistanceScale:1.0]]
[2019.06.12-09.11.10:969][  0]LogConfig: Applying CVar settings from Section [AntiAliasingQuality@3] File [D:/UnrealEngineProject/MountainAndSea/Saved/Config/Windows/Scalability.ini]
[2019.06.12-09.11.10:969][  0]LogConfig: Setting CVar [[r.PostProcessAAQuality:4]]
[2019.06.12-09.11.10:969][  0]LogConfig: Applying CVar settings from Section [ShadowQuality@3] File [D:/UnrealEngineProject/MountainAndSea/Saved/Config/Windows/Scalability.ini]
[2019.06.12-09.11.10:970][  0]LogConfig: Setting CVar [[r.LightFunctionQuality:1]]
[2019.06.12-09.11.10:970][  0]LogConfig: Setting CVar [[r.ShadowQuality:5]]
[2019.06.12-09.11.10:970][  0]LogConfig: Setting CVar [[r.Shadow.CSM.MaxCascades:10]]
[2019.06.12-09.11.10:970][  0]LogConfig: Setting CVar [[r.Shadow.MaxResolution:2048]]
[2019.06.12-09.11.10:971][  0]LogConfig: Setting CVar [[r.Shadow.MaxCSMResolution:2048]]
[2019.06.12-09.11.10:971][  0]LogConfig: Setting CVar [[r.Shadow.RadiusThreshold:0.01]]
[2019.06.12-09.11.10:971][  0]LogConfig: Setting CVar [[r.Shadow.DistanceScale:1.0]]
[2019.06.12-09.11.10:971][  0]LogConfig: Setting CVar [[r.Shadow.CSM.TransitionScale:1.0]]
[2019.06.12-09.11.10:972][  0]LogConfig: Setting CVar [[r.Shadow.PreShadowResolutionFactor:1.0]]
[2019.06.12-09.11.10:972][  0]LogConfig: Setting CVar [[r.DistanceFieldShadowing:1]]
[2019.06.12-09.11.10:972][  0]LogConfig: Setting CVar [[r.DistanceFieldAO:1]]
[2019.06.12-09.11.10:973][  0]LogConfig: Setting CVar [[r.AOQuality:2]]
[2019.06.12-09.11.10:973][  0]LogConfig: Setting CVar [[r.VolumetricFog:1]]
[2019.06.12-09.11.10:973][  0]LogConfig: Setting CVar [[r.VolumetricFog.GridPixelSize:8]]
[2019.06.12-09.11.10:974][  0]LogConfig: Setting CVar [[r.VolumetricFog.GridSizeZ:128]]
[2019.06.12-09.11.10:974][  0]LogConfig: Setting CVar [[r.VolumetricFog.HistoryMissSupersampleCount:4]]
[2019.06.12-09.11.10:974][  0]LogConfig: Setting CVar [[r.LightMaxDrawDistanceScale:1]]
[2019.06.12-09.11.10:974][  0]LogConfig: Setting CVar [[r.CapsuleShadows:1]]
[2019.06.12-09.11.10:975][  0]LogConfig: Applying CVar settings from Section [PostProcessQuality@3] File [D:/UnrealEngineProject/MountainAndSea/Saved/Config/Windows/Scalability.ini]
[2019.06.12-09.11.10:978][  0]LogConfig: Setting CVar [[r.MotionBlurQuality:4]]
[2019.06.12-09.11.10:978][  0]LogConfig: Setting CVar [[r.AmbientOcclusionMipLevelFactor:0.4]]
[2019.06.12-09.11.10:979][  0]LogConfig: Setting CVar [[r.AmbientOcclusionMaxQuality:100]]
[2019.06.12-09.11.10:979][  0]LogConfig: Setting CVar [[r.AmbientOcclusionLevels:-1]]
[2019.06.12-09.11.10:980][  0]LogConfig: Setting CVar [[r.AmbientOcclusionRadiusScale:1.0]]
[2019.06.12-09.11.10:980][  0]LogConfig: Setting CVar [[r.DepthOfFieldQuality:2]]
[2019.06.12-09.11.10:980][  0]LogConfig: Setting CVar [[r.RenderTargetPoolMin:400]]
[2019.06.12-09.11.10:981][  0]LogConfig: Setting CVar [[r.LensFlareQuality:2]]
[2019.06.12-09.11.10:981][  0]LogConfig: Setting CVar [[r.SceneColorFringeQuality:1]]
[2019.06.12-09.11.10:981][  0]LogConfig: Setting CVar [[r.EyeAdaptationQuality:2]]
[2019.06.12-09.11.10:981][  0]LogConfig: Setting CVar [[r.BloomQuality:5]]
[2019.06.12-09.11.10:982][  0]LogConfig: Setting CVar [[r.FastBlurThreshold:100]]
[2019.06.12-09.11.10:982][  0]LogConfig: Setting CVar [[r.Upscale.Quality:3]]
[2019.06.12-09.11.10:982][  0]LogConfig: Setting CVar [[r.Tonemapper.GrainQuantization:1]]
[2019.06.12-09.11.10:982][  0]LogConfig: Setting CVar [[r.LightShaftQuality:1]]
[2019.06.12-09.11.10:983][  0]LogConfig: Setting CVar [[r.Filter.SizeScale:1]]
[2019.06.12-09.11.10:983][  0]LogConfig: Setting CVar [[r.Tonemapper.Quality:5]]
[2019.06.12-09.11.10:983][  0]LogConfig: Setting CVar [[r.DOF.Gather.AccumulatorQuality:1        ; higher gathering accumulator quality]]
[2019.06.12-09.11.10:983][  0]LogConfig: Setting CVar [[r.DOF.Gather.PostfilterMethod:1          ; Median3x3 postfilering method]]
[2019.06.12-09.11.10:984][  0]LogConfig: Setting CVar [[r.DOF.Gather.EnableBokehSettings:0       ; no bokeh simulation when gathering]]
[2019.06.12-09.11.10:984][  0]LogConfig: Setting CVar [[r.DOF.Gather.RingCount:4                 ; medium number of samples when gathering]]
[2019.06.12-09.11.10:984][  0]LogConfig: Setting CVar [[r.DOF.Scatter.ForegroundCompositing:1    ; additive foreground scattering]]
[2019.06.12-09.11.10:984][  0]LogConfig: Setting CVar [[r.DOF.Scatter.BackgroundCompositing:2    ; additive background scattering]]
[2019.06.12-09.11.10:984][  0]LogConfig: Setting CVar [[r.DOF.Scatter.EnableBokehSettings:1      ; bokeh simulation when scattering]]
[2019.06.12-09.11.10:985][  0]LogConfig: Setting CVar [[r.DOF.Scatter.MaxSpriteRatio:0.1         ; only a maximum of 10% of scattered bokeh]]
[2019.06.12-09.11.10:985][  0]LogConfig: Setting CVar [[r.DOF.Recombine.Quality:1                ; cheap slight out of focus]]
[2019.06.12-09.11.10:985][  0]LogConfig: Setting CVar [[r.DOF.Recombine.EnableBokehSettings:0    ; no bokeh simulation on slight out of focus]]
[2019.06.12-09.11.10:985][  0]LogConfig: Setting CVar [[r.DOF.TemporalAAQuality:1                ; more stable temporal accumulation]]
[2019.06.12-09.11.10:986][  0]LogConfig: Setting CVar [[r.DOF.Kernel.MaxForegroundRadius:0.025]]
[2019.06.12-09.11.10:986][  0]LogConfig: Setting CVar [[r.DOF.Kernel.MaxBackgroundRadius:0.025]]
[2019.06.12-09.11.10:986][  0]LogConfig: Applying CVar settings from Section [TextureQuality@3] File [D:/UnrealEngineProject/MountainAndSea/Saved/Config/Windows/Scalability.ini]
[2019.06.12-09.11.10:986][  0]LogConfig: Setting CVar [[r.Streaming.MipBias:0]]
[2019.06.12-09.11.10:990][  0]LogConfig: Setting CVar [[r.Streaming.AmortizeCPUToGPUCopy:0]]
[2019.06.12-09.11.10:990][  0]LogConfig: Setting CVar [[r.Streaming.MaxNumTexturesToStreamPerFrame:0]]
[2019.06.12-09.11.10:990][  0]LogConfig: Setting CVar [[r.Streaming.Boost:1]]
[2019.06.12-09.11.10:991][  0]LogConfig: Setting CVar [[r.MaxAnisotropy:8]]
[2019.06.12-09.11.10:991][  0]LogConfig: Setting CVar [[r.Streaming.LimitPoolSizeToVRAM:0]]
[2019.06.12-09.11.10:992][  0]LogConfig: Setting CVar [[r.Streaming.PoolSize:1000]]
[2019.06.12-09.11.10:992][  0]LogConfig: Setting CVar [[r.Streaming.MaxEffectiveScreenSize:0]]
[2019.06.12-09.11.10:992][  0]LogConfig: Applying CVar settings from Section [EffectsQuality@3] File [D:/UnrealEngineProject/MountainAndSea/Saved/Config/Windows/Scalability.ini]
[2019.06.12-09.11.10:993][  0]LogConfig: Setting CVar [[r.TranslucencyLightingVolumeDim:64]]
[2019.06.12-09.11.10:993][  0]LogConfig: Setting CVar [[r.RefractionQuality:2]]
[2019.06.12-09.11.10:993][  0]LogConfig: Setting CVar [[r.SSR.Quality:3]]
[2019.06.12-09.11.10:993][  0]LogConfig: Setting CVar [[r.SceneColorFormat:4]]
[2019.06.12-09.11.10:993][  0]LogConfig: Setting CVar [[r.DetailMode:2]]
[2019.06.12-09.11.10:994][  0]LogConfig: Setting CVar [[r.TranslucencyVolumeBlur:1]]
[2019.06.12-09.11.10:994][  0]LogConfig: Setting CVar [[r.MaterialQualityLevel:1 ; High quality]]
[2019.06.12-09.11.10:994][  0]LogConfig: Setting CVar [[r.SSS.Scale:1]]
[2019.06.12-09.11.10:995][  0]LogConfig: Setting CVar [[r.SSS.SampleSet:2]]
[2019.06.12-09.11.10:995][  0]LogConfig: Setting CVar [[r.SSS.Quality:1]]
[2019.06.12-09.11.10:995][  0]LogConfig: Setting CVar [[r.SSS.HalfRes:1]]
[2019.06.12-09.11.10:996][  0]LogConfig: Setting CVar [[r.EmitterSpawnRateScale:1.0]]
[2019.06.12-09.11.10:996][  0]LogConfig: Setting CVar [[r.ParticleLightQuality:2]]
[2019.06.12-09.11.10:996][  0]LogConfig: Applying CVar settings from Section [FoliageQuality@3] File [D:/UnrealEngineProject/MountainAndSea/Saved/Config/Windows/Scalability.ini]
[2019.06.12-09.11.10:996][  0]LogConfig: Setting CVar [[foliage.DensityScale:1.0]]
[2019.06.12-09.11.10:996][  0]LogConfig: Setting CVar [[grass.DensityScale:1.0]]
[2019.06.12-09.11.10:997][  0]LogConfig: Applying CVar settings from Section [Startup] File [../../../Engine/Config/ConsoleVariables.ini]
[2019.06.12-09.11.10:997][  0]LogConfig: Setting CVar [[net.UseAdaptiveNetUpdateFrequency:0]]
[2019.06.12-09.11.10:997][  0]LogConfig: Applying CVar settings from Section [ConsoleVariables] File [D:/UnrealEngineProject/MountainAndSea/Saved/Config/Windows/Engine.ini]
[2019.06.12-09.11.10:998][  0]LogInit: Computer: DESKTOP-82VF2NQ
[2019.06.12-09.11.10:998][  0]LogInit: User: yifan
[2019.06.12-09.11.10:998][  0]LogInit: CPU Page size=4096, Cores=8
[2019.06.12-09.11.10:998][  0]LogInit: High frequency timer resolution =3.898925 MHz
[2019.06.12-09.11.10:999][  0]LogMemory: Memory total: Physical=15.9GB (16GB approx)
[2019.06.12-09.11.11:002][  0]LogMemory: Platform Memory Stats for Windows
[2019.06.12-09.11.11:002][  0]LogMemory: Process Physical Memory: 103.41 MB used, 103.41 MB peak
[2019.06.12-09.11.11:002][  0]LogMemory: Process Virtual Memory: 93.20 MB used, 93.20 MB peak
[2019.06.12-09.11.11:002][  0]LogMemory: Physical Memory: 6423.10 MB used,  9881.65 MB free, 16304.75 MB total
[2019.06.12-09.11.11:002][  0]LogMemory: Virtual Memory: 4647.74 MB used,  134213080.00 MB free, 134217728.00 MB total
[2019.06.12-09.11.11:024][  0]LogInit: Using OS detected language (zh-CN).
[2019.06.12-09.11.11:024][  0]LogInit: Using OS detected locale (zh-CN).
[2019.06.12-09.11.11:026][  0]LogTextLocalizationManager: No specific localization for 'zh-CN' exists, so the 'zh-Hans' localization will be used.
[2019.06.12-09.11.11:372][  0]LogStreaming: Display: Took  0.347s to InitEngineTextLocalization.
[2019.06.12-09.11.11:651][  0]LogTemp: Display: Loaded TP AllDesktopTargetPlatform
[2019.06.12-09.11.11:673][  0]LogTemp: Display: Loaded TP MacClientTargetPlatform
[2019.06.12-09.11.11:686][  0]LogTemp: Display: Loaded TP MacNoEditorTargetPlatform
[2019.06.12-09.11.11:698][  0]LogTemp: Display: Loaded TP MacServerTargetPlatform
[2019.06.12-09.11.11:711][  0]LogTemp: Display: Loaded TP MacTargetPlatform
[2019.06.12-09.11.11:739][  0]LogTemp: Display: Loaded TP WindowsClientTargetPlatform
[2019.06.12-09.11.11:758][  0]LogTemp: Display: Loaded TP WindowsNoEditorTargetPlatform
[2019.06.12-09.11.11:771][  0]LogTemp: Display: Loaded TP WindowsServerTargetPlatform
[2019.06.12-09.11.11:781][  0]LogTemp: Display: Loaded TP WindowsTargetPlatform
[2019.06.12-09.11.11:871][  0]LogTemp: Display: Loaded TP AndroidTargetPlatform
[2019.06.12-09.11.11:871][  0]LogTemp: Display: Loaded TP AndroidTargetPlatform
[2019.06.12-09.11.11:872][  0]LogTemp: Display: Loaded TP AndroidTargetPlatform
[2019.06.12-09.11.11:873][  0]LogTemp: Display: Loaded TP AndroidTargetPlatform
[2019.06.12-09.11.11:873][  0]LogTemp: Display: Loaded TP AndroidTargetPlatform
[2019.06.12-09.11.11:874][  0]LogTemp: Display: Loaded TP AndroidTargetPlatform
[2019.06.12-09.11.11:874][  0]LogTemp: Display: Loaded TP AndroidTargetPlatform
[2019.06.12-09.11.11:874][  0]LogTemp: Display: Loaded TP AndroidTargetPlatform
[2019.06.12-09.11.11:875][  0]LogTemp: Display: Loaded TP AndroidTargetPlatform
[2019.06.12-09.11.11:875][  0]LogTemp: Display: Loaded TP AndroidTargetPlatform
[2019.06.12-09.11.11:875][  0]LogTemp: Display: Loaded TP AndroidTargetPlatform
[2019.06.12-09.11.11:876][  0]LogTemp: Display: Loaded TP AndroidTargetPlatform
[2019.06.12-09.11.11:876][  0]LogTemp: Display: Loaded TP AndroidTargetPlatform
[2019.06.12-09.11.11:877][  0]LogTemp: Display: Loaded TP AndroidTargetPlatform
[2019.06.12-09.11.11:877][  0]LogTemp: Display: Loaded TP AndroidTargetPlatform
[2019.06.12-09.11.11:877][  0]LogTemp: Display: Loaded TP AndroidTargetPlatform
[2019.06.12-09.11.11:878][  0]LogTemp: Display: Loaded TP AndroidTargetPlatform
[2019.06.12-09.11.11:878][  0]LogTemp: Display: Loaded TP AndroidTargetPlatform
[2019.06.12-09.11.11:880][  0]LogTemp: Display: Loaded TP HTML5TargetPlatform
[2019.06.12-09.11.11:958][  0]LogTemp: Display: Loaded TP IOSTargetPlatform
[2019.06.12-09.11.11:958][  0]LogTemp: Display: Loaded TP IOSTargetPlatform
[2019.06.12-09.11.11:997][  0]LogTemp: Display: Loaded TP TVOSTargetPlatform
[2019.06.12-09.11.11:997][  0]LogTemp: Display: Loaded TP TVOSTargetPlatform
[2019.06.12-09.11.12:010][  0]LogTemp: Display: Loaded TP LinuxClientTargetPlatform
[2019.06.12-09.11.12:034][  0]LogTemp: Display: Loaded TP LinuxNoEditorTargetPlatform
[2019.06.12-09.11.12:048][  0]LogTemp: Display: Loaded TP LinuxServerTargetPlatform
[2019.06.12-09.11.12:069][  0]LogTemp: Display: Loaded TP LinuxTargetPlatform
[2019.06.12-09.11.12:118][  0]LogTemp: Display: Loaded TP LuminTargetPlatform
[2019.06.12-09.11.12:118][  0]LogTemp: Display: Loaded TP LuminTargetPlatform
[2019.06.12-09.11.12:119][  0]LogTargetPlatformManager: Display: Building Assets For Windows
[2019.06.12-09.11.12:180][  0]LogShaderCompilers: Guid format shader working directory is -7 characters bigger than the processId version (../../../../../../UnrealEngineProject/MountainAndSea/Intermediate/Shaders/WorkingDirectory/10932/).
[2019.06.12-09.11.12:180][  0]LogShaderCompilers: Cleaned the shader compiler working directory 'C:/Users/yifan/AppData/Local/Temp/UnrealShaderWorkingDir/FD86C9AF4051102B268C488D696E5301/'.
[2019.06.12-09.11.12:183][  0]LogXGEController: Cleaning working directory: C:/Users/yifan/AppData/Local/Temp/UnrealXGEWorkingDir/
[2019.06.12-09.11.12:184][  0]LogXGEController: Cannot use XGE Controller as Incredibuild is not installed on this machine.
[2019.06.12-09.11.12:184][  0]LogShaderCompilers: Cannot use XGE Shader Compiler as Incredibuild is not installed on this machine.
[2019.06.12-09.11.12:184][  0]LogShaderCompilers: Display: Using Local Shader Compiler.
[2019.06.12-09.11.12:521][  0]LogDerivedDataCache: Display: Max Cache Size: 512 MB
[2019.06.12-09.11.12:581][  0]LogDerivedDataCache: Loaded boot cache 0.06s 69MB C:/Users/yifan/AppData/Local/UnrealEngine/4.21/DerivedDataCache/Boot.ddc.
[2019.06.12-09.11.12:581][  0]LogDerivedDataCache: Display: Loaded Boot cache: C:/Users/yifan/AppData/Local/UnrealEngine/4.21/DerivedDataCache/Boot.ddc
[2019.06.12-09.11.12:583][  0]LogDerivedDataCache: FDerivedDataBackendGraph:  Pak pak cache file ../../../../../../UnrealEngineProject/MountainAndSea/DerivedDataCache/DDC.ddp not found, will not use a pak cache.
[2019.06.12-09.11.12:583][  0]LogDerivedDataCache: Unable to find inner node Pak for hierarchical cache Hierarchy.
[2019.06.12-09.11.12:583][  0]LogDerivedDataCache: FDerivedDataBackendGraph:  CompressedPak pak cache file ../../../../../../UnrealEngineProject/MountainAndSea/DerivedDataCache/Compressed.ddp not found, will not use a pak cache.
[2019.06.12-09.11.12:584][  0]LogDerivedDataCache: Unable to find inner node CompressedPak for hierarchical cache Hierarchy.
[2019.06.12-09.11.12:613][  0]LogDerivedDataCache: Display: Pak cache opened for reading ../../../Engine/DerivedDataCache/Compressed.ddp.
[2019.06.12-09.11.12:614][  0]LogDerivedDataCache: FDerivedDataBackendGraph:  EnterprisePak pak cache file ../../../Enterprise/DerivedDataCache/Compressed.ddp not found, will not use a pak cache.
[2019.06.12-09.11.12:615][  0]LogDerivedDataCache: Unable to find inner node EnterprisePak for hierarchical cache Hierarchy.
[2019.06.12-09.11.12:628][  0]LogDerivedDataCache: Using Local data cache path C:/Users/yifan/AppData/Local/UnrealEngine/Common/DerivedDataCache: Writable
[2019.06.12-09.11.12:628][  0]LogDerivedDataCache: Shared data cache path not found in *engine.ini, will not use an Shared cache.
[2019.06.12-09.11.12:628][  0]LogDerivedDataCache: Unable to find inner node Shared for hierarchical cache Hierarchy.
[2019.06.12-09.11.12:629][  0]LogInit: Using OS detected language (zh-CN).
[2019.06.12-09.11.12:629][  0]LogInit: Using OS detected locale (zh-CN).
[2019.06.12-09.11.12:630][  0]LogTextLocalizationManager: No localization for 'zh-CN' exists, so 'en' will be used for the language.
[2019.06.12-09.11.12:630][  0]LogTextLocalizationManager: No localization for 'zh-CN' exists, so 'en' will be used for the locale.
[2019.06.12-09.11.12:948][  0]LogStreaming: Display: Took  0.319s to InitGameTextLocalization.
[2019.06.12-09.11.12:961][  0]LogAssetRegistry: FAssetRegistry took 0.0115 seconds to start up
[2019.06.12-09.11.13:206][  0]LogPackageLocalizationCache: Processed 11 localized package path(s) for 1 prioritized culture(s) in 0.052539 seconds
[2019.06.12-09.11.13:312][  0]LogInit: Selected Device Profile: [Windows]
[2019.06.12-09.11.13:346][  0]LogSimplygon: Simplygon DLL not present - disabling.
[2019.06.12-09.11.13:349][  0]LogMeshReduction: Using SimplygonSwarm for distributed automatic mesh merging
[2019.06.12-09.11.13:349][  0]LogMeshReduction: Using ProxyLODMeshReduction for automatic mesh merging
[2019.06.12-09.11.13:349][  0]LogMeshReduction: Using QuadricMeshReduction for automatic static mesh reduction
[2019.06.12-09.11.13:349][  0]LogMeshReduction: No automatic skeletal mesh reduction module available
[2019.06.12-09.11.13:359][  0]LogNetVersion: MountainAndSea 1.0.0, NetCL: 4541578, EngineNetVer: 5, GameNetVer: 0 (Checksum: 3138369148)
[2019.06.12-09.11.13:737][  0]SourceControl: Source control is disabled
[2019.06.12-09.11.13:739][  0]SourceControl: Source control is disabled
[2019.06.12-09.11.13:740][  0]SourceControl: Source control is disabled
[2019.06.12-09.11.13:860][  0]LogAndroidPermission: UAndroidPermissionCallbackProxy::GetInstance
[2019.06.12-09.11.13:937][  0]LogOcInput: OculusInput pre-init called
[2019.06.12-09.11.13:948][  0]LogUObjectArray: 44187 objects as part of root set at end of initial load.
[2019.06.12-09.11.13:948][  0]LogUObjectAllocator: 7960592 out of 0 bytes used by permanent object pool.
[2019.06.12-09.11.13:949][  0]LogUObjectArray: CloseDisregardForGC: 0/0 objects in disregard for GC pool
[2019.06.12-09.11.13:985][  0]LogEngine: Initializing Engine...
[2019.06.12-09.11.13:987][  0]LogStats: UGameplayTagsManager::ConstructGameplayTagTree: ImportINI prefixes -  0.000 s
[2019.06.12-09.11.13:987][  0]LogStats: UGameplayTagsManager::ConstructGameplayTagTree: Construct from data asset -  0.000 s
[2019.06.12-09.11.13:987][  0]LogStats: UGameplayTagsManager::ConstructGameplayTagTree: ImportINI -  0.000 s
[2019.06.12-09.11.13:988][  0]LogStats: UGameplayTagsManager::ConstructGameplayTagTree: GameplayTagTreeChangedEvent.Broadcast -  0.000 s
[2019.06.12-09.11.14:024][  0]LogInit: Initializing FReadOnlyCVARCache
[2019.06.12-09.11.14:024][  0]LogNetVersion: Set ProjectVersion to 1.0.0.0. Version Checksum will be recalculated on next use.
[2019.06.12-09.11.14:147][  0]LogDerivedDataCache: Saved boot cache 0.12s 69MB C:/Users/yifan/AppData/Local/UnrealEngine/4.21/DerivedDataCache/Boot.ddc.
[2019.06.12-09.11.14:157][  0]LogInit: Texture streaming: Disabled
[2019.06.12-09.11.14:270][  0]LogInit: Display: Game Engine Initialized.
[2019.06.12-09.11.14:270][  0]LogGameplayTags: Display: UGameplayTagsManager::DoneAddingNativeTags. DelegateIsBound: 0
[2019.06.12-09.11.14:271][  0]LogStats: UGameplayTagsManager::ConstructGameplayTagTree: ImportINI prefixes -  0.000 s
[2019.06.12-09.11.14:271][  0]LogStats: UGameplayTagsManager::ConstructGameplayTagTree: Construct from data asset -  0.000 s
[2019.06.12-09.11.14:272][  0]LogStats: UGameplayTagsManager::ConstructGameplayTagTree: ImportINI -  0.000 s
[2019.06.12-09.11.14:272][  0]LogStats: UGameplayTagsManager::ConstructGameplayTagTree: GameplayTagTreeChangedEvent.Broadcast -  0.000 s
[2019.06.12-09.11.14:293][  0]LogInit: Display: Starting Game.
[2019.06.12-09.11.14:294][  0]LogNet: Browse: /Engine/Maps/Entry?Name=Player
[2019.06.12-09.11.14:295][  0]LogLoad: LoadMap: /Engine/Maps/Entry?Name=Player
[2019.06.12-09.11.14:356][  0]LogAIModule: Creating AISystem for world Entry
[2019.06.12-09.11.14:357][  0]LogLoad: Game class is 'MountainAndSeaGameMode'
[2019.06.12-09.11.14:358][  0]LogTemp: Display: ParseSettings for GameNetDriver
[2019.06.12-09.11.14:358][  0]LogTemp: Display: ParseSettings for IpNetDriver_0
[2019.06.12-09.11.14:358][  0]LogTemp: Display: ParseSettings for GameNetDriver
[2019.06.12-09.11.14:359][  0]LogNet: ReplicationDriverClass is null! Not using ReplicationDriver.
[2019.06.12-09.11.14:359][  0]PacketHandlerLog: DDoS detection status: detection enabled: 0 analytics enabled: 0
[2019.06.12-09.11.14:360][  0]LogInit: WinSock: Socket queue 131072 / 131072
[2019.06.12-09.11.14:362][  0]LogInit: WinSock: I am DESKTOP-82VF2NQ (192.168.199.149:0)
[2019.06.12-09.11.14:363][  0]PacketHandlerLog: Loaded PacketHandler component: Engine.EngineHandlerComponentFactory (StatelessConnectHandlerComponent)
[2019.06.12-09.11.14:363][  0]LogNet: GameNetDriver IpNetDriver_0 IpNetDriver listening on port 7777
[2019.06.12-09.11.14:364][  0]LogWorld: Bringing World /Engine/Maps/Entry.Entry up for play (max tick rate 30) at 2019.06.12-17.11.14
[2019.06.12-09.11.14:365][  0]LogWorld: Bringing up level for play took: 0.000926
[2019.06.12-09.11.14:365][  0]LogLoad: Took 0.070093 seconds to LoadMap(/Engine/Maps/Entry)
[2019.06.12-09.11.14:386][  0]LogLoad: (Engine Initialization) Total time: 5.21 seconds
[2019.06.12-09.11.14:386][  0]LogLoad: (Engine Initialization) Total Blueprint compile time: 0.00 seconds
