Log file open, 05/27/19 16:36:56
LogWindows: Failed to load 'aqProf.dll' (GetLastError=126)
LogWindows: File 'aqProf.dll' does not exist
LogWindows: Failed to load 'VtuneApi.dll' (GetLastError=126)
LogWindows: File 'VtuneApi.dll' does not exist
LogWindows: Failed to load 'VtuneApi32e.dll' (GetLastError=126)
LogWindows: File 'VtuneApi32e.dll' does not exist
LogConsoleResponse: Display: Failed to find resolution value strings in scalability ini. Falling back to default.
LogInit: Display: Running engine for game: MountainAndSea
LogPakFile: Registered encryption key '00000000000000000000000000000000': 0 pak files mounted, 0 remain pending
LogPlatformFile: Not using cached read wrapper
LogTaskGraph: Started task graph with 5 named threads and 47 total threads with 3 sets of task threads.
LogStats: Stats thread started at 0.649448
LogD3D11RHI: Loaded GFSDK_Aftermath_Lib.x64.dll
LogICUInternationalization: ICU TimeZone Detection - Raw Offset: +8:00, Platform Override: ''
LogPluginManager: Mounting plugin Paper2D
LogPluginManager: Mounting plugin AISupport
LogPluginManager: Mounting plugin LightPropagationVolume
LogPluginManager: Mounting plugin ActorLayerUtilities
LogPluginManager: Mounting plugin CLionSourceCodeAccess
LogPluginManager: Mounting plugin CodeLiteSourceCodeAccess
LogPluginManager: Mounting plugin GitSourceControl
LogPluginManager: Mounting plugin KDevelopSourceCodeAccess
LogPluginManager: Mounting plugin NullSourceCodeAccess
LogPluginManager: Mounting plugin PerforceSourceControl
LogPluginManager: Mounting plugin SubversionSourceControl
LogPluginManager: Mounting plugin UObjectPlugin
LogPluginManager: Mounting plugin VisualStudioCodeSourceCodeAccess
LogPluginManager: Mounting plugin VisualStudioSourceCodeAccess
LogPluginManager: Mounting plugin XCodeSourceCodeAccess
LogPluginManager: Mounting plugin AssetManagerEditor
LogPluginManager: Mounting plugin CryptoKeys
LogPluginManager: Mounting plugin DataValidation
LogPluginManager: Mounting plugin FacialAnimation
LogPluginManager: Mounting plugin GameplayTagsEditor
LogPluginManager: Mounting plugin MacGraphicsSwitching
LogPluginManager: Mounting plugin MeshEditor
LogPluginManager: Mounting plugin MobileLauncherProfileWizard
LogPluginManager: Mounting plugin PluginBrowser
LogPluginManager: Mounting plugin SpeedTreeImporter
LogPluginManager: Mounting plugin DatasmithContent
LogPluginManager: Mounting plugin VariantManagerContent
LogPluginManager: Mounting plugin AlembicImporter
LogPluginManager: Mounting plugin AppleImageUtils
LogPluginManager: Mounting plugin AppleVision
LogPluginManager: Mounting plugin BackChannel
LogPluginManager: Mounting plugin CharacterAI
LogPluginManager: Mounting plugin GeometryCache
LogPluginManager: Mounting plugin HTML5Networking
LogPluginManager: Mounting plugin ProxyLODPlugin
LogPluginManager: Mounting plugin MagicLeap
LogPluginManager: Mounting plugin MagicLeapMedia
LogPluginManager: Mounting plugin AndroidMedia
LogPluginManager: Mounting plugin AvfMedia
LogPluginManager: Mounting plugin ImgMedia
LogPluginManager: Mounting plugin LinearTimecode
LogPluginManager: Mounting plugin MediaCompositing
LogPluginManager: Mounting plugin MediaPlayerEditor
LogPluginManager: Mounting plugin WebMMedia
LogPluginManager: Mounting plugin WmfMedia
LogPluginManager: Mounting plugin TcpMessaging
LogPluginManager: Mounting plugin UdpMessaging
LogPluginManager: Mounting plugin ActorSequence
LogPluginManager: Mounting plugin LevelSequenceEditor
LogPluginManager: Mounting plugin MatineeToLevelSequence
LogPluginManager: Mounting plugin NetcodeUnitTest
LogPluginManager: Mounting plugin NUTUnrealEngine4
LogPluginManager: Mounting plugin OnlineSubsystemGooglePlay
LogPluginManager: Mounting plugin OnlineSubsystemIOS
LogPluginManager: Mounting plugin OnlineSubsystem
LogPluginManager: Mounting plugin OnlineSubsystemNull
LogPluginManager: Mounting plugin OnlineSubsystemUtils
LogPluginManager: Mounting plugin LauncherChunkInstaller
LogPluginManager: Mounting plugin AndroidDeviceProfileSelector
LogPluginManager: Mounting plugin AndroidMoviePlayer
LogPluginManager: Mounting plugin AndroidPermission
LogPluginManager: Mounting plugin AppleMoviePlayer
LogPluginManager: Mounting plugin ArchVisCharacter
LogPluginManager: Mounting plugin AudioCapture
LogPluginManager: Mounting plugin CableComponent
LogPluginManager: Mounting plugin CustomMeshComponent
LogPluginManager: Mounting plugin EditableMesh
LogPluginManager: Mounting plugin ExampleDeviceProfileSelector
LogPluginManager: Mounting plugin Firebase
LogPluginManager: Mounting plugin GoogleCloudMessaging
LogPluginManager: Mounting plugin IOSDeviceProfileSelector
LogPluginManager: Mounting plugin LinuxDeviceProfileSelector
LogPluginManager: Mounting plugin LocationServicesBPLibrary
LogPluginManager: Mounting plugin MobilePatchingUtils
LogPluginManager: Mounting plugin OculusVR
LogPluginManager: Mounting plugin PhysXVehicles
LogPluginManager: Mounting plugin ProceduralMeshComponent
LogPluginManager: Mounting plugin RuntimePhysXCooking
LogPluginManager: Mounting plugin SteamVR
LogPluginManager: Mounting plugin WebMMoviePlayer
LogPluginManager: Mounting plugin WindowsMoviePlayer
LogStreaming: Display: Took  0.091s to configure plugins.
LogInit: Using libcurl 7.55.1-DEV
LogInit:  - built for x86_64-pc-win32
LogInit:  - supports SSL with OpenSSL/1.0.2h
LogInit:  - supports HTTP deflate (compression) using libz 1.2.8
LogInit:  - other features:
LogInit:      CURL_VERSION_SSL
LogInit:      CURL_VERSION_LIBZ
LogInit:      CURL_VERSION_IPV6
LogInit:      CURL_VERSION_ASYNCHDNS
LogInit:      CURL_VERSION_LARGEFILE
LogInit:      CURL_VERSION_IDN
LogInit:  CurlRequestOptions (configurable via config and command line):
LogInit:  - bVerifyPeer = true  - Libcurl will verify peer certificate
LogInit:  - bUseHttpProxy = true  - Libcurl will use HTTP proxy
LogInit:  - HttpProxyAddress = '127.0.0.1:51393'
LogInit:  - bDontReuseConnections = false  - Libcurl will reuse connections
LogInit:  - MaxHostConnections = 16  - Libcurl will limit the number of connections to a host
LogInit:  - LocalHostAddr = Default
LogInit:  - BufferSize = 65536
LogInit: WinSock: version 1.1 (2.2), MaxSocks=32767, MaxUdp=65467
LogInit: Build: ++UE4+Release-4.21-CL-4753647
LogInit: Engine Version: 4.21.2-4753647+++UE4+Release-4.21
LogInit: Compatible Engine Version: 4.21.0-4541578+++UE4+Release-4.21
LogInit: Net CL: 4541578
LogInit: OS: Windows 10 (), CPU: AMD Ryzen 7 2700X Eight-Core Processor         , GPU: NVIDIA GeForce GTX 1080 Ti
LogInit: Compiled (64-bit): Jan 19 2019 02:07:31
LogInit: Compiled with Visual C++: 19.13.26129.00
LogInit: Build Configuration: Development
LogInit: Branch Name: ++UE4+Release-4.21
LogInit: Command Line:  -skipcompile
LogInit: Base Directory: D:/UnrealEngine/UnrealEngine-release/UE_4.21/Engine/Binaries/Win64/
LogInit: Installed Engine Build: 1
LogDevObjectVersion: Number of dev versions registered: 22
LogDevObjectVersion:   Dev-Blueprints (B0D832E4-1F89-4F0D-ACCF-7EB736FD4AA2): 10
LogDevObjectVersion:   Dev-Build (E1C64328-A22C-4D53-A36C-8E866417BD8C): 0
LogDevObjectVersion:   Dev-Core (375EC13C-06E4-48FB-B500-84F0262A717E): 2
LogDevObjectVersion:   Dev-Editor (E4B068ED-F494-42E9-A231-DA0B2E46BB41): 26
LogDevObjectVersion:   Dev-Framework (CFFC743F-43B0-4480-9391-14DF171D2073): 34
LogDevObjectVersion:   Dev-Mobile (B02B49B5-BB20-44E9-A304-32B752E40360): 2
LogDevObjectVersion:   Dev-Networking (A4E4105C-59A1-49B5-A7C5-40C4547EDFEE): 0
LogDevObjectVersion:   Dev-Online (39C831C9-5AE6-47DC-9A44-9C173E1C8E7C): 0
LogDevObjectVersion:   Dev-Physics (78F01B33-EBEA-4F98-B9B4-84EACCB95AA2): 0
LogDevObjectVersion:   Dev-Platform (6631380F-2D4D-43E0-8009-CF276956A95A): 0
LogDevObjectVersion:   Dev-Rendering (12F88B9F-8875-4AFC-A67C-D90C383ABD29): 27
LogDevObjectVersion:   Dev-Sequencer (7B5AE74C-D270-4C10-A958-57980B212A5A): 9
LogDevObjectVersion:   Dev-VR (D7296918-1DD6-4BDD-9DE2-64A83CC13884): 2
LogDevObjectVersion:   Dev-LoadTimes (C2A15278-BFE7-4AFE-6C17-90FF531DF755): 1
LogDevObjectVersion:   Private-Geometry (6EACA3D4-40EC-4CC1-B786-8BED09428FC5): 3
LogDevObjectVersion:   Dev-AnimPhys (29E575DD-E0A3-4627-9D10-D276232CDCEA): 17
LogDevObjectVersion:   Dev-Anim (AF43A65D-7FD3-4947-9873-3E8ED9C1BB05): 2
LogDevObjectVersion:   Dev-ReflectionCapture (6B266CEC-1EC7-4B8F-A30B-E4D90942FC07): 1
LogDevObjectVersion:   Dev-Automation (0DF73D61-A23F-47EA-B727-89E90C41499A): 1
LogDevObjectVersion:   FortniteMain (601D1886-AC64-4F84-AA16-D3DE0DEAC7D6): 17
LogDevObjectVersion:   Dev-Enterprise (9DFFBCD6-494F-0158-E221-12823C92A888): 4
LogDevObjectVersion:   Dev-Niagara (F2AED0AC-9AFE-416F-8664-AA7FFA26D6FC): 1
LogStreaming: Display: Took  0.002s to delete old logs.
LogInit: Presizing for max 8388607 objects, including 0 objects not considered by GC, pre-allocating 0 bytes for permanent pool.
LogInit: Object subsystem initialized
LogConfig: Setting CVar [[con.DebugEarlyDefault:1]]
LogConfig: Setting CVar [[r.setres:1280x720]]
[2019.05.27-08.36.56:633][  0]LogConfig: Setting CVar [[r.VSync:0]]
[2019.05.27-08.36.56:633][  0]LogConfig: Setting CVar [[r.RHICmdBypass:0]]
[2019.05.27-08.36.56:634][  0]LogConfig: Applying CVar settings from Section [/Script/Engine.RendererSettings] File [D:/UnrealEngineProject/MountainAndSea/Saved/Config/Windows/Engine.ini]
[2019.05.27-08.36.56:634][  0]LogConfig: Setting CVar [[r.GPUCrashDebugging:0]]
[2019.05.27-08.36.56:634][  0]LogConfig: Applying CVar settings from Section [/Script/Engine.RendererOverrideSettings] File [D:/UnrealEngineProject/MountainAndSea/Saved/Config/Windows/Engine.ini]
[2019.05.27-08.36.56:634][  0]LogConfig: Applying CVar settings from Section [/Script/Engine.StreamingSettings] File [D:/UnrealEngineProject/MountainAndSea/Saved/Config/Windows/Engine.ini]
[2019.05.27-08.36.56:634][  0]LogConfig: Setting CVar [[s.MinBulkDataSizeForAsyncLoading:131072]]
[2019.05.27-08.36.56:634][  0]LogConfig: Setting CVar [[s.AsyncLoadingThreadEnabled:0]]
[2019.05.27-08.36.56:634][  0]LogConfig: Setting CVar [[s.EventDrivenLoaderEnabled:1]]
[2019.05.27-08.36.56:634][  0]LogConfig: Setting CVar [[s.WarnIfTimeLimitExceeded:0]]
[2019.05.27-08.36.56:634][  0]LogConfig: Setting CVar [[s.TimeLimitExceededMultiplier:1.5]]
[2019.05.27-08.36.56:634][  0]LogConfig: Setting CVar [[s.TimeLimitExceededMinTime:0.005]]
[2019.05.27-08.36.56:634][  0]LogConfig: Setting CVar [[s.UseBackgroundLevelStreaming:1]]
[2019.05.27-08.36.56:634][  0]LogConfig: Setting CVar [[s.PriorityAsyncLoadingExtraTime:15.0]]
[2019.05.27-08.36.56:634][  0]LogConfig: Setting CVar [[s.LevelStreamingActorsUpdateTimeLimit:5.0]]
[2019.05.27-08.36.56:635][  0]LogConfig: Setting CVar [[s.PriorityLevelStreamingActorsUpdateExtraTime:5.0]]
[2019.05.27-08.36.56:635][  0]LogConfig: Setting CVar [[s.LevelStreamingComponentsRegistrationGranularity:10]]
[2019.05.27-08.36.56:635][  0]LogConfig: Setting CVar [[s.UnregisterComponentsTimeLimit:1.0]]
[2019.05.27-08.36.56:635][  0]LogConfig: Setting CVar [[s.LevelStreamingComponentsUnregistrationGranularity:5]]
[2019.05.27-08.36.56:635][  0]LogConfig: Applying CVar settings from Section [/Script/Engine.GarbageCollectionSettings] File [D:/UnrealEngineProject/MountainAndSea/Saved/Config/Windows/Engine.ini]
[2019.05.27-08.36.56:635][  0]LogConfig: Setting CVar [[gc.MaxObjectsNotConsideredByGC:1]]
[2019.05.27-08.36.56:635][  0]LogConfig: Setting CVar [[gc.SizeOfPermanentObjectPool:0]]
[2019.05.27-08.36.56:635][  0]LogConfig: Setting CVar [[gc.FlushStreamingOnGC:0]]
[2019.05.27-08.36.56:635][  0]LogConfig: Setting CVar [[gc.NumRetriesBeforeForcingGC:10]]
[2019.05.27-08.36.56:635][  0]LogConfig: Setting CVar [[gc.AllowParallelGC:1]]
[2019.05.27-08.36.56:635][  0]LogConfig: Setting CVar [[gc.TimeBetweenPurgingPendingKillObjects:61.1]]
[2019.05.27-08.36.56:635][  0]LogConfig: Setting CVar [[gc.MaxObjectsInEditor:8388607]]
[2019.05.27-08.36.56:635][  0]LogConfig: Setting CVar [[gc.IncrementalBeginDestroyEnabled:1]]
[2019.05.27-08.36.56:636][  0]LogConfig: Setting CVar [[gc.CreateGCClusters:1]]
[2019.05.27-08.36.56:636][  0]LogConfig: Setting CVar [[gc.MergeGCClusters:0]]
[2019.05.27-08.36.56:636][  0]LogConfig: Setting CVar [[gc.MinGCClusterSize:5]]
[2019.05.27-08.36.56:636][  0]LogConfig: Setting CVar [[gc.ActorClusteringEnabled:0]]
[2019.05.27-08.36.56:636][  0]LogConfig: Setting CVar [[gc.BlueprintClusteringEnabled:0]]
[2019.05.27-08.36.56:636][  0]LogConfig: Setting CVar [[gc.UseDisregardForGCOnDedicatedServers:0]]
[2019.05.27-08.36.56:636][  0]LogConfig: Applying CVar settings from Section [/Script/Engine.NetworkSettings] File [D:/UnrealEngineProject/MountainAndSea/Saved/Config/Windows/Engine.ini]
[2019.05.27-08.36.56:636][  0]LogConfig: Applying CVar settings from Section [/Script/UnrealEd.CookerSettings] File [D:/UnrealEngineProject/MountainAndSea/Saved/Config/Windows/Engine.ini]
[2019.05.27-08.36.56:643][  0]LogConfig: Applying CVar settings from Section [ViewDistanceQuality@3] File [D:/UnrealEngineProject/MountainAndSea/Saved/Config/Windows/Scalability.ini]
[2019.05.27-08.36.56:643][  0]LogConfig: Setting CVar [[r.SkeletalMeshLODBias:0]]
[2019.05.27-08.36.56:643][  0]LogConfig: Setting CVar [[r.ViewDistanceScale:1.0]]
[2019.05.27-08.36.56:643][  0]LogConfig: Applying CVar settings from Section [AntiAliasingQuality@3] File [D:/UnrealEngineProject/MountainAndSea/Saved/Config/Windows/Scalability.ini]
[2019.05.27-08.36.56:643][  0]LogConfig: Setting CVar [[r.PostProcessAAQuality:4]]
[2019.05.27-08.36.56:643][  0]LogConfig: Applying CVar settings from Section [ShadowQuality@3] File [D:/UnrealEngineProject/MountainAndSea/Saved/Config/Windows/Scalability.ini]
[2019.05.27-08.36.56:644][  0]LogConfig: Setting CVar [[r.LightFunctionQuality:1]]
[2019.05.27-08.36.56:644][  0]LogConfig: Setting CVar [[r.ShadowQuality:5]]
[2019.05.27-08.36.56:644][  0]LogConfig: Setting CVar [[r.Shadow.CSM.MaxCascades:10]]
[2019.05.27-08.36.56:644][  0]LogConfig: Setting CVar [[r.Shadow.MaxResolution:2048]]
[2019.05.27-08.36.56:644][  0]LogConfig: Setting CVar [[r.Shadow.MaxCSMResolution:2048]]
[2019.05.27-08.36.56:644][  0]LogConfig: Setting CVar [[r.Shadow.RadiusThreshold:0.01]]
[2019.05.27-08.36.56:644][  0]LogConfig: Setting CVar [[r.Shadow.DistanceScale:1.0]]
[2019.05.27-08.36.56:644][  0]LogConfig: Setting CVar [[r.Shadow.CSM.TransitionScale:1.0]]
[2019.05.27-08.36.56:644][  0]LogConfig: Setting CVar [[r.Shadow.PreShadowResolutionFactor:1.0]]
[2019.05.27-08.36.56:645][  0]LogConfig: Setting CVar [[r.DistanceFieldShadowing:1]]
[2019.05.27-08.36.56:645][  0]LogConfig: Setting CVar [[r.DistanceFieldAO:1]]
[2019.05.27-08.36.56:645][  0]LogConfig: Setting CVar [[r.AOQuality:2]]
[2019.05.27-08.36.56:645][  0]LogConfig: Setting CVar [[r.VolumetricFog:1]]
[2019.05.27-08.36.56:645][  0]LogConfig: Setting CVar [[r.VolumetricFog.GridPixelSize:8]]
[2019.05.27-08.36.56:645][  0]LogConfig: Setting CVar [[r.VolumetricFog.GridSizeZ:128]]
[2019.05.27-08.36.56:645][  0]LogConfig: Setting CVar [[r.VolumetricFog.HistoryMissSupersampleCount:4]]
[2019.05.27-08.36.56:645][  0]LogConfig: Setting CVar [[r.LightMaxDrawDistanceScale:1]]
[2019.05.27-08.36.56:645][  0]LogConfig: Setting CVar [[r.CapsuleShadows:1]]
[2019.05.27-08.36.56:645][  0]LogConfig: Applying CVar settings from Section [PostProcessQuality@3] File [D:/UnrealEngineProject/MountainAndSea/Saved/Config/Windows/Scalability.ini]
[2019.05.27-08.36.56:645][  0]LogConfig: Setting CVar [[r.MotionBlurQuality:4]]
[2019.05.27-08.36.56:646][  0]LogConfig: Setting CVar [[r.AmbientOcclusionMipLevelFactor:0.4]]
[2019.05.27-08.36.56:646][  0]LogConfig: Setting CVar [[r.AmbientOcclusionMaxQuality:100]]
[2019.05.27-08.36.56:646][  0]LogConfig: Setting CVar [[r.AmbientOcclusionLevels:-1]]
[2019.05.27-08.36.56:646][  0]LogConfig: Setting CVar [[r.AmbientOcclusionRadiusScale:1.0]]
[2019.05.27-08.36.56:646][  0]LogConfig: Setting CVar [[r.DepthOfFieldQuality:2]]
[2019.05.27-08.36.56:646][  0]LogConfig: Setting CVar [[r.RenderTargetPoolMin:400]]
[2019.05.27-08.36.56:646][  0]LogConfig: Setting CVar [[r.LensFlareQuality:2]]
[2019.05.27-08.36.56:646][  0]LogConfig: Setting CVar [[r.SceneColorFringeQuality:1]]
[2019.05.27-08.36.56:646][  0]LogConfig: Setting CVar [[r.EyeAdaptationQuality:2]]
[2019.05.27-08.36.56:646][  0]LogConfig: Setting CVar [[r.BloomQuality:5]]
[2019.05.27-08.36.56:646][  0]LogConfig: Setting CVar [[r.FastBlurThreshold:100]]
[2019.05.27-08.36.56:647][  0]LogConfig: Setting CVar [[r.Upscale.Quality:3]]
[2019.05.27-08.36.56:647][  0]LogConfig: Setting CVar [[r.Tonemapper.GrainQuantization:1]]
[2019.05.27-08.36.56:647][  0]LogConfig: Setting CVar [[r.LightShaftQuality:1]]
[2019.05.27-08.36.56:647][  0]LogConfig: Setting CVar [[r.Filter.SizeScale:1]]
[2019.05.27-08.36.56:647][  0]LogConfig: Setting CVar [[r.Tonemapper.Quality:5]]
[2019.05.27-08.36.56:647][  0]LogConfig: Setting CVar [[r.DOF.Gather.AccumulatorQuality:1        ; higher gathering accumulator quality]]
[2019.05.27-08.36.56:647][  0]LogConfig: Setting CVar [[r.DOF.Gather.PostfilterMethod:1          ; Median3x3 postfilering method]]
[2019.05.27-08.36.56:647][  0]LogConfig: Setting CVar [[r.DOF.Gather.EnableBokehSettings:0       ; no bokeh simulation when gathering]]
[2019.05.27-08.36.56:647][  0]LogConfig: Setting CVar [[r.DOF.Gather.RingCount:4                 ; medium number of samples when gathering]]
[2019.05.27-08.36.56:647][  0]LogConfig: Setting CVar [[r.DOF.Scatter.ForegroundCompositing:1    ; additive foreground scattering]]
[2019.05.27-08.36.56:647][  0]LogConfig: Setting CVar [[r.DOF.Scatter.BackgroundCompositing:2    ; additive background scattering]]
[2019.05.27-08.36.56:648][  0]LogConfig: Setting CVar [[r.DOF.Scatter.EnableBokehSettings:1      ; bokeh simulation when scattering]]
[2019.05.27-08.36.56:648][  0]LogConfig: Setting CVar [[r.DOF.Scatter.MaxSpriteRatio:0.1         ; only a maximum of 10% of scattered bokeh]]
[2019.05.27-08.36.56:648][  0]LogConfig: Setting CVar [[r.DOF.Recombine.Quality:1                ; cheap slight out of focus]]
[2019.05.27-08.36.56:648][  0]LogConfig: Setting CVar [[r.DOF.Recombine.EnableBokehSettings:0    ; no bokeh simulation on slight out of focus]]
[2019.05.27-08.36.56:648][  0]LogConfig: Setting CVar [[r.DOF.TemporalAAQuality:1                ; more stable temporal accumulation]]
[2019.05.27-08.36.56:648][  0]LogConfig: Setting CVar [[r.DOF.Kernel.MaxForegroundRadius:0.025]]
[2019.05.27-08.36.56:648][  0]LogConfig: Setting CVar [[r.DOF.Kernel.MaxBackgroundRadius:0.025]]
[2019.05.27-08.36.56:648][  0]LogConfig: Applying CVar settings from Section [TextureQuality@3] File [D:/UnrealEngineProject/MountainAndSea/Saved/Config/Windows/Scalability.ini]
[2019.05.27-08.36.56:648][  0]LogConfig: Setting CVar [[r.Streaming.MipBias:0]]
[2019.05.27-08.36.56:648][  0]LogConfig: Setting CVar [[r.Streaming.AmortizeCPUToGPUCopy:0]]
[2019.05.27-08.36.56:649][  0]LogConfig: Setting CVar [[r.Streaming.MaxNumTexturesToStreamPerFrame:0]]
[2019.05.27-08.36.56:649][  0]LogConfig: Setting CVar [[r.Streaming.Boost:1]]
[2019.05.27-08.36.56:649][  0]LogConfig: Setting CVar [[r.MaxAnisotropy:8]]
[2019.05.27-08.36.56:649][  0]LogConfig: Setting CVar [[r.Streaming.LimitPoolSizeToVRAM:0]]
[2019.05.27-08.36.56:649][  0]LogConfig: Setting CVar [[r.Streaming.PoolSize:1000]]
[2019.05.27-08.36.56:649][  0]LogConfig: Setting CVar [[r.Streaming.MaxEffectiveScreenSize:0]]
[2019.05.27-08.36.56:649][  0]LogConfig: Applying CVar settings from Section [EffectsQuality@3] File [D:/UnrealEngineProject/MountainAndSea/Saved/Config/Windows/Scalability.ini]
[2019.05.27-08.36.56:649][  0]LogConfig: Setting CVar [[r.TranslucencyLightingVolumeDim:64]]
[2019.05.27-08.36.56:649][  0]LogConfig: Setting CVar [[r.RefractionQuality:2]]
[2019.05.27-08.36.56:649][  0]LogConfig: Setting CVar [[r.SSR.Quality:3]]
[2019.05.27-08.36.56:649][  0]LogConfig: Setting CVar [[r.SceneColorFormat:4]]
[2019.05.27-08.36.56:649][  0]LogConfig: Setting CVar [[r.DetailMode:2]]
[2019.05.27-08.36.56:649][  0]LogConfig: Setting CVar [[r.TranslucencyVolumeBlur:1]]
[2019.05.27-08.36.56:650][  0]LogConfig: Setting CVar [[r.MaterialQualityLevel:1 ; High quality]]
[2019.05.27-08.36.56:650][  0]LogConfig: Setting CVar [[r.SSS.Scale:1]]
[2019.05.27-08.36.56:650][  0]LogConfig: Setting CVar [[r.SSS.SampleSet:2]]
[2019.05.27-08.36.56:650][  0]LogConfig: Setting CVar [[r.SSS.Quality:1]]
[2019.05.27-08.36.56:650][  0]LogConfig: Setting CVar [[r.SSS.HalfRes:1]]
[2019.05.27-08.36.56:650][  0]LogConfig: Setting CVar [[r.EmitterSpawnRateScale:1.0]]
[2019.05.27-08.36.56:650][  0]LogConfig: Setting CVar [[r.ParticleLightQuality:2]]
[2019.05.27-08.36.56:650][  0]LogConfig: Applying CVar settings from Section [FoliageQuality@3] File [D:/UnrealEngineProject/MountainAndSea/Saved/Config/Windows/Scalability.ini]
[2019.05.27-08.36.56:650][  0]LogConfig: Setting CVar [[foliage.DensityScale:1.0]]
[2019.05.27-08.36.56:650][  0]LogConfig: Setting CVar [[grass.DensityScale:1.0]]
[2019.05.27-08.36.56:650][  0]LogInit: Selected Device Profile: [Windows]
[2019.05.27-08.36.56:650][  0]LogInit: Applying CVar settings loaded from the selected device profile: [Windows]
[2019.05.27-08.36.56:670][  0]LogHAL: Display: Platform has ~ 16 GB [17096769536 / 17179869184 / 16], which maps to Larger [LargestMinGB=32, LargerMinGB=12, DefaultMinGB=8, SmallerMinGB=6, SmallestMinGB=0)
[2019.05.27-08.36.56:670][  0]LogConfig: Setting CVar [[r.Vulkan.UseRealUBs:1]]
[2019.05.27-08.36.56:670][  0]LogInit: Going up to parent DeviceProfile []
[2019.05.27-08.36.56:671][  0]LogConfig: Applying CVar settings from Section [ViewDistanceQuality@3] File [D:/UnrealEngineProject/MountainAndSea/Saved/Config/Windows/Scalability.ini]
[2019.05.27-08.36.56:671][  0]LogConfig: Setting CVar [[r.SkeletalMeshLODBias:0]]
[2019.05.27-08.36.56:671][  0]LogConfig: Setting CVar [[r.ViewDistanceScale:1.0]]
[2019.05.27-08.36.56:671][  0]LogConfig: Applying CVar settings from Section [AntiAliasingQuality@3] File [D:/UnrealEngineProject/MountainAndSea/Saved/Config/Windows/Scalability.ini]
[2019.05.27-08.36.56:671][  0]LogConfig: Setting CVar [[r.PostProcessAAQuality:4]]
[2019.05.27-08.36.56:671][  0]LogConfig: Applying CVar settings from Section [ShadowQuality@3] File [D:/UnrealEngineProject/MountainAndSea/Saved/Config/Windows/Scalability.ini]
[2019.05.27-08.36.56:671][  0]LogConfig: Setting CVar [[r.LightFunctionQuality:1]]
[2019.05.27-08.36.56:671][  0]LogConfig: Setting CVar [[r.ShadowQuality:5]]
[2019.05.27-08.36.56:671][  0]LogConfig: Setting CVar [[r.Shadow.CSM.MaxCascades:10]]
[2019.05.27-08.36.56:671][  0]LogConfig: Setting CVar [[r.Shadow.MaxResolution:2048]]
[2019.05.27-08.36.56:671][  0]LogConfig: Setting CVar [[r.Shadow.MaxCSMResolution:2048]]
[2019.05.27-08.36.56:671][  0]LogConfig: Setting CVar [[r.Shadow.RadiusThreshold:0.01]]
[2019.05.27-08.36.56:672][  0]LogConfig: Setting CVar [[r.Shadow.DistanceScale:1.0]]
[2019.05.27-08.36.56:672][  0]LogConfig: Setting CVar [[r.Shadow.CSM.TransitionScale:1.0]]
[2019.05.27-08.36.56:672][  0]LogConfig: Setting CVar [[r.Shadow.PreShadowResolutionFactor:1.0]]
[2019.05.27-08.36.56:672][  0]LogConfig: Setting CVar [[r.DistanceFieldShadowing:1]]
[2019.05.27-08.36.56:672][  0]LogConfig: Setting CVar [[r.DistanceFieldAO:1]]
[2019.05.27-08.36.56:672][  0]LogConfig: Setting CVar [[r.AOQuality:2]]
[2019.05.27-08.36.56:672][  0]LogConfig: Setting CVar [[r.VolumetricFog:1]]
[2019.05.27-08.36.56:672][  0]LogConfig: Setting CVar [[r.VolumetricFog.GridPixelSize:8]]
[2019.05.27-08.36.56:672][  0]LogConfig: Setting CVar [[r.VolumetricFog.GridSizeZ:128]]
[2019.05.27-08.36.56:672][  0]LogConfig: Setting CVar [[r.VolumetricFog.HistoryMissSupersampleCount:4]]
[2019.05.27-08.36.56:672][  0]LogConfig: Setting CVar [[r.LightMaxDrawDistanceScale:1]]
[2019.05.27-08.36.56:672][  0]LogConfig: Setting CVar [[r.CapsuleShadows:1]]
[2019.05.27-08.36.56:673][  0]LogConfig: Applying CVar settings from Section [PostProcessQuality@3] File [D:/UnrealEngineProject/MountainAndSea/Saved/Config/Windows/Scalability.ini]
[2019.05.27-08.36.56:673][  0]LogConfig: Setting CVar [[r.MotionBlurQuality:4]]
[2019.05.27-08.36.56:673][  0]LogConfig: Setting CVar [[r.AmbientOcclusionMipLevelFactor:0.4]]
[2019.05.27-08.36.56:673][  0]LogConfig: Setting CVar [[r.AmbientOcclusionMaxQuality:100]]
[2019.05.27-08.36.56:673][  0]LogConfig: Setting CVar [[r.AmbientOcclusionLevels:-1]]
[2019.05.27-08.36.56:673][  0]LogConfig: Setting CVar [[r.AmbientOcclusionRadiusScale:1.0]]
[2019.05.27-08.36.56:673][  0]LogConfig: Setting CVar [[r.DepthOfFieldQuality:2]]
[2019.05.27-08.36.56:673][  0]LogConfig: Setting CVar [[r.RenderTargetPoolMin:400]]
[2019.05.27-08.36.56:673][  0]LogConfig: Setting CVar [[r.LensFlareQuality:2]]
[2019.05.27-08.36.56:673][  0]LogConfig: Setting CVar [[r.SceneColorFringeQuality:1]]
[2019.05.27-08.36.56:673][  0]LogConfig: Setting CVar [[r.EyeAdaptationQuality:2]]
[2019.05.27-08.36.56:673][  0]LogConfig: Setting CVar [[r.BloomQuality:5]]
[2019.05.27-08.36.56:674][  0]LogConfig: Setting CVar [[r.FastBlurThreshold:100]]
[2019.05.27-08.36.56:674][  0]LogConfig: Setting CVar [[r.Upscale.Quality:3]]
[2019.05.27-08.36.56:674][  0]LogConfig: Setting CVar [[r.Tonemapper.GrainQuantization:1]]
[2019.05.27-08.36.56:674][  0]LogConfig: Setting CVar [[r.LightShaftQuality:1]]
[2019.05.27-08.36.56:674][  0]LogConfig: Setting CVar [[r.Filter.SizeScale:1]]
[2019.05.27-08.36.56:674][  0]LogConfig: Setting CVar [[r.Tonemapper.Quality:5]]
[2019.05.27-08.36.56:674][  0]LogConfig: Setting CVar [[r.DOF.Gather.AccumulatorQuality:1        ; higher gathering accumulator quality]]
[2019.05.27-08.36.56:674][  0]LogConfig: Setting CVar [[r.DOF.Gather.PostfilterMethod:1          ; Median3x3 postfilering method]]
[2019.05.27-08.36.56:674][  0]LogConfig: Setting CVar [[r.DOF.Gather.EnableBokehSettings:0       ; no bokeh simulation when gathering]]
[2019.05.27-08.36.56:674][  0]LogConfig: Setting CVar [[r.DOF.Gather.RingCount:4                 ; medium number of samples when gathering]]
[2019.05.27-08.36.56:674][  0]LogConfig: Setting CVar [[r.DOF.Scatter.ForegroundCompositing:1    ; additive foreground scattering]]
[2019.05.27-08.36.56:674][  0]LogConfig: Setting CVar [[r.DOF.Scatter.BackgroundCompositing:2    ; additive background scattering]]
[2019.05.27-08.36.56:674][  0]LogConfig: Setting CVar [[r.DOF.Scatter.EnableBokehSettings:1      ; bokeh simulation when scattering]]
[2019.05.27-08.36.56:675][  0]LogConfig: Setting CVar [[r.DOF.Scatter.MaxSpriteRatio:0.1         ; only a maximum of 10% of scattered bokeh]]
[2019.05.27-08.36.56:675][  0]LogConfig: Setting CVar [[r.DOF.Recombine.Quality:1                ; cheap slight out of focus]]
[2019.05.27-08.36.56:675][  0]LogConfig: Setting CVar [[r.DOF.Recombine.EnableBokehSettings:0    ; no bokeh simulation on slight out of focus]]
[2019.05.27-08.36.56:675][  0]LogConfig: Setting CVar [[r.DOF.TemporalAAQuality:1                ; more stable temporal accumulation]]
[2019.05.27-08.36.56:675][  0]LogConfig: Setting CVar [[r.DOF.Kernel.MaxForegroundRadius:0.025]]
[2019.05.27-08.36.56:675][  0]LogConfig: Setting CVar [[r.DOF.Kernel.MaxBackgroundRadius:0.025]]
[2019.05.27-08.36.56:675][  0]LogConfig: Applying CVar settings from Section [TextureQuality@3] File [D:/UnrealEngineProject/MountainAndSea/Saved/Config/Windows/Scalability.ini]
[2019.05.27-08.36.56:675][  0]LogConfig: Setting CVar [[r.Streaming.MipBias:0]]
[2019.05.27-08.36.56:675][  0]LogConfig: Setting CVar [[r.Streaming.AmortizeCPUToGPUCopy:0]]
[2019.05.27-08.36.56:675][  0]LogConfig: Setting CVar [[r.Streaming.MaxNumTexturesToStreamPerFrame:0]]
[2019.05.27-08.36.56:675][  0]LogConfig: Setting CVar [[r.Streaming.Boost:1]]
[2019.05.27-08.36.56:675][  0]LogConfig: Setting CVar [[r.MaxAnisotropy:8]]
[2019.05.27-08.36.56:675][  0]LogConfig: Setting CVar [[r.Streaming.LimitPoolSizeToVRAM:0]]
[2019.05.27-08.36.56:676][  0]LogConfig: Setting CVar [[r.Streaming.PoolSize:1000]]
[2019.05.27-08.36.56:676][  0]LogConfig: Setting CVar [[r.Streaming.MaxEffectiveScreenSize:0]]
[2019.05.27-08.36.56:676][  0]LogConfig: Applying CVar settings from Section [EffectsQuality@3] File [D:/UnrealEngineProject/MountainAndSea/Saved/Config/Windows/Scalability.ini]
[2019.05.27-08.36.56:676][  0]LogConfig: Setting CVar [[r.TranslucencyLightingVolumeDim:64]]
[2019.05.27-08.36.56:676][  0]LogConfig: Setting CVar [[r.RefractionQuality:2]]
[2019.05.27-08.36.56:676][  0]LogConfig: Setting CVar [[r.SSR.Quality:3]]
[2019.05.27-08.36.56:676][  0]LogConfig: Setting CVar [[r.SceneColorFormat:4]]
[2019.05.27-08.36.56:676][  0]LogConfig: Setting CVar [[r.DetailMode:2]]
[2019.05.27-08.36.56:676][  0]LogConfig: Setting CVar [[r.TranslucencyVolumeBlur:1]]
[2019.05.27-08.36.56:676][  0]LogConfig: Setting CVar [[r.MaterialQualityLevel:1 ; High quality]]
[2019.05.27-08.36.56:676][  0]LogConfig: Setting CVar [[r.SSS.Scale:1]]
[2019.05.27-08.36.56:676][  0]LogConfig: Setting CVar [[r.SSS.SampleSet:2]]
[2019.05.27-08.36.56:677][  0]LogConfig: Setting CVar [[r.SSS.Quality:1]]
[2019.05.27-08.36.56:677][  0]LogConfig: Setting CVar [[r.SSS.HalfRes:1]]
[2019.05.27-08.36.56:677][  0]LogConfig: Setting CVar [[r.EmitterSpawnRateScale:1.0]]
[2019.05.27-08.36.56:677][  0]LogConfig: Setting CVar [[r.ParticleLightQuality:2]]
[2019.05.27-08.36.56:677][  0]LogConfig: Applying CVar settings from Section [FoliageQuality@3] File [D:/UnrealEngineProject/MountainAndSea/Saved/Config/Windows/Scalability.ini]
[2019.05.27-08.36.56:677][  0]LogConfig: Setting CVar [[foliage.DensityScale:1.0]]
[2019.05.27-08.36.56:677][  0]LogConfig: Setting CVar [[grass.DensityScale:1.0]]
[2019.05.27-08.36.56:677][  0]LogConfig: Applying CVar settings from Section [Startup] File [../../../Engine/Config/ConsoleVariables.ini]
[2019.05.27-08.36.56:678][  0]LogConfig: Setting CVar [[net.UseAdaptiveNetUpdateFrequency:0]]
[2019.05.27-08.36.56:678][  0]LogConfig: Applying CVar settings from Section [ConsoleVariables] File [D:/UnrealEngineProject/MountainAndSea/Saved/Config/Windows/Engine.ini]
[2019.05.27-08.36.56:678][  0]LogInit: Computer: DESKTOP-82VF2NQ
[2019.05.27-08.36.56:678][  0]LogInit: User: yifan
[2019.05.27-08.36.56:678][  0]LogInit: CPU Page size=4096, Cores=8
[2019.05.27-08.36.56:678][  0]LogInit: High frequency timer resolution =3.898925 MHz
[2019.05.27-08.36.56:679][  0]LogMemory: Memory total: Physical=15.9GB (16GB approx)
[2019.05.27-08.36.56:679][  0]LogMemory: Platform Memory Stats for Windows
[2019.05.27-08.36.56:679][  0]LogMemory: Process Physical Memory: 105.43 MB used, 105.43 MB peak
[2019.05.27-08.36.56:679][  0]LogMemory: Process Virtual Memory: 91.66 MB used, 91.66 MB peak
[2019.05.27-08.36.56:679][  0]LogMemory: Physical Memory: 6175.91 MB used,  10128.84 MB free, 16304.75 MB total
[2019.05.27-08.36.56:679][  0]LogMemory: Virtual Memory: 4685.96 MB used,  134213040.00 MB free, 134217728.00 MB total
[2019.05.27-08.36.56:886][  0]LogInit: Overriding language with editor language configuration option (en).
[2019.05.27-08.36.56:886][  0]LogInit: Overriding locale with editor locale configuration option (en).
[2019.05.27-08.36.57:263][  0]LogStreaming: Display: Took  0.377s to InitEngineTextLocalization.
[2019.05.27-08.36.57:263][  0]LogInit: Setting process to per monitor DPI aware
[2019.05.27-08.36.57:308][  0]LogSlate: New Slate User Created.  User Index 0, Is Virtual User: 0
[2019.05.27-08.36.57:309][  0]LogSlate: Slate User Registered.  User Index 0, Is Virtual User: 0
[2019.05.27-08.36.57:485][  0]LogHMD: Failed to initialize OpenVR with code 110
[2019.05.27-08.36.57:485][  0]LogD3D11RHI: D3D11 adapters:
[2019.05.27-08.36.57:584][  0]LogD3D11RHI:    0. 'NVIDIA GeForce GTX 1080 Ti' (Feature Level 11_0)
[2019.05.27-08.36.57:584][  0]LogD3D11RHI:       11127/0/8152 MB DedicatedVideo/DedicatedSystem/SharedSystem, Outputs:1, VendorId:0x10de
[2019.05.27-08.36.57:589][  0]LogD3D11RHI:    1. 'Microsoft Basic Render Driver' (Feature Level 11_0)
[2019.05.27-08.36.57:590][  0]LogD3D11RHI:       0/0/8152 MB DedicatedVideo/DedicatedSystem/SharedSystem, Outputs:0, VendorId:0x1414
[2019.05.27-08.36.57:590][  0]LogD3D11RHI: Chosen D3D11 Adapter: 0
[2019.05.27-08.36.57:598][  0]LogD3D11RHI: Creating new Direct3DDevice
[2019.05.27-08.36.57:598][  0]LogD3D11RHI:     GPU DeviceId: 0x1b06 (for the marketing name, search the web for "GPU Device Id")
[2019.05.27-08.36.57:598][  0]LogWindows: EnumDisplayDevices:
[2019.05.27-08.36.57:599][  0]LogWindows:    0. 'NVIDIA GeForce GTX 1080 Ti' (P:1 D:1)
[2019.05.27-08.36.57:599][  0]LogWindows:    1. 'NVIDIA GeForce GTX 1080 Ti' (P:0 D:0)
[2019.05.27-08.36.57:599][  0]LogWindows:    2. 'NVIDIA GeForce GTX 1080 Ti' (P:0 D:0)
[2019.05.27-08.36.57:600][  0]LogWindows:    3. 'NVIDIA GeForce GTX 1080 Ti' (P:0 D:0)
[2019.05.27-08.36.57:600][  0]LogWindows: DebugString: FoundDriverCount:4 
[2019.05.27-08.36.57:600][  0]LogD3D11RHI:     Adapter Name: NVIDIA GeForce GTX 1080 Ti
[2019.05.27-08.36.57:600][  0]LogD3D11RHI:   Driver Version: 399.24 (internal:24.21.13.9924, unified:399.24)
[2019.05.27-08.36.57:600][  0]LogD3D11RHI:      Driver Date: 9-5-2018
[2019.05.27-08.36.57:600][  0]LogRHI: Texture pool is 7788 MB (70% of 11127 MB)
[2019.05.27-08.36.57:665][  0]LogD3D11RHI: Async texture creation enabled
[2019.05.27-08.36.57:683][  0]LogD3D11RHI: GPU Timing Frequency: 1000.000000 (Debug: 2 2)
[2019.05.27-08.36.58:073][  0]LogTemp: Display: Loaded TP AllDesktopTargetPlatform
[2019.05.27-08.36.58:097][  0]LogTemp: Display: Loaded TP MacClientTargetPlatform
[2019.05.27-08.36.58:117][  0]LogTemp: Display: Loaded TP MacNoEditorTargetPlatform
[2019.05.27-08.36.58:131][  0]LogTemp: Display: Loaded TP MacServerTargetPlatform
[2019.05.27-08.36.58:161][  0]LogTemp: Display: Loaded TP MacTargetPlatform
[2019.05.27-08.36.58:178][  0]LogTemp: Display: Loaded TP WindowsClientTargetPlatform
[2019.05.27-08.36.58:205][  0]LogTemp: Display: Loaded TP WindowsNoEditorTargetPlatform
[2019.05.27-08.36.58:230][  0]LogTemp: Display: Loaded TP WindowsServerTargetPlatform
[2019.05.27-08.36.58:238][  0]LogTemp: Display: Loaded TP WindowsTargetPlatform
[2019.05.27-08.36.58:354][  0]LogTemp: Display: Loaded TP AndroidTargetPlatform
[2019.05.27-08.36.58:354][  0]LogTemp: Display: Loaded TP AndroidTargetPlatform
[2019.05.27-08.36.58:354][  0]LogTemp: Display: Loaded TP AndroidTargetPlatform
[2019.05.27-08.36.58:354][  0]LogTemp: Display: Loaded TP AndroidTargetPlatform
[2019.05.27-08.36.58:354][  0]LogTemp: Display: Loaded TP AndroidTargetPlatform
[2019.05.27-08.36.58:355][  0]LogTemp: Display: Loaded TP AndroidTargetPlatform
[2019.05.27-08.36.58:355][  0]LogTemp: Display: Loaded TP AndroidTargetPlatform
[2019.05.27-08.36.58:355][  0]LogTemp: Display: Loaded TP AndroidTargetPlatform
[2019.05.27-08.36.58:355][  0]LogTemp: Display: Loaded TP AndroidTargetPlatform
[2019.05.27-08.36.58:355][  0]LogTemp: Display: Loaded TP AndroidTargetPlatform
[2019.05.27-08.36.58:355][  0]LogTemp: Display: Loaded TP AndroidTargetPlatform
[2019.05.27-08.36.58:355][  0]LogTemp: Display: Loaded TP AndroidTargetPlatform
[2019.05.27-08.36.58:355][  0]LogTemp: Display: Loaded TP AndroidTargetPlatform
[2019.05.27-08.36.58:355][  0]LogTemp: Display: Loaded TP AndroidTargetPlatform
[2019.05.27-08.36.58:355][  0]LogTemp: Display: Loaded TP AndroidTargetPlatform
[2019.05.27-08.36.58:356][  0]LogTemp: Display: Loaded TP AndroidTargetPlatform
[2019.05.27-08.36.58:356][  0]LogTemp: Display: Loaded TP AndroidTargetPlatform
[2019.05.27-08.36.58:356][  0]LogTemp: Display: Loaded TP AndroidTargetPlatform
[2019.05.27-08.36.58:360][  0]LogTemp: Display: Loaded TP HTML5TargetPlatform
[2019.05.27-08.36.58:441][  0]LogTemp: Display: Loaded TP IOSTargetPlatform
[2019.05.27-08.36.58:441][  0]LogTemp: Display: Loaded TP IOSTargetPlatform
[2019.05.27-08.36.58:468][  0]LogTemp: Display: Loaded TP TVOSTargetPlatform
[2019.05.27-08.36.58:468][  0]LogTemp: Display: Loaded TP TVOSTargetPlatform
[2019.05.27-08.36.58:498][  0]LogTemp: Display: Loaded TP LinuxClientTargetPlatform
[2019.05.27-08.36.58:513][  0]LogTemp: Display: Loaded TP LinuxNoEditorTargetPlatform
[2019.05.27-08.36.58:528][  0]LogTemp: Display: Loaded TP LinuxServerTargetPlatform
[2019.05.27-08.36.58:556][  0]LogTemp: Display: Loaded TP LinuxTargetPlatform
[2019.05.27-08.36.58:619][  0]LogTemp: Display: Loaded TP LuminTargetPlatform
[2019.05.27-08.36.58:619][  0]LogTemp: Display: Loaded TP LuminTargetPlatform
[2019.05.27-08.36.58:620][  0]LogTargetPlatformManager: Display: Building Assets For Windows
[2019.05.27-08.36.58:735][  0]LogShaderCompilers: Guid format shader working directory is -6 characters bigger than the processId version (../../../../../../UnrealEngineProject/MountainAndSea/Intermediate/Shaders/WorkingDirectory/3288/).
[2019.05.27-08.36.58:736][  0]LogShaderCompilers: Cleaned the shader compiler working directory 'C:/Users/yifan/AppData/Local/Temp/UnrealShaderWorkingDir/B57A41844273484B3F52D2AC782579A9/'.
[2019.05.27-08.36.58:737][  0]LogXGEController: Cannot use XGE Controller as Incredibuild is not installed on this machine.
[2019.05.27-08.36.58:737][  0]LogShaderCompilers: Cannot use XGE Shader Compiler as Incredibuild is not installed on this machine.
[2019.05.27-08.36.58:737][  0]LogShaderCompilers: Display: Using Local Shader Compiler.
[2019.05.27-08.36.59:217][  0]LogDerivedDataCache: Display: Max Cache Size: 512 MB
[2019.05.27-08.36.59:281][  0]LogDerivedDataCache: Loaded boot cache 0.06s 74MB C:/Users/yifan/AppData/Local/UnrealEngine/4.21/DerivedDataCache/Boot.ddc.
[2019.05.27-08.36.59:281][  0]LogDerivedDataCache: Display: Loaded Boot cache: C:/Users/yifan/AppData/Local/UnrealEngine/4.21/DerivedDataCache/Boot.ddc
[2019.05.27-08.36.59:282][  0]LogDerivedDataCache: FDerivedDataBackendGraph:  Pak pak cache file ../../../../../../UnrealEngineProject/MountainAndSea/DerivedDataCache/DDC.ddp not found, will not use a pak cache.
[2019.05.27-08.36.59:282][  0]LogDerivedDataCache: Unable to find inner node Pak for hierarchical cache Hierarchy.
[2019.05.27-08.36.59:282][  0]LogDerivedDataCache: FDerivedDataBackendGraph:  CompressedPak pak cache file ../../../../../../UnrealEngineProject/MountainAndSea/DerivedDataCache/Compressed.ddp not found, will not use a pak cache.
[2019.05.27-08.36.59:282][  0]LogDerivedDataCache: Unable to find inner node CompressedPak for hierarchical cache Hierarchy.
[2019.05.27-08.36.59:298][  0]LogDerivedDataCache: Display: Pak cache opened for reading ../../../Engine/DerivedDataCache/Compressed.ddp.
[2019.05.27-08.36.59:298][  0]LogDerivedDataCache: FDerivedDataBackendGraph:  EnterprisePak pak cache file ../../../Enterprise/DerivedDataCache/Compressed.ddp not found, will not use a pak cache.
[2019.05.27-08.36.59:298][  0]LogDerivedDataCache: Unable to find inner node EnterprisePak for hierarchical cache Hierarchy.
[2019.05.27-08.36.59:312][  0]LogDerivedDataCache: Using Local data cache path C:/Users/yifan/AppData/Local/UnrealEngine/Common/DerivedDataCache: Writable
[2019.05.27-08.36.59:312][  0]LogDerivedDataCache: Shared data cache path not found in *engine.ini, will not use an Shared cache.
[2019.05.27-08.36.59:312][  0]LogDerivedDataCache: Unable to find inner node Shared for hierarchical cache Hierarchy.
[2019.05.27-08.36.59:336][  0]LogMaterial: Verifying Global Shaders for PCD3D_SM5
[2019.05.27-08.36.59:337][  0]LogSlate: Using FreeType 2.6.0
[2019.05.27-08.36.59:338][  0]LogSlate: SlateFontServices - WITH_FREETYPE: 1, WITH_HARFBUZZ: 1
[2019.05.27-08.36.59:428][  0]LogAssetRegistry: FAssetRegistry took 0.0402 seconds to start up
[2019.05.27-08.36.59:767][  0]LogInit: Selected Device Profile: [Windows]
[2019.05.27-08.36.59:857][  0]LogSimplygon: Simplygon DLL not present - disabling.
[2019.05.27-08.36.59:865][  0]LogMeshReduction: Using SimplygonSwarm for distributed automatic mesh merging
[2019.05.27-08.36.59:865][  0]LogMeshReduction: Using ProxyLODMeshReduction for automatic mesh merging
[2019.05.27-08.36.59:865][  0]LogMeshReduction: Using QuadricMeshReduction for automatic static mesh reduction
[2019.05.27-08.36.59:865][  0]LogMeshReduction: No automatic skeletal mesh reduction module available
[2019.05.27-08.36.59:971][  0]LogNetVersion: MountainAndSea 1.0.0, NetCL: 4541578, EngineNetVer: 5, GameNetVer: 0 (Checksum: 3138369148)
[2019.05.27-08.37.00:484][  0]LogPackageLocalizationCache: Processed 11 localized package path(s) for 1 prioritized culture(s) in 0.058673 seconds
[2019.05.27-08.37.00:496][  0]LogUObjectArray: 39776 objects as part of root set at end of initial load.
[2019.05.27-08.37.00:497][  0]LogUObjectAllocator: 6914888 out of 0 bytes used by permanent object pool.
[2019.05.27-08.37.00:497][  0]LogUObjectArray: CloseDisregardForGC: 0/0 objects in disregard for GC pool
[2019.05.27-08.37.01:435][  0]LogTcpMessaging: Initializing TcpMessaging bridge
[2019.05.27-08.37.01:453][  0]LogUdpMessaging: Initializing bridge on interface 0.0.0.0:0 to multicast group 230.0.0.1:6666.
[2019.05.27-08.37.02:319][  0]SourceControl: Source control is disabled
[2019.05.27-08.37.02:319][  0]SourceControl: Source control is disabled
[2019.05.27-08.37.02:323][  0]SourceControl: Source control is disabled
[2019.05.27-08.37.02:326][  0]SourceControl: Source control is disabled
[2019.05.27-08.37.02:596][  0]LogAndroidPermission: UAndroidPermissionCallbackProxy::GetInstance
[2019.05.27-08.37.02:726][  0]LogOcInput: OculusInput pre-init called
[2019.05.27-08.37.02:896][  0]LogEngine: Initializing Engine...
[2019.05.27-08.37.02:898][  0]LogHMD: Failed to initialize OpenVR with code 110
[2019.05.27-08.37.02:900][  0]LogStats: UGameplayTagsManager::ConstructGameplayTagTree: ImportINI prefixes -  0.000 s
[2019.05.27-08.37.02:900][  0]LogStats: UGameplayTagsManager::ConstructGameplayTagTree: Construct from data asset -  0.000 s
[2019.05.27-08.37.02:901][  0]LogStats: UGameplayTagsManager::ConstructGameplayTagTree: ImportINI -  0.000 s
[2019.05.27-08.37.02:901][  0]LogStats: UGameplayTagsManager::ConstructGameplayTagTree: GameplayTagTreeChangedEvent.Broadcast -  0.000 s
[2019.05.27-08.37.03:203][  0]LogInit: Initializing FReadOnlyCVARCache
[2019.05.27-08.37.03:217][  0]LogAIModule: Creating AISystem for world Untitled
[2019.05.27-08.37.03:236][  0]LogInit: XAudio2 using '扬声器 (2- High Definition Audio 设备)' : 2 channels at 48 kHz using 16 bits per sample (channel mask 0x3)
[2019.05.27-08.37.03:260][  0]LogInit: FAudioDevice initialized.
[2019.05.27-08.37.03:260][  0]LogNetVersion: Set ProjectVersion to 1.0.0.0. Version Checksum will be recalculated on next use.
[2019.05.27-08.37.03:361][  0]LogDerivedDataCache: Saved boot cache 0.10s 74MB C:/Users/yifan/AppData/Local/UnrealEngine/4.21/DerivedDataCache/Boot.ddc.
[2019.05.27-08.37.03:380][  0]LogInit: Texture streaming: Enabled
[2019.05.27-08.37.03:409][  0]LogEngineSessionManager: EngineSessionManager initialized
[2019.05.27-08.37.03:429][  0]LogEngineSessionManager: EngineSessionManager sent abnormal shutdown report. Type=Debugger, SessionId={887A060E-42BB-B80E-E2DF-8EBB352A0DF3}
[2019.05.27-08.37.03:441][  0]LogInit: Transaction tracking system initialized
[2019.05.27-08.37.03:482][  0]BlueprintLog: New page: Editor Load
[2019.05.27-08.37.03:606][  0]LocalizationService: Localization service is disabled
[2019.05.27-08.37.04:156][  0]LogCook: Display: Max memory allowance for cook 16384mb min free memory 0mb
[2019.05.27-08.37.04:156][  0]LogCook: Display: Mobile HDR setting 1
[2019.05.27-08.37.04:156][  0]LogGameplayTags: Display: UGameplayTagsManager::DoneAddingNativeTags. DelegateIsBound: 0
[2019.05.27-08.37.04:156][  0]LogStats: UGameplayTagsManager::ConstructGameplayTagTree: ImportINI prefixes -  0.000 s
[2019.05.27-08.37.04:156][  0]LogStats: UGameplayTagsManager::ConstructGameplayTagTree: Construct from data asset -  0.000 s
[2019.05.27-08.37.04:157][  0]LogStats: UGameplayTagsManager::ConstructGameplayTagTree: ImportINI -  0.000 s
[2019.05.27-08.37.04:157][  0]LogStats: UGameplayTagsManager::ConstructGameplayTagTree: GameplayTagTreeChangedEvent.Broadcast -  0.000 s
[2019.05.27-08.37.04:349][  0]LogFileCache: Scanning file cache for directory 'D:/UnrealEngineProject/MountainAndSea/Content/' took 0.02s
[2019.05.27-08.37.04:349][  0]SourceControl: Source control is disabled
[2019.05.27-08.37.04:349][  0]Cmd: MAP LOAD FILE="../../../../../../UnrealEngineProject/MountainAndSea/Content/ThirdPersonCPP/Maps/ThirdPersonExampleMap.umap" TEMPLATE=0 SHOWPROGRESS=1 FEATURELEVEL=3
[2019.05.27-08.37.04:350][  0]LightingResults: New page: Lighting Build
[2019.05.27-08.37.04:352][  0]MapCheck: New page: Map Check
[2019.05.27-08.37.04:353][  0]LightingResults: New page: Lighting Build
[2019.05.27-08.37.04:584][  0]LogAIModule: Creating AISystem for world ThirdPersonExampleMap
[2019.05.27-08.37.04:648][  0]LogEditorServer: Finished looking for orphan Actors (0.000 secs)
[2019.05.27-08.37.04:693][  0]Cmd: MAP CHECKDEP NOCLEARLOG
[2019.05.27-08.37.04:693][  0]MapCheck: Map check complete: 0 Error(s), 0 Warning(s), took 0.121ms to complete.
[2019.05.27-08.37.04:694][  0]LogFileHelpers: Loading map 'ThirdPersonExampleMap' took 0.345
[2019.05.27-08.37.04:789][  0]LogSlate: Updating window title bar state: overlay mode, drag disabled, window buttons hidden, title bar hidden
[2019.05.27-08.37.04:796][  0]LogSlate: Updating window title bar state: overlay mode, drag disabled, window buttons hidden, title bar hidden
[2019.05.27-08.37.04:804][  0]LogSlate: Updating window title bar state: overlay mode, drag disabled, window buttons hidden, title bar hidden
[2019.05.27-08.37.04:811][  0]LogSlate: Updating window title bar state: overlay mode, drag disabled, window buttons hidden, title bar hidden
[2019.05.27-08.37.04:817][  0]LogCollectionManager: Loaded 0 collections in 0.000790 seconds
[2019.05.27-08.37.04:834][  0]LogFileCache: Scanning file cache for directory 'D:/UnrealEngineProject/MountainAndSea/Saved/Collections/' took 0.01s
[2019.05.27-08.37.04:834][  0]LogFileCache: Scanning file cache for directory 'D:/UnrealEngineProject/MountainAndSea/Content/Developers/yifan/Collections/' took 0.00s
[2019.05.27-08.37.04:834][  0]LogFileCache: Scanning file cache for directory 'D:/UnrealEngineProject/MountainAndSea/Content/Collections/' took 0.00s
[2019.05.27-08.37.04:834][  0]LogCollectionManager: Rebuilt the GUID cache for 0 collections in 0.000000 seconds
[2019.05.27-08.37.04:845][  0]LogContentBrowser: Native class hierarchy populated in 0.0098 seconds. Added 2659 classes and 626 folders.
[2019.05.27-08.37.04:853][  0]LogContentBrowser: Native class hierarchy updated for 'WidgetCarousel' in 0.0007 seconds. Added 0 classes and 0 folders.
[2019.05.27-08.37.04:856][  0]LogPakFile: Registered encryption key '00000000000000000000000000000000': 0 pak files mounted, 0 remain pending
[2019.05.27-08.37.04:857][  0]LogPakFile: Registered encryption key '00000000000000000000000000000000': 0 pak files mounted, 0 remain pending
[2019.05.27-08.37.04:857][  0]LogPakFile: Registered encryption key '00000000000000000000000000000000': 0 pak files mounted, 0 remain pending
[2019.05.27-08.37.04:858][  0]LogPakFile: Registered encryption key '00000000000000000000000000000000': 0 pak files mounted, 0 remain pending
[2019.05.27-08.37.04:858][  0]LogPakFile: Registered encryption key '00000000000000000000000000000000': 0 pak files mounted, 0 remain pending
[2019.05.27-08.37.04:859][  0]LogPakFile: Registered encryption key '00000000000000000000000000000000': 0 pak files mounted, 0 remain pending
[2019.05.27-08.37.04:859][  0]LogPakFile: Registered encryption key '00000000000000000000000000000000': 0 pak files mounted, 0 remain pending
[2019.05.27-08.37.04:859][  0]LogPakFile: Registered encryption key '00000000000000000000000000000000': 0 pak files mounted, 0 remain pending
[2019.05.27-08.37.04:860][  0]LogPakFile: Registered encryption key '00000000000000000000000000000000': 0 pak files mounted, 0 remain pending
[2019.05.27-08.37.04:860][  0]LogPakFile: Registered encryption key '00000000000000000000000000000000': 0 pak files mounted, 0 remain pending
[2019.05.27-08.37.04:861][  0]LogPakFile: Registered encryption key '00000000000000000000000000000000': 0 pak files mounted, 0 remain pending
[2019.05.27-08.37.04:861][  0]LogPakFile: Registered encryption key '00000000000000000000000000000000': 0 pak files mounted, 0 remain pending
[2019.05.27-08.37.04:861][  0]LogPakFile: Registered encryption key '00000000000000000000000000000000': 0 pak files mounted, 0 remain pending
[2019.05.27-08.37.04:862][  0]LogPakFile: Registered encryption key '00000000000000000000000000000000': 0 pak files mounted, 0 remain pending
[2019.05.27-08.37.04:862][  0]LogPakFile: Registered encryption key '00000000000000000000000000000000': 0 pak files mounted, 0 remain pending
[2019.05.27-08.37.04:863][  0]LogPakFile: Registered encryption key '00000000000000000000000000000000': 0 pak files mounted, 0 remain pending
[2019.05.27-08.37.04:863][  0]LogPakFile: Registered encryption key '00000000000000000000000000000000': 0 pak files mounted, 0 remain pending
[2019.05.27-08.37.04:864][  0]LogPakFile: Registered encryption key '00000000000000000000000000000000': 0 pak files mounted, 0 remain pending
[2019.05.27-08.37.04:864][  0]LogPakFile: Registered encryption key '00000000000000000000000000000000': 0 pak files mounted, 0 remain pending
[2019.05.27-08.37.04:864][  0]LogPakFile: Registered encryption key '00000000000000000000000000000000': 0 pak files mounted, 0 remain pending
[2019.05.27-08.37.04:865][  0]LogPakFile: Registered encryption key '00000000000000000000000000000000': 0 pak files mounted, 0 remain pending
[2019.05.27-08.37.04:865][  0]LogPakFile: Registered encryption key '00000000000000000000000000000000': 0 pak files mounted, 0 remain pending
[2019.05.27-08.37.04:866][  0]LogPakFile: Registered encryption key '00000000000000000000000000000000': 0 pak files mounted, 0 remain pending
[2019.05.27-08.37.04:866][  0]LogPakFile: Registered encryption key '00000000000000000000000000000000': 0 pak files mounted, 0 remain pending
[2019.05.27-08.37.04:867][  0]LogPakFile: Registered encryption key '00000000000000000000000000000000': 0 pak files mounted, 0 remain pending
[2019.05.27-08.37.04:867][  0]LogPakFile: Registered encryption key '00000000000000000000000000000000': 0 pak files mounted, 0 remain pending
[2019.05.27-08.37.04:891][  0]LogContentBrowser: Native class hierarchy updated for 'AddContentDialog' in 0.0004 seconds. Added 0 classes and 0 folders.
[2019.05.27-08.37.04:897][  0]LogContentBrowser: Native class hierarchy updated for 'SceneOutliner' in 0.0005 seconds. Added 1 classes and 2 folders.
[2019.05.27-08.37.04:976][  0]LogSlate: Took 0.000261 seconds to synchronously load lazily loaded font '../../../Engine/Content/Slate/Fonts/Roboto-Regular.ttf' (155K)
[2019.05.27-08.37.04:980][  0]LogSlate: Took 0.000238 seconds to synchronously load lazily loaded font '../../../Engine/Content/Slate/Fonts/Roboto-Bold.ttf' (160K)
[2019.05.27-08.37.04:993][  0]LogSlate: Took 0.000256 seconds to synchronously load lazily loaded font '../../../Engine/Content/Editor/Slate/Fonts/FontAwesome.ttf' (139K)
[2019.05.27-08.37.05:067][  0]LogRenderer: Reallocating scene render targets to support 1148x580 Format 10 NumSamples 1 (Frame:1).
[2019.05.27-08.37.05:268][  0]LogContentBrowser: Native class hierarchy updated for 'HierarchicalLODOutliner' in 0.0007 seconds. Added 0 classes and 0 folders.
[2019.05.27-08.37.05:268][  0]LogLoad: (Engine Initialization) Total time: 10.99 seconds
[2019.05.27-08.37.05:268][  0]LogLoad: (Engine Initialization) Total Blueprint compile time: 0.00 seconds
[2019.05.27-08.37.05:280][  0]LogWindowsTextInputMethodSystem: Display: IME system now activated using TSF (微软拼音).
[2019.05.27-08.37.05:353][  0]LogContentStreaming: Texture pool size now 1000 MB
[2019.05.27-08.37.05:402][  0]LogSlate: Took 0.000185 seconds to synchronously load lazily loaded font '../../../Engine/Content/Slate/Fonts/Roboto-Light.ttf' (167K)
[2019.05.27-08.37.05:539][  2]LogAssetRegistry: Asset discovery search completed in 6.1359 seconds
[2019.05.27-08.37.05:541][  2]LogCollectionManager: Rebuilt the object cache for 0 collections in 0.000001 seconds (found 0 objects)
[2019.05.27-08.37.05:541][  2]LogCollectionManager: Fixed up redirectors for 0 collections in 0.000144 seconds (updated 0 objects)
[2019.05.27-08.37.54:521][844]LogSlate: FSceneViewport::OnFocusLost() reason 0
[2019.05.27-08.37.54:612][855]LogTemp: Repeating last play command: Selected Viewport
[2019.05.27-08.37.54:630][855]LogBlueprintUserMessages: Early PlayInEditor Detection: Level '/Game/ThirdPersonCPP/Maps/ThirdPersonExampleMap.ThirdPersonExampleMap:PersistentLevel' has LevelScriptBlueprint '/Game/ThirdPersonCPP/Maps/ThirdPersonExampleMap.ThirdPersonExampleMap:PersistentLevel.ThirdPersonExampleMap' with GeneratedClass '/Game/ThirdPersonCPP/Maps/ThirdPersonExampleMap.ThirdPersonExampleMap_C' with ClassGeneratedBy '/Game/ThirdPersonCPP/Maps/ThirdPersonExampleMap.ThirdPersonExampleMap:PersistentLevel.ThirdPersonExampleMap'
[2019.05.27-08.37.54:630][855]LogPlayLevel: PlayLevel: No blueprints needed recompiling
[2019.05.27-08.37.54:631][855]PIE: New page: PIE session: ThirdPersonExampleMap (May 28, 2019, 12:37:54 AM)
[2019.05.27-08.37.54:644][855]LogPlayLevel: Creating play world package: /Game/ThirdPersonCPP/Maps/UEDPIE_0_ThirdPersonExampleMap
[2019.05.27-08.37.54:661][855]LogPlayLevel: PIE: StaticDuplicateObject took: (0.016740s)
[2019.05.27-08.37.54:662][855]LogAIModule: Creating AISystem for world ThirdPersonExampleMap
[2019.05.27-08.37.54:662][855]LogPlayLevel: PIE: World Init took: (0.000733s)
[2019.05.27-08.37.54:662][855]LogPlayLevel: PIE: Created PIE world by copying editor world from /Game/ThirdPersonCPP/Maps/ThirdPersonExampleMap.ThirdPersonExampleMap to /Game/ThirdPersonCPP/Maps/UEDPIE_0_ThirdPersonExampleMap.ThirdPersonExampleMap (0.017995s)
[2019.05.27-08.37.54:707][855]LogInit: XAudio2 using '扬声器 (2- High Definition Audio 设备)' : 2 channels at 48 kHz using 16 bits per sample (channel mask 0x3)
[2019.05.27-08.37.54:715][855]LogInit: FAudioDevice initialized.
[2019.05.27-08.37.54:759][855]LogLoad: Game class is 'MyGameMode_C'
[2019.05.27-08.37.54:762][855]LogWorld: Bringing World /Game/ThirdPersonCPP/Maps/UEDPIE_0_ThirdPersonExampleMap.ThirdPersonExampleMap up for play (max tick rate 0) at 2019.05.27-16.37.54
[2019.05.27-08.37.54:763][855]LogWorld: Bringing up level for play took: 0.001523
[2019.05.27-08.37.54:782][855]LogContentBrowser: Native class hierarchy updated for 'MovieSceneCapture' in 0.0007 seconds. Added 20 classes and 0 folders.
[2019.05.27-08.37.54:786][855]PIE: Play in editor start time for /Game/ThirdPersonCPP/Maps/UEDPIE_0_ThirdPersonExampleMap 0.955
[2019.05.27-08.37.54:787][855]LogBlueprintUserMessages: Late PlayInEditor Detection: Level '/Game/ThirdPersonCPP/Maps/ThirdPersonExampleMap.ThirdPersonExampleMap:PersistentLevel' has LevelScriptBlueprint '/Game/ThirdPersonCPP/Maps/ThirdPersonExampleMap.ThirdPersonExampleMap:PersistentLevel.ThirdPersonExampleMap' with GeneratedClass '/Game/ThirdPersonCPP/Maps/ThirdPersonExampleMap.ThirdPersonExampleMap_C' with ClassGeneratedBy '/Game/ThirdPersonCPP/Maps/ThirdPersonExampleMap.ThirdPersonExampleMap:PersistentLevel.ThirdPersonExampleMap'
[2019.05.27-08.37.59:061][350]LogDataTable: Warning: UDataTable::FindRow : 'SkillDataBase.SkillDataBase' requested row '0' not in DataTable '/Game/DataTable/SkillDataBase.SkillDataBase'.
