Log file open, 06/05/19 00:19:12
LogWindows: Failed to load 'aqProf.dll' (GetLastError=126)
LogWindows: File 'aqProf.dll' does not exist
LogWindows: Failed to load 'VtuneApi.dll' (GetLastError=126)
LogWindows: File 'VtuneApi.dll' does not exist
LogWindows: Failed to load 'VtuneApi32e.dll' (GetLastError=126)
LogWindows: File 'VtuneApi32e.dll' does not exist
LogConsoleResponse: Display: Failed to find resolution value strings in scalability ini. Falling back to default.
LogInit: Display: Running engine for game: MountainAndSea
LogPakFile: Registered encryption key '00000000000000000000000000000000': 0 pak files mounted, 0 remain pending
LogPlatformFile: Not using cached read wrapper
LogTaskGraph: Started task graph with 5 named threads and 23 total threads with 3 sets of task threads.
LogStats: Stats thread started at 0.291424
LogD3D11RHI: Loaded GFSDK_Aftermath_Lib.x64.dll
LogICUInternationalization: ICU TimeZone Detection - Raw Offset: +8:00, Platform Override: ''
LogPluginManager: Mounting plugin Paper2D
LogPluginManager: Mounting plugin AISupport
LogPluginManager: Mounting plugin LightPropagationVolume
LogPluginManager: Mounting plugin ActorLayerUtilities
LogPluginManager: Mounting plugin CLionSourceCodeAccess
LogPluginManager: Mounting plugin CodeLiteSourceCodeAccess
LogPluginManager: Mounting plugin GitSourceControl
LogPluginManager: Mounting plugin KDevelopSourceCodeAccess
LogPluginManager: Mounting plugin NullSourceCodeAccess
LogPluginManager: Mounting plugin PerforceSourceControl
LogPluginManager: Mounting plugin SubversionSourceControl
LogPluginManager: Mounting plugin UObjectPlugin
LogPluginManager: Mounting plugin VisualStudioCodeSourceCodeAccess
LogPluginManager: Mounting plugin VisualStudioSourceCodeAccess
LogPluginManager: Mounting plugin XCodeSourceCodeAccess
LogPluginManager: Mounting plugin AssetManagerEditor
LogPluginManager: Mounting plugin CryptoKeys
LogPluginManager: Mounting plugin DataValidation
LogPluginManager: Mounting plugin FacialAnimation
LogPluginManager: Mounting plugin GameplayTagsEditor
LogPluginManager: Mounting plugin MacGraphicsSwitching
LogPluginManager: Mounting plugin MeshEditor
LogPluginManager: Mounting plugin MobileLauncherProfileWizard
LogPluginManager: Mounting plugin PluginBrowser
LogPluginManager: Mounting plugin SpeedTreeImporter
LogPluginManager: Mounting plugin DatasmithContent
LogPluginManager: Mounting plugin VariantManagerContent
LogPluginManager: Mounting plugin AlembicImporter
LogPluginManager: Mounting plugin AppleImageUtils
LogPluginManager: Mounting plugin AppleVision
LogPluginManager: Mounting plugin BackChannel
LogPluginManager: Mounting plugin CharacterAI
LogPluginManager: Mounting plugin GeometryCache
LogPluginManager: Mounting plugin HTML5Networking
LogPluginManager: Mounting plugin ProxyLODPlugin
LogPluginManager: Mounting plugin MagicLeap
LogPluginManager: Mounting plugin MagicLeapMedia
LogPluginManager: Mounting plugin AndroidMedia
LogPluginManager: Mounting plugin AvfMedia
LogPluginManager: Mounting plugin ImgMedia
LogPluginManager: Mounting plugin LinearTimecode
LogPluginManager: Mounting plugin MediaCompositing
LogPluginManager: Mounting plugin MediaPlayerEditor
LogPluginManager: Mounting plugin WebMMedia
LogPluginManager: Mounting plugin WmfMedia
LogPluginManager: Mounting plugin TcpMessaging
LogPluginManager: Mounting plugin UdpMessaging
LogPluginManager: Mounting plugin ActorSequence
LogPluginManager: Mounting plugin LevelSequenceEditor
LogPluginManager: Mounting plugin MatineeToLevelSequence
LogPluginManager: Mounting plugin NetcodeUnitTest
LogPluginManager: Mounting plugin NUTUnrealEngine4
LogPluginManager: Mounting plugin OnlineSubsystemGooglePlay
LogPluginManager: Mounting plugin OnlineSubsystemIOS
LogPluginManager: Mounting plugin OnlineSubsystem
LogPluginManager: Mounting plugin OnlineSubsystemNull
LogPluginManager: Mounting plugin OnlineSubsystemUtils
LogPluginManager: Mounting plugin LauncherChunkInstaller
LogPluginManager: Mounting plugin AndroidDeviceProfileSelector
LogPluginManager: Mounting plugin AndroidMoviePlayer
LogPluginManager: Mounting plugin AndroidPermission
LogPluginManager: Mounting plugin AppleMoviePlayer
LogPluginManager: Mounting plugin ArchVisCharacter
LogPluginManager: Mounting plugin AudioCapture
LogPluginManager: Mounting plugin CableComponent
LogPluginManager: Mounting plugin CustomMeshComponent
LogPluginManager: Mounting plugin EditableMesh
LogPluginManager: Mounting plugin ExampleDeviceProfileSelector
LogPluginManager: Mounting plugin Firebase
LogPluginManager: Mounting plugin GoogleCloudMessaging
LogPluginManager: Mounting plugin IOSDeviceProfileSelector
LogPluginManager: Mounting plugin LinuxDeviceProfileSelector
LogPluginManager: Mounting plugin LocationServicesBPLibrary
LogPluginManager: Mounting plugin MobilePatchingUtils
LogPluginManager: Mounting plugin OculusVR
LogPluginManager: Mounting plugin PhysXVehicles
LogPluginManager: Mounting plugin ProceduralMeshComponent
LogPluginManager: Mounting plugin RuntimePhysXCooking
LogPluginManager: Mounting plugin SteamVR
LogPluginManager: Mounting plugin WebMMoviePlayer
LogPluginManager: Mounting plugin WindowsMoviePlayer
LogStreaming: Display: Took  0.086s to configure plugins.
LogInit: Warning: Incompatible or missing module: MountainAndSea
Running G:/UE_SourceCode/Engine/Binaries/DotNET/UnrealBuildTool.exe Development Win64 -Project="G:/UE_Project/MountainAndSea/MountainAndSea.uproject" -TargetType=Editor -Progress -NoHotReloadFromIDE
Performing full C++ include scan (building a new target)
Using 'git status' to determine working set for adaptive non-unity build (G:\UE_SourceCode).
Using 'git status' to determine working set for adaptive non-unity build (G:\UE_Project\MountainAndSea).
Creating makefile for MountainAndSeaEditor (no existing makefile)
Using Visual Studio 2017 14.16.27023 toolchain (C:\Program Files (x86)\Microsoft Visual Studio\2017\Community\VC\Tools\MSVC\14.16.27023) and Windows 10.0.16299.0 SDK (C:\Program Files (x86)\Windows Kits\10).
@progress push 5%
Building UnrealHeaderTool...
Using 'git status' to determine working set for adaptive non-unity build (G:\UE_SourceCode).
Creating makefile for UnrealHeaderTool (no existing makefile)
Using Visual Studio 2017 14.16.27023 toolchain (C:\Program Files (x86)\Microsoft Visual Studio\2017\Community\VC\Tools\MSVC\14.16.27023) and Windows 10.0.16299.0 SDK (C:\Program Files (x86)\Windows Kits\10).
Target is up to date
Total build time: 1.69 seconds (NoActionsToExecute executor: 0.00 seconds)
Parsing headers for MountainAndSeaEditor
  Running UnrealHeaderTool "G:\UE_Project\MountainAndSea\MountainAndSea.uproject" "G:\UE_Project\MountainAndSea\Intermediate\Build\Win64\MountainAndSeaEditor\Development\MountainAndSeaEditor.uhtmanifest" -LogCmds="loginit warning, logexit warning, logdatabase error" -Unattended -WarningsAsErrors
Reflection code generated for MountainAndSeaEditor in 8.5891504 seconds
@progress pop
Building 28 actions with 8 processes...
  @progress 'Compiling C++ source code...' 0%
  @progress 'Compiling C++ source code...' 4%
  [1/28] MountainAndSea.cpp
  @progress 'Compiling C++ source code...' 7%
  [2/28] MountainAndSea.init.gen.cpp
  @progress 'Compiling C++ source code...' 11%
  [3/28] AnimNotify_OnSkillMontageEnd.gen.cpp
  @progress 'Compiling C++ source code...' 14%
  [4/28] MountainAndSeaGameMode.cpp
  @progress 'Compiling C++ source code...' 18%
  [5/28] MountainAndSeaCharacter.gen.cpp
  @progress 'Compiling C++ source code...' 21%
  [6/28] MountainAndSeaCharacter.cpp
  @progress 'Compiling C++ source code...' 25%
  [7/28] MountainAndSeaBaseDataDef.gen.cpp
  @progress 'Compiling C++ source code...' 29%
  [8/28] CharBaseInfoDef.gen.cpp
  @progress 'Compiling C++ source code...' 32%
  [9/28] SKillComponent.gen.cpp
  @progress 'Compiling C++ source code...' 36%
  [10/28] ISkillConfirmInterface.cpp
  @progress 'Compiling C++ source code...' 39%
  [11/28] BaseRoleCharacter.cpp
  @progress 'Compiling C++ source code...' 43%
  [12/28] MainCharacter.gen.cpp
  @progress 'Compiling C++ source code...' 46%
  [13/28] BaseRoleCharacter.gen.cpp
  @progress 'Compiling C++ source code...' 50%
  [14/28] TsingletonBase.cpp
  @progress 'Compiling C++ source code...' 54%
  [15/28] CRoleStatMachine.cpp
  @progress 'Compiling C++ source code...' 57%
  [16/28] CharBaseInfoDef.cpp
  @progress 'Compiling C++ source code...' 61%
  [17/28] MainRoleAnimInstance.gen.cpp
  @progress 'Compiling C++ source code...' 64%
  [18/28] MainRoleAnimInstance.cpp
  @progress 'Compiling C++ source code...' 68%
  [19/28] AnimNotify_OnSkillMontageEnd.cpp
  @progress 'Compiling C++ source code...' 71%
  [20/28] MountainAndSeaGameMode.gen.cpp
  @progress 'Compiling C++ source code...' 75%
  [21/28] MainCharacter.cpp
  @progress 'Compiling C++ source code...' 79%
  [22/28] ICharStatBase.cpp
  @progress 'Compiling C++ source code...' 82%
  [23/28] SkillInstance.gen.cpp
  @progress 'Compiling C++ source code...' 86%
  [24/28] SkillDataDef.gen.cpp
  @progress 'Compiling C++ source code...' 89%
  [25/28] SKillComponent.cpp
  @progress 'Compiling C++ source code...' 93%
  [26/28] SkillInstance.cpp
  @progress 'Compiling C++ source code...' 96%
  [27/28] UE4Editor-MountainAndSea.lib
    ???ڴ????? G:\UE_Project\MountainAndSea\Intermediate\Build\Win64\UE4Editor\Development\MountainAndSea\UE4Editor-MountainAndSea.lib ?Ͷ??? G:\UE_Project\MountainAndSea\Intermediate\Build\Win64\UE4Editor\Development\MountainAndSea\UE4Editor-MountainAndSea.exp
  @progress 'Compiling C++ source code...' 100%
  [28/28] UE4Editor-MountainAndSea.dll
    ???ڴ????? G:\UE_Project\MountainAndSea\Intermediate\Build\Win64\UE4Editor\Development\MountainAndSea\UE4Editor-MountainAndSea.suppressed.lib ?Ͷ??? G:\UE_Project\MountainAndSea\Intermediate\Build\Win64\UE4Editor\Development\MountainAndSea\UE4Editor-MountainAndSea.suppressed.exp
Total build time: 83.35 seconds (Parallel executor: 57.65 seconds)
LogInit: Using libcurl 7.55.1-DEV
LogInit:  - built for x86_64-pc-win32
LogInit:  - supports SSL with OpenSSL/1.0.2h
LogInit:  - supports HTTP deflate (compression) using libz 1.2.8
LogInit:  - other features:
LogInit:      CURL_VERSION_SSL
LogInit:      CURL_VERSION_LIBZ
LogInit:      CURL_VERSION_IPV6
LogInit:      CURL_VERSION_ASYNCHDNS
LogInit:      CURL_VERSION_LARGEFILE
LogInit:      CURL_VERSION_IDN
LogInit:  CurlRequestOptions (configurable via config and command line):
LogInit:  - bVerifyPeer = true  - Libcurl will verify peer certificate
LogInit:  - bUseHttpProxy = false  - Libcurl will NOT use HTTP proxy
LogInit:  - bDontReuseConnections = false  - Libcurl will reuse connections
LogInit:  - MaxHostConnections = 16  - Libcurl will limit the number of connections to a host
LogInit:  - LocalHostAddr = Default
LogInit:  - BufferSize = 65536
LogInit: WinSock: version 1.1 (2.2), MaxSocks=32767, MaxUdp=65467
LogInit: Build: ++UE4+Release-4.21-CL-0
LogInit: Engine Version: 4.21.2-0+++UE4+Release-4.21
LogInit: Compatible Engine Version: 4.21.0-0+++UE4+Release-4.21
LogInit: Net CL: 0
LogInit: OS: Windows 10 (), CPU: Intel(R) Core(TM) i7-7700 CPU @ 3.60GHz, GPU: NVIDIA GeForce GTX 1060 3GB
LogInit: Compiled (64-bit): Jun  3 2019 22:40:54
LogInit: Compiled with Visual C++: 19.16.27030.01
LogInit: Build Configuration: Development
LogInit: Branch Name: ++UE4+Release-4.21
LogInit: Command Line: 
LogInit: Base Directory: G:/UE_SourceCode/Engine/Binaries/Win64/
LogInit: Installed Engine Build: 0
LogDevObjectVersion: Number of dev versions registered: 22
LogDevObjectVersion:   Dev-Blueprints (B0D832E4-1F89-4F0D-ACCF-7EB736FD4AA2): 10
LogDevObjectVersion:   Dev-Build (E1C64328-A22C-4D53-A36C-8E866417BD8C): 0
LogDevObjectVersion:   Dev-Core (375EC13C-06E4-48FB-B500-84F0262A717E): 2
LogDevObjectVersion:   Dev-Editor (E4B068ED-F494-42E9-A231-DA0B2E46BB41): 26
LogDevObjectVersion:   Dev-Framework (CFFC743F-43B0-4480-9391-14DF171D2073): 34
LogDevObjectVersion:   Dev-Mobile (B02B49B5-BB20-44E9-A304-32B752E40360): 2
LogDevObjectVersion:   Dev-Networking (A4E4105C-59A1-49B5-A7C5-40C4547EDFEE): 0
LogDevObjectVersion:   Dev-Online (39C831C9-5AE6-47DC-9A44-9C173E1C8E7C): 0
LogDevObjectVersion:   Dev-Physics (78F01B33-EBEA-4F98-B9B4-84EACCB95AA2): 0
LogDevObjectVersion:   Dev-Platform (6631380F-2D4D-43E0-8009-CF276956A95A): 0
LogDevObjectVersion:   Dev-Rendering (12F88B9F-8875-4AFC-A67C-D90C383ABD29): 27
LogDevObjectVersion:   Dev-Sequencer (7B5AE74C-D270-4C10-A958-57980B212A5A): 9
LogDevObjectVersion:   Dev-VR (D7296918-1DD6-4BDD-9DE2-64A83CC13884): 2
LogDevObjectVersion:   Dev-LoadTimes (C2A15278-BFE7-4AFE-6C17-90FF531DF755): 1
LogDevObjectVersion:   Private-Geometry (6EACA3D4-40EC-4CC1-B786-8BED09428FC5): 3
LogDevObjectVersion:   Dev-AnimPhys (29E575DD-E0A3-4627-9D10-D276232CDCEA): 17
LogDevObjectVersion:   Dev-Anim (AF43A65D-7FD3-4947-9873-3E8ED9C1BB05): 2
LogDevObjectVersion:   Dev-ReflectionCapture (6B266CEC-1EC7-4B8F-A30B-E4D90942FC07): 1
LogDevObjectVersion:   Dev-Automation (0DF73D61-A23F-47EA-B727-89E90C41499A): 1
LogDevObjectVersion:   FortniteMain (601D1886-AC64-4F84-AA16-D3DE0DEAC7D6): 17
LogDevObjectVersion:   Dev-Enterprise (9DFFBCD6-494F-0158-E221-12823C92A888): 4
LogDevObjectVersion:   Dev-Niagara (F2AED0AC-9AFE-416F-8664-AA7FFA26D6FC): 1
LogStreaming: Display: Took  0.002s to delete old logs.
LogInit: Presizing for max 8388607 objects, including 0 objects not considered by GC, pre-allocating 0 bytes for permanent pool.
LogInit: Object subsystem initialized
LogConfig: Setting CVar [[con.DebugEarlyDefault:1]]
LogConfig: Setting CVar [[r.setres:1280x720]]
[2019.06.04-16.20.39:222][  0]LogConfig: Setting CVar [[r.VSync:0]]
[2019.06.04-16.20.39:222][  0]LogConfig: Setting CVar [[r.RHICmdBypass:0]]
[2019.06.04-16.20.39:222][  0]LogConfig: Applying CVar settings from Section [/Script/Engine.RendererSettings] File [G:/UE_Project/MountainAndSea/Saved/Config/Windows/Engine.ini]
[2019.06.04-16.20.39:222][  0]LogConfig: Setting CVar [[r.GPUCrashDebugging:0]]
[2019.06.04-16.20.39:222][  0]LogConfig: Applying CVar settings from Section [/Script/Engine.RendererOverrideSettings] File [G:/UE_Project/MountainAndSea/Saved/Config/Windows/Engine.ini]
[2019.06.04-16.20.39:222][  0]LogConfig: Applying CVar settings from Section [/Script/Engine.StreamingSettings] File [G:/UE_Project/MountainAndSea/Saved/Config/Windows/Engine.ini]
[2019.06.04-16.20.39:222][  0]LogConfig: Setting CVar [[s.MinBulkDataSizeForAsyncLoading:131072]]
[2019.06.04-16.20.39:222][  0]LogConfig: Setting CVar [[s.AsyncLoadingThreadEnabled:0]]
[2019.06.04-16.20.39:222][  0]LogConfig: Setting CVar [[s.EventDrivenLoaderEnabled:1]]
[2019.06.04-16.20.39:222][  0]LogConfig: Setting CVar [[s.WarnIfTimeLimitExceeded:0]]
[2019.06.04-16.20.39:222][  0]LogConfig: Setting CVar [[s.TimeLimitExceededMultiplier:1.5]]
[2019.06.04-16.20.39:222][  0]LogConfig: Setting CVar [[s.TimeLimitExceededMinTime:0.005]]
[2019.06.04-16.20.39:222][  0]LogConfig: Setting CVar [[s.UseBackgroundLevelStreaming:1]]
[2019.06.04-16.20.39:222][  0]LogConfig: Setting CVar [[s.PriorityAsyncLoadingExtraTime:15.0]]
[2019.06.04-16.20.39:222][  0]LogConfig: Setting CVar [[s.LevelStreamingActorsUpdateTimeLimit:5.0]]
[2019.06.04-16.20.39:222][  0]LogConfig: Setting CVar [[s.PriorityLevelStreamingActorsUpdateExtraTime:5.0]]
[2019.06.04-16.20.39:222][  0]LogConfig: Setting CVar [[s.LevelStreamingComponentsRegistrationGranularity:10]]
[2019.06.04-16.20.39:222][  0]LogConfig: Setting CVar [[s.UnregisterComponentsTimeLimit:1.0]]
[2019.06.04-16.20.39:222][  0]LogConfig: Setting CVar [[s.LevelStreamingComponentsUnregistrationGranularity:5]]
[2019.06.04-16.20.39:222][  0]LogConfig: Applying CVar settings from Section [/Script/Engine.GarbageCollectionSettings] File [G:/UE_Project/MountainAndSea/Saved/Config/Windows/Engine.ini]
[2019.06.04-16.20.39:222][  0]LogConfig: Setting CVar [[gc.MaxObjectsNotConsideredByGC:1]]
[2019.06.04-16.20.39:222][  0]LogConfig: Setting CVar [[gc.SizeOfPermanentObjectPool:0]]
[2019.06.04-16.20.39:222][  0]LogConfig: Setting CVar [[gc.FlushStreamingOnGC:0]]
[2019.06.04-16.20.39:222][  0]LogConfig: Setting CVar [[gc.NumRetriesBeforeForcingGC:10]]
[2019.06.04-16.20.39:222][  0]LogConfig: Setting CVar [[gc.AllowParallelGC:1]]
[2019.06.04-16.20.39:222][  0]LogConfig: Setting CVar [[gc.TimeBetweenPurgingPendingKillObjects:61.1]]
[2019.06.04-16.20.39:222][  0]LogConfig: Setting CVar [[gc.MaxObjectsInEditor:8388607]]
[2019.06.04-16.20.39:222][  0]LogConfig: Setting CVar [[gc.IncrementalBeginDestroyEnabled:1]]
[2019.06.04-16.20.39:222][  0]LogConfig: Setting CVar [[gc.CreateGCClusters:1]]
[2019.06.04-16.20.39:223][  0]LogConfig: Setting CVar [[gc.MergeGCClusters:0]]
[2019.06.04-16.20.39:223][  0]LogConfig: Setting CVar [[gc.MinGCClusterSize:5]]
[2019.06.04-16.20.39:223][  0]LogConfig: Setting CVar [[gc.ActorClusteringEnabled:0]]
[2019.06.04-16.20.39:223][  0]LogConfig: Setting CVar [[gc.BlueprintClusteringEnabled:0]]
[2019.06.04-16.20.39:223][  0]LogConfig: Setting CVar [[gc.UseDisregardForGCOnDedicatedServers:0]]
[2019.06.04-16.20.39:223][  0]LogConfig: Applying CVar settings from Section [/Script/Engine.NetworkSettings] File [G:/UE_Project/MountainAndSea/Saved/Config/Windows/Engine.ini]
[2019.06.04-16.20.39:223][  0]LogConfig: Applying CVar settings from Section [/Script/UnrealEd.CookerSettings] File [G:/UE_Project/MountainAndSea/Saved/Config/Windows/Engine.ini]
[2019.06.04-16.20.39:224][  0]LogConfig: Applying CVar settings from Section [ViewDistanceQuality@3] File [G:/UE_Project/MountainAndSea/Saved/Config/Windows/Scalability.ini]
[2019.06.04-16.20.39:224][  0]LogConfig: Setting CVar [[r.SkeletalMeshLODBias:0]]
[2019.06.04-16.20.39:224][  0]LogConfig: Setting CVar [[r.ViewDistanceScale:1.0]]
[2019.06.04-16.20.39:224][  0]LogConfig: Applying CVar settings from Section [AntiAliasingQuality@3] File [G:/UE_Project/MountainAndSea/Saved/Config/Windows/Scalability.ini]
[2019.06.04-16.20.39:224][  0]LogConfig: Setting CVar [[r.PostProcessAAQuality:4]]
[2019.06.04-16.20.39:224][  0]LogConfig: Applying CVar settings from Section [ShadowQuality@3] File [G:/UE_Project/MountainAndSea/Saved/Config/Windows/Scalability.ini]
[2019.06.04-16.20.39:224][  0]LogConfig: Setting CVar [[r.LightFunctionQuality:1]]
[2019.06.04-16.20.39:224][  0]LogConfig: Setting CVar [[r.ShadowQuality:5]]
[2019.06.04-16.20.39:224][  0]LogConfig: Setting CVar [[r.Shadow.CSM.MaxCascades:10]]
[2019.06.04-16.20.39:224][  0]LogConfig: Setting CVar [[r.Shadow.MaxResolution:2048]]
[2019.06.04-16.20.39:224][  0]LogConfig: Setting CVar [[r.Shadow.MaxCSMResolution:2048]]
[2019.06.04-16.20.39:224][  0]LogConfig: Setting CVar [[r.Shadow.RadiusThreshold:0.01]]
[2019.06.04-16.20.39:224][  0]LogConfig: Setting CVar [[r.Shadow.DistanceScale:1.0]]
[2019.06.04-16.20.39:224][  0]LogConfig: Setting CVar [[r.Shadow.CSM.TransitionScale:1.0]]
[2019.06.04-16.20.39:224][  0]LogConfig: Setting CVar [[r.Shadow.PreShadowResolutionFactor:1.0]]
[2019.06.04-16.20.39:224][  0]LogConfig: Setting CVar [[r.DistanceFieldShadowing:1]]
[2019.06.04-16.20.39:224][  0]LogConfig: Setting CVar [[r.DistanceFieldAO:1]]
[2019.06.04-16.20.39:224][  0]LogConfig: Setting CVar [[r.AOQuality:2]]
[2019.06.04-16.20.39:224][  0]LogConfig: Setting CVar [[r.VolumetricFog:1]]
[2019.06.04-16.20.39:224][  0]LogConfig: Setting CVar [[r.VolumetricFog.GridPixelSize:8]]
[2019.06.04-16.20.39:224][  0]LogConfig: Setting CVar [[r.VolumetricFog.GridSizeZ:128]]
[2019.06.04-16.20.39:224][  0]LogConfig: Setting CVar [[r.VolumetricFog.HistoryMissSupersampleCount:4]]
[2019.06.04-16.20.39:225][  0]LogConfig: Setting CVar [[r.LightMaxDrawDistanceScale:1]]
[2019.06.04-16.20.39:225][  0]LogConfig: Setting CVar [[r.CapsuleShadows:1]]
[2019.06.04-16.20.39:225][  0]LogConfig: Applying CVar settings from Section [PostProcessQuality@3] File [G:/UE_Project/MountainAndSea/Saved/Config/Windows/Scalability.ini]
[2019.06.04-16.20.39:225][  0]LogConfig: Setting CVar [[r.MotionBlurQuality:4]]
[2019.06.04-16.20.39:225][  0]LogConfig: Setting CVar [[r.AmbientOcclusionMipLevelFactor:0.4]]
[2019.06.04-16.20.39:225][  0]LogConfig: Setting CVar [[r.AmbientOcclusionMaxQuality:100]]
[2019.06.04-16.20.39:225][  0]LogConfig: Setting CVar [[r.AmbientOcclusionLevels:-1]]
[2019.06.04-16.20.39:225][  0]LogConfig: Setting CVar [[r.AmbientOcclusionRadiusScale:1.0]]
[2019.06.04-16.20.39:225][  0]LogConfig: Setting CVar [[r.DepthOfFieldQuality:2]]
[2019.06.04-16.20.39:225][  0]LogConfig: Setting CVar [[r.RenderTargetPoolMin:400]]
[2019.06.04-16.20.39:225][  0]LogConfig: Setting CVar [[r.LensFlareQuality:2]]
[2019.06.04-16.20.39:225][  0]LogConfig: Setting CVar [[r.SceneColorFringeQuality:1]]
[2019.06.04-16.20.39:225][  0]LogConfig: Setting CVar [[r.EyeAdaptationQuality:2]]
[2019.06.04-16.20.39:225][  0]LogConfig: Setting CVar [[r.BloomQuality:5]]
[2019.06.04-16.20.39:225][  0]LogConfig: Setting CVar [[r.FastBlurThreshold:100]]
[2019.06.04-16.20.39:225][  0]LogConfig: Setting CVar [[r.Upscale.Quality:3]]
[2019.06.04-16.20.39:225][  0]LogConfig: Setting CVar [[r.Tonemapper.GrainQuantization:1]]
[2019.06.04-16.20.39:225][  0]LogConfig: Setting CVar [[r.LightShaftQuality:1]]
[2019.06.04-16.20.39:225][  0]LogConfig: Setting CVar [[r.Filter.SizeScale:1]]
[2019.06.04-16.20.39:225][  0]LogConfig: Setting CVar [[r.Tonemapper.Quality:5]]
[2019.06.04-16.20.39:225][  0]LogConfig: Setting CVar [[r.DOF.Gather.AccumulatorQuality:1        ; higher gathering accumulator quality]]
[2019.06.04-16.20.39:225][  0]LogConfig: Setting CVar [[r.DOF.Gather.PostfilterMethod:1          ; Median3x3 postfilering method]]
[2019.06.04-16.20.39:225][  0]LogConfig: Setting CVar [[r.DOF.Gather.EnableBokehSettings:0       ; no bokeh simulation when gathering]]
[2019.06.04-16.20.39:225][  0]LogConfig: Setting CVar [[r.DOF.Gather.RingCount:4                 ; medium number of samples when gathering]]
[2019.06.04-16.20.39:225][  0]LogConfig: Setting CVar [[r.DOF.Scatter.ForegroundCompositing:1    ; additive foreground scattering]]
[2019.06.04-16.20.39:225][  0]LogConfig: Setting CVar [[r.DOF.Scatter.BackgroundCompositing:2    ; additive background scattering]]
[2019.06.04-16.20.39:225][  0]LogConfig: Setting CVar [[r.DOF.Scatter.EnableBokehSettings:1      ; bokeh simulation when scattering]]
[2019.06.04-16.20.39:225][  0]LogConfig: Setting CVar [[r.DOF.Scatter.MaxSpriteRatio:0.1         ; only a maximum of 10% of scattered bokeh]]
[2019.06.04-16.20.39:225][  0]LogConfig: Setting CVar [[r.DOF.Recombine.Quality:1                ; cheap slight out of focus]]
[2019.06.04-16.20.39:225][  0]LogConfig: Setting CVar [[r.DOF.Recombine.EnableBokehSettings:0    ; no bokeh simulation on slight out of focus]]
[2019.06.04-16.20.39:225][  0]LogConfig: Setting CVar [[r.DOF.TemporalAAQuality:1                ; more stable temporal accumulation]]
[2019.06.04-16.20.39:225][  0]LogConfig: Setting CVar [[r.DOF.Kernel.MaxForegroundRadius:0.025]]
[2019.06.04-16.20.39:225][  0]LogConfig: Setting CVar [[r.DOF.Kernel.MaxBackgroundRadius:0.025]]
[2019.06.04-16.20.39:225][  0]LogConfig: Applying CVar settings from Section [TextureQuality@3] File [G:/UE_Project/MountainAndSea/Saved/Config/Windows/Scalability.ini]
[2019.06.04-16.20.39:225][  0]LogConfig: Setting CVar [[r.Streaming.MipBias:0]]
[2019.06.04-16.20.39:225][  0]LogConfig: Setting CVar [[r.Streaming.AmortizeCPUToGPUCopy:0]]
[2019.06.04-16.20.39:225][  0]LogConfig: Setting CVar [[r.Streaming.MaxNumTexturesToStreamPerFrame:0]]
[2019.06.04-16.20.39:225][  0]LogConfig: Setting CVar [[r.Streaming.Boost:1]]
[2019.06.04-16.20.39:225][  0]LogConfig: Setting CVar [[r.MaxAnisotropy:8]]
[2019.06.04-16.20.39:225][  0]LogConfig: Setting CVar [[r.Streaming.LimitPoolSizeToVRAM:0]]
[2019.06.04-16.20.39:225][  0]LogConfig: Setting CVar [[r.Streaming.PoolSize:1000]]
[2019.06.04-16.20.39:225][  0]LogConfig: Setting CVar [[r.Streaming.MaxEffectiveScreenSize:0]]
[2019.06.04-16.20.39:225][  0]LogConfig: Applying CVar settings from Section [EffectsQuality@3] File [G:/UE_Project/MountainAndSea/Saved/Config/Windows/Scalability.ini]
[2019.06.04-16.20.39:225][  0]LogConfig: Setting CVar [[r.TranslucencyLightingVolumeDim:64]]
[2019.06.04-16.20.39:225][  0]LogConfig: Setting CVar [[r.RefractionQuality:2]]
[2019.06.04-16.20.39:225][  0]LogConfig: Setting CVar [[r.SSR.Quality:3]]
[2019.06.04-16.20.39:225][  0]LogConfig: Setting CVar [[r.SceneColorFormat:4]]
[2019.06.04-16.20.39:225][  0]LogConfig: Setting CVar [[r.DetailMode:2]]
[2019.06.04-16.20.39:225][  0]LogConfig: Setting CVar [[r.TranslucencyVolumeBlur:1]]
[2019.06.04-16.20.39:225][  0]LogConfig: Setting CVar [[r.MaterialQualityLevel:1 ; High quality]]
[2019.06.04-16.20.39:225][  0]LogConfig: Setting CVar [[r.SSS.Scale:1]]
[2019.06.04-16.20.39:225][  0]LogConfig: Setting CVar [[r.SSS.SampleSet:2]]
[2019.06.04-16.20.39:225][  0]LogConfig: Setting CVar [[r.SSS.Quality:1]]
[2019.06.04-16.20.39:225][  0]LogConfig: Setting CVar [[r.SSS.HalfRes:1]]
[2019.06.04-16.20.39:225][  0]LogConfig: Setting CVar [[r.EmitterSpawnRateScale:1.0]]
[2019.06.04-16.20.39:225][  0]LogConfig: Setting CVar [[r.ParticleLightQuality:2]]
[2019.06.04-16.20.39:225][  0]LogConfig: Applying CVar settings from Section [FoliageQuality@3] File [G:/UE_Project/MountainAndSea/Saved/Config/Windows/Scalability.ini]
[2019.06.04-16.20.39:225][  0]LogConfig: Setting CVar [[foliage.DensityScale:1.0]]
[2019.06.04-16.20.39:225][  0]LogConfig: Setting CVar [[grass.DensityScale:1.0]]
[2019.06.04-16.20.39:225][  0]LogInit: Selected Device Profile: [Windows]
[2019.06.04-16.20.39:225][  0]LogInit: Applying CVar settings loaded from the selected device profile: [Windows]
[2019.06.04-16.20.39:234][  0]LogHAL: Display: Platform has ~ 16 GB [17116848128 / 17179869184 / 16], which maps to Larger [LargestMinGB=32, LargerMinGB=12, DefaultMinGB=8, SmallerMinGB=6, SmallestMinGB=0)
[2019.06.04-16.20.39:234][  0]LogConfig: Setting CVar [[r.Vulkan.UseRealUBs:1]]
[2019.06.04-16.20.39:234][  0]LogInit: Going up to parent DeviceProfile []
[2019.06.04-16.20.39:234][  0]LogConfig: Applying CVar settings from Section [ViewDistanceQuality@3] File [G:/UE_Project/MountainAndSea/Saved/Config/Windows/Scalability.ini]
[2019.06.04-16.20.39:234][  0]LogConfig: Setting CVar [[r.SkeletalMeshLODBias:0]]
[2019.06.04-16.20.39:234][  0]LogConfig: Setting CVar [[r.ViewDistanceScale:1.0]]
[2019.06.04-16.20.39:234][  0]LogConfig: Applying CVar settings from Section [AntiAliasingQuality@3] File [G:/UE_Project/MountainAndSea/Saved/Config/Windows/Scalability.ini]
[2019.06.04-16.20.39:234][  0]LogConfig: Setting CVar [[r.PostProcessAAQuality:4]]
[2019.06.04-16.20.39:234][  0]LogConfig: Applying CVar settings from Section [ShadowQuality@3] File [G:/UE_Project/MountainAndSea/Saved/Config/Windows/Scalability.ini]
[2019.06.04-16.20.39:234][  0]LogConfig: Setting CVar [[r.LightFunctionQuality:1]]
[2019.06.04-16.20.39:234][  0]LogConfig: Setting CVar [[r.ShadowQuality:5]]
[2019.06.04-16.20.39:234][  0]LogConfig: Setting CVar [[r.Shadow.CSM.MaxCascades:10]]
[2019.06.04-16.20.39:234][  0]LogConfig: Setting CVar [[r.Shadow.MaxResolution:2048]]
[2019.06.04-16.20.39:234][  0]LogConfig: Setting CVar [[r.Shadow.MaxCSMResolution:2048]]
[2019.06.04-16.20.39:234][  0]LogConfig: Setting CVar [[r.Shadow.RadiusThreshold:0.01]]
[2019.06.04-16.20.39:234][  0]LogConfig: Setting CVar [[r.Shadow.DistanceScale:1.0]]
[2019.06.04-16.20.39:234][  0]LogConfig: Setting CVar [[r.Shadow.CSM.TransitionScale:1.0]]
[2019.06.04-16.20.39:234][  0]LogConfig: Setting CVar [[r.Shadow.PreShadowResolutionFactor:1.0]]
[2019.06.04-16.20.39:234][  0]LogConfig: Setting CVar [[r.DistanceFieldShadowing:1]]
[2019.06.04-16.20.39:234][  0]LogConfig: Setting CVar [[r.DistanceFieldAO:1]]
[2019.06.04-16.20.39:234][  0]LogConfig: Setting CVar [[r.AOQuality:2]]
[2019.06.04-16.20.39:234][  0]LogConfig: Setting CVar [[r.VolumetricFog:1]]
[2019.06.04-16.20.39:234][  0]LogConfig: Setting CVar [[r.VolumetricFog.GridPixelSize:8]]
[2019.06.04-16.20.39:234][  0]LogConfig: Setting CVar [[r.VolumetricFog.GridSizeZ:128]]
[2019.06.04-16.20.39:234][  0]LogConfig: Setting CVar [[r.VolumetricFog.HistoryMissSupersampleCount:4]]
[2019.06.04-16.20.39:234][  0]LogConfig: Setting CVar [[r.LightMaxDrawDistanceScale:1]]
[2019.06.04-16.20.39:234][  0]LogConfig: Setting CVar [[r.CapsuleShadows:1]]
[2019.06.04-16.20.39:234][  0]LogConfig: Applying CVar settings from Section [PostProcessQuality@3] File [G:/UE_Project/MountainAndSea/Saved/Config/Windows/Scalability.ini]
[2019.06.04-16.20.39:234][  0]LogConfig: Setting CVar [[r.MotionBlurQuality:4]]
[2019.06.04-16.20.39:234][  0]LogConfig: Setting CVar [[r.AmbientOcclusionMipLevelFactor:0.4]]
[2019.06.04-16.20.39:234][  0]LogConfig: Setting CVar [[r.AmbientOcclusionMaxQuality:100]]
[2019.06.04-16.20.39:234][  0]LogConfig: Setting CVar [[r.AmbientOcclusionLevels:-1]]
[2019.06.04-16.20.39:234][  0]LogConfig: Setting CVar [[r.AmbientOcclusionRadiusScale:1.0]]
[2019.06.04-16.20.39:234][  0]LogConfig: Setting CVar [[r.DepthOfFieldQuality:2]]
[2019.06.04-16.20.39:234][  0]LogConfig: Setting CVar [[r.RenderTargetPoolMin:400]]
[2019.06.04-16.20.39:234][  0]LogConfig: Setting CVar [[r.LensFlareQuality:2]]
[2019.06.04-16.20.39:234][  0]LogConfig: Setting CVar [[r.SceneColorFringeQuality:1]]
[2019.06.04-16.20.39:234][  0]LogConfig: Setting CVar [[r.EyeAdaptationQuality:2]]
[2019.06.04-16.20.39:234][  0]LogConfig: Setting CVar [[r.BloomQuality:5]]
[2019.06.04-16.20.39:234][  0]LogConfig: Setting CVar [[r.FastBlurThreshold:100]]
[2019.06.04-16.20.39:234][  0]LogConfig: Setting CVar [[r.Upscale.Quality:3]]
[2019.06.04-16.20.39:234][  0]LogConfig: Setting CVar [[r.Tonemapper.GrainQuantization:1]]
[2019.06.04-16.20.39:235][  0]LogConfig: Setting CVar [[r.LightShaftQuality:1]]
[2019.06.04-16.20.39:235][  0]LogConfig: Setting CVar [[r.Filter.SizeScale:1]]
[2019.06.04-16.20.39:235][  0]LogConfig: Setting CVar [[r.Tonemapper.Quality:5]]
[2019.06.04-16.20.39:235][  0]LogConfig: Setting CVar [[r.DOF.Gather.AccumulatorQuality:1        ; higher gathering accumulator quality]]
[2019.06.04-16.20.39:235][  0]LogConfig: Setting CVar [[r.DOF.Gather.PostfilterMethod:1          ; Median3x3 postfilering method]]
[2019.06.04-16.20.39:235][  0]LogConfig: Setting CVar [[r.DOF.Gather.EnableBokehSettings:0       ; no bokeh simulation when gathering]]
[2019.06.04-16.20.39:235][  0]LogConfig: Setting CVar [[r.DOF.Gather.RingCount:4                 ; medium number of samples when gathering]]
[2019.06.04-16.20.39:235][  0]LogConfig: Setting CVar [[r.DOF.Scatter.ForegroundCompositing:1    ; additive foreground scattering]]
[2019.06.04-16.20.39:235][  0]LogConfig: Setting CVar [[r.DOF.Scatter.BackgroundCompositing:2    ; additive background scattering]]
[2019.06.04-16.20.39:235][  0]LogConfig: Setting CVar [[r.DOF.Scatter.EnableBokehSettings:1      ; bokeh simulation when scattering]]
[2019.06.04-16.20.39:235][  0]LogConfig: Setting CVar [[r.DOF.Scatter.MaxSpriteRatio:0.1         ; only a maximum of 10% of scattered bokeh]]
[2019.06.04-16.20.39:235][  0]LogConfig: Setting CVar [[r.DOF.Recombine.Quality:1                ; cheap slight out of focus]]
[2019.06.04-16.20.39:235][  0]LogConfig: Setting CVar [[r.DOF.Recombine.EnableBokehSettings:0    ; no bokeh simulation on slight out of focus]]
[2019.06.04-16.20.39:235][  0]LogConfig: Setting CVar [[r.DOF.TemporalAAQuality:1                ; more stable temporal accumulation]]
[2019.06.04-16.20.39:235][  0]LogConfig: Setting CVar [[r.DOF.Kernel.MaxForegroundRadius:0.025]]
[2019.06.04-16.20.39:235][  0]LogConfig: Setting CVar [[r.DOF.Kernel.MaxBackgroundRadius:0.025]]
[2019.06.04-16.20.39:235][  0]LogConfig: Applying CVar settings from Section [TextureQuality@3] File [G:/UE_Project/MountainAndSea/Saved/Config/Windows/Scalability.ini]
[2019.06.04-16.20.39:235][  0]LogConfig: Setting CVar [[r.Streaming.MipBias:0]]
[2019.06.04-16.20.39:235][  0]LogConfig: Setting CVar [[r.Streaming.AmortizeCPUToGPUCopy:0]]
[2019.06.04-16.20.39:235][  0]LogConfig: Setting CVar [[r.Streaming.MaxNumTexturesToStreamPerFrame:0]]
[2019.06.04-16.20.39:235][  0]LogConfig: Setting CVar [[r.Streaming.Boost:1]]
[2019.06.04-16.20.39:235][  0]LogConfig: Setting CVar [[r.MaxAnisotropy:8]]
[2019.06.04-16.20.39:235][  0]LogConfig: Setting CVar [[r.Streaming.LimitPoolSizeToVRAM:0]]
[2019.06.04-16.20.39:235][  0]LogConfig: Setting CVar [[r.Streaming.PoolSize:1000]]
[2019.06.04-16.20.39:235][  0]LogConfig: Setting CVar [[r.Streaming.MaxEffectiveScreenSize:0]]
[2019.06.04-16.20.39:235][  0]LogConfig: Applying CVar settings from Section [EffectsQuality@3] File [G:/UE_Project/MountainAndSea/Saved/Config/Windows/Scalability.ini]
[2019.06.04-16.20.39:235][  0]LogConfig: Setting CVar [[r.TranslucencyLightingVolumeDim:64]]
[2019.06.04-16.20.39:235][  0]LogConfig: Setting CVar [[r.RefractionQuality:2]]
[2019.06.04-16.20.39:235][  0]LogConfig: Setting CVar [[r.SSR.Quality:3]]
[2019.06.04-16.20.39:235][  0]LogConfig: Setting CVar [[r.SceneColorFormat:4]]
[2019.06.04-16.20.39:235][  0]LogConfig: Setting CVar [[r.DetailMode:2]]
[2019.06.04-16.20.39:235][  0]LogConfig: Setting CVar [[r.TranslucencyVolumeBlur:1]]
[2019.06.04-16.20.39:235][  0]LogConfig: Setting CVar [[r.MaterialQualityLevel:1 ; High quality]]
[2019.06.04-16.20.39:235][  0]LogConfig: Setting CVar [[r.SSS.Scale:1]]
[2019.06.04-16.20.39:235][  0]LogConfig: Setting CVar [[r.SSS.SampleSet:2]]
[2019.06.04-16.20.39:235][  0]LogConfig: Setting CVar [[r.SSS.Quality:1]]
[2019.06.04-16.20.39:235][  0]LogConfig: Setting CVar [[r.SSS.HalfRes:1]]
[2019.06.04-16.20.39:235][  0]LogConfig: Setting CVar [[r.EmitterSpawnRateScale:1.0]]
[2019.06.04-16.20.39:235][  0]LogConfig: Setting CVar [[r.ParticleLightQuality:2]]
[2019.06.04-16.20.39:235][  0]LogConfig: Applying CVar settings from Section [FoliageQuality@3] File [G:/UE_Project/MountainAndSea/Saved/Config/Windows/Scalability.ini]
[2019.06.04-16.20.39:235][  0]LogConfig: Setting CVar [[foliage.DensityScale:1.0]]
[2019.06.04-16.20.39:235][  0]LogConfig: Setting CVar [[grass.DensityScale:1.0]]
[2019.06.04-16.20.39:235][  0]LogConfig: Applying CVar settings from Section [Startup] File [../../../Engine/Config/ConsoleVariables.ini]
[2019.06.04-16.20.39:235][  0]LogConfig: Setting CVar [[net.UseAdaptiveNetUpdateFrequency:0]]
[2019.06.04-16.20.39:235][  0]LogConfig: Applying CVar settings from Section [ConsoleVariables] File [G:/UE_Project/MountainAndSea/Saved/Config/Windows/Engine.ini]
[2019.06.04-16.20.39:235][  0]LogInit: Computer: LORKTA
[2019.06.04-16.20.39:235][  0]LogInit: User: lorkt
[2019.06.04-16.20.39:235][  0]LogInit: CPU Page size=4096, Cores=4
[2019.06.04-16.20.39:235][  0]LogInit: High frequency timer resolution =3.515630 MHz
[2019.06.04-16.20.39:235][  0]LogMemory: Memory total: Physical=15.9GB (16GB approx)
[2019.06.04-16.20.39:235][  0]LogMemory: Platform Memory Stats for Windows
[2019.06.04-16.20.39:236][  0]LogMemory: Process Physical Memory: 107.48 MB used, 107.48 MB peak
[2019.06.04-16.20.39:236][  0]LogMemory: Process Virtual Memory: 106.65 MB used, 106.65 MB peak
[2019.06.04-16.20.39:236][  0]LogMemory: Physical Memory: 5149.16 MB used,  11174.73 MB free, 16323.90 MB total
[2019.06.04-16.20.39:236][  0]LogMemory: Virtual Memory: 4700.45 MB used,  134213024.00 MB free, 134217728.00 MB total
[2019.06.04-16.20.39:253][  0]LogInit: Overriding language with editor language configuration option (en).
[2019.06.04-16.20.39:253][  0]LogInit: Overriding locale with editor locale configuration option (en).
[2019.06.04-16.20.39:550][  0]LogStreaming: Display: Took  0.297s to InitEngineTextLocalization.
[2019.06.04-16.20.39:550][  0]LogInit: Setting process to per monitor DPI aware
[2019.06.04-16.20.39:583][  0]LogSlate: New Slate User Created.  User Index 0, Is Virtual User: 0
[2019.06.04-16.20.39:583][  0]LogSlate: Slate User Registered.  User Index 0, Is Virtual User: 0
[2019.06.04-16.20.39:720][  0]LogHMD: Failed to initialize OpenVR with code 110
[2019.06.04-16.20.39:720][  0]LogD3D11RHI: D3D11 adapters:
[2019.06.04-16.20.39:767][  0]LogD3D11RHI:    0. 'NVIDIA GeForce GTX 1060 3GB' (Feature Level 11_0)
[2019.06.04-16.20.39:767][  0]LogD3D11RHI:       2997/0/8161 MB DedicatedVideo/DedicatedSystem/SharedSystem, Outputs:1, VendorId:0x10de
[2019.06.04-16.20.39:769][  0]LogD3D11RHI:    1. 'Microsoft Basic Render Driver' (Feature Level 11_0)
[2019.06.04-16.20.39:769][  0]LogD3D11RHI:       0/0/8161 MB DedicatedVideo/DedicatedSystem/SharedSystem, Outputs:0, VendorId:0x1414
[2019.06.04-16.20.39:769][  0]LogD3D11RHI: Chosen D3D11 Adapter: 0
[2019.06.04-16.20.39:775][  0]LogD3D11RHI: Creating new Direct3DDevice
[2019.06.04-16.20.39:775][  0]LogD3D11RHI:     GPU DeviceId: 0x1c02 (for the marketing name, search the web for "GPU Device Id")
[2019.06.04-16.20.39:776][  0]LogWindows: EnumDisplayDevices:
[2019.06.04-16.20.39:776][  0]LogWindows:    0. 'NVIDIA GeForce GTX 1060 3GB' (P:1 D:1)
[2019.06.04-16.20.39:776][  0]LogWindows:    1. 'NVIDIA GeForce GTX 1060 3GB' (P:0 D:0)
[2019.06.04-16.20.39:776][  0]LogWindows:    2. 'NVIDIA GeForce GTX 1060 3GB' (P:0 D:0)
[2019.06.04-16.20.39:776][  0]LogWindows:    3. 'NVIDIA GeForce GTX 1060 3GB' (P:0 D:0)
[2019.06.04-16.20.39:776][  0]LogWindows: DebugString: FoundDriverCount:4 
[2019.06.04-16.20.39:776][  0]LogD3D11RHI:     Adapter Name: NVIDIA GeForce GTX 1060 3GB
[2019.06.04-16.20.39:776][  0]LogD3D11RHI:   Driver Version: 388.13 (internal:23.21.13.8813, unified:388.13)
[2019.06.04-16.20.39:777][  0]LogD3D11RHI:      Driver Date: 10-27-2017
[2019.06.04-16.20.39:777][  0]LogRHI: Texture pool is 2097 MB (70% of 2997 MB)
[2019.06.04-16.20.39:802][  0]LogD3D11RHI: Async texture creation enabled
[2019.06.04-16.20.39:812][  0]LogD3D11RHI: GPU Timing Frequency: 1000.000000 (Debug: 2 1)
[2019.06.04-16.20.40:053][  0]LogTemp: Display: Loaded TP AllDesktopTargetPlatform
[2019.06.04-16.20.40:063][  0]LogTemp: Display: Loaded TP MacClientTargetPlatform
[2019.06.04-16.20.40:073][  0]LogTemp: Display: Loaded TP MacNoEditorTargetPlatform
[2019.06.04-16.20.40:082][  0]LogTemp: Display: Loaded TP MacServerTargetPlatform
[2019.06.04-16.20.40:093][  0]LogTemp: Display: Loaded TP MacTargetPlatform
[2019.06.04-16.20.40:103][  0]LogTemp: Display: Loaded TP WindowsClientTargetPlatform
[2019.06.04-16.20.40:113][  0]LogTemp: Display: Loaded TP WindowsNoEditorTargetPlatform
[2019.06.04-16.20.40:123][  0]LogTemp: Display: Loaded TP WindowsServerTargetPlatform
[2019.06.04-16.20.40:129][  0]LogTemp: Display: Loaded TP WindowsTargetPlatform
[2019.06.04-16.20.40:167][  0]LogTemp: Display: Loaded TP AndroidTargetPlatform
[2019.06.04-16.20.40:167][  0]LogTemp: Display: Loaded TP AndroidTargetPlatform
[2019.06.04-16.20.40:167][  0]LogTemp: Display: Loaded TP AndroidTargetPlatform
[2019.06.04-16.20.40:167][  0]LogTemp: Display: Loaded TP AndroidTargetPlatform
[2019.06.04-16.20.40:167][  0]LogTemp: Display: Loaded TP AndroidTargetPlatform
[2019.06.04-16.20.40:167][  0]LogTemp: Display: Loaded TP AndroidTargetPlatform
[2019.06.04-16.20.40:167][  0]LogTemp: Display: Loaded TP AndroidTargetPlatform
[2019.06.04-16.20.40:167][  0]LogTemp: Display: Loaded TP AndroidTargetPlatform
[2019.06.04-16.20.40:167][  0]LogTemp: Display: Loaded TP AndroidTargetPlatform
[2019.06.04-16.20.40:167][  0]LogTemp: Display: Loaded TP AndroidTargetPlatform
[2019.06.04-16.20.40:167][  0]LogTemp: Display: Loaded TP AndroidTargetPlatform
[2019.06.04-16.20.40:167][  0]LogTemp: Display: Loaded TP AndroidTargetPlatform
[2019.06.04-16.20.40:167][  0]LogTemp: Display: Loaded TP AndroidTargetPlatform
[2019.06.04-16.20.40:167][  0]LogTemp: Display: Loaded TP AndroidTargetPlatform
[2019.06.04-16.20.40:167][  0]LogTemp: Display: Loaded TP AndroidTargetPlatform
[2019.06.04-16.20.40:167][  0]LogTemp: Display: Loaded TP AndroidTargetPlatform
[2019.06.04-16.20.40:167][  0]LogTemp: Display: Loaded TP AndroidTargetPlatform
[2019.06.04-16.20.40:167][  0]LogTemp: Display: Loaded TP AndroidTargetPlatform
[2019.06.04-16.20.40:168][  0]LogTemp: Display: Loaded TP HTML5TargetPlatform
[2019.06.04-16.20.40:221][  0]LogTemp: Display: Loaded TP IOSTargetPlatform
[2019.06.04-16.20.40:221][  0]LogTemp: Display: Loaded TP IOSTargetPlatform
[2019.06.04-16.20.40:234][  0]LogTemp: Display: Loaded TP TVOSTargetPlatform
[2019.06.04-16.20.40:234][  0]LogTemp: Display: Loaded TP TVOSTargetPlatform
[2019.06.04-16.20.40:261][  0]LogTemp: Display: Loaded TP LuminTargetPlatform
[2019.06.04-16.20.40:261][  0]LogTemp: Display: Loaded TP LuminTargetPlatform
[2019.06.04-16.20.40:261][  0]LogTargetPlatformManager: Display: Building Assets For Windows
[2019.06.04-16.20.40:333][  0]LogShaderCompilers: Guid format shader working directory is 8 characters bigger than the processId version (../../../../UE_Project/MountainAndSea/Intermediate/Shaders/WorkingDirectory/21736/).
[2019.06.04-16.20.40:333][  0]LogShaderCompilers: Cleaned the shader compiler working directory 'C:/Users/lorkt/AppData/Local/Temp/UnrealShaderWorkingDir/A339CC454388BA6CEF196481C457EFBB/'.
[2019.06.04-16.20.40:337][  0]LogXGEController: Cannot use XGE Controller as Incredibuild is not installed on this machine.
[2019.06.04-16.20.40:337][  0]LogShaderCompilers: Cannot use XGE Shader Compiler as Incredibuild is not installed on this machine.
[2019.06.04-16.20.40:337][  0]LogShaderCompilers: Display: Using Local Shader Compiler.
[2019.06.04-16.20.40:773][  0]LogDerivedDataCache: Display: Max Cache Size: 512 MB
[2019.06.04-16.20.40:773][  0]LogDerivedDataCache: Display: Starting with empty Boot cache
[2019.06.04-16.20.40:773][  0]LogDerivedDataCache: FDerivedDataBackendGraph:  Pak pak cache file ../../../../UE_Project/MountainAndSea/DerivedDataCache/DDC.ddp not found, will not use a pak cache.
[2019.06.04-16.20.40:773][  0]LogDerivedDataCache: Unable to find inner node Pak for hierarchical cache Hierarchy.
[2019.06.04-16.20.40:773][  0]LogDerivedDataCache: FDerivedDataBackendGraph:  EnginePak pak cache file ../../../Engine/DerivedDataCache/DDC.ddp not found, will not use a pak cache.
[2019.06.04-16.20.40:774][  0]LogDerivedDataCache: Unable to find inner node EnginePak for hierarchical cache Hierarchy.
[2019.06.04-16.20.40:786][  0]LogDerivedDataCache: Using Local data cache path ../../../Engine/DerivedDataCache: Writable
[2019.06.04-16.20.40:786][  0]LogDerivedDataCache: Shared data cache path not found in *engine.ini, will not use an Shared cache.
[2019.06.04-16.20.40:786][  0]LogDerivedDataCache: Unable to find inner node Shared for hierarchical cache Hierarchy.
[2019.06.04-16.20.40:810][  0]LogMaterial: Verifying Global Shaders for PCD3D_SM5
[2019.06.04-16.20.40:811][  0]LogSlate: Using FreeType 2.6.0
[2019.06.04-16.20.40:812][  0]LogSlate: SlateFontServices - WITH_FREETYPE: 1, WITH_HARFBUZZ: 1
[2019.06.04-16.20.40:882][  0]LogAssetRegistry: FAssetRegistry took 0.0281 seconds to start up
[2019.06.04-16.20.41:102][  0]LogInit: Selected Device Profile: [Windows]
[2019.06.04-16.20.41:372][  0]LogMeshReduction: Using ProxyLODMeshReduction for automatic mesh merging
[2019.06.04-16.20.41:372][  0]LogMeshReduction: Using QuadricMeshReduction for automatic static mesh reduction
[2019.06.04-16.20.41:372][  0]LogMeshReduction: No automatic skeletal mesh reduction module available
[2019.06.04-16.20.41:372][  0]LogMeshReduction: No distributed automatic mesh merging module available
[2019.06.04-16.20.41:372][  0]LogMeshMerging: No distributed automatic mesh merging module available
[2019.06.04-16.20.41:474][  0]LogNetVersion: MountainAndSea 1.0.0, NetCL: 0, EngineNetVer: 5, GameNetVer: 0 (Checksum: 3652747547)
[2019.06.04-16.20.43:046][  0]LogPackageLocalizationCache: Processed 11 localized package path(s) for 1 prioritized culture(s) in 0.049262 seconds
[2019.06.04-16.20.43:051][  0]LogUObjectArray: 39731 objects as part of root set at end of initial load.
[2019.06.04-16.20.43:051][  0]LogUObjectAllocator: 6907712 out of 0 bytes used by permanent object pool.
[2019.06.04-16.20.43:051][  0]LogUObjectArray: CloseDisregardForGC: 0/0 objects in disregard for GC pool
[2019.06.04-16.20.43:757][  0]LogMaterial: Uniform references updated for custom material expression Custom.
[2019.06.04-16.20.43:881][  0]LogTcpMessaging: Initializing TcpMessaging bridge
[2019.06.04-16.20.43:893][  0]LogUdpMessaging: Initializing bridge on interface 0.0.0.0:0 to multicast group 230.0.0.1:6666.
[2019.06.04-16.20.45:578][  0]LogTexture: Display: Building textures: T_ML_Aluminum01_N (BC5, 512X512)
[2019.06.04-16.20.45:578][  0]LogTexture: Display: Building textures: T_ML_Aluminum01 (AutoDXT, 512X512)
[2019.06.04-16.20.45:578][  0]LogTexture: Display: Building textures: T_ML_Rubber_Blue_01_N (BC5, 512X512)
[2019.06.04-16.20.45:578][  0]LogTexture: Display: Building textures: T_ML_Rubber_Blue_01_D (AutoDXT, 512X512)
[2019.06.04-16.20.45:578][  0]LogTexture: Display: Building textures: UE4_Mannequin_MAT_MASKA (AutoDXT, 1024X1024)
[2019.06.04-16.20.45:578][  0]LogTexture: Display: Building textures: UE4_Mannequin__normals (BC5, 2048X2048)
[2019.06.04-16.20.45:578][  0]LogMaterial: Display: Missing cached shader map for material M_UE4Man_Body, compiling. 
[2019.06.04-16.20.45:677][  0]LogShaderCompilers: Display: Shaders left to compile 128
[2019.06.04-16.20.45:677][  0]LogShaderCompilers: Display: Shaders left to compile 118
[2019.06.04-16.20.45:677][  0]LogShaderCompilers: Display: Shaders left to compile 108
[2019.06.04-16.20.45:677][  0]LogShaderCompilers: Display: Shaders left to compile 98
[2019.06.04-16.20.45:677][  0]LogShaderCompilers: Display: Shaders left to compile 88
[2019.06.04-16.20.45:677][  0]LogSkeletalMesh: Building Skeletal Mesh SK_Mannequin...
[2019.06.04-16.20.45:833][  0]LogSkeletalMesh: Built Skeletal Mesh [0.17s] /Game/Character/ManRole/Anims/Skeleton/SK_Mannequin.SK_Mannequin
[2019.06.04-16.20.45:844][  0]LogStaticMesh: Building static mesh wp_staff...
[2019.06.04-16.20.45:868][  0]LogStaticMesh: Built static mesh [0.02s] /Game/SourceaAsset/mesh/wp_staff.wp_staff
[2019.06.04-16.20.45:896][  0]LogMaterial: Display: Missing cached shader map for material M_UE4Man_Body, compiling. 
[2019.06.04-16.20.45:968][  0]LogAnimationCompression: Building Anim DDC data for AnimSequence /Game/Character/ManRole/Anims/Animation/walk_strafe_front.walk_strafe_front
[2019.06.04-16.20.45:968][  0]LogAnimationCompression: Recompressing (AnimSequence /Game/Character/ManRole/Anims/Animation/walk_strafe_front.walk_strafe_front) using current/default (AnimCompress_BitwiseCompressOnly_0) bFirstRecompressUsingCurrentOrDefault(1) bTryAlternateCompressor(0) IsCompressedDataValid(0)
[2019.06.04-16.20.45:970][  0]LogAnimationCompression: Building Anim DDC data for AnimSequence /Game/Character/ManRole/Anims/Animation/walk_strafe_back.walk_strafe_back
[2019.06.04-16.20.45:970][  0]LogAnimationCompression: Recompressing (AnimSequence /Game/Character/ManRole/Anims/Animation/walk_strafe_back.walk_strafe_back) using current/default (AnimCompress_BitwiseCompressOnly_0) bFirstRecompressUsingCurrentOrDefault(1) bTryAlternateCompressor(0) IsCompressedDataValid(0)
[2019.06.04-16.20.45:971][  0]LogAnimationCompression: Building Anim DDC data for AnimSequence /Game/Character/ManRole/Anims/Animation/run_strafe_right45.run_strafe_right45
[2019.06.04-16.20.45:971][  0]LogAnimationCompression: Recompressing (AnimSequence /Game/Character/ManRole/Anims/Animation/run_strafe_right45.run_strafe_right45) using current/default (AnimCompress_BitwiseCompressOnly_0) bFirstRecompressUsingCurrentOrDefault(1) bTryAlternateCompressor(0) IsCompressedDataValid(0)
[2019.06.04-16.20.45:972][  0]LogAnimationCompression: Building Anim DDC data for AnimSequence /Game/Character/ManRole/Anims/Animation/run_strafe_right135.run_strafe_right135
[2019.06.04-16.20.45:972][  0]LogAnimationCompression: Recompressing (AnimSequence /Game/Character/ManRole/Anims/Animation/run_strafe_right135.run_strafe_right135) using current/default (AnimCompress_BitwiseCompressOnly_0) bFirstRecompressUsingCurrentOrDefault(1) bTryAlternateCompressor(0) IsCompressedDataValid(0)
[2019.06.04-16.20.45:973][  0]LogAnimationCompression: Building Anim DDC data for AnimSequence /Game/Character/ManRole/Anims/Animation/run_strafe_right.run_strafe_right
[2019.06.04-16.20.45:973][  0]LogAnimationCompression: Recompressing (AnimSequence /Game/Character/ManRole/Anims/Animation/run_strafe_right.run_strafe_right) using current/default (AnimCompress_BitwiseCompressOnly_0) bFirstRecompressUsingCurrentOrDefault(1) bTryAlternateCompressor(0) IsCompressedDataValid(0)
[2019.06.04-16.20.45:974][  0]LogAnimationCompression: Building Anim DDC data for AnimSequence /Game/Character/ManRole/Anims/Animation/run_strafe_left45.run_strafe_left45
[2019.06.04-16.20.45:974][  0]LogAnimationCompression: Recompressing (AnimSequence /Game/Character/ManRole/Anims/Animation/run_strafe_left45.run_strafe_left45) using current/default (AnimCompress_BitwiseCompressOnly_0) bFirstRecompressUsingCurrentOrDefault(1) bTryAlternateCompressor(0) IsCompressedDataValid(0)
[2019.06.04-16.20.45:974][  0]LogAnimationCompression: Building Anim DDC data for AnimSequence /Game/Character/ManRole/Anims/Animation/ThirdPersonJump_Start.ThirdPersonJump_Start
[2019.06.04-16.20.45:984][  0]LogAnimationCompression: Recompressing (AnimSequence /Game/Character/ManRole/Anims/Animation/ThirdPersonJump_Start.ThirdPersonJump_Start) using current/default (AnimCompress_RemoveLinearKeys_4) bFirstRecompressUsingCurrentOrDefault(1) bTryAlternateCompressor(0) IsCompressedDataValid(0)
[2019.06.04-16.20.46:032][  0]LogAnimationCompression: Building Anim DDC data for AnimSequence /Game/Character/ManRole/Anims/Animation/ThirdPersonJump_Loop.ThirdPersonJump_Loop
[2019.06.04-16.20.46:032][  0]LogAnimationCompression: Recompressing (AnimSequence /Game/Character/ManRole/Anims/Animation/ThirdPersonJump_Loop.ThirdPersonJump_Loop) using current/default (AnimCompress_RemoveLinearKeys_4) bFirstRecompressUsingCurrentOrDefault(1) bTryAlternateCompressor(0) IsCompressedDataValid(0)
[2019.06.04-16.20.46:069][  0]LogAnimationCompression: Building Anim DDC data for AnimSequence /Game/Character/ManRole/Anims/Animation/idle00.idle00
[2019.06.04-16.20.46:069][  0]LogAnimationCompression: Recompressing (AnimSequence /Game/Character/ManRole/Anims/Animation/idle00.idle00) using current/default (AnimCompress_BitwiseCompressOnly_0) bFirstRecompressUsingCurrentOrDefault(1) bTryAlternateCompressor(0) IsCompressedDataValid(0)
[2019.06.04-16.20.46:092][  0]LogAnimationCompression: Building Anim DDC data for AnimSequence /Game/Character/ManRole/Anims/Animation/run_strafe_left135.run_strafe_left135
[2019.06.04-16.20.46:092][  0]LogAnimationCompression: Recompressing (AnimSequence /Game/Character/ManRole/Anims/Animation/run_strafe_left135.run_strafe_left135) using current/default (AnimCompress_BitwiseCompressOnly_0) bFirstRecompressUsingCurrentOrDefault(1) bTryAlternateCompressor(0) IsCompressedDataValid(0)
[2019.06.04-16.20.46:093][  0]LogAnimationCompression: Building Anim DDC data for AnimSequence /Game/Character/ManRole/Anims/Animation/run_strafe_left.run_strafe_left
[2019.06.04-16.20.46:093][  0]LogAnimationCompression: Recompressing (AnimSequence /Game/Character/ManRole/Anims/Animation/run_strafe_left.run_strafe_left) using current/default (AnimCompress_BitwiseCompressOnly_0) bFirstRecompressUsingCurrentOrDefault(1) bTryAlternateCompressor(0) IsCompressedDataValid(0)
[2019.06.04-16.20.46:094][  0]LogAnimationCompression: Building Anim DDC data for AnimSequence /Game/Character/ManRole/Anims/Animation/run_strafe_front.run_strafe_front
[2019.06.04-16.20.46:094][  0]LogAnimationCompression: Recompressing (AnimSequence /Game/Character/ManRole/Anims/Animation/run_strafe_front.run_strafe_front) using current/default (AnimCompress_BitwiseCompressOnly_0) bFirstRecompressUsingCurrentOrDefault(1) bTryAlternateCompressor(0) IsCompressedDataValid(0)
[2019.06.04-16.20.46:094][  0]LogAnimationCompression: Building Anim DDC data for AnimSequence /Game/Character/ManRole/Anims/Animation/run_strafe_back.run_strafe_back
[2019.06.04-16.20.46:094][  0]LogAnimationCompression: Recompressing (AnimSequence /Game/Character/ManRole/Anims/Animation/run_strafe_back.run_strafe_back) using current/default (AnimCompress_BitwiseCompressOnly_0) bFirstRecompressUsingCurrentOrDefault(1) bTryAlternateCompressor(0) IsCompressedDataValid(0)
[2019.06.04-16.20.46:095][  0]LogAnimationCompression: Building Anim DDC data for AnimSequence /Game/Character/ManRole/Anims/Animation/idle3.idle3
[2019.06.04-16.20.46:095][  0]LogAnimationCompression: Recompressing (AnimSequence /Game/Character/ManRole/Anims/Animation/idle3.idle3) using current/default (AnimCompress_BitwiseCompressOnly_1) bFirstRecompressUsingCurrentOrDefault(1) bTryAlternateCompressor(0) IsCompressedDataValid(0)
[2019.06.04-16.20.46:096][  0]LogAnimationCompression: Building Anim DDC data for AnimSequence /Game/Character/ManRole/Anims/Animation/walk_strafe_right45.walk_strafe_right45
[2019.06.04-16.20.46:096][  0]LogAnimationCompression: Recompressing (AnimSequence /Game/Character/ManRole/Anims/Animation/walk_strafe_right45.walk_strafe_right45) using current/default (AnimCompress_BitwiseCompressOnly_0) bFirstRecompressUsingCurrentOrDefault(1) bTryAlternateCompressor(0) IsCompressedDataValid(0)
[2019.06.04-16.20.46:098][  0]LogAnimationCompression: Building Anim DDC data for AnimSequence /Game/Character/ManRole/Anims/Animation/walk_strafe_right135.walk_strafe_right135
[2019.06.04-16.20.46:098][  0]LogAnimationCompression: Recompressing (AnimSequence /Game/Character/ManRole/Anims/Animation/walk_strafe_right135.walk_strafe_right135) using current/default (AnimCompress_BitwiseCompressOnly_0) bFirstRecompressUsingCurrentOrDefault(1) bTryAlternateCompressor(0) IsCompressedDataValid(0)
[2019.06.04-16.20.46:099][  0]LogAnimationCompression: Building Anim DDC data for AnimSequence /Game/Character/ManRole/Anims/Animation/walk_strafe_right.walk_strafe_right
[2019.06.04-16.20.46:099][  0]LogAnimationCompression: Recompressing (AnimSequence /Game/Character/ManRole/Anims/Animation/walk_strafe_right.walk_strafe_right) using current/default (AnimCompress_BitwiseCompressOnly_0) bFirstRecompressUsingCurrentOrDefault(1) bTryAlternateCompressor(0) IsCompressedDataValid(0)
[2019.06.04-16.20.46:100][  0]LogAnimationCompression: Building Anim DDC data for AnimSequence /Game/Character/ManRole/Anims/Animation/walk_strafe_left45.walk_strafe_left45
[2019.06.04-16.20.46:100][  0]LogAnimationCompression: Recompressing (AnimSequence /Game/Character/ManRole/Anims/Animation/walk_strafe_left45.walk_strafe_left45) using current/default (AnimCompress_BitwiseCompressOnly_0) bFirstRecompressUsingCurrentOrDefault(1) bTryAlternateCompressor(0) IsCompressedDataValid(0)
[2019.06.04-16.20.46:102][  0]LogAnimationCompression: Building Anim DDC data for AnimSequence /Game/Character/ManRole/Anims/Animation/walk_strafe_left135.walk_strafe_left135
[2019.06.04-16.20.46:102][  0]LogAnimationCompression: Recompressing (AnimSequence /Game/Character/ManRole/Anims/Animation/walk_strafe_left135.walk_strafe_left135) using current/default (AnimCompress_BitwiseCompressOnly_0) bFirstRecompressUsingCurrentOrDefault(1) bTryAlternateCompressor(0) IsCompressedDataValid(0)
[2019.06.04-16.20.46:103][  0]LogAnimationCompression: Building Anim DDC data for AnimSequence /Game/Character/ManRole/Anims/Animation/walk_strafe_left.walk_strafe_left
[2019.06.04-16.20.46:103][  0]LogAnimationCompression: Recompressing (AnimSequence /Game/Character/ManRole/Anims/Animation/walk_strafe_left.walk_strafe_left) using current/default (AnimCompress_BitwiseCompressOnly_0) bFirstRecompressUsingCurrentOrDefault(1) bTryAlternateCompressor(0) IsCompressedDataValid(0)
[2019.06.04-16.20.46:157][  0]SourceControl: Source control is disabled
[2019.06.04-16.20.46:157][  0]SourceControl: Source control is disabled
[2019.06.04-16.20.46:159][  0]SourceControl: Source control is disabled
[2019.06.04-16.20.46:160][  0]SourceControl: Source control is disabled
[2019.06.04-16.20.46:353][  0]LogAndroidPermission: UAndroidPermissionCallbackProxy::GetInstance
[2019.06.04-16.20.46:439][  0]LogOcInput: OculusInput pre-init called
[2019.06.04-16.20.46:597][  0]LogEngine: Initializing Engine...
[2019.06.04-16.20.46:598][  0]LogHMD: Failed to initialize OpenVR with code 110
[2019.06.04-16.20.46:599][  0]LogStats: UGameplayTagsManager::ConstructGameplayTagTree: ImportINI prefixes -  0.000 s
[2019.06.04-16.20.46:599][  0]LogStats: UGameplayTagsManager::ConstructGameplayTagTree: Construct from data asset -  0.000 s
[2019.06.04-16.20.46:599][  0]LogStats: UGameplayTagsManager::ConstructGameplayTagTree: ImportINI -  0.000 s
[2019.06.04-16.20.46:599][  0]LogStats: UGameplayTagsManager::ConstructGameplayTagTree: GameplayTagTreeChangedEvent.Broadcast -  0.000 s
[2019.06.04-16.20.47:287][  0]LogInit: Initializing FReadOnlyCVARCache
[2019.06.04-16.20.47:320][  0]LogAIModule: Creating AISystem for world Untitled
[2019.06.04-16.20.47:339][  0]LogShaderCompilers: Display: Shaders left to compile 206
[2019.06.04-16.20.47:340][  0]LogInit: XAudio2 using '247E7-4 (NVIDIA High Definition Audio)' : 2 channels at 48 kHz using 16 bits per sample (channel mask 0x3)
[2019.06.04-16.20.47:372][  0]LogInit: FAudioDevice initialized.
[2019.06.04-16.20.47:372][  0]LogNetVersion: Set ProjectVersion to 1.0.0.0. Version Checksum will be recalculated on next use.
[2019.06.04-16.20.47:581][  0]LogShaderCompilers: Display: Shaders left to compile 196
[2019.06.04-16.20.47:581][  0]LogDerivedDataCache: Saved boot cache 0.21s 81MB ../../../../UE_Project/MountainAndSea/DerivedDataCache/Boot.ddc.
[2019.06.04-16.20.47:592][  0]LogInit: Texture streaming: Enabled
[2019.06.04-16.20.47:631][  0]LogShaderCompilers: Display: Shaders left to compile 186
[2019.06.04-16.20.47:631][  0]LogEngineSessionManager: EngineSessionManager initialized
[2019.06.04-16.20.47:660][  0]LogInit: Transaction tracking system initialized
[2019.06.04-16.20.47:715][  0]BlueprintLog: New page: Editor Load
[2019.06.04-16.20.47:926][  0]LocalizationService: Localization service is disabled
[2019.06.04-16.20.48:659][  0]LogShaderCompilers: Display: Shaders left to compile 176
[2019.06.04-16.20.48:659][  0]LogFileCache: Scanning file cache for directory 'G:/UE_Project/MountainAndSea/Content/' took 0.02s
[2019.06.04-16.20.48:659][  0]LogCook: Display: Max memory allowance for cook 16384mb min free memory 0mb
[2019.06.04-16.20.48:659][  0]LogCook: Display: Mobile HDR setting 1
[2019.06.04-16.20.48:659][  0]LogGameplayTags: Display: UGameplayTagsManager::DoneAddingNativeTags. DelegateIsBound: 0
[2019.06.04-16.20.48:660][  0]LogStats: UGameplayTagsManager::ConstructGameplayTagTree: ImportINI prefixes -  0.000 s
[2019.06.04-16.20.48:660][  0]LogStats: UGameplayTagsManager::ConstructGameplayTagTree: Construct from data asset -  0.000 s
[2019.06.04-16.20.48:660][  0]LogStats: UGameplayTagsManager::ConstructGameplayTagTree: ImportINI -  0.000 s
[2019.06.04-16.20.48:660][  0]LogStats: UGameplayTagsManager::ConstructGameplayTagTree: GameplayTagTreeChangedEvent.Broadcast -  0.000 s
[2019.06.04-16.20.48:870][  0]SourceControl: Source control is disabled
[2019.06.04-16.20.48:870][  0]Cmd: MAP LOAD FILE="../../../../UE_Project/MountainAndSea/Content/Maps/DefaultMap.umap" TEMPLATE=0 SHOWPROGRESS=1 FEATURELEVEL=3
[2019.06.04-16.20.48:870][  0]LightingResults: New page: Lighting Build
[2019.06.04-16.20.48:875][  0]MapCheck: New page: Map Check
[2019.06.04-16.20.48:876][  0]LightingResults: New page: Lighting Build
[2019.06.04-16.20.49:105][  0]LogTexture: Display: Building textures: HQ_Lightmap1_2 (AutoDXT, 64X64)
[2019.06.04-16.20.49:105][  0]LogTexture: Display: Building textures: LQ_Lightmap_1_2 (DXT1, 64X64)
[2019.06.04-16.20.49:105][  0]LogTexture: Display: Building textures: LQ_Lightmap_1_1 (DXT1, 256X256)
[2019.06.04-16.20.49:105][  0]LogTexture: Display: Building textures: HQ_Lightmap1_1 (AutoDXT, 256X256)
[2019.06.04-16.20.49:105][  0]LogTexture: Display: Building textures: ShadowMapTexture2D_2 (G8, 128X128)
[2019.06.04-16.20.49:105][  0]LogTexture: Display: Building textures: ShadowMapTexture2D_3 (G8, 32X32)
[2019.06.04-16.20.49:105][  0]LogShaderCompilers: Display: Shaders left to compile 166
[2019.06.04-16.20.49:106][  0]LogAIModule: Creating AISystem for world DefaultMap
[2019.06.04-16.20.49:212][  0]LogShaderCompilers: Display: Shaders left to compile 156
[2019.06.04-16.20.49:212][  0]LogEditorServer: Finished looking for orphan Actors (0.000 secs)
[2019.06.04-16.20.49:234][  0]Cmd: MAP CHECKDEP NOCLEARLOG
[2019.06.04-16.20.49:235][  0]MapCheck: Map check complete: 0 Error(s), 0 Warning(s), took 0.114ms to complete.
[2019.06.04-16.20.49:235][  0]LogFileHelpers: Loading map 'DefaultMap' took 0.365
[2019.06.04-16.20.49:285][  0]LogShaderCompilers: Display: Shaders left to compile 146
[2019.06.04-16.20.49:329][  0]LogSlate: Updating window title bar state: overlay mode, drag disabled, window buttons hidden, title bar hidden
[2019.06.04-16.20.49:339][  0]LogSlate: Updating window title bar state: overlay mode, drag disabled, window buttons hidden, title bar hidden
[2019.06.04-16.20.49:349][  0]LogSlate: Updating window title bar state: overlay mode, drag disabled, window buttons hidden, title bar hidden
[2019.06.04-16.20.49:359][  0]LogSlate: Updating window title bar state: overlay mode, drag disabled, window buttons hidden, title bar hidden
[2019.06.04-16.20.49:372][  0]LogCollectionManager: Loaded 0 collections in 0.004542 seconds
[2019.06.04-16.20.49:434][  0]LogFileCache: Scanning file cache for directory 'G:/UE_Project/MountainAndSea/Saved/Collections/' took 0.01s
[2019.06.04-16.20.49:434][  0]LogFileCache: Scanning file cache for directory 'G:/UE_Project/MountainAndSea/Content/Developers/lorkt/Collections/' took 0.01s
[2019.06.04-16.20.49:434][  0]LogFileCache: Scanning file cache for directory 'G:/UE_Project/MountainAndSea/Content/Collections/' took 0.01s
[2019.06.04-16.20.49:434][  0]LogCollectionManager: Rebuilt the GUID cache for 0 collections in 0.000000 seconds
[2019.06.04-16.20.49:447][  0]LogContentBrowser: Native class hierarchy populated in 0.0123 seconds. Added 2659 classes and 626 folders.
[2019.06.04-16.20.49:460][  0]LogContentBrowser: Native class hierarchy updated for 'WidgetCarousel' in 0.0005 seconds. Added 0 classes and 0 folders.
[2019.06.04-16.20.49:462][  0]LogPakFile: Registered encryption key '00000000000000000000000000000000': 0 pak files mounted, 0 remain pending
[2019.06.04-16.20.49:463][  0]LogPakFile: Registered encryption key '00000000000000000000000000000000': 0 pak files mounted, 0 remain pending
[2019.06.04-16.20.49:463][  0]LogPakFile: Registered encryption key '00000000000000000000000000000000': 0 pak files mounted, 0 remain pending
[2019.06.04-16.20.49:464][  0]LogPakFile: Registered encryption key '00000000000000000000000000000000': 0 pak files mounted, 0 remain pending
[2019.06.04-16.20.49:464][  0]LogPakFile: Registered encryption key '00000000000000000000000000000000': 0 pak files mounted, 0 remain pending
[2019.06.04-16.20.49:465][  0]LogPakFile: Registered encryption key '00000000000000000000000000000000': 0 pak files mounted, 0 remain pending
[2019.06.04-16.20.49:465][  0]LogPakFile: Registered encryption key '00000000000000000000000000000000': 0 pak files mounted, 0 remain pending
[2019.06.04-16.20.49:466][  0]LogPakFile: Registered encryption key '00000000000000000000000000000000': 0 pak files mounted, 0 remain pending
[2019.06.04-16.20.49:466][  0]LogPakFile: Registered encryption key '00000000000000000000000000000000': 0 pak files mounted, 0 remain pending
[2019.06.04-16.20.49:466][  0]LogPakFile: Registered encryption key '00000000000000000000000000000000': 0 pak files mounted, 0 remain pending
[2019.06.04-16.20.49:467][  0]LogPakFile: Registered encryption key '00000000000000000000000000000000': 0 pak files mounted, 0 remain pending
[2019.06.04-16.20.49:467][  0]LogPakFile: Registered encryption key '00000000000000000000000000000000': 0 pak files mounted, 0 remain pending
[2019.06.04-16.20.49:468][  0]LogPakFile: Registered encryption key '00000000000000000000000000000000': 0 pak files mounted, 0 remain pending
[2019.06.04-16.20.49:469][  0]LogPakFile: Registered encryption key '00000000000000000000000000000000': 0 pak files mounted, 0 remain pending
[2019.06.04-16.20.49:469][  0]LogPakFile: Registered encryption key '00000000000000000000000000000000': 0 pak files mounted, 0 remain pending
[2019.06.04-16.20.49:470][  0]LogPakFile: Registered encryption key '00000000000000000000000000000000': 0 pak files mounted, 0 remain pending
[2019.06.04-16.20.49:470][  0]LogPakFile: Registered encryption key '00000000000000000000000000000000': 0 pak files mounted, 0 remain pending
[2019.06.04-16.20.49:471][  0]LogPakFile: Registered encryption key '00000000000000000000000000000000': 0 pak files mounted, 0 remain pending
[2019.06.04-16.20.49:471][  0]LogPakFile: Registered encryption key '00000000000000000000000000000000': 0 pak files mounted, 0 remain pending
[2019.06.04-16.20.49:471][  0]LogPakFile: Registered encryption key '00000000000000000000000000000000': 0 pak files mounted, 0 remain pending
[2019.06.04-16.20.49:472][  0]LogPakFile: Registered encryption key '00000000000000000000000000000000': 0 pak files mounted, 0 remain pending
[2019.06.04-16.20.49:472][  0]LogPakFile: Registered encryption key '00000000000000000000000000000000': 0 pak files mounted, 0 remain pending
[2019.06.04-16.20.49:472][  0]LogPakFile: Registered encryption key '00000000000000000000000000000000': 0 pak files mounted, 0 remain pending
[2019.06.04-16.20.49:473][  0]LogPakFile: Registered encryption key '00000000000000000000000000000000': 0 pak files mounted, 0 remain pending
[2019.06.04-16.20.49:473][  0]LogPakFile: Registered encryption key '00000000000000000000000000000000': 0 pak files mounted, 0 remain pending
[2019.06.04-16.20.49:474][  0]LogPakFile: Registered encryption key '00000000000000000000000000000000': 0 pak files mounted, 0 remain pending
[2019.06.04-16.20.49:502][  0]LogContentBrowser: Native class hierarchy updated for 'AddContentDialog' in 0.0005 seconds. Added 0 classes and 0 folders.
[2019.06.04-16.20.49:516][  0]LogContentBrowser: Native class hierarchy updated for 'SceneOutliner' in 0.0004 seconds. Added 1 classes and 2 folders.
[2019.06.04-16.20.49:541][  0]LogContentBrowser: Native class hierarchy updated for 'WorldBrowser' in 0.0006 seconds. Added 2 classes and 3 folders.
[2019.06.04-16.20.49:595][  0]LogSlate: Took 0.000202 seconds to synchronously load lazily loaded font '../../../Engine/Content/Slate/Fonts/Roboto-Regular.ttf' (155K)
[2019.06.04-16.20.51:849][  0]LogShaderCompilers: Display: Shaders left to compile 136
[2019.06.04-16.20.51:849][  0]LogShaderCompilers: Display: Shaders left to compile 126
[2019.06.04-16.20.51:849][  0]LogShaderCompilers: Display: Shaders left to compile 116
[2019.06.04-16.20.51:849][  0]LogShaderCompilers: Display: Shaders left to compile 106
[2019.06.04-16.20.51:849][  0]LogSlate: Only BGRA pngs, bmps or icos are supported in by External Image Picker
[2019.06.04-16.20.51:884][  0]LogSlate: Took 0.000145 seconds to synchronously load lazily loaded font '../../../Engine/Content/Slate/Fonts/Roboto-Bold.ttf' (160K)
[2019.06.04-16.20.51:891][  0]LogSlate: Took 0.000148 seconds to synchronously load lazily loaded font '../../../Engine/Content/Editor/Slate/Fonts/FontAwesome.ttf' (139K)
[2019.06.04-16.20.52:031][  0]LogTemp: Executing iPhonePackager certificates Engine -bundlename com.YourCompany.MountainAndSea
[2019.06.04-16.20.52:031][  0]LogTemp: CWD: G:\UE_SourceCode\Engine\Binaries\DotNET\IOS
[2019.06.04-16.20.52:031][  0]LogTemp: Initial Dir: G:\UE_SourceCode
[2019.06.04-16.20.52:031][  0]LogTemp: Env CWD: G:\UE_SourceCode\Engine\Binaries\DotNET\IOS
[2019.06.04-16.20.52:031][  0]LogTemp: BranchPath = LORKTA/G/UE_SourceCode/Engine/Binaries --- GameBranchPath = LORKTA/G/UE_SourceCode/Engine/Binaries
[2019.06.04-16.20.52:031][  0]LogTemp: IPP ERROR: Could not find provision directory 'C:\Users\lorkt\AppData\Local/Apple Computer/MobileDevice/Provisioning Profiles/'.
[2019.06.04-16.20.52:031][  0]LogRenderer: Reallocating scene render targets to support 1208x576 Format 10 NumSamples 1 (Frame:1).
[2019.06.04-16.20.52:421][  0]LogShaderCompilers: Display: Shaders left to compile 96
[2019.06.04-16.20.52:421][  0]LogShaderCompilers: Display: Shaders left to compile 86
[2019.06.04-16.20.52:442][  0]LogContentBrowser: Native class hierarchy updated for 'HierarchicalLODOutliner' in 0.0006 seconds. Added 0 classes and 0 folders.
[2019.06.04-16.20.52:442][  0]LogLoad: (Engine Initialization) Total time: 100.55 seconds
[2019.06.04-16.20.52:442][  0]LogLoad: (Engine Initialization) Total Blueprint compile time: 0.00 seconds
[2019.06.04-16.20.52:454][  0]LogWindowsTextInputMethodSystem: Display: IME system now activated using TSF (微软拼音).
[2019.06.04-16.20.52:547][  0]LogContentStreaming: Texture pool size now 1000 MB
[2019.06.04-16.20.52:603][  0]LogSlate: Took 0.000175 seconds to synchronously load lazily loaded font '../../../Engine/Content/Slate/Fonts/Roboto-Light.ttf' (159K)
[2019.06.04-16.20.52:670][  1]LogShaderCompilers: Display: Shaders left to compile 76
[2019.06.04-16.20.53:146][ 51]LogShaderCompilers: Display: Shaders left to compile 66
[2019.06.04-16.20.54:377][166]LogShaderCompilers: Display: Shaders left to compile 56
[2019.06.04-16.20.54:678][202]LogShaderCompilers: Display: Shaders left to compile 46
[2019.06.04-16.20.55:089][251]LogShaderCompilers: Display: Shaders left to compile 36
[2019.06.04-16.20.55:106][253]LogShaderCompilers: Display: Shaders left to compile 26
[2019.06.04-16.20.56:643][436]LogShaderCompilers: Display: Shaders left to compile 16
[2019.06.04-16.20.56:809][456]LogShaderCompilers: Display: Shaders left to compile 6
[2019.06.04-16.21.04:751][404]LogAssetRegistry: Asset discovery search completed in 23.8914 seconds
[2019.06.04-16.21.04:779][404]LogCollectionManager: Rebuilt the object cache for 0 collections in 0.000005 seconds (found 0 objects)
[2019.06.04-16.21.04:779][404]LogCollectionManager: Fixed up redirectors for 0 collections in 0.000076 seconds (updated 0 objects)
[2019.06.04-16.21.05:236][458]LogSlate: FSceneViewport::OnFocusLost() reason 0
[2019.06.04-16.21.12:395][313]LogSlate: Took 0.000134 seconds to synchronously load lazily loaded font '../../../Engine/Content/Slate/Fonts/Roboto-Light.ttf' (159K)
[2019.06.04-16.21.12:401][313]LogAssetEditorManager: Opening Asset editor for Class /Script/MountainAndSea.AnimNotify_OnSkillMontageEnd
[2019.06.04-16.21.18:825][910]LogVSAccessor: Warning: Visual Studio is open but could not be queried - it may be blocked by a modal operation
[2019.06.04-16.21.18:838][911]LogVSAccessor: Warning: Visual Studio is open but could not be queried - it may be blocked by a modal operation
[2019.06.04-16.21.19:175][912]LogVSAccessor: Warning: Visual Studio is open but could not be queried - it may be blocked by a modal operation
[2019.06.04-16.24.28:933][374]LogEditorViewport: Clicking on Actor (LMB): StaticMeshActor (Floor)
