Log file open, 06/12/19 17:31:06
LogWindows: Failed to load 'aqProf.dll' (GetLastError=126)
LogWindows: File 'aqProf.dll' does not exist
LogWindows: Failed to load 'VtuneApi.dll' (GetLastError=126)
LogWindows: File 'VtuneApi.dll' does not exist
LogWindows: Failed to load 'VtuneApi32e.dll' (GetLastError=126)
LogWindows: File 'VtuneApi32e.dll' does not exist
LogConsoleResponse: Display: Failed to find resolution value strings in scalability ini. Falling back to default.
LogInit: Display: Running engine for game: MountainAndSea
LogPakFile: Registered encryption key '00000000000000000000000000000000': 0 pak files mounted, 0 remain pending
LogPlatformFile: Not using cached read wrapper
LogTaskGraph: Started task graph with 5 named threads and 47 total threads with 3 sets of task threads.
LogStats: Stats thread started at 0.530077
LogD3D11RHI: Loaded GFSDK_Aftermath_Lib.x64.dll
LogICUInternationalization: ICU TimeZone Detection - Raw Offset: +8:00, Platform Override: ''
LogPluginManager: Mounting plugin Paper2D
LogPluginManager: Mounting plugin AISupport
LogPluginManager: Mounting plugin LightPropagationVolume
LogPluginManager: Mounting plugin ActorLayerUtilities
LogPluginManager: Mounting plugin CLionSourceCodeAccess
LogPluginManager: Mounting plugin CodeLiteSourceCodeAccess
LogPluginManager: Mounting plugin GitSourceControl
LogPluginManager: Mounting plugin KDevelopSourceCodeAccess
LogPluginManager: Mounting plugin NullSourceCodeAccess
LogPluginManager: Mounting plugin PerforceSourceControl
LogPluginManager: Mounting plugin SubversionSourceControl
LogPluginManager: Mounting plugin UObjectPlugin
LogPluginManager: Mounting plugin VisualStudioCodeSourceCodeAccess
LogPluginManager: Mounting plugin VisualStudioSourceCodeAccess
LogPluginManager: Mounting plugin XCodeSourceCodeAccess
LogPluginManager: Mounting plugin AssetManagerEditor
LogPluginManager: Mounting plugin CryptoKeys
LogPluginManager: Mounting plugin DataValidation
LogPluginManager: Mounting plugin FacialAnimation
LogPluginManager: Mounting plugin GameplayTagsEditor
LogPluginManager: Mounting plugin MacGraphicsSwitching
LogPluginManager: Mounting plugin MeshEditor
LogPluginManager: Mounting plugin MobileLauncherProfileWizard
LogPluginManager: Mounting plugin PluginBrowser
LogPluginManager: Mounting plugin SpeedTreeImporter
LogPluginManager: Mounting plugin DatasmithContent
LogPluginManager: Mounting plugin VariantManagerContent
LogPluginManager: Mounting plugin AlembicImporter
LogPluginManager: Mounting plugin AppleImageUtils
LogPluginManager: Mounting plugin AppleVision
LogPluginManager: Mounting plugin BackChannel
LogPluginManager: Mounting plugin CharacterAI
LogPluginManager: Mounting plugin GeometryCache
LogPluginManager: Mounting plugin HTML5Networking
LogPluginManager: Mounting plugin ProxyLODPlugin
LogPluginManager: Mounting plugin MagicLeap
LogPluginManager: Mounting plugin MagicLeapMedia
LogPluginManager: Mounting plugin AndroidMedia
LogPluginManager: Mounting plugin AvfMedia
LogPluginManager: Mounting plugin ImgMedia
LogPluginManager: Mounting plugin LinearTimecode
LogPluginManager: Mounting plugin MediaCompositing
LogPluginManager: Mounting plugin MediaPlayerEditor
LogPluginManager: Mounting plugin WebMMedia
LogPluginManager: Mounting plugin WmfMedia
LogPluginManager: Mounting plugin TcpMessaging
LogPluginManager: Mounting plugin UdpMessaging
LogPluginManager: Mounting plugin ActorSequence
LogPluginManager: Mounting plugin LevelSequenceEditor
LogPluginManager: Mounting plugin MatineeToLevelSequence
LogPluginManager: Mounting plugin NetcodeUnitTest
LogPluginManager: Mounting plugin NUTUnrealEngine4
LogPluginManager: Mounting plugin OnlineSubsystemGooglePlay
LogPluginManager: Mounting plugin OnlineSubsystemIOS
LogPluginManager: Mounting plugin OnlineSubsystem
LogPluginManager: Mounting plugin OnlineSubsystemNull
LogPluginManager: Mounting plugin OnlineSubsystemUtils
LogPluginManager: Mounting plugin LauncherChunkInstaller
LogPluginManager: Mounting plugin AndroidDeviceProfileSelector
LogPluginManager: Mounting plugin AndroidMoviePlayer
LogPluginManager: Mounting plugin AndroidPermission
LogPluginManager: Mounting plugin AppleMoviePlayer
LogPluginManager: Mounting plugin ArchVisCharacter
LogPluginManager: Mounting plugin AudioCapture
LogPluginManager: Mounting plugin CableComponent
LogPluginManager: Mounting plugin CustomMeshComponent
LogPluginManager: Mounting plugin EditableMesh
LogPluginManager: Mounting plugin ExampleDeviceProfileSelector
LogPluginManager: Mounting plugin Firebase
LogPluginManager: Mounting plugin GoogleCloudMessaging
LogPluginManager: Mounting plugin IOSDeviceProfileSelector
LogPluginManager: Mounting plugin LinuxDeviceProfileSelector
LogPluginManager: Mounting plugin LocationServicesBPLibrary
LogPluginManager: Mounting plugin MobilePatchingUtils
LogPluginManager: Mounting plugin OculusVR
LogPluginManager: Mounting plugin PhysXVehicles
LogPluginManager: Mounting plugin ProceduralMeshComponent
LogPluginManager: Mounting plugin RuntimePhysXCooking
LogPluginManager: Mounting plugin SteamVR
LogPluginManager: Mounting plugin WebMMoviePlayer
LogPluginManager: Mounting plugin WindowsMoviePlayer
LogStreaming: Display: Took  0.085s to configure plugins.
LogInit: Using libcurl 7.55.1-DEV
LogInit:  - built for x86_64-pc-win32
LogInit:  - supports SSL with OpenSSL/1.0.2h
LogInit:  - supports HTTP deflate (compression) using libz 1.2.8
LogInit:  - other features:
LogInit:      CURL_VERSION_SSL
LogInit:      CURL_VERSION_LIBZ
LogInit:      CURL_VERSION_IPV6
LogInit:      CURL_VERSION_ASYNCHDNS
LogInit:      CURL_VERSION_LARGEFILE
LogInit:      CURL_VERSION_IDN
LogInit:  CurlRequestOptions (configurable via config and command line):
LogInit:  - bVerifyPeer = true  - Libcurl will verify peer certificate
LogInit:  - bUseHttpProxy = false  - Libcurl will NOT use HTTP proxy
LogInit:  - bDontReuseConnections = false  - Libcurl will reuse connections
LogInit:  - MaxHostConnections = 16  - Libcurl will limit the number of connections to a host
LogInit:  - LocalHostAddr = Default
LogInit:  - BufferSize = 65536
LogModuleManager: Warning: ModuleManager: Unable to load module 'OnlineSubsystem<Default Platform Identifier>'  - 0 instances of that module name found.
LogInit: WinSock: version 1.1 (2.2), MaxSocks=32767, MaxUdp=65467
LogInit: Build: ++UE4+Release-4.21-CL-4753647
LogInit: Engine Version: 4.21.2-4753647+++UE4+Release-4.21
LogInit: Compatible Engine Version: 4.21.0-4541578+++UE4+Release-4.21
LogInit: Net CL: 4541578
LogInit: OS: Windows 10 (), CPU: AMD Ryzen 7 2700X Eight-Core Processor         , GPU: NVIDIA GeForce GTX 1080 Ti
LogInit: Compiled (64-bit): Jan 19 2019 02:07:31
LogInit: Compiled with Visual C++: 19.13.26129.00
LogInit: Build Configuration: Development
LogInit: Branch Name: ++UE4+Release-4.21
LogInit: Command Line:  -game
LogInit: Base Directory: D:/UnrealEngine/UnrealEngine-release/UE_4.21/Engine/Binaries/Win64/
LogInit: Installed Engine Build: 1
LogDevObjectVersion: Number of dev versions registered: 22
LogDevObjectVersion:   Dev-Blueprints (B0D832E4-1F89-4F0D-ACCF-7EB736FD4AA2): 10
LogDevObjectVersion:   Dev-Build (E1C64328-A22C-4D53-A36C-8E866417BD8C): 0
LogDevObjectVersion:   Dev-Core (375EC13C-06E4-48FB-B500-84F0262A717E): 2
LogDevObjectVersion:   Dev-Editor (E4B068ED-F494-42E9-A231-DA0B2E46BB41): 26
LogDevObjectVersion:   Dev-Framework (CFFC743F-43B0-4480-9391-14DF171D2073): 34
LogDevObjectVersion:   Dev-Mobile (B02B49B5-BB20-44E9-A304-32B752E40360): 2
LogDevObjectVersion:   Dev-Networking (A4E4105C-59A1-49B5-A7C5-40C4547EDFEE): 0
LogDevObjectVersion:   Dev-Online (39C831C9-5AE6-47DC-9A44-9C173E1C8E7C): 0
LogDevObjectVersion:   Dev-Physics (78F01B33-EBEA-4F98-B9B4-84EACCB95AA2): 0
LogDevObjectVersion:   Dev-Platform (6631380F-2D4D-43E0-8009-CF276956A95A): 0
LogDevObjectVersion:   Dev-Rendering (12F88B9F-8875-4AFC-A67C-D90C383ABD29): 27
LogDevObjectVersion:   Dev-Sequencer (7B5AE74C-D270-4C10-A958-57980B212A5A): 9
LogDevObjectVersion:   Dev-VR (D7296918-1DD6-4BDD-9DE2-64A83CC13884): 2
LogDevObjectVersion:   Dev-LoadTimes (C2A15278-BFE7-4AFE-6C17-90FF531DF755): 1
LogDevObjectVersion:   Private-Geometry (6EACA3D4-40EC-4CC1-B786-8BED09428FC5): 3
LogDevObjectVersion:   Dev-AnimPhys (29E575DD-E0A3-4627-9D10-D276232CDCEA): 17
LogDevObjectVersion:   Dev-Anim (AF43A65D-7FD3-4947-9873-3E8ED9C1BB05): 2
LogDevObjectVersion:   Dev-ReflectionCapture (6B266CEC-1EC7-4B8F-A30B-E4D90942FC07): 1
LogDevObjectVersion:   Dev-Automation (0DF73D61-A23F-47EA-B727-89E90C41499A): 1
LogDevObjectVersion:   FortniteMain (601D1886-AC64-4F84-AA16-D3DE0DEAC7D6): 17
LogDevObjectVersion:   Dev-Enterprise (9DFFBCD6-494F-0158-E221-12823C92A888): 4
LogDevObjectVersion:   Dev-Niagara (F2AED0AC-9AFE-416F-8664-AA7FFA26D6FC): 1
LogStreaming: Display: Took  0.001s to delete old logs.
LogInit: Presizing for max 8388607 objects, including 0 objects not considered by GC, pre-allocating 0 bytes for permanent pool.
LogInit: Object subsystem initialized
LogConfig: Setting CVar [[con.DebugEarlyDefault:1]]
LogConfig: Setting CVar [[r.setres:1280x720]]
[2019.06.12-09.31.06:719][  0]LogConfig: Setting CVar [[con.DebugEarlyDefault:1]]
[2019.06.12-09.31.06:719][  0]LogConfig: Setting CVar [[r.setres:1280x720]]
[2019.06.12-09.31.06:719][  0]LogConfig: Applying CVar settings from Section [/Script/Engine.RendererSettings] File [D:/UnrealEngineProject/MountainAndSea/Saved/Config/Windows/Engine.ini]
[2019.06.12-09.31.06:719][  0]LogConfig: Setting CVar [[r.GPUCrashDebugging:0]]
[2019.06.12-09.31.06:719][  0]LogConfig: Applying CVar settings from Section [/Script/Engine.RendererOverrideSettings] File [D:/UnrealEngineProject/MountainAndSea/Saved/Config/Windows/Engine.ini]
[2019.06.12-09.31.06:719][  0]LogConfig: Applying CVar settings from Section [/Script/Engine.StreamingSettings] File [D:/UnrealEngineProject/MountainAndSea/Saved/Config/Windows/Engine.ini]
[2019.06.12-09.31.06:719][  0]LogConfig: Setting CVar [[s.MinBulkDataSizeForAsyncLoading:131072]]
[2019.06.12-09.31.06:719][  0]LogConfig: Setting CVar [[s.AsyncLoadingThreadEnabled:0]]
[2019.06.12-09.31.06:719][  0]LogConfig: Setting CVar [[s.EventDrivenLoaderEnabled:1]]
[2019.06.12-09.31.06:719][  0]LogConfig: Setting CVar [[s.WarnIfTimeLimitExceeded:0]]
[2019.06.12-09.31.06:719][  0]LogConfig: Setting CVar [[s.TimeLimitExceededMultiplier:1.5]]
[2019.06.12-09.31.06:719][  0]LogConfig: Setting CVar [[s.TimeLimitExceededMinTime:0.005]]
[2019.06.12-09.31.06:719][  0]LogConfig: Setting CVar [[s.UseBackgroundLevelStreaming:1]]
[2019.06.12-09.31.06:719][  0]LogConfig: Setting CVar [[s.PriorityAsyncLoadingExtraTime:15.0]]
[2019.06.12-09.31.06:719][  0]LogConfig: Setting CVar [[s.LevelStreamingActorsUpdateTimeLimit:5.0]]
[2019.06.12-09.31.06:719][  0]LogConfig: Setting CVar [[s.PriorityLevelStreamingActorsUpdateExtraTime:5.0]]
[2019.06.12-09.31.06:719][  0]LogConfig: Setting CVar [[s.LevelStreamingComponentsRegistrationGranularity:10]]
[2019.06.12-09.31.06:719][  0]LogConfig: Setting CVar [[s.UnregisterComponentsTimeLimit:1.0]]
[2019.06.12-09.31.06:719][  0]LogConfig: Setting CVar [[s.LevelStreamingComponentsUnregistrationGranularity:5]]
[2019.06.12-09.31.06:719][  0]LogConfig: Applying CVar settings from Section [/Script/Engine.GarbageCollectionSettings] File [D:/UnrealEngineProject/MountainAndSea/Saved/Config/Windows/Engine.ini]
[2019.06.12-09.31.06:719][  0]LogConfig: Setting CVar [[gc.MaxObjectsNotConsideredByGC:1]]
[2019.06.12-09.31.06:719][  0]LogConfig: Setting CVar [[gc.SizeOfPermanentObjectPool:0]]
[2019.06.12-09.31.06:719][  0]LogConfig: Setting CVar [[gc.FlushStreamingOnGC:0]]
[2019.06.12-09.31.06:719][  0]LogConfig: Setting CVar [[gc.NumRetriesBeforeForcingGC:10]]
[2019.06.12-09.31.06:719][  0]LogConfig: Setting CVar [[gc.AllowParallelGC:1]]
[2019.06.12-09.31.06:719][  0]LogConfig: Setting CVar [[gc.TimeBetweenPurgingPendingKillObjects:61.1]]
[2019.06.12-09.31.06:719][  0]LogConfig: Setting CVar [[gc.MaxObjectsInEditor:8388607]]
[2019.06.12-09.31.06:719][  0]LogConfig: Setting CVar [[gc.IncrementalBeginDestroyEnabled:1]]
[2019.06.12-09.31.06:719][  0]LogConfig: Setting CVar [[gc.CreateGCClusters:1]]
[2019.06.12-09.31.06:719][  0]LogConfig: Setting CVar [[gc.MergeGCClusters:0]]
[2019.06.12-09.31.06:719][  0]LogConfig: Setting CVar [[gc.MinGCClusterSize:5]]
[2019.06.12-09.31.06:719][  0]LogConfig: Setting CVar [[gc.ActorClusteringEnabled:0]]
[2019.06.12-09.31.06:720][  0]LogConfig: Setting CVar [[gc.BlueprintClusteringEnabled:0]]
[2019.06.12-09.31.06:720][  0]LogConfig: Setting CVar [[gc.UseDisregardForGCOnDedicatedServers:0]]
[2019.06.12-09.31.06:720][  0]LogConfig: Applying CVar settings from Section [/Script/Engine.NetworkSettings] File [D:/UnrealEngineProject/MountainAndSea/Saved/Config/Windows/Engine.ini]
[2019.06.12-09.31.06:720][  0]LogConfig: Applying CVar settings from Section [/Script/UnrealEd.CookerSettings] File [D:/UnrealEngineProject/MountainAndSea/Saved/Config/Windows/Engine.ini]
[2019.06.12-09.31.06:723][  0]LogConfig: Applying CVar settings from Section [ViewDistanceQuality@3] File [D:/UnrealEngineProject/MountainAndSea/Saved/Config/Windows/Scalability.ini]
[2019.06.12-09.31.06:723][  0]LogConfig: Setting CVar [[r.SkeletalMeshLODBias:0]]
[2019.06.12-09.31.06:723][  0]LogConfig: Setting CVar [[r.ViewDistanceScale:1.0]]
[2019.06.12-09.31.06:723][  0]LogConfig: Applying CVar settings from Section [AntiAliasingQuality@3] File [D:/UnrealEngineProject/MountainAndSea/Saved/Config/Windows/Scalability.ini]
[2019.06.12-09.31.06:723][  0]LogConfig: Setting CVar [[r.PostProcessAAQuality:4]]
[2019.06.12-09.31.06:723][  0]LogConfig: Applying CVar settings from Section [ShadowQuality@3] File [D:/UnrealEngineProject/MountainAndSea/Saved/Config/Windows/Scalability.ini]
[2019.06.12-09.31.06:723][  0]LogConfig: Setting CVar [[r.LightFunctionQuality:1]]
[2019.06.12-09.31.06:723][  0]LogConfig: Setting CVar [[r.ShadowQuality:5]]
[2019.06.12-09.31.06:723][  0]LogConfig: Setting CVar [[r.Shadow.CSM.MaxCascades:10]]
[2019.06.12-09.31.06:723][  0]LogConfig: Setting CVar [[r.Shadow.MaxResolution:2048]]
[2019.06.12-09.31.06:723][  0]LogConfig: Setting CVar [[r.Shadow.MaxCSMResolution:2048]]
[2019.06.12-09.31.06:723][  0]LogConfig: Setting CVar [[r.Shadow.RadiusThreshold:0.01]]
[2019.06.12-09.31.06:723][  0]LogConfig: Setting CVar [[r.Shadow.DistanceScale:1.0]]
[2019.06.12-09.31.06:723][  0]LogConfig: Setting CVar [[r.Shadow.CSM.TransitionScale:1.0]]
[2019.06.12-09.31.06:723][  0]LogConfig: Setting CVar [[r.Shadow.PreShadowResolutionFactor:1.0]]
[2019.06.12-09.31.06:723][  0]LogConfig: Setting CVar [[r.DistanceFieldShadowing:1]]
[2019.06.12-09.31.06:723][  0]LogConfig: Setting CVar [[r.DistanceFieldAO:1]]
[2019.06.12-09.31.06:723][  0]LogConfig: Setting CVar [[r.AOQuality:2]]
[2019.06.12-09.31.06:723][  0]LogConfig: Setting CVar [[r.VolumetricFog:1]]
[2019.06.12-09.31.06:723][  0]LogConfig: Setting CVar [[r.VolumetricFog.GridPixelSize:8]]
[2019.06.12-09.31.06:723][  0]LogConfig: Setting CVar [[r.VolumetricFog.GridSizeZ:128]]
[2019.06.12-09.31.06:723][  0]LogConfig: Setting CVar [[r.VolumetricFog.HistoryMissSupersampleCount:4]]
[2019.06.12-09.31.06:723][  0]LogConfig: Setting CVar [[r.LightMaxDrawDistanceScale:1]]
[2019.06.12-09.31.06:723][  0]LogConfig: Setting CVar [[r.CapsuleShadows:1]]
[2019.06.12-09.31.06:723][  0]LogConfig: Applying CVar settings from Section [PostProcessQuality@3] File [D:/UnrealEngineProject/MountainAndSea/Saved/Config/Windows/Scalability.ini]
[2019.06.12-09.31.06:723][  0]LogConfig: Setting CVar [[r.MotionBlurQuality:4]]
[2019.06.12-09.31.06:723][  0]LogConfig: Setting CVar [[r.AmbientOcclusionMipLevelFactor:0.4]]
[2019.06.12-09.31.06:723][  0]LogConfig: Setting CVar [[r.AmbientOcclusionMaxQuality:100]]
[2019.06.12-09.31.06:723][  0]LogConfig: Setting CVar [[r.AmbientOcclusionLevels:-1]]
[2019.06.12-09.31.06:723][  0]LogConfig: Setting CVar [[r.AmbientOcclusionRadiusScale:1.0]]
[2019.06.12-09.31.06:723][  0]LogConfig: Setting CVar [[r.DepthOfFieldQuality:2]]
[2019.06.12-09.31.06:723][  0]LogConfig: Setting CVar [[r.RenderTargetPoolMin:400]]
[2019.06.12-09.31.06:723][  0]LogConfig: Setting CVar [[r.LensFlareQuality:2]]
[2019.06.12-09.31.06:723][  0]LogConfig: Setting CVar [[r.SceneColorFringeQuality:1]]
[2019.06.12-09.31.06:724][  0]LogConfig: Setting CVar [[r.EyeAdaptationQuality:2]]
[2019.06.12-09.31.06:724][  0]LogConfig: Setting CVar [[r.BloomQuality:5]]
[2019.06.12-09.31.06:724][  0]LogConfig: Setting CVar [[r.FastBlurThreshold:100]]
[2019.06.12-09.31.06:724][  0]LogConfig: Setting CVar [[r.Upscale.Quality:3]]
[2019.06.12-09.31.06:724][  0]LogConfig: Setting CVar [[r.Tonemapper.GrainQuantization:1]]
[2019.06.12-09.31.06:724][  0]LogConfig: Setting CVar [[r.LightShaftQuality:1]]
[2019.06.12-09.31.06:724][  0]LogConfig: Setting CVar [[r.Filter.SizeScale:1]]
[2019.06.12-09.31.06:724][  0]LogConfig: Setting CVar [[r.Tonemapper.Quality:5]]
[2019.06.12-09.31.06:724][  0]LogConfig: Setting CVar [[r.DOF.Gather.AccumulatorQuality:1        ; higher gathering accumulator quality]]
[2019.06.12-09.31.06:724][  0]LogConfig: Setting CVar [[r.DOF.Gather.PostfilterMethod:1          ; Median3x3 postfilering method]]
[2019.06.12-09.31.06:724][  0]LogConfig: Setting CVar [[r.DOF.Gather.EnableBokehSettings:0       ; no bokeh simulation when gathering]]
[2019.06.12-09.31.06:724][  0]LogConfig: Setting CVar [[r.DOF.Gather.RingCount:4                 ; medium number of samples when gathering]]
[2019.06.12-09.31.06:724][  0]LogConfig: Setting CVar [[r.DOF.Scatter.ForegroundCompositing:1    ; additive foreground scattering]]
[2019.06.12-09.31.06:724][  0]LogConfig: Setting CVar [[r.DOF.Scatter.BackgroundCompositing:2    ; additive background scattering]]
[2019.06.12-09.31.06:724][  0]LogConfig: Setting CVar [[r.DOF.Scatter.EnableBokehSettings:1      ; bokeh simulation when scattering]]
[2019.06.12-09.31.06:724][  0]LogConfig: Setting CVar [[r.DOF.Scatter.MaxSpriteRatio:0.1         ; only a maximum of 10% of scattered bokeh]]
[2019.06.12-09.31.06:724][  0]LogConfig: Setting CVar [[r.DOF.Recombine.Quality:1                ; cheap slight out of focus]]
[2019.06.12-09.31.06:724][  0]LogConfig: Setting CVar [[r.DOF.Recombine.EnableBokehSettings:0    ; no bokeh simulation on slight out of focus]]
[2019.06.12-09.31.06:724][  0]LogConfig: Setting CVar [[r.DOF.TemporalAAQuality:1                ; more stable temporal accumulation]]
[2019.06.12-09.31.06:724][  0]LogConfig: Setting CVar [[r.DOF.Kernel.MaxForegroundRadius:0.025]]
[2019.06.12-09.31.06:724][  0]LogConfig: Setting CVar [[r.DOF.Kernel.MaxBackgroundRadius:0.025]]
[2019.06.12-09.31.06:724][  0]LogConfig: Applying CVar settings from Section [TextureQuality@3] File [D:/UnrealEngineProject/MountainAndSea/Saved/Config/Windows/Scalability.ini]
[2019.06.12-09.31.06:724][  0]LogConfig: Setting CVar [[r.Streaming.MipBias:0]]
[2019.06.12-09.31.06:724][  0]LogConfig: Setting CVar [[r.Streaming.AmortizeCPUToGPUCopy:0]]
[2019.06.12-09.31.06:724][  0]LogConfig: Setting CVar [[r.Streaming.MaxNumTexturesToStreamPerFrame:0]]
[2019.06.12-09.31.06:724][  0]LogConfig: Setting CVar [[r.Streaming.Boost:1]]
[2019.06.12-09.31.06:724][  0]LogConfig: Setting CVar [[r.MaxAnisotropy:8]]
[2019.06.12-09.31.06:724][  0]LogConfig: Setting CVar [[r.Streaming.LimitPoolSizeToVRAM:0]]
[2019.06.12-09.31.06:724][  0]LogConfig: Setting CVar [[r.Streaming.PoolSize:1000]]
[2019.06.12-09.31.06:724][  0]LogConfig: Setting CVar [[r.Streaming.MaxEffectiveScreenSize:0]]
[2019.06.12-09.31.06:724][  0]LogConfig: Applying CVar settings from Section [EffectsQuality@3] File [D:/UnrealEngineProject/MountainAndSea/Saved/Config/Windows/Scalability.ini]
[2019.06.12-09.31.06:724][  0]LogConfig: Setting CVar [[r.TranslucencyLightingVolumeDim:64]]
[2019.06.12-09.31.06:724][  0]LogConfig: Setting CVar [[r.RefractionQuality:2]]
[2019.06.12-09.31.06:724][  0]LogConfig: Setting CVar [[r.SSR.Quality:3]]
[2019.06.12-09.31.06:724][  0]LogConfig: Setting CVar [[r.SceneColorFormat:4]]
[2019.06.12-09.31.06:724][  0]LogConfig: Setting CVar [[r.DetailMode:2]]
[2019.06.12-09.31.06:724][  0]LogConfig: Setting CVar [[r.TranslucencyVolumeBlur:1]]
[2019.06.12-09.31.06:724][  0]LogConfig: Setting CVar [[r.MaterialQualityLevel:1 ; High quality]]
[2019.06.12-09.31.06:724][  0]LogConfig: Setting CVar [[r.SSS.Scale:1]]
[2019.06.12-09.31.06:724][  0]LogConfig: Setting CVar [[r.SSS.SampleSet:2]]
[2019.06.12-09.31.06:724][  0]LogConfig: Setting CVar [[r.SSS.Quality:1]]
[2019.06.12-09.31.06:724][  0]LogConfig: Setting CVar [[r.SSS.HalfRes:1]]
[2019.06.12-09.31.06:724][  0]LogConfig: Setting CVar [[r.EmitterSpawnRateScale:1.0]]
[2019.06.12-09.31.06:724][  0]LogConfig: Setting CVar [[r.ParticleLightQuality:2]]
[2019.06.12-09.31.06:724][  0]LogConfig: Applying CVar settings from Section [FoliageQuality@3] File [D:/UnrealEngineProject/MountainAndSea/Saved/Config/Windows/Scalability.ini]
[2019.06.12-09.31.06:724][  0]LogConfig: Setting CVar [[foliage.DensityScale:1.0]]
[2019.06.12-09.31.06:724][  0]LogConfig: Setting CVar [[grass.DensityScale:1.0]]
[2019.06.12-09.31.06:725][  0]LogInit: Selected Device Profile: [Windows]
[2019.06.12-09.31.06:725][  0]LogInit: Applying CVar settings loaded from the selected device profile: [Windows]
[2019.06.12-09.31.06:744][  0]LogHAL: Display: Platform has ~ 16 GB [17096769536 / 17179869184 / 16], which maps to Larger [LargestMinGB=32, LargerMinGB=12, DefaultMinGB=8, SmallerMinGB=6, SmallestMinGB=0)
[2019.06.12-09.31.06:744][  0]LogConfig: Setting CVar [[r.Vulkan.UseRealUBs:1]]
[2019.06.12-09.31.06:744][  0]LogInit: Going up to parent DeviceProfile []
[2019.06.12-09.31.06:744][  0]LogConfig: Applying CVar settings from Section [ViewDistanceQuality@3] File [D:/UnrealEngineProject/MountainAndSea/Saved/Config/Windows/Scalability.ini]
[2019.06.12-09.31.06:744][  0]LogConfig: Setting CVar [[r.SkeletalMeshLODBias:0]]
[2019.06.12-09.31.06:744][  0]LogConfig: Setting CVar [[r.ViewDistanceScale:1.0]]
[2019.06.12-09.31.06:744][  0]LogConfig: Applying CVar settings from Section [AntiAliasingQuality@3] File [D:/UnrealEngineProject/MountainAndSea/Saved/Config/Windows/Scalability.ini]
[2019.06.12-09.31.06:744][  0]LogConfig: Setting CVar [[r.PostProcessAAQuality:4]]
[2019.06.12-09.31.06:744][  0]LogConfig: Applying CVar settings from Section [ShadowQuality@3] File [D:/UnrealEngineProject/MountainAndSea/Saved/Config/Windows/Scalability.ini]
[2019.06.12-09.31.06:744][  0]LogConfig: Setting CVar [[r.LightFunctionQuality:1]]
[2019.06.12-09.31.06:744][  0]LogConfig: Setting CVar [[r.ShadowQuality:5]]
[2019.06.12-09.31.06:744][  0]LogConfig: Setting CVar [[r.Shadow.CSM.MaxCascades:10]]
[2019.06.12-09.31.06:744][  0]LogConfig: Setting CVar [[r.Shadow.MaxResolution:2048]]
[2019.06.12-09.31.06:744][  0]LogConfig: Setting CVar [[r.Shadow.MaxCSMResolution:2048]]
[2019.06.12-09.31.06:744][  0]LogConfig: Setting CVar [[r.Shadow.RadiusThreshold:0.01]]
[2019.06.12-09.31.06:744][  0]LogConfig: Setting CVar [[r.Shadow.DistanceScale:1.0]]
[2019.06.12-09.31.06:744][  0]LogConfig: Setting CVar [[r.Shadow.CSM.TransitionScale:1.0]]
[2019.06.12-09.31.06:744][  0]LogConfig: Setting CVar [[r.Shadow.PreShadowResolutionFactor:1.0]]
[2019.06.12-09.31.06:744][  0]LogConfig: Setting CVar [[r.DistanceFieldShadowing:1]]
[2019.06.12-09.31.06:744][  0]LogConfig: Setting CVar [[r.DistanceFieldAO:1]]
[2019.06.12-09.31.06:744][  0]LogConfig: Setting CVar [[r.AOQuality:2]]
[2019.06.12-09.31.06:744][  0]LogConfig: Setting CVar [[r.VolumetricFog:1]]
[2019.06.12-09.31.06:744][  0]LogConfig: Setting CVar [[r.VolumetricFog.GridPixelSize:8]]
[2019.06.12-09.31.06:744][  0]LogConfig: Setting CVar [[r.VolumetricFog.GridSizeZ:128]]
[2019.06.12-09.31.06:745][  0]LogConfig: Setting CVar [[r.VolumetricFog.HistoryMissSupersampleCount:4]]
[2019.06.12-09.31.06:745][  0]LogConfig: Setting CVar [[r.LightMaxDrawDistanceScale:1]]
[2019.06.12-09.31.06:745][  0]LogConfig: Setting CVar [[r.CapsuleShadows:1]]
[2019.06.12-09.31.06:745][  0]LogConfig: Applying CVar settings from Section [PostProcessQuality@3] File [D:/UnrealEngineProject/MountainAndSea/Saved/Config/Windows/Scalability.ini]
[2019.06.12-09.31.06:745][  0]LogConfig: Setting CVar [[r.MotionBlurQuality:4]]
[2019.06.12-09.31.06:745][  0]LogConfig: Setting CVar [[r.AmbientOcclusionMipLevelFactor:0.4]]
[2019.06.12-09.31.06:745][  0]LogConfig: Setting CVar [[r.AmbientOcclusionMaxQuality:100]]
[2019.06.12-09.31.06:745][  0]LogConfig: Setting CVar [[r.AmbientOcclusionLevels:-1]]
[2019.06.12-09.31.06:745][  0]LogConfig: Setting CVar [[r.AmbientOcclusionRadiusScale:1.0]]
[2019.06.12-09.31.06:745][  0]LogConfig: Setting CVar [[r.DepthOfFieldQuality:2]]
[2019.06.12-09.31.06:745][  0]LogConfig: Setting CVar [[r.RenderTargetPoolMin:400]]
[2019.06.12-09.31.06:745][  0]LogConfig: Setting CVar [[r.LensFlareQuality:2]]
[2019.06.12-09.31.06:745][  0]LogConfig: Setting CVar [[r.SceneColorFringeQuality:1]]
[2019.06.12-09.31.06:745][  0]LogConfig: Setting CVar [[r.EyeAdaptationQuality:2]]
[2019.06.12-09.31.06:745][  0]LogConfig: Setting CVar [[r.BloomQuality:5]]
[2019.06.12-09.31.06:745][  0]LogConfig: Setting CVar [[r.FastBlurThreshold:100]]
[2019.06.12-09.31.06:745][  0]LogConfig: Setting CVar [[r.Upscale.Quality:3]]
[2019.06.12-09.31.06:745][  0]LogConfig: Setting CVar [[r.Tonemapper.GrainQuantization:1]]
[2019.06.12-09.31.06:745][  0]LogConfig: Setting CVar [[r.LightShaftQuality:1]]
[2019.06.12-09.31.06:745][  0]LogConfig: Setting CVar [[r.Filter.SizeScale:1]]
[2019.06.12-09.31.06:745][  0]LogConfig: Setting CVar [[r.Tonemapper.Quality:5]]
[2019.06.12-09.31.06:745][  0]LogConfig: Setting CVar [[r.DOF.Gather.AccumulatorQuality:1        ; higher gathering accumulator quality]]
[2019.06.12-09.31.06:745][  0]LogConfig: Setting CVar [[r.DOF.Gather.PostfilterMethod:1          ; Median3x3 postfilering method]]
[2019.06.12-09.31.06:745][  0]LogConfig: Setting CVar [[r.DOF.Gather.EnableBokehSettings:0       ; no bokeh simulation when gathering]]
[2019.06.12-09.31.06:745][  0]LogConfig: Setting CVar [[r.DOF.Gather.RingCount:4                 ; medium number of samples when gathering]]
[2019.06.12-09.31.06:745][  0]LogConfig: Setting CVar [[r.DOF.Scatter.ForegroundCompositing:1    ; additive foreground scattering]]
[2019.06.12-09.31.06:745][  0]LogConfig: Setting CVar [[r.DOF.Scatter.BackgroundCompositing:2    ; additive background scattering]]
[2019.06.12-09.31.06:745][  0]LogConfig: Setting CVar [[r.DOF.Scatter.EnableBokehSettings:1      ; bokeh simulation when scattering]]
[2019.06.12-09.31.06:745][  0]LogConfig: Setting CVar [[r.DOF.Scatter.MaxSpriteRatio:0.1         ; only a maximum of 10% of scattered bokeh]]
[2019.06.12-09.31.06:745][  0]LogConfig: Setting CVar [[r.DOF.Recombine.Quality:1                ; cheap slight out of focus]]
[2019.06.12-09.31.06:745][  0]LogConfig: Setting CVar [[r.DOF.Recombine.EnableBokehSettings:0    ; no bokeh simulation on slight out of focus]]
[2019.06.12-09.31.06:745][  0]LogConfig: Setting CVar [[r.DOF.TemporalAAQuality:1                ; more stable temporal accumulation]]
[2019.06.12-09.31.06:745][  0]LogConfig: Setting CVar [[r.DOF.Kernel.MaxForegroundRadius:0.025]]
[2019.06.12-09.31.06:745][  0]LogConfig: Setting CVar [[r.DOF.Kernel.MaxBackgroundRadius:0.025]]
[2019.06.12-09.31.06:745][  0]LogConfig: Applying CVar settings from Section [TextureQuality@3] File [D:/UnrealEngineProject/MountainAndSea/Saved/Config/Windows/Scalability.ini]
[2019.06.12-09.31.06:745][  0]LogConfig: Setting CVar [[r.Streaming.MipBias:0]]
[2019.06.12-09.31.06:745][  0]LogConfig: Setting CVar [[r.Streaming.AmortizeCPUToGPUCopy:0]]
[2019.06.12-09.31.06:745][  0]LogConfig: Setting CVar [[r.Streaming.MaxNumTexturesToStreamPerFrame:0]]
[2019.06.12-09.31.06:745][  0]LogConfig: Setting CVar [[r.Streaming.Boost:1]]
[2019.06.12-09.31.06:745][  0]LogConfig: Setting CVar [[r.MaxAnisotropy:8]]
[2019.06.12-09.31.06:745][  0]LogConfig: Setting CVar [[r.Streaming.LimitPoolSizeToVRAM:0]]
[2019.06.12-09.31.06:745][  0]LogConfig: Setting CVar [[r.Streaming.PoolSize:1000]]
[2019.06.12-09.31.06:745][  0]LogConfig: Setting CVar [[r.Streaming.MaxEffectiveScreenSize:0]]
[2019.06.12-09.31.06:745][  0]LogConfig: Applying CVar settings from Section [EffectsQuality@3] File [D:/UnrealEngineProject/MountainAndSea/Saved/Config/Windows/Scalability.ini]
[2019.06.12-09.31.06:745][  0]LogConfig: Setting CVar [[r.TranslucencyLightingVolumeDim:64]]
[2019.06.12-09.31.06:745][  0]LogConfig: Setting CVar [[r.RefractionQuality:2]]
[2019.06.12-09.31.06:745][  0]LogConfig: Setting CVar [[r.SSR.Quality:3]]
[2019.06.12-09.31.06:746][  0]LogConfig: Setting CVar [[r.SceneColorFormat:4]]
[2019.06.12-09.31.06:746][  0]LogConfig: Setting CVar [[r.DetailMode:2]]
[2019.06.12-09.31.06:746][  0]LogConfig: Setting CVar [[r.TranslucencyVolumeBlur:1]]
[2019.06.12-09.31.06:746][  0]LogConfig: Setting CVar [[r.MaterialQualityLevel:1 ; High quality]]
[2019.06.12-09.31.06:746][  0]LogConfig: Setting CVar [[r.SSS.Scale:1]]
[2019.06.12-09.31.06:746][  0]LogConfig: Setting CVar [[r.SSS.SampleSet:2]]
[2019.06.12-09.31.06:746][  0]LogConfig: Setting CVar [[r.SSS.Quality:1]]
[2019.06.12-09.31.06:746][  0]LogConfig: Setting CVar [[r.SSS.HalfRes:1]]
[2019.06.12-09.31.06:746][  0]LogConfig: Setting CVar [[r.EmitterSpawnRateScale:1.0]]
[2019.06.12-09.31.06:746][  0]LogConfig: Setting CVar [[r.ParticleLightQuality:2]]
[2019.06.12-09.31.06:746][  0]LogConfig: Applying CVar settings from Section [FoliageQuality@3] File [D:/UnrealEngineProject/MountainAndSea/Saved/Config/Windows/Scalability.ini]
[2019.06.12-09.31.06:746][  0]LogConfig: Setting CVar [[foliage.DensityScale:1.0]]
[2019.06.12-09.31.06:746][  0]LogConfig: Setting CVar [[grass.DensityScale:1.0]]
[2019.06.12-09.31.06:746][  0]LogConfig: Applying CVar settings from Section [Startup] File [../../../Engine/Config/ConsoleVariables.ini]
[2019.06.12-09.31.06:746][  0]LogConfig: Setting CVar [[net.UseAdaptiveNetUpdateFrequency:0]]
[2019.06.12-09.31.06:746][  0]LogConfig: Applying CVar settings from Section [ConsoleVariables] File [D:/UnrealEngineProject/MountainAndSea/Saved/Config/Windows/Engine.ini]
[2019.06.12-09.31.06:746][  0]LogInit: Computer: DESKTOP-82VF2NQ
[2019.06.12-09.31.06:746][  0]LogInit: User: yifan
[2019.06.12-09.31.06:746][  0]LogInit: CPU Page size=4096, Cores=8
[2019.06.12-09.31.06:746][  0]LogInit: High frequency timer resolution =3.898925 MHz
[2019.06.12-09.31.06:747][  0]LogMemory: Memory total: Physical=15.9GB (16GB approx)
[2019.06.12-09.31.06:747][  0]LogMemory: Platform Memory Stats for Windows
[2019.06.12-09.31.06:747][  0]LogMemory: Process Physical Memory: 104.98 MB used, 104.98 MB peak
[2019.06.12-09.31.06:747][  0]LogMemory: Process Virtual Memory: 89.42 MB used, 89.42 MB peak
[2019.06.12-09.31.06:747][  0]LogMemory: Physical Memory: 5774.18 MB used,  10530.57 MB free, 16304.75 MB total
[2019.06.12-09.31.06:747][  0]LogMemory: Virtual Memory: 4683.96 MB used,  134213040.00 MB free, 134217728.00 MB total
[2019.06.12-09.31.06:768][  0]LogInit: Using OS detected language (zh-CN).
[2019.06.12-09.31.06:768][  0]LogInit: Using OS detected locale (zh-CN).
[2019.06.12-09.31.06:769][  0]LogTextLocalizationManager: No specific localization for 'zh-CN' exists, so the 'zh-Hans' localization will be used.
[2019.06.12-09.31.07:119][  0]LogStreaming: Display: Took  0.351s to InitEngineTextLocalization.
[2019.06.12-09.31.07:163][  0]LogSlate: New Slate User Created.  User Index 0, Is Virtual User: 0
[2019.06.12-09.31.07:163][  0]LogSlate: Slate User Registered.  User Index 0, Is Virtual User: 0
[2019.06.12-09.31.07:167][  0]LogHMD: Failed to initialize OpenVR with code 110
[2019.06.12-09.31.07:167][  0]LogD3D11RHI: D3D11 adapters:
[2019.06.12-09.31.07:247][  0]LogD3D11RHI:    0. 'NVIDIA GeForce GTX 1080 Ti' (Feature Level 11_0)
[2019.06.12-09.31.07:247][  0]LogD3D11RHI:       11127/0/8152 MB DedicatedVideo/DedicatedSystem/SharedSystem, Outputs:1, VendorId:0x10de
[2019.06.12-09.31.07:250][  0]LogD3D11RHI:    1. 'Microsoft Basic Render Driver' (Feature Level 11_0)
[2019.06.12-09.31.07:250][  0]LogD3D11RHI:       0/0/8152 MB DedicatedVideo/DedicatedSystem/SharedSystem, Outputs:0, VendorId:0x1414
[2019.06.12-09.31.07:250][  0]LogD3D11RHI: Chosen D3D11 Adapter: 0
[2019.06.12-09.31.07:260][  0]LogD3D11RHI: Creating new Direct3DDevice
[2019.06.12-09.31.07:260][  0]LogD3D11RHI:     GPU DeviceId: 0x1b06 (for the marketing name, search the web for "GPU Device Id")
[2019.06.12-09.31.07:260][  0]LogWindows: EnumDisplayDevices:
[2019.06.12-09.31.07:260][  0]LogWindows:    0. 'NVIDIA GeForce GTX 1080 Ti' (P:1 D:1)
[2019.06.12-09.31.07:260][  0]LogWindows:    1. 'NVIDIA GeForce GTX 1080 Ti' (P:0 D:0)
[2019.06.12-09.31.07:261][  0]LogWindows:    2. 'NVIDIA GeForce GTX 1080 Ti' (P:0 D:0)
[2019.06.12-09.31.07:261][  0]LogWindows:    3. 'NVIDIA GeForce GTX 1080 Ti' (P:0 D:0)
[2019.06.12-09.31.07:261][  0]LogWindows: DebugString: FoundDriverCount:4 
[2019.06.12-09.31.07:261][  0]LogD3D11RHI:     Adapter Name: NVIDIA GeForce GTX 1080 Ti
[2019.06.12-09.31.07:261][  0]LogD3D11RHI:   Driver Version: 399.24 (internal:24.21.13.9924, unified:399.24)
[2019.06.12-09.31.07:261][  0]LogD3D11RHI:      Driver Date: 9-5-2018
[2019.06.12-09.31.07:261][  0]LogRHI: Texture pool is 7788 MB (70% of 11127 MB)
[2019.06.12-09.31.07:318][  0]LogD3D11RHI: Async texture creation enabled
[2019.06.12-09.31.07:335][  0]LogD3D11RHI: GPU Timing Frequency: 1000.000000 (Debug: 2 2)
[2019.06.12-09.31.07:723][  0]LogTemp: Display: Loaded TP WindowsClientTargetPlatform
[2019.06.12-09.31.07:746][  0]LogTemp: Display: Loaded TP WindowsNoEditorTargetPlatform
[2019.06.12-09.31.07:765][  0]LogTemp: Display: Loaded TP WindowsServerTargetPlatform
[2019.06.12-09.31.07:778][  0]LogTemp: Display: Loaded TP WindowsTargetPlatform
[2019.06.12-09.31.07:778][  0]LogTargetPlatformManager: Display: Building Assets For Windows
[2019.06.12-09.31.07:816][  0]LogShaderCompilers: Guid format shader working directory is -6 characters bigger than the processId version (../../../../../../UnrealEngineProject/MountainAndSea/Intermediate/Shaders/WorkingDirectory/8476/).
[2019.06.12-09.31.07:816][  0]LogShaderCompilers: Cleaned the shader compiler working directory 'C:/Users/yifan/AppData/Local/Temp/UnrealShaderWorkingDir/A47C8BA14CE4F7427F0268B5AF957BCF/'.
[2019.06.12-09.31.07:818][  0]LogXGEController: Cleaning working directory: C:/Users/yifan/AppData/Local/Temp/UnrealXGEWorkingDir/
[2019.06.12-09.31.07:818][  0]LogXGEController: Cannot use XGE Controller as Incredibuild is not installed on this machine.
[2019.06.12-09.31.07:818][  0]LogShaderCompilers: Cannot use XGE Shader Compiler as Incredibuild is not installed on this machine.
[2019.06.12-09.31.07:818][  0]LogShaderCompilers: Display: Using Local Shader Compiler.
[2019.06.12-09.31.08:323][  0]LogDerivedDataCache: Display: Max Cache Size: 512 MB
[2019.06.12-09.31.08:368][  0]LogDerivedDataCache: Loaded boot cache 0.04s 69MB C:/Users/yifan/AppData/Local/UnrealEngine/4.21/DerivedDataCache/Boot.ddc.
[2019.06.12-09.31.08:368][  0]LogDerivedDataCache: Display: Loaded Boot cache: C:/Users/yifan/AppData/Local/UnrealEngine/4.21/DerivedDataCache/Boot.ddc
[2019.06.12-09.31.08:368][  0]LogDerivedDataCache: FDerivedDataBackendGraph:  Pak pak cache file ../../../../../../UnrealEngineProject/MountainAndSea/DerivedDataCache/DDC.ddp not found, will not use a pak cache.
[2019.06.12-09.31.08:368][  0]LogDerivedDataCache: Unable to find inner node Pak for hierarchical cache Hierarchy.
[2019.06.12-09.31.08:368][  0]LogDerivedDataCache: FDerivedDataBackendGraph:  CompressedPak pak cache file ../../../../../../UnrealEngineProject/MountainAndSea/DerivedDataCache/Compressed.ddp not found, will not use a pak cache.
[2019.06.12-09.31.08:368][  0]LogDerivedDataCache: Unable to find inner node CompressedPak for hierarchical cache Hierarchy.
[2019.06.12-09.31.08:384][  0]LogDerivedDataCache: Display: Pak cache opened for reading ../../../Engine/DerivedDataCache/Compressed.ddp.
[2019.06.12-09.31.08:384][  0]LogDerivedDataCache: FDerivedDataBackendGraph:  EnterprisePak pak cache file ../../../Enterprise/DerivedDataCache/Compressed.ddp not found, will not use a pak cache.
[2019.06.12-09.31.08:384][  0]LogDerivedDataCache: Unable to find inner node EnterprisePak for hierarchical cache Hierarchy.
[2019.06.12-09.31.08:397][  0]LogDerivedDataCache: Using Local data cache path C:/Users/yifan/AppData/Local/UnrealEngine/Common/DerivedDataCache: Writable
[2019.06.12-09.31.08:397][  0]LogDerivedDataCache: Shared data cache path not found in *engine.ini, will not use an Shared cache.
[2019.06.12-09.31.08:397][  0]LogDerivedDataCache: Unable to find inner node Shared for hierarchical cache Hierarchy.
[2019.06.12-09.31.08:435][  0]LogMaterial: Verifying Global Shaders for PCD3D_SM5
[2019.06.12-09.31.08:437][  0]LogSlate: Using FreeType 2.6.0
[2019.06.12-09.31.08:438][  0]LogSlate: SlateFontServices - WITH_FREETYPE: 1, WITH_HARFBUZZ: 1
[2019.06.12-09.31.08:534][  0]LogInit: Using OS detected language (zh-CN).
[2019.06.12-09.31.08:534][  0]LogInit: Using OS detected locale (zh-CN).
[2019.06.12-09.31.08:534][  0]LogTextLocalizationManager: No localization for 'zh-CN' exists, so 'en' will be used for the language.
[2019.06.12-09.31.08:534][  0]LogTextLocalizationManager: No localization for 'zh-CN' exists, so 'en' will be used for the locale.
[2019.06.12-09.31.08:534][  0]LogSlate: FontCache flush requested. Reason: Culture for localization was changed
[2019.06.12-09.31.08:534][  0]LogSlate: FontCache flush requested. Reason: Culture for localization was changed
[2019.06.12-09.31.08:832][  0]LogStreaming: Display: Took  0.298s to InitGameTextLocalization.
[2019.06.12-09.31.08:838][  0]LogAssetRegistry: FAssetRegistry took 0.0044 seconds to start up
[2019.06.12-09.31.09:126][  0]LogPackageLocalizationCache: Processed 11 localized package path(s) for 1 prioritized culture(s) in 0.059170 seconds
[2019.06.12-09.31.09:270][  0]LogInit: Selected Device Profile: [Windows]
[2019.06.12-09.31.09:358][  0]LogSimplygon: Simplygon DLL not present - disabling.
[2019.06.12-09.31.09:363][  0]LogMeshReduction: Using SimplygonSwarm for distributed automatic mesh merging
[2019.06.12-09.31.09:363][  0]LogMeshReduction: Using ProxyLODMeshReduction for automatic mesh merging
[2019.06.12-09.31.09:363][  0]LogMeshReduction: Using QuadricMeshReduction for automatic static mesh reduction
[2019.06.12-09.31.09:363][  0]LogMeshReduction: No automatic skeletal mesh reduction module available
[2019.06.12-09.31.09:463][  0]LogNetVersion: MountainAndSea 1.0.0, NetCL: 4541578, EngineNetVer: 5, GameNetVer: 0 (Checksum: 3138369148)
[2019.06.12-09.31.09:954][  0]LogMoviePlayer: Initializing movie player
[2019.06.12-09.31.10:195][  0]SourceControl: Source control is disabled
[2019.06.12-09.31.10:195][  0]SourceControl: Source control is disabled
[2019.06.12-09.31.10:196][  0]SourceControl: Source control is disabled
[2019.06.12-09.31.10:315][  0]LogAndroidPermission: UAndroidPermissionCallbackProxy::GetInstance
[2019.06.12-09.31.10:398][  0]LogOcInput: OculusInput pre-init called
[2019.06.12-09.31.10:411][  0]LogUObjectArray: 44271 objects as part of root set at end of initial load.
[2019.06.12-09.31.10:411][  0]LogUObjectAllocator: 7998224 out of 0 bytes used by permanent object pool.
[2019.06.12-09.31.10:411][  0]LogUObjectArray: CloseDisregardForGC: 0/0 objects in disregard for GC pool
[2019.06.12-09.31.10:542][  0]LogEngine: Initializing Engine...
[2019.06.12-09.31.10:543][  0]LogHMD: Failed to initialize OpenVR with code 110
[2019.06.12-09.31.10:557][  0]LogStats: UGameplayTagsManager::ConstructGameplayTagTree: ImportINI prefixes -  0.000 s
[2019.06.12-09.31.10:557][  0]LogStats: UGameplayTagsManager::ConstructGameplayTagTree: Construct from data asset -  0.000 s
[2019.06.12-09.31.10:557][  0]LogStats: UGameplayTagsManager::ConstructGameplayTagTree: ImportINI -  0.000 s
[2019.06.12-09.31.10:557][  0]LogStats: UGameplayTagsManager::ConstructGameplayTagTree: GameplayTagTreeChangedEvent.Broadcast -  0.000 s
[2019.06.12-09.31.10:724][  0]LogInit: Initializing FReadOnlyCVARCache
[2019.06.12-09.31.10:746][  0]LogInit: XAudio2 using '扬声器 (2- High Definition Audio 设备)' : 2 channels at 48 kHz using 16 bits per sample (channel mask 0x3)
[2019.06.12-09.31.10:834][  0]LogInit: FAudioDevice initialized.
[2019.06.12-09.31.10:845][  0]LogNetVersion: Set ProjectVersion to 1.0.0.0. Version Checksum will be recalculated on next use.
[2019.06.12-09.31.10:932][  0]LogDerivedDataCache: Saved boot cache 0.09s 69MB C:/Users/yifan/AppData/Local/UnrealEngine/4.21/DerivedDataCache/Boot.ddc.
[2019.06.12-09.31.10:943][  0]LogInit: Texture streaming: Enabled
[2019.06.12-09.31.11:059][  0]LogSlate: Updating window title bar state: overlay mode, drag disabled, window buttons hidden, title bar hidden
[2019.06.12-09.31.11:059][  0]LogInit: Display: Game Engine Initialized.
[2019.06.12-09.31.11:059][  0]LogGameplayTags: Display: UGameplayTagsManager::DoneAddingNativeTags. DelegateIsBound: 0
[2019.06.12-09.31.11:059][  0]LogStats: UGameplayTagsManager::ConstructGameplayTagTree: ImportINI prefixes -  0.000 s
[2019.06.12-09.31.11:059][  0]LogStats: UGameplayTagsManager::ConstructGameplayTagTree: Construct from data asset -  0.000 s
[2019.06.12-09.31.11:059][  0]LogStats: UGameplayTagsManager::ConstructGameplayTagTree: ImportINI -  0.000 s
[2019.06.12-09.31.11:059][  0]LogStats: UGameplayTagsManager::ConstructGameplayTagTree: GameplayTagTreeChangedEvent.Broadcast -  0.000 s
[2019.06.12-09.31.11:072][  0]LogInit: Display: Starting Game.
[2019.06.12-09.31.11:072][  0]LogNet: Browse: /Game/Maps/DefaultMap?Name=Player
[2019.06.12-09.31.11:072][  0]LogLoad: LoadMap: /Game/Maps/DefaultMap?Name=Player
[2019.06.12-09.31.11:188][  0]LogAIModule: Creating AISystem for world DefaultMap
[2019.06.12-09.31.11:188][  0]LogLoad: Game class is 'MountainAndSeaGameMode'
[2019.06.12-09.31.11:190][  0]LogWorld: Bringing World /Game/Maps/DefaultMap.DefaultMap up for play (max tick rate 0) at 2019.06.12-17.31.11
[2019.06.12-09.31.11:190][  0]LogWorld: Bringing up level for play took: 0.001326
[2019.06.12-09.31.11:195][  0]LogLoad: Took 0.123184 seconds to LoadMap(/Game/Maps/DefaultMap)
[2019.06.12-09.31.11:244][  0]LogRenderer: Reallocating scene render targets to support 1920x1080 Format 10 NumSamples 1 (Frame:1).
[2019.06.12-09.31.11:244][  0]LogLoad: (Engine Initialization) Total time: 6.70 seconds
[2019.06.12-09.31.11:244][  0]LogLoad: (Engine Initialization) Total Blueprint compile time: 0.00 seconds
[2019.06.12-09.31.11:309][  0]LogWindowsTextInputMethodSystem: Display: IME system now activated using TSF (微软拼音).
[2019.06.12-09.31.11:314][  0]LogContentStreaming: Texture pool size now 1000 MB
[2019.06.12-09.31.28:811][ 67]LogSlate: Window 'MountainAndSea (64-bit Development PCD3D_SM5) ' being destroyed
[2019.06.12-09.31.28:812][ 67]LogWindowsTextInputMethodSystem: Display: IME system now activated using TSF (微软拼音).
[2019.06.12-09.31.28:816][ 67]LogWindowsTextInputMethodSystem: Display: IME system now activated using TSF (微软拼音).
[2019.06.12-09.31.28:821][ 67]LogSlate: Updating window title bar state: overlay mode, drag disabled, window buttons hidden, title bar hidden
[2019.06.12-09.31.28:821][ 67]LogEngine: All Windows Closed
[2019.06.12-09.31.28:821][ 67]LogWindows: FPlatformMisc::RequestExit(0)
[2019.06.12-09.31.29:571][ 68]LogExit: Preparing to exit.
[2019.06.12-09.31.29:571][ 68]LogMoviePlayer: Shutting down movie player
[2019.06.12-09.31.29:585][ 68]LogSlate: Updating window title bar state: overlay mode, drag disabled, window buttons hidden, title bar hidden
[2019.06.12-09.31.29:597][ 68]LogExit: Game engine shut down
[2019.06.12-09.31.29:646][ 68]LogExit: Object subsystem successfully closed.
[2019.06.12-09.31.29:675][ 68]LogShaderCompilers: Display: Shaders left to compile 0
[2019.06.12-09.31.29:677][ 68]LogD3D11RHI: Shutdown
[2019.06.12-09.31.29:677][ 68]LogD3D11RHI: CleanupD3DDevice
[2019.06.12-09.31.29:678][ 68]LogD3D11RHI: ~FD3D11DynamicRHI
[2019.06.12-09.31.29:684][ 68]LogModuleManager: Shutting down and abandoning module SequenceRecorderSections (385)
[2019.06.12-09.31.29:684][ 68]LogModuleManager: Shutting down and abandoning module SequenceRecorder (383)
[2019.06.12-09.31.29:684][ 68]LogModuleManager: Shutting down and abandoning module AutomationController (381)
[2019.06.12-09.31.29:684][ 68]LogModuleManager: Shutting down and abandoning module AutomationWorker (379)
[2019.06.12-09.31.29:684][ 68]LogModuleManager: Shutting down and abandoning module Voice (377)
[2019.06.12-09.31.29:684][ 68]LogModuleManager: Shutting down and abandoning module AIModule (375)
[2019.06.12-09.31.29:684][ 68]LogModuleManager: Shutting down and abandoning module GameplayDebugger (374)
[2019.06.12-09.31.29:684][ 68]LogModuleManager: Shutting down and abandoning module AITestSuite (372)
[2019.06.12-09.31.29:684][ 68]LogModuleManager: Shutting down and abandoning module NavigationSystem (370)
[2019.06.12-09.31.29:684][ 68]LogModuleManager: Shutting down and abandoning module WmfMediaFactory (367)
[2019.06.12-09.31.29:684][ 68]LogModuleManager: Shutting down and abandoning module WebMMediaFactory (365)
[2019.06.12-09.31.29:684][ 68]LogModuleManager: Shutting down and abandoning module WebMMedia (363)
[2019.06.12-09.31.29:684][ 68]LogModuleManager: Shutting down and abandoning module OpenExrWrapper (361)
[2019.06.12-09.31.29:684][ 68]LogModuleManager: Shutting down and abandoning module ImgMediaFactory (359)
[2019.06.12-09.31.29:684][ 68]LogModuleManager: Shutting down and abandoning module AvfMediaFactory (357)
[2019.06.12-09.31.29:684][ 68]LogModuleManager: Shutting down and abandoning module MagicLeapCameraPreviewFactory (355)
[2019.06.12-09.31.29:684][ 68]LogModuleManager: Shutting down and abandoning module MagicLeapMediaFactory (353)
[2019.06.12-09.31.29:684][ 68]LogModuleManager: Shutting down and abandoning module CharacterAI (351)
[2019.06.12-09.31.29:684][ 68]LogModuleManager: Shutting down and abandoning module SessionServices (349)
[2019.06.12-09.31.29:684][ 68]LogModuleManager: Shutting down and abandoning module MovieSceneCapture (347)
[2019.06.12-09.31.29:684][ 68]LogModuleManager: Shutting down and abandoning module MovieSceneTracks (345)
[2019.06.12-09.31.29:684][ 68]LogModuleManager: Shutting down and abandoning module MovieScene (343)
[2019.06.12-09.31.29:684][ 68]LogModuleManager: Shutting down and abandoning module StreamingPauseRendering (341)
[2019.06.12-09.31.29:685][ 68]LogModuleManager: Shutting down and abandoning module PortalServices (339)
[2019.06.12-09.31.29:685][ 68]LogModuleManager: Shutting down and abandoning module PortalRpc (337)
[2019.06.12-09.31.29:685][ 68]LogModuleManager: Shutting down and abandoning module MessagingRpc (335)
[2019.06.12-09.31.29:685][ 68]LogModuleManager: Shutting down and abandoning module ImageWriteQueue (333)
[2019.06.12-09.31.29:687][ 68]LogModuleManager: Shutting down and abandoning module ProfilerService (331)
[2019.06.12-09.31.29:706][ 68]LogModuleManager: Shutting down and abandoning module TaskGraph (329)
[2019.06.12-09.31.29:706][ 68]LogModuleManager: Shutting down and abandoning module SteamVRController (327)
[2019.06.12-09.31.29:706][ 68]LogModuleManager: Shutting down and abandoning module ProceduralMeshComponent (325)
[2019.06.12-09.31.29:706][ 68]LogModuleManager: Shutting down and abandoning module OculusInput (323)
[2019.06.12-09.31.29:706][ 68]LogModuleManager: Shutting down and abandoning module MobilePatchingUtils (321)
[2019.06.12-09.31.29:706][ 68]LogModuleManager: Shutting down and abandoning module EditableMesh (319)
[2019.06.12-09.31.29:706][ 68]LogModuleManager: Shutting down and abandoning module CustomMeshComponent (317)
[2019.06.12-09.31.29:706][ 68]LogModuleManager: Shutting down and abandoning module CableComponent (315)
[2019.06.12-09.31.29:706][ 68]LogModuleManager: Shutting down and abandoning module AudioCapture (313)
[2019.06.12-09.31.29:706][ 68]LogModuleManager: Shutting down and abandoning module ArchVisCharacter (311)
[2019.06.12-09.31.29:706][ 68]LogModuleManager: Shutting down and abandoning module AndroidPermission (309)
[2019.06.12-09.31.29:706][ 68]LogModuleManager: Shutting down and abandoning module NUTUnrealEngine4 (307)
[2019.06.12-09.31.29:706][ 68]LogModuleManager: Shutting down and abandoning module NetcodeUnitTest (305)
[2019.06.12-09.31.29:706][ 68]LogModuleManager: Shutting down and abandoning module MediaCompositing (303)
[2019.06.12-09.31.29:706][ 68]LogModuleManager: Shutting down and abandoning module LinearTimecode (301)
[2019.06.12-09.31.29:706][ 68]LogModuleManager: Shutting down and abandoning module ImgMedia (299)
[2019.06.12-09.31.29:709][ 68]LogModuleManager: Shutting down and abandoning module HTML5Networking (297)
[2019.06.12-09.31.29:709][ 68]LogModuleManager: Shutting down and abandoning module GeometryCacheTracks (295)
[2019.06.12-09.31.29:709][ 68]LogModuleManager: Shutting down and abandoning module GeometryCacheSequencer (294)
[2019.06.12-09.31.29:709][ 68]LogModuleManager: Shutting down and abandoning module GeometryCache (291)
[2019.06.12-09.31.29:709][ 68]LogModuleManager: Shutting down and abandoning module GeometryCacheEd (290)
[2019.06.12-09.31.29:709][ 68]LogModuleManager: Shutting down and abandoning module BackChannel (287)
[2019.06.12-09.31.29:709][ 68]LogModuleManager: Shutting down and abandoning module AppleVision (285)
[2019.06.12-09.31.29:709][ 68]LogModuleManager: Shutting down and abandoning module AppleImageUtilsBlueprintSupport (283)
[2019.06.12-09.31.29:709][ 68]LogModuleManager: Shutting down and abandoning module AppleImageUtils (281)
[2019.06.12-09.31.29:709][ 68]LogModuleManager: Shutting down and abandoning module VariantManagerContent (279)
[2019.06.12-09.31.29:709][ 68]LogModuleManager: Shutting down and abandoning module CryptoKeysOpenSSL (277)
[2019.06.12-09.31.29:709][ 68]LogModuleManager: Shutting down and abandoning module CryptoKeys (275)
[2019.06.12-09.31.29:709][ 68]LogModuleManager: Shutting down and abandoning module VisualStudioSourceCodeAccess (273)
[2019.06.12-09.31.29:709][ 68]LogModuleManager: Shutting down and abandoning module HotReload (272)
[2019.06.12-09.31.29:709][ 68]LogModuleManager: Shutting down and abandoning module DirectoryWatcher (271)
[2019.06.12-09.31.29:709][ 68]LogModuleManager: Shutting down and abandoning module VisualStudioCodeSourceCodeAccess (267)
[2019.06.12-09.31.29:709][ 68]LogModuleManager: Shutting down and abandoning module UObjectPlugin (265)
[2019.06.12-09.31.29:709][ 68]LogModuleManager: Shutting down and abandoning module SubversionSourceControl (263)
[2019.06.12-09.31.29:709][ 68]LogModuleManager: Shutting down and abandoning module PerforceSourceControl (261)
[2019.06.12-09.31.29:710][ 68]LogModuleManager: Shutting down and abandoning module SourceControl (260)
[2019.06.12-09.31.29:710][ 68]LogModuleManager: Shutting down and abandoning module CLionSourceCodeAccess (257)
[2019.06.12-09.31.29:710][ 68]LogModuleManager: Shutting down and abandoning module ActorLayerUtilities (255)
[2019.06.12-09.31.29:710][ 68]LogModuleManager: Shutting down and abandoning module MountainAndSea (253)
[2019.06.12-09.31.29:710][ 68]LogModuleManager: Shutting down and abandoning module RuntimePhysXCooking (251)
[2019.06.12-09.31.29:710][ 68]LogModuleManager: Shutting down and abandoning module PhysXVehiclesEditor (249)
[2019.06.12-09.31.29:710][ 68]LogModuleManager: Shutting down and abandoning module PhysXVehicles (247)
[2019.06.12-09.31.29:710][ 68]LogModuleManager: Shutting down and abandoning module LocationServicesBPLibrary (245)
[2019.06.12-09.31.29:710][ 68]LogModuleManager: Shutting down and abandoning module ActorSequence (243)
[2019.06.12-09.31.29:710][ 68]LogModuleManager: Shutting down and abandoning module UdpMessaging (241)
[2019.06.12-09.31.29:710][ 68]LogModuleManager: Shutting down and abandoning module TcpMessaging (239)
[2019.06.12-09.31.29:710][ 68]LogModuleManager: Shutting down and abandoning module MagicLeapAudio (237)
[2019.06.12-09.31.29:710][ 68]LogModuleManager: Shutting down and abandoning module GameplayTagsEditor (235)
[2019.06.12-09.31.29:710][ 68]LogModuleManager: Shutting down and abandoning module FacialAnimation (233)
[2019.06.12-09.31.29:710][ 68]LogModuleManager: Shutting down and abandoning module DataValidation (231)
[2019.06.12-09.31.29:710][ 68]LogModuleManager: Shutting down and abandoning module AssetManagerEditor (229)
[2019.06.12-09.31.29:710][ 68]LogModuleManager: Shutting down and abandoning module TreeMap (228)
[2019.06.12-09.31.29:710][ 68]LogModuleManager: Shutting down and abandoning module LightPropagationVolumeRuntime (225)
[2019.06.12-09.31.29:710][ 68]LogModuleManager: Shutting down and abandoning module AISupportModule (223)
[2019.06.12-09.31.29:710][ 68]LogModuleManager: Shutting down and abandoning module Paper2D (221)
[2019.06.12-09.31.29:710][ 68]LogModuleManager: Shutting down and abandoning module WindowsMoviePlayer (219)
[2019.06.12-09.31.29:710][ 68]LogModuleManager: Shutting down and abandoning module WebMMoviePlayer (217)
[2019.06.12-09.31.29:710][ 68]LogModuleManager: Shutting down and abandoning module WmfMedia (215)
[2019.06.12-09.31.29:711][ 68]LogModuleManager: Shutting down and abandoning module Media (214)
[2019.06.12-09.31.29:717][ 68]LogModuleManager: Shutting down and abandoning module PacketHandler (211)
[2019.06.12-09.31.29:717][ 68]LogModuleManager: Shutting down and abandoning module ClothingSystemEditor (209)
[2019.06.12-09.31.29:717][ 68]LogModuleManager: Shutting down and abandoning module ClothingSystemRuntime (207)
[2019.06.12-09.31.29:717][ 68]LogModuleManager: Shutting down and abandoning module MediaAssets (205)
[2019.06.12-09.31.29:717][ 68]LogModuleManager: Shutting down and abandoning module Overlay (203)
[2019.06.12-09.31.29:717][ 68]LogModuleManager: Shutting down and abandoning module OverlayEditor (202)
[2019.06.12-09.31.29:717][ 68]LogModuleManager: Shutting down and abandoning module VREditor (199)
[2019.06.12-09.31.29:717][ 68]LogModuleManager: Shutting down and abandoning module StringTableEditor (197)
[2019.06.12-09.31.29:717][ 68]LogModuleManager: Shutting down and abandoning module GameplayTasksEditor (195)
[2019.06.12-09.31.29:717][ 68]LogModuleManager: Shutting down and abandoning module BehaviorTreeEditor (193)
[2019.06.12-09.31.29:717][ 68]LogModuleManager: Shutting down and abandoning module FunctionalTesting (191)
[2019.06.12-09.31.29:717][ 68]LogModuleManager: Shutting down and abandoning module CollisionAnalyzer (189)
[2019.06.12-09.31.29:717][ 68]LogModuleManager: Shutting down and abandoning module WorkspaceMenuStructure (188)
[2019.06.12-09.31.29:717][ 68]LogModuleManager: Shutting down and abandoning module UMG (185)
[2019.06.12-09.31.29:717][ 68]LogModuleManager: Shutting down and abandoning module UMGEditor (184)
[2019.06.12-09.31.29:717][ 68]LogModuleManager: Shutting down and abandoning module Sequencer (183)
[2019.06.12-09.31.29:717][ 68]LogModuleManager: Shutting down and abandoning module MessageLog (180)
[2019.06.12-09.31.29:717][ 68]LogModuleManager: Shutting down and abandoning module SlateReflector (175)
[2019.06.12-09.31.29:717][ 68]LogModuleManager: Shutting down and abandoning module Slate (173)
[2019.06.12-09.31.29:717][ 68]LogModuleManager: Shutting down and abandoning module EditorStyle (171)
[2019.06.12-09.31.29:719][ 68]LogModuleManager: Shutting down and abandoning module MRMesh (169)
[2019.06.12-09.31.29:719][ 68]LogModuleManager: Shutting down and abandoning module Messaging (167)
[2019.06.12-09.31.29:719][ 68]LogModuleManager: Shutting down and abandoning module SourceCodeAccess (165)
[2019.06.12-09.31.29:719][ 68]LogModuleManager: Shutting down and abandoning module HeadMountedDisplay (163)
[2019.06.12-09.31.29:719][ 68]LogModuleManager: Shutting down and abandoning module XAudio2 (161)
[2019.06.12-09.31.29:719][ 68]LogModuleManager: Shutting down and abandoning module Networking (159)
[2019.06.12-09.31.29:719][ 68]LogModuleManager: Shutting down and abandoning module Core (157)
[2019.06.12-09.31.29:719][ 68]LogModuleManager: Shutting down and abandoning module LevelSequence (155)
[2019.06.12-09.31.29:719][ 68]LogModuleManager: Shutting down and abandoning module KismetCompiler (153)
[2019.06.12-09.31.29:719][ 68]LogModuleManager: Shutting down and abandoning module MeshUtilities (151)
[2019.06.12-09.31.29:719][ 68]LogModuleManager: Shutting down and abandoning module MeshMergeUtilities (150)
[2019.06.12-09.31.29:719][ 68]LogModuleManager: Shutting down and abandoning module MeshReductionInterface (149)
[2019.06.12-09.31.29:719][ 68]LogModuleManager: Shutting down and abandoning module SimplygonSwarm (148)
[2019.06.12-09.31.29:719][ 68]LogModuleManager: Shutting down and abandoning module ProxyLODMeshReduction (146)
[2019.06.12-09.31.29:719][ 68]LogModuleManager: Shutting down and abandoning module SimplygonMeshReduction (144)
[2019.06.12-09.31.29:719][ 68]LogModuleManager: Shutting down and abandoning module QuadricMeshReduction (142)
[2019.06.12-09.31.29:719][ 68]LogModuleManager: Shutting down and abandoning module MaterialBaking (138)
[2019.06.12-09.31.29:719][ 68]LogModuleManager: Shutting down and abandoning module PIEPreviewDeviceProfileSelector (133)
[2019.06.12-09.31.29:719][ 68]LogModuleManager: Shutting down and abandoning module DerivedDataCache (131)
[2019.06.12-09.31.29:908][ 68]LogDerivedDataCache: Shutdown
[2019.06.12-09.31.29:908][ 68]LogModuleManager: Shutting down and abandoning module XGEController (129)
[2019.06.12-09.31.29:908][ 68]LogXGEController: Cleaning working directory: C:/Users/yifan/AppData/Local/Temp/UnrealXGEWorkingDir/
[2019.06.12-09.31.29:908][ 68]LogModuleManager: Shutting down and abandoning module TargetPlatform (127)
[2019.06.12-09.31.29:908][ 68]LogModuleManager: Shutting down and abandoning module VulkanShaderFormat (126)
[2019.06.12-09.31.29:908][ 68]LogModuleManager: Shutting down and abandoning module ShaderFormatVectorVM (124)
[2019.06.12-09.31.29:908][ 68]LogModuleManager: Shutting down and abandoning module ShaderFormatOpenGL (122)
[2019.06.12-09.31.29:908][ 68]LogModuleManager: Shutting down and abandoning module ShaderFormatD3D (120)
[2019.06.12-09.31.29:908][ 68]LogModuleManager: Shutting down and abandoning module MetalShaderFormat (118)
[2019.06.12-09.31.29:908][ 68]LogModuleManager: Shutting down and abandoning module TextureFormatUncompressed (116)
[2019.06.12-09.31.29:908][ 68]LogModuleManager: Shutting down and abandoning module TextureFormatPVR (114)
[2019.06.12-09.31.29:908][ 68]LogModuleManager: Shutting down and abandoning module TextureFormatDXT (112)
[2019.06.12-09.31.29:908][ 68]LogModuleManager: Shutting down and abandoning module TextureFormatIntelISPCTexComp (110)
[2019.06.12-09.31.29:909][ 68]LogModuleManager: Shutting down and abandoning module TextureFormatASTC (108)
[2019.06.12-09.31.29:909][ 68]LogModuleManager: Shutting down and abandoning module ImageWrapper (107)
[2019.06.12-09.31.29:909][ 68]LogModuleManager: Shutting down and abandoning module TextureFormatAndroid (104)
[2019.06.12-09.31.29:909][ 68]LogModuleManager: Shutting down and abandoning module AudioFormatOpus (102)
[2019.06.12-09.31.29:909][ 68]LogModuleManager: Shutting down and abandoning module AudioFormatOgg (100)
[2019.06.12-09.31.29:909][ 68]LogModuleManager: Shutting down and abandoning module AudioFormatADPCM (98)
[2019.06.12-09.31.29:909][ 68]LogModuleManager: Shutting down and abandoning module WindowsTargetPlatform (96)
[2019.06.12-09.31.29:909][ 68]LogModuleManager: Shutting down and abandoning module WindowsServerTargetPlatform (94)
[2019.06.12-09.31.29:909][ 68]LogModuleManager: Shutting down and abandoning module WindowsNoEditorTargetPlatform (92)
[2019.06.12-09.31.29:909][ 68]LogModuleManager: Shutting down and abandoning module WindowsClientTargetPlatform (90)
[2019.06.12-09.31.29:909][ 68]LogModuleManager: Shutting down and abandoning module InputCore (87)
[2019.06.12-09.31.29:909][ 68]LogModuleManager: Shutting down and abandoning module Settings (85)
[2019.06.12-09.31.29:909][ 68]LogModuleManager: Shutting down and abandoning module PhysXCooking (83)
[2019.06.12-09.31.29:909][ 68]LogModuleManager: Shutting down and abandoning module SteamVR (81)
[2019.06.12-09.31.29:909][ 68]LogHMD: Freeing OpenVRDLLHandle.
[2019.06.12-09.31.29:909][ 68]LogModuleManager: Shutting down and abandoning module OculusHMD (79)
[2019.06.12-09.31.29:909][ 68]LogModuleManager: Shutting down and abandoning module ExampleDeviceProfileSelector (77)
[2019.06.12-09.31.29:909][ 68]LogModuleManager: Shutting down and abandoning module LauncherChunkInstaller (75)
[2019.06.12-09.31.29:909][ 68]LogModuleManager: Shutting down and abandoning module OnlineBlueprintSupport (73)
[2019.06.12-09.31.29:909][ 68]LogModuleManager: Shutting down and abandoning module OnlineSubsystem (69)
[2019.06.12-09.31.29:910][ 68]LogModuleManager: Shutting down and abandoning module XMPP (63)
[2019.06.12-09.31.29:910][ 68]LogModuleManager: Shutting down and abandoning module WebSockets (62)
[2019.06.12-09.31.29:923][ 68]LogModuleManager: Shutting down and abandoning module HTTP (59)
[2019.06.12-09.31.29:950][ 68]LogModuleManager: Shutting down and abandoning module SSL (58)
[2019.06.12-09.31.29:952][ 68]LogModuleManager: Shutting down and abandoning module MagicLeapIdentity (54)
[2019.06.12-09.31.29:952][ 68]LogModuleManager: Shutting down and abandoning module MagicLeapHelperVulkan (52)
[2019.06.12-09.31.29:952][ 68]LogModuleManager: Shutting down and abandoning module MagicLeapHelperOpenGL (50)
[2019.06.12-09.31.29:952][ 68]LogModuleManager: Shutting down and abandoning module MagicLeapSecureStorage (48)
[2019.06.12-09.31.29:952][ 68]LogModuleManager: Shutting down and abandoning module MagicLeapHandTracking (46)
[2019.06.12-09.31.29:952][ 68]LogModuleManager: Shutting down and abandoning module MagicLeapEyeTracker (44)
[2019.06.12-09.31.29:952][ 68]LogModuleManager: Shutting down and abandoning module MagicLeapController (42)
[2019.06.12-09.31.29:952][ 68]LogSlate: Slate User Destroyed.  User Index 0, Is Virtual User: 0
[2019.06.12-09.31.29:952][ 68]LogModuleManager: Shutting down and abandoning module MagicLeap (40)
[2019.06.12-09.31.29:952][ 68]LogModuleManager: Shutting down and abandoning module DatasmithContent (38)
[2019.06.12-09.31.29:953][ 68]LogModuleManager: Shutting down and abandoning module AnimationModifiers (36)
[2019.06.12-09.31.29:953][ 68]LogModuleManager: Shutting down and abandoning module PropertyEditor (35)
[2019.06.12-09.31.29:953][ 68]LogModuleManager: Shutting down and abandoning module AudioEditor (32)
[2019.06.12-09.31.29:953][ 68]LogModuleManager: Shutting down and abandoning module TextureCompressor (30)
[2019.06.12-09.31.29:953][ 68]LogModuleManager: Shutting down and abandoning module ShaderCore (28)
[2019.06.12-09.31.29:953][ 68]LogModuleManager: Shutting down and abandoning module Landscape (26)
[2019.06.12-09.31.29:953][ 68]LogModuleManager: Shutting down and abandoning module SlateRHIRenderer (24)
[2019.06.12-09.31.29:953][ 68]LogModuleManager: Shutting down and abandoning module OpenGLDrv (22)
[2019.06.12-09.31.29:953][ 68]LogModuleManager: Shutting down and abandoning module D3D11RHI (20)
[2019.06.12-09.31.29:953][ 68]LogModuleManager: Shutting down and abandoning module AnimGraphRuntime (18)
[2019.06.12-09.31.29:953][ 68]LogModuleManager: Shutting down and abandoning module Renderer (16)
[2019.06.12-09.31.29:953][ 68]LogModuleManager: Shutting down and abandoning module Engine (14)
[2019.06.12-09.31.29:953][ 68]LogModuleManager: Shutting down and abandoning module CoreUObject (12)
[2019.06.12-09.31.29:953][ 68]LogModuleManager: Shutting down and abandoning module NetworkFile (10)
[2019.06.12-09.31.29:953][ 68]LogModuleManager: Shutting down and abandoning module CookedIterativeFile (8)
[2019.06.12-09.31.29:953][ 68]LogModuleManager: Shutting down and abandoning module StreamingFile (6)
[2019.06.12-09.31.29:954][ 68]LogModuleManager: Shutting down and abandoning module SandboxFile (4)
[2019.06.12-09.31.29:954][ 68]LogModuleManager: Shutting down and abandoning module PakFile (2)
[2019.06.12-09.31.29:965][ 68]LogExit: Exiting.
[2019.06.12-09.31.29:967][ 68]Log file closed, 06/12/19 17:31:29
