Log file open, 05/23/19 11:04:25
LogWindows: Failed to load 'aqProf.dll' (GetLastError=126)
LogWindows: File 'aqProf.dll' does not exist
LogWindows: Failed to load 'VtuneApi.dll' (GetLastError=126)
LogWindows: File 'VtuneApi.dll' does not exist
LogWindows: Failed to load 'VtuneApi32e.dll' (GetLastError=126)
LogWindows: File 'VtuneApi32e.dll' does not exist
LogConsoleResponse: Display: Failed to find resolution value strings in scalability ini. Falling back to default.
LogInit: Display: Running engine for game: MountainAndSea
LogPakFile: Registered encryption key '00000000000000000000000000000000': 0 pak files mounted, 0 remain pending
LogPlatformFile: Not using cached read wrapper
LogTaskGraph: Started task graph with 5 named threads and 47 total threads with 3 sets of task threads.
LogStats: Stats thread started at 0.649980
LogD3D11RHI: Loaded GFSDK_Aftermath_Lib.x64.dll
LogICUInternationalization: ICU TimeZone Detection - Raw Offset: +8:00, Platform Override: ''
LogPluginManager: Mounting plugin Paper2D
LogPluginManager: Mounting plugin AISupport
LogPluginManager: Mounting plugin LightPropagationVolume
LogPluginManager: Mounting plugin ActorLayerUtilities
LogPluginManager: Mounting plugin CLionSourceCodeAccess
LogPluginManager: Mounting plugin CodeLiteSourceCodeAccess
LogPluginManager: Mounting plugin GitSourceControl
LogPluginManager: Mounting plugin KDevelopSourceCodeAccess
LogPluginManager: Mounting plugin NullSourceCodeAccess
LogPluginManager: Mounting plugin PerforceSourceControl
LogPluginManager: Mounting plugin SubversionSourceControl
LogPluginManager: Mounting plugin UObjectPlugin
LogPluginManager: Mounting plugin VisualStudioCodeSourceCodeAccess
LogPluginManager: Mounting plugin VisualStudioSourceCodeAccess
LogPluginManager: Mounting plugin XCodeSourceCodeAccess
LogPluginManager: Mounting plugin AssetManagerEditor
LogPluginManager: Mounting plugin CryptoKeys
LogPluginManager: Mounting plugin DataValidation
LogPluginManager: Mounting plugin FacialAnimation
LogPluginManager: Mounting plugin GameplayTagsEditor
LogPluginManager: Mounting plugin MacGraphicsSwitching
LogPluginManager: Mounting plugin MeshEditor
LogPluginManager: Mounting plugin MobileLauncherProfileWizard
LogPluginManager: Mounting plugin PluginBrowser
LogPluginManager: Mounting plugin SpeedTreeImporter
LogPluginManager: Mounting plugin DatasmithContent
LogPluginManager: Mounting plugin VariantManagerContent
LogPluginManager: Mounting plugin AlembicImporter
LogPluginManager: Mounting plugin AppleImageUtils
LogPluginManager: Mounting plugin AppleVision
LogPluginManager: Mounting plugin BackChannel
LogPluginManager: Mounting plugin CharacterAI
LogPluginManager: Mounting plugin GeometryCache
LogPluginManager: Mounting plugin HTML5Networking
LogPluginManager: Mounting plugin ProxyLODPlugin
LogPluginManager: Mounting plugin MagicLeap
LogPluginManager: Mounting plugin MagicLeapMedia
LogPluginManager: Mounting plugin AndroidMedia
LogPluginManager: Mounting plugin AvfMedia
LogPluginManager: Mounting plugin ImgMedia
LogPluginManager: Mounting plugin LinearTimecode
LogPluginManager: Mounting plugin MediaCompositing
LogPluginManager: Mounting plugin MediaPlayerEditor
LogPluginManager: Mounting plugin WebMMedia
LogPluginManager: Mounting plugin WmfMedia
LogPluginManager: Mounting plugin TcpMessaging
LogPluginManager: Mounting plugin UdpMessaging
LogPluginManager: Mounting plugin ActorSequence
LogPluginManager: Mounting plugin LevelSequenceEditor
LogPluginManager: Mounting plugin MatineeToLevelSequence
LogPluginManager: Mounting plugin NetcodeUnitTest
LogPluginManager: Mounting plugin NUTUnrealEngine4
LogPluginManager: Mounting plugin OnlineSubsystemGooglePlay
LogPluginManager: Mounting plugin OnlineSubsystemIOS
LogPluginManager: Mounting plugin OnlineSubsystem
LogPluginManager: Mounting plugin OnlineSubsystemNull
LogPluginManager: Mounting plugin OnlineSubsystemUtils
LogPluginManager: Mounting plugin LauncherChunkInstaller
LogPluginManager: Mounting plugin AndroidDeviceProfileSelector
LogPluginManager: Mounting plugin AndroidMoviePlayer
LogPluginManager: Mounting plugin AndroidPermission
LogPluginManager: Mounting plugin AppleMoviePlayer
LogPluginManager: Mounting plugin ArchVisCharacter
LogPluginManager: Mounting plugin AudioCapture
LogPluginManager: Mounting plugin CableComponent
LogPluginManager: Mounting plugin CustomMeshComponent
LogPluginManager: Mounting plugin EditableMesh
LogPluginManager: Mounting plugin ExampleDeviceProfileSelector
LogPluginManager: Mounting plugin Firebase
LogPluginManager: Mounting plugin GoogleCloudMessaging
LogPluginManager: Mounting plugin IOSDeviceProfileSelector
LogPluginManager: Mounting plugin LinuxDeviceProfileSelector
LogPluginManager: Mounting plugin LocationServicesBPLibrary
LogPluginManager: Mounting plugin MobilePatchingUtils
LogPluginManager: Mounting plugin OculusVR
LogPluginManager: Mounting plugin PhysXVehicles
LogPluginManager: Mounting plugin ProceduralMeshComponent
LogPluginManager: Mounting plugin RuntimePhysXCooking
LogPluginManager: Mounting plugin SteamVR
LogPluginManager: Mounting plugin WebMMoviePlayer
LogPluginManager: Mounting plugin WindowsMoviePlayer
LogStreaming: Display: Took  0.116s to configure plugins.
LogInit: Using libcurl 7.55.1-DEV
LogInit:  - built for x86_64-pc-win32
LogInit:  - supports SSL with OpenSSL/1.0.2h
LogInit:  - supports HTTP deflate (compression) using libz 1.2.8
LogInit:  - other features:
LogInit:      CURL_VERSION_SSL
LogInit:      CURL_VERSION_LIBZ
LogInit:      CURL_VERSION_IPV6
LogInit:      CURL_VERSION_ASYNCHDNS
LogInit:      CURL_VERSION_LARGEFILE
LogInit:      CURL_VERSION_IDN
LogInit:  CurlRequestOptions (configurable via config and command line):
LogInit:  - bVerifyPeer = true  - Libcurl will verify peer certificate
LogInit:  - bUseHttpProxy = false  - Libcurl will NOT use HTTP proxy
LogInit:  - bDontReuseConnections = false  - Libcurl will reuse connections
LogInit:  - MaxHostConnections = 16  - Libcurl will limit the number of connections to a host
LogInit:  - LocalHostAddr = Default
LogInit:  - BufferSize = 65536
LogInit: WinSock: version 1.1 (2.2), MaxSocks=32767, MaxUdp=65467
LogInit: Build: ++UE4+Release-4.21-CL-4753647
LogInit: Engine Version: 4.21.2-4753647+++UE4+Release-4.21
LogInit: Compatible Engine Version: 4.21.0-4541578+++UE4+Release-4.21
LogInit: Net CL: 4541578
LogInit: OS: Windows 10 (), CPU: AMD Ryzen 7 2700X Eight-Core Processor         , GPU: NVIDIA GeForce GTX 1080 Ti
LogInit: Compiled (64-bit): Jan 19 2019 02:07:31
LogInit: Compiled with Visual C++: 19.13.26129.00
LogInit: Build Configuration: Development
LogInit: Branch Name: ++UE4+Release-4.21
LogInit: Command Line:  -skipcompile
LogInit: Base Directory: D:/UnrealEngine/UnrealEngine-release/UE_4.21/Engine/Binaries/Win64/
LogInit: Installed Engine Build: 1
LogDevObjectVersion: Number of dev versions registered: 22
LogDevObjectVersion:   Dev-Blueprints (B0D832E4-1F89-4F0D-ACCF-7EB736FD4AA2): 10
LogDevObjectVersion:   Dev-Build (E1C64328-A22C-4D53-A36C-8E866417BD8C): 0
LogDevObjectVersion:   Dev-Core (375EC13C-06E4-48FB-B500-84F0262A717E): 2
LogDevObjectVersion:   Dev-Editor (E4B068ED-F494-42E9-A231-DA0B2E46BB41): 26
LogDevObjectVersion:   Dev-Framework (CFFC743F-43B0-4480-9391-14DF171D2073): 34
LogDevObjectVersion:   Dev-Mobile (B02B49B5-BB20-44E9-A304-32B752E40360): 2
LogDevObjectVersion:   Dev-Networking (A4E4105C-59A1-49B5-A7C5-40C4547EDFEE): 0
LogDevObjectVersion:   Dev-Online (39C831C9-5AE6-47DC-9A44-9C173E1C8E7C): 0
LogDevObjectVersion:   Dev-Physics (78F01B33-EBEA-4F98-B9B4-84EACCB95AA2): 0
LogDevObjectVersion:   Dev-Platform (6631380F-2D4D-43E0-8009-CF276956A95A): 0
LogDevObjectVersion:   Dev-Rendering (12F88B9F-8875-4AFC-A67C-D90C383ABD29): 27
LogDevObjectVersion:   Dev-Sequencer (7B5AE74C-D270-4C10-A958-57980B212A5A): 9
LogDevObjectVersion:   Dev-VR (D7296918-1DD6-4BDD-9DE2-64A83CC13884): 2
LogDevObjectVersion:   Dev-LoadTimes (C2A15278-BFE7-4AFE-6C17-90FF531DF755): 1
LogDevObjectVersion:   Private-Geometry (6EACA3D4-40EC-4CC1-B786-8BED09428FC5): 3
LogDevObjectVersion:   Dev-AnimPhys (29E575DD-E0A3-4627-9D10-D276232CDCEA): 17
LogDevObjectVersion:   Dev-Anim (AF43A65D-7FD3-4947-9873-3E8ED9C1BB05): 2
LogDevObjectVersion:   Dev-ReflectionCapture (6B266CEC-1EC7-4B8F-A30B-E4D90942FC07): 1
LogDevObjectVersion:   Dev-Automation (0DF73D61-A23F-47EA-B727-89E90C41499A): 1
LogDevObjectVersion:   FortniteMain (601D1886-AC64-4F84-AA16-D3DE0DEAC7D6): 17
LogDevObjectVersion:   Dev-Enterprise (9DFFBCD6-494F-0158-E221-12823C92A888): 4
LogDevObjectVersion:   Dev-Niagara (F2AED0AC-9AFE-416F-8664-AA7FFA26D6FC): 1
LogStreaming: Display: Took  0.011s to delete old logs.
LogInit: Presizing for max 8388607 objects, including 0 objects not considered by GC, pre-allocating 0 bytes for permanent pool.
LogInit: Object subsystem initialized
LogConfig: Setting CVar [[con.DebugEarlyDefault:1]]
LogConfig: Setting CVar [[r.setres:1280x720]]
[2019.05.23-03.04.25:628][  0]LogConfig: Setting CVar [[r.VSync:0]]
[2019.05.23-03.04.25:628][  0]LogConfig: Setting CVar [[r.RHICmdBypass:0]]
[2019.05.23-03.04.25:628][  0]LogConfig: Applying CVar settings from Section [/Script/Engine.RendererSettings] File [D:/UnrealEngineProject/MountainAndSea/Saved/Config/Windows/Engine.ini]
[2019.05.23-03.04.25:628][  0]LogConfig: Setting CVar [[r.GPUCrashDebugging:0]]
[2019.05.23-03.04.25:628][  0]LogConfig: Applying CVar settings from Section [/Script/Engine.RendererOverrideSettings] File [D:/UnrealEngineProject/MountainAndSea/Saved/Config/Windows/Engine.ini]
[2019.05.23-03.04.25:628][  0]LogConfig: Applying CVar settings from Section [/Script/Engine.StreamingSettings] File [D:/UnrealEngineProject/MountainAndSea/Saved/Config/Windows/Engine.ini]
[2019.05.23-03.04.25:628][  0]LogConfig: Setting CVar [[s.MinBulkDataSizeForAsyncLoading:131072]]
[2019.05.23-03.04.25:629][  0]LogConfig: Setting CVar [[s.AsyncLoadingThreadEnabled:0]]
[2019.05.23-03.04.25:629][  0]LogConfig: Setting CVar [[s.EventDrivenLoaderEnabled:1]]
[2019.05.23-03.04.25:629][  0]LogConfig: Setting CVar [[s.WarnIfTimeLimitExceeded:0]]
[2019.05.23-03.04.25:629][  0]LogConfig: Setting CVar [[s.TimeLimitExceededMultiplier:1.5]]
[2019.05.23-03.04.25:629][  0]LogConfig: Setting CVar [[s.TimeLimitExceededMinTime:0.005]]
[2019.05.23-03.04.25:629][  0]LogConfig: Setting CVar [[s.UseBackgroundLevelStreaming:1]]
[2019.05.23-03.04.25:629][  0]LogConfig: Setting CVar [[s.PriorityAsyncLoadingExtraTime:15.0]]
[2019.05.23-03.04.25:629][  0]LogConfig: Setting CVar [[s.LevelStreamingActorsUpdateTimeLimit:5.0]]
[2019.05.23-03.04.25:629][  0]LogConfig: Setting CVar [[s.PriorityLevelStreamingActorsUpdateExtraTime:5.0]]
[2019.05.23-03.04.25:629][  0]LogConfig: Setting CVar [[s.LevelStreamingComponentsRegistrationGranularity:10]]
[2019.05.23-03.04.25:629][  0]LogConfig: Setting CVar [[s.UnregisterComponentsTimeLimit:1.0]]
[2019.05.23-03.04.25:630][  0]LogConfig: Setting CVar [[s.LevelStreamingComponentsUnregistrationGranularity:5]]
[2019.05.23-03.04.25:630][  0]LogConfig: Applying CVar settings from Section [/Script/Engine.GarbageCollectionSettings] File [D:/UnrealEngineProject/MountainAndSea/Saved/Config/Windows/Engine.ini]
[2019.05.23-03.04.25:630][  0]LogConfig: Setting CVar [[gc.MaxObjectsNotConsideredByGC:1]]
[2019.05.23-03.04.25:630][  0]LogConfig: Setting CVar [[gc.SizeOfPermanentObjectPool:0]]
[2019.05.23-03.04.25:630][  0]LogConfig: Setting CVar [[gc.FlushStreamingOnGC:0]]
[2019.05.23-03.04.25:630][  0]LogConfig: Setting CVar [[gc.NumRetriesBeforeForcingGC:10]]
[2019.05.23-03.04.25:630][  0]LogConfig: Setting CVar [[gc.AllowParallelGC:1]]
[2019.05.23-03.04.25:630][  0]LogConfig: Setting CVar [[gc.TimeBetweenPurgingPendingKillObjects:61.1]]
[2019.05.23-03.04.25:630][  0]LogConfig: Setting CVar [[gc.MaxObjectsInEditor:8388607]]
[2019.05.23-03.04.25:630][  0]LogConfig: Setting CVar [[gc.IncrementalBeginDestroyEnabled:1]]
[2019.05.23-03.04.25:630][  0]LogConfig: Setting CVar [[gc.CreateGCClusters:1]]
[2019.05.23-03.04.25:631][  0]LogConfig: Setting CVar [[gc.MergeGCClusters:0]]
[2019.05.23-03.04.25:631][  0]LogConfig: Setting CVar [[gc.MinGCClusterSize:5]]
[2019.05.23-03.04.25:631][  0]LogConfig: Setting CVar [[gc.ActorClusteringEnabled:0]]
[2019.05.23-03.04.25:631][  0]LogConfig: Setting CVar [[gc.BlueprintClusteringEnabled:0]]
[2019.05.23-03.04.25:631][  0]LogConfig: Setting CVar [[gc.UseDisregardForGCOnDedicatedServers:0]]
[2019.05.23-03.04.25:631][  0]LogConfig: Applying CVar settings from Section [/Script/Engine.NetworkSettings] File [D:/UnrealEngineProject/MountainAndSea/Saved/Config/Windows/Engine.ini]
[2019.05.23-03.04.25:631][  0]LogConfig: Applying CVar settings from Section [/Script/UnrealEd.CookerSettings] File [D:/UnrealEngineProject/MountainAndSea/Saved/Config/Windows/Engine.ini]
[2019.05.23-03.04.25:639][  0]LogConfig: Applying CVar settings from Section [ViewDistanceQuality@3] File [D:/UnrealEngineProject/MountainAndSea/Saved/Config/Windows/Scalability.ini]
[2019.05.23-03.04.25:639][  0]LogConfig: Setting CVar [[r.SkeletalMeshLODBias:0]]
[2019.05.23-03.04.25:639][  0]LogConfig: Setting CVar [[r.ViewDistanceScale:1.0]]
[2019.05.23-03.04.25:639][  0]LogConfig: Applying CVar settings from Section [AntiAliasingQuality@3] File [D:/UnrealEngineProject/MountainAndSea/Saved/Config/Windows/Scalability.ini]
[2019.05.23-03.04.25:639][  0]LogConfig: Setting CVar [[r.PostProcessAAQuality:4]]
[2019.05.23-03.04.25:639][  0]LogConfig: Applying CVar settings from Section [ShadowQuality@3] File [D:/UnrealEngineProject/MountainAndSea/Saved/Config/Windows/Scalability.ini]
[2019.05.23-03.04.25:640][  0]LogConfig: Setting CVar [[r.LightFunctionQuality:1]]
[2019.05.23-03.04.25:640][  0]LogConfig: Setting CVar [[r.ShadowQuality:5]]
[2019.05.23-03.04.25:640][  0]LogConfig: Setting CVar [[r.Shadow.CSM.MaxCascades:10]]
[2019.05.23-03.04.25:640][  0]LogConfig: Setting CVar [[r.Shadow.MaxResolution:2048]]
[2019.05.23-03.04.25:640][  0]LogConfig: Setting CVar [[r.Shadow.MaxCSMResolution:2048]]
[2019.05.23-03.04.25:640][  0]LogConfig: Setting CVar [[r.Shadow.RadiusThreshold:0.01]]
[2019.05.23-03.04.25:640][  0]LogConfig: Setting CVar [[r.Shadow.DistanceScale:1.0]]
[2019.05.23-03.04.25:640][  0]LogConfig: Setting CVar [[r.Shadow.CSM.TransitionScale:1.0]]
[2019.05.23-03.04.25:640][  0]LogConfig: Setting CVar [[r.Shadow.PreShadowResolutionFactor:1.0]]
[2019.05.23-03.04.25:640][  0]LogConfig: Setting CVar [[r.DistanceFieldShadowing:1]]
[2019.05.23-03.04.25:640][  0]LogConfig: Setting CVar [[r.DistanceFieldAO:1]]
[2019.05.23-03.04.25:641][  0]LogConfig: Setting CVar [[r.AOQuality:2]]
[2019.05.23-03.04.25:641][  0]LogConfig: Setting CVar [[r.VolumetricFog:1]]
[2019.05.23-03.04.25:641][  0]LogConfig: Setting CVar [[r.VolumetricFog.GridPixelSize:8]]
[2019.05.23-03.04.25:641][  0]LogConfig: Setting CVar [[r.VolumetricFog.GridSizeZ:128]]
[2019.05.23-03.04.25:641][  0]LogConfig: Setting CVar [[r.VolumetricFog.HistoryMissSupersampleCount:4]]
[2019.05.23-03.04.25:641][  0]LogConfig: Setting CVar [[r.LightMaxDrawDistanceScale:1]]
[2019.05.23-03.04.25:641][  0]LogConfig: Setting CVar [[r.CapsuleShadows:1]]
[2019.05.23-03.04.25:641][  0]LogConfig: Applying CVar settings from Section [PostProcessQuality@3] File [D:/UnrealEngineProject/MountainAndSea/Saved/Config/Windows/Scalability.ini]
[2019.05.23-03.04.25:641][  0]LogConfig: Setting CVar [[r.MotionBlurQuality:4]]
[2019.05.23-03.04.25:641][  0]LogConfig: Setting CVar [[r.AmbientOcclusionMipLevelFactor:0.4]]
[2019.05.23-03.04.25:641][  0]LogConfig: Setting CVar [[r.AmbientOcclusionMaxQuality:100]]
[2019.05.23-03.04.25:642][  0]LogConfig: Setting CVar [[r.AmbientOcclusionLevels:-1]]
[2019.05.23-03.04.25:642][  0]LogConfig: Setting CVar [[r.AmbientOcclusionRadiusScale:1.0]]
[2019.05.23-03.04.25:642][  0]LogConfig: Setting CVar [[r.DepthOfFieldQuality:2]]
[2019.05.23-03.04.25:642][  0]LogConfig: Setting CVar [[r.RenderTargetPoolMin:400]]
[2019.05.23-03.04.25:642][  0]LogConfig: Setting CVar [[r.LensFlareQuality:2]]
[2019.05.23-03.04.25:642][  0]LogConfig: Setting CVar [[r.SceneColorFringeQuality:1]]
[2019.05.23-03.04.25:642][  0]LogConfig: Setting CVar [[r.EyeAdaptationQuality:2]]
[2019.05.23-03.04.25:642][  0]LogConfig: Setting CVar [[r.BloomQuality:5]]
[2019.05.23-03.04.25:642][  0]LogConfig: Setting CVar [[r.FastBlurThreshold:100]]
[2019.05.23-03.04.25:642][  0]LogConfig: Setting CVar [[r.Upscale.Quality:3]]
[2019.05.23-03.04.25:642][  0]LogConfig: Setting CVar [[r.Tonemapper.GrainQuantization:1]]
[2019.05.23-03.04.25:642][  0]LogConfig: Setting CVar [[r.LightShaftQuality:1]]
[2019.05.23-03.04.25:643][  0]LogConfig: Setting CVar [[r.Filter.SizeScale:1]]
[2019.05.23-03.04.25:643][  0]LogConfig: Setting CVar [[r.Tonemapper.Quality:5]]
[2019.05.23-03.04.25:643][  0]LogConfig: Setting CVar [[r.DOF.Gather.AccumulatorQuality:1        ; higher gathering accumulator quality]]
[2019.05.23-03.04.25:643][  0]LogConfig: Setting CVar [[r.DOF.Gather.PostfilterMethod:1          ; Median3x3 postfilering method]]
[2019.05.23-03.04.25:643][  0]LogConfig: Setting CVar [[r.DOF.Gather.EnableBokehSettings:0       ; no bokeh simulation when gathering]]
[2019.05.23-03.04.25:643][  0]LogConfig: Setting CVar [[r.DOF.Gather.RingCount:4                 ; medium number of samples when gathering]]
[2019.05.23-03.04.25:643][  0]LogConfig: Setting CVar [[r.DOF.Scatter.ForegroundCompositing:1    ; additive foreground scattering]]
[2019.05.23-03.04.25:643][  0]LogConfig: Setting CVar [[r.DOF.Scatter.BackgroundCompositing:2    ; additive background scattering]]
[2019.05.23-03.04.25:643][  0]LogConfig: Setting CVar [[r.DOF.Scatter.EnableBokehSettings:1      ; bokeh simulation when scattering]]
[2019.05.23-03.04.25:643][  0]LogConfig: Setting CVar [[r.DOF.Scatter.MaxSpriteRatio:0.1         ; only a maximum of 10% of scattered bokeh]]
[2019.05.23-03.04.25:644][  0]LogConfig: Setting CVar [[r.DOF.Recombine.Quality:1                ; cheap slight out of focus]]
[2019.05.23-03.04.25:644][  0]LogConfig: Setting CVar [[r.DOF.Recombine.EnableBokehSettings:0    ; no bokeh simulation on slight out of focus]]
[2019.05.23-03.04.25:644][  0]LogConfig: Setting CVar [[r.DOF.TemporalAAQuality:1                ; more stable temporal accumulation]]
[2019.05.23-03.04.25:644][  0]LogConfig: Setting CVar [[r.DOF.Kernel.MaxForegroundRadius:0.025]]
[2019.05.23-03.04.25:644][  0]LogConfig: Setting CVar [[r.DOF.Kernel.MaxBackgroundRadius:0.025]]
[2019.05.23-03.04.25:644][  0]LogConfig: Applying CVar settings from Section [TextureQuality@3] File [D:/UnrealEngineProject/MountainAndSea/Saved/Config/Windows/Scalability.ini]
[2019.05.23-03.04.25:644][  0]LogConfig: Setting CVar [[r.Streaming.MipBias:0]]
[2019.05.23-03.04.25:644][  0]LogConfig: Setting CVar [[r.Streaming.AmortizeCPUToGPUCopy:0]]
[2019.05.23-03.04.25:644][  0]LogConfig: Setting CVar [[r.Streaming.MaxNumTexturesToStreamPerFrame:0]]
[2019.05.23-03.04.25:644][  0]LogConfig: Setting CVar [[r.Streaming.Boost:1]]
[2019.05.23-03.04.25:644][  0]LogConfig: Setting CVar [[r.MaxAnisotropy:8]]
[2019.05.23-03.04.25:644][  0]LogConfig: Setting CVar [[r.Streaming.LimitPoolSizeToVRAM:0]]
[2019.05.23-03.04.25:645][  0]LogConfig: Setting CVar [[r.Streaming.PoolSize:1000]]
[2019.05.23-03.04.25:645][  0]LogConfig: Setting CVar [[r.Streaming.MaxEffectiveScreenSize:0]]
[2019.05.23-03.04.25:645][  0]LogConfig: Applying CVar settings from Section [EffectsQuality@3] File [D:/UnrealEngineProject/MountainAndSea/Saved/Config/Windows/Scalability.ini]
[2019.05.23-03.04.25:645][  0]LogConfig: Setting CVar [[r.TranslucencyLightingVolumeDim:64]]
[2019.05.23-03.04.25:645][  0]LogConfig: Setting CVar [[r.RefractionQuality:2]]
[2019.05.23-03.04.25:645][  0]LogConfig: Setting CVar [[r.SSR.Quality:3]]
[2019.05.23-03.04.25:645][  0]LogConfig: Setting CVar [[r.SceneColorFormat:4]]
[2019.05.23-03.04.25:645][  0]LogConfig: Setting CVar [[r.DetailMode:2]]
[2019.05.23-03.04.25:645][  0]LogConfig: Setting CVar [[r.TranslucencyVolumeBlur:1]]
[2019.05.23-03.04.25:645][  0]LogConfig: Setting CVar [[r.MaterialQualityLevel:1 ; High quality]]
[2019.05.23-03.04.25:645][  0]LogConfig: Setting CVar [[r.SSS.Scale:1]]
[2019.05.23-03.04.25:645][  0]LogConfig: Setting CVar [[r.SSS.SampleSet:2]]
[2019.05.23-03.04.25:646][  0]LogConfig: Setting CVar [[r.SSS.Quality:1]]
[2019.05.23-03.04.25:646][  0]LogConfig: Setting CVar [[r.SSS.HalfRes:1]]
[2019.05.23-03.04.25:646][  0]LogConfig: Setting CVar [[r.EmitterSpawnRateScale:1.0]]
[2019.05.23-03.04.25:646][  0]LogConfig: Setting CVar [[r.ParticleLightQuality:2]]
[2019.05.23-03.04.25:646][  0]LogConfig: Applying CVar settings from Section [FoliageQuality@3] File [D:/UnrealEngineProject/MountainAndSea/Saved/Config/Windows/Scalability.ini]
[2019.05.23-03.04.25:646][  0]LogConfig: Setting CVar [[foliage.DensityScale:1.0]]
[2019.05.23-03.04.25:646][  0]LogConfig: Setting CVar [[grass.DensityScale:1.0]]
[2019.05.23-03.04.25:646][  0]LogInit: Selected Device Profile: [Windows]
[2019.05.23-03.04.25:646][  0]LogInit: Applying CVar settings loaded from the selected device profile: [Windows]
[2019.05.23-03.04.25:670][  0]LogHAL: Display: Platform has ~ 16 GB [17096769536 / 17179869184 / 16], which maps to Larger [LargestMinGB=32, LargerMinGB=12, DefaultMinGB=8, SmallerMinGB=6, SmallestMinGB=0)
[2019.05.23-03.04.25:670][  0]LogConfig: Setting CVar [[r.Vulkan.UseRealUBs:1]]
[2019.05.23-03.04.25:670][  0]LogInit: Going up to parent DeviceProfile []
[2019.05.23-03.04.25:670][  0]LogConfig: Applying CVar settings from Section [ViewDistanceQuality@3] File [D:/UnrealEngineProject/MountainAndSea/Saved/Config/Windows/Scalability.ini]
[2019.05.23-03.04.25:670][  0]LogConfig: Setting CVar [[r.SkeletalMeshLODBias:0]]
[2019.05.23-03.04.25:670][  0]LogConfig: Setting CVar [[r.ViewDistanceScale:1.0]]
[2019.05.23-03.04.25:670][  0]LogConfig: Applying CVar settings from Section [AntiAliasingQuality@3] File [D:/UnrealEngineProject/MountainAndSea/Saved/Config/Windows/Scalability.ini]
[2019.05.23-03.04.25:671][  0]LogConfig: Setting CVar [[r.PostProcessAAQuality:4]]
[2019.05.23-03.04.25:671][  0]LogConfig: Applying CVar settings from Section [ShadowQuality@3] File [D:/UnrealEngineProject/MountainAndSea/Saved/Config/Windows/Scalability.ini]
[2019.05.23-03.04.25:671][  0]LogConfig: Setting CVar [[r.LightFunctionQuality:1]]
[2019.05.23-03.04.25:671][  0]LogConfig: Setting CVar [[r.ShadowQuality:5]]
[2019.05.23-03.04.25:671][  0]LogConfig: Setting CVar [[r.Shadow.CSM.MaxCascades:10]]
[2019.05.23-03.04.25:671][  0]LogConfig: Setting CVar [[r.Shadow.MaxResolution:2048]]
[2019.05.23-03.04.25:671][  0]LogConfig: Setting CVar [[r.Shadow.MaxCSMResolution:2048]]
[2019.05.23-03.04.25:671][  0]LogConfig: Setting CVar [[r.Shadow.RadiusThreshold:0.01]]
[2019.05.23-03.04.25:671][  0]LogConfig: Setting CVar [[r.Shadow.DistanceScale:1.0]]
[2019.05.23-03.04.25:671][  0]LogConfig: Setting CVar [[r.Shadow.CSM.TransitionScale:1.0]]
[2019.05.23-03.04.25:671][  0]LogConfig: Setting CVar [[r.Shadow.PreShadowResolutionFactor:1.0]]
[2019.05.23-03.04.25:671][  0]LogConfig: Setting CVar [[r.DistanceFieldShadowing:1]]
[2019.05.23-03.04.25:672][  0]LogConfig: Setting CVar [[r.DistanceFieldAO:1]]
[2019.05.23-03.04.25:672][  0]LogConfig: Setting CVar [[r.AOQuality:2]]
[2019.05.23-03.04.25:672][  0]LogConfig: Setting CVar [[r.VolumetricFog:1]]
[2019.05.23-03.04.25:672][  0]LogConfig: Setting CVar [[r.VolumetricFog.GridPixelSize:8]]
[2019.05.23-03.04.25:672][  0]LogConfig: Setting CVar [[r.VolumetricFog.GridSizeZ:128]]
[2019.05.23-03.04.25:672][  0]LogConfig: Setting CVar [[r.VolumetricFog.HistoryMissSupersampleCount:4]]
[2019.05.23-03.04.25:672][  0]LogConfig: Setting CVar [[r.LightMaxDrawDistanceScale:1]]
[2019.05.23-03.04.25:672][  0]LogConfig: Setting CVar [[r.CapsuleShadows:1]]
[2019.05.23-03.04.25:672][  0]LogConfig: Applying CVar settings from Section [PostProcessQuality@3] File [D:/UnrealEngineProject/MountainAndSea/Saved/Config/Windows/Scalability.ini]
[2019.05.23-03.04.25:672][  0]LogConfig: Setting CVar [[r.MotionBlurQuality:4]]
[2019.05.23-03.04.25:672][  0]LogConfig: Setting CVar [[r.AmbientOcclusionMipLevelFactor:0.4]]
[2019.05.23-03.04.25:672][  0]LogConfig: Setting CVar [[r.AmbientOcclusionMaxQuality:100]]
[2019.05.23-03.04.25:672][  0]LogConfig: Setting CVar [[r.AmbientOcclusionLevels:-1]]
[2019.05.23-03.04.25:673][  0]LogConfig: Setting CVar [[r.AmbientOcclusionRadiusScale:1.0]]
[2019.05.23-03.04.25:673][  0]LogConfig: Setting CVar [[r.DepthOfFieldQuality:2]]
[2019.05.23-03.04.25:673][  0]LogConfig: Setting CVar [[r.RenderTargetPoolMin:400]]
[2019.05.23-03.04.25:673][  0]LogConfig: Setting CVar [[r.LensFlareQuality:2]]
[2019.05.23-03.04.25:673][  0]LogConfig: Setting CVar [[r.SceneColorFringeQuality:1]]
[2019.05.23-03.04.25:673][  0]LogConfig: Setting CVar [[r.EyeAdaptationQuality:2]]
[2019.05.23-03.04.25:673][  0]LogConfig: Setting CVar [[r.BloomQuality:5]]
[2019.05.23-03.04.25:673][  0]LogConfig: Setting CVar [[r.FastBlurThreshold:100]]
[2019.05.23-03.04.25:673][  0]LogConfig: Setting CVar [[r.Upscale.Quality:3]]
[2019.05.23-03.04.25:673][  0]LogConfig: Setting CVar [[r.Tonemapper.GrainQuantization:1]]
[2019.05.23-03.04.25:673][  0]LogConfig: Setting CVar [[r.LightShaftQuality:1]]
[2019.05.23-03.04.25:673][  0]LogConfig: Setting CVar [[r.Filter.SizeScale:1]]
[2019.05.23-03.04.25:673][  0]LogConfig: Setting CVar [[r.Tonemapper.Quality:5]]
[2019.05.23-03.04.25:674][  0]LogConfig: Setting CVar [[r.DOF.Gather.AccumulatorQuality:1        ; higher gathering accumulator quality]]
[2019.05.23-03.04.25:674][  0]LogConfig: Setting CVar [[r.DOF.Gather.PostfilterMethod:1          ; Median3x3 postfilering method]]
[2019.05.23-03.04.25:674][  0]LogConfig: Setting CVar [[r.DOF.Gather.EnableBokehSettings:0       ; no bokeh simulation when gathering]]
[2019.05.23-03.04.25:674][  0]LogConfig: Setting CVar [[r.DOF.Gather.RingCount:4                 ; medium number of samples when gathering]]
[2019.05.23-03.04.25:674][  0]LogConfig: Setting CVar [[r.DOF.Scatter.ForegroundCompositing:1    ; additive foreground scattering]]
[2019.05.23-03.04.25:674][  0]LogConfig: Setting CVar [[r.DOF.Scatter.BackgroundCompositing:2    ; additive background scattering]]
[2019.05.23-03.04.25:674][  0]LogConfig: Setting CVar [[r.DOF.Scatter.EnableBokehSettings:1      ; bokeh simulation when scattering]]
[2019.05.23-03.04.25:674][  0]LogConfig: Setting CVar [[r.DOF.Scatter.MaxSpriteRatio:0.1         ; only a maximum of 10% of scattered bokeh]]
[2019.05.23-03.04.25:674][  0]LogConfig: Setting CVar [[r.DOF.Recombine.Quality:1                ; cheap slight out of focus]]
[2019.05.23-03.04.25:674][  0]LogConfig: Setting CVar [[r.DOF.Recombine.EnableBokehSettings:0    ; no bokeh simulation on slight out of focus]]
[2019.05.23-03.04.25:675][  0]LogConfig: Setting CVar [[r.DOF.TemporalAAQuality:1                ; more stable temporal accumulation]]
[2019.05.23-03.04.25:675][  0]LogConfig: Setting CVar [[r.DOF.Kernel.MaxForegroundRadius:0.025]]
[2019.05.23-03.04.25:675][  0]LogConfig: Setting CVar [[r.DOF.Kernel.MaxBackgroundRadius:0.025]]
[2019.05.23-03.04.25:675][  0]LogConfig: Applying CVar settings from Section [TextureQuality@3] File [D:/UnrealEngineProject/MountainAndSea/Saved/Config/Windows/Scalability.ini]
[2019.05.23-03.04.25:675][  0]LogConfig: Setting CVar [[r.Streaming.MipBias:0]]
[2019.05.23-03.04.25:675][  0]LogConfig: Setting CVar [[r.Streaming.AmortizeCPUToGPUCopy:0]]
[2019.05.23-03.04.25:675][  0]LogConfig: Setting CVar [[r.Streaming.MaxNumTexturesToStreamPerFrame:0]]
[2019.05.23-03.04.25:675][  0]LogConfig: Setting CVar [[r.Streaming.Boost:1]]
[2019.05.23-03.04.25:675][  0]LogConfig: Setting CVar [[r.MaxAnisotropy:8]]
[2019.05.23-03.04.25:675][  0]LogConfig: Setting CVar [[r.Streaming.LimitPoolSizeToVRAM:0]]
[2019.05.23-03.04.25:675][  0]LogConfig: Setting CVar [[r.Streaming.PoolSize:1000]]
[2019.05.23-03.04.25:675][  0]LogConfig: Setting CVar [[r.Streaming.MaxEffectiveScreenSize:0]]
[2019.05.23-03.04.25:676][  0]LogConfig: Applying CVar settings from Section [EffectsQuality@3] File [D:/UnrealEngineProject/MountainAndSea/Saved/Config/Windows/Scalability.ini]
[2019.05.23-03.04.25:676][  0]LogConfig: Setting CVar [[r.TranslucencyLightingVolumeDim:64]]
[2019.05.23-03.04.25:676][  0]LogConfig: Setting CVar [[r.RefractionQuality:2]]
[2019.05.23-03.04.25:676][  0]LogConfig: Setting CVar [[r.SSR.Quality:3]]
[2019.05.23-03.04.25:676][  0]LogConfig: Setting CVar [[r.SceneColorFormat:4]]
[2019.05.23-03.04.25:676][  0]LogConfig: Setting CVar [[r.DetailMode:2]]
[2019.05.23-03.04.25:676][  0]LogConfig: Setting CVar [[r.TranslucencyVolumeBlur:1]]
[2019.05.23-03.04.25:676][  0]LogConfig: Setting CVar [[r.MaterialQualityLevel:1 ; High quality]]
[2019.05.23-03.04.25:676][  0]LogConfig: Setting CVar [[r.SSS.Scale:1]]
[2019.05.23-03.04.25:676][  0]LogConfig: Setting CVar [[r.SSS.SampleSet:2]]
[2019.05.23-03.04.25:676][  0]LogConfig: Setting CVar [[r.SSS.Quality:1]]
[2019.05.23-03.04.25:676][  0]LogConfig: Setting CVar [[r.SSS.HalfRes:1]]
[2019.05.23-03.04.25:676][  0]LogConfig: Setting CVar [[r.EmitterSpawnRateScale:1.0]]
[2019.05.23-03.04.25:676][  0]LogConfig: Setting CVar [[r.ParticleLightQuality:2]]
[2019.05.23-03.04.25:676][  0]LogConfig: Applying CVar settings from Section [FoliageQuality@3] File [D:/UnrealEngineProject/MountainAndSea/Saved/Config/Windows/Scalability.ini]
[2019.05.23-03.04.25:677][  0]LogConfig: Setting CVar [[foliage.DensityScale:1.0]]
[2019.05.23-03.04.25:677][  0]LogConfig: Setting CVar [[grass.DensityScale:1.0]]
[2019.05.23-03.04.25:677][  0]LogConfig: Applying CVar settings from Section [Startup] File [../../../Engine/Config/ConsoleVariables.ini]
[2019.05.23-03.04.25:677][  0]LogConfig: Setting CVar [[net.UseAdaptiveNetUpdateFrequency:0]]
[2019.05.23-03.04.25:677][  0]LogConfig: Applying CVar settings from Section [ConsoleVariables] File [D:/UnrealEngineProject/MountainAndSea/Saved/Config/Windows/Engine.ini]
[2019.05.23-03.04.25:677][  0]LogInit: Computer: DESKTOP-82VF2NQ
[2019.05.23-03.04.25:677][  0]LogInit: User: yifan
[2019.05.23-03.04.25:677][  0]LogInit: CPU Page size=4096, Cores=8
[2019.05.23-03.04.25:677][  0]LogInit: High frequency timer resolution =3.898925 MHz
[2019.05.23-03.04.25:678][  0]LogMemory: Memory total: Physical=15.9GB (16GB approx)
[2019.05.23-03.04.25:678][  0]LogMemory: Platform Memory Stats for Windows
[2019.05.23-03.04.25:678][  0]LogMemory: Process Physical Memory: 105.43 MB used, 105.43 MB peak
[2019.05.23-03.04.25:678][  0]LogMemory: Process Virtual Memory: 91.69 MB used, 91.69 MB peak
[2019.05.23-03.04.25:678][  0]LogMemory: Physical Memory: 5557.39 MB used,  10747.36 MB free, 16304.75 MB total
[2019.05.23-03.04.25:678][  0]LogMemory: Virtual Memory: 4685.96 MB used,  134213040.00 MB free, 134217728.00 MB total
[2019.05.23-03.04.25:768][  0]LogInit: Overriding language with editor language configuration option (en).
[2019.05.23-03.04.25:768][  0]LogInit: Overriding locale with editor locale configuration option (en).
[2019.05.23-03.04.26:121][  0]LogStreaming: Display: Took  0.353s to InitEngineTextLocalization.
[2019.05.23-03.04.26:121][  0]LogInit: Setting process to per monitor DPI aware
[2019.05.23-03.04.26:164][  0]LogSlate: New Slate User Created.  User Index 0, Is Virtual User: 0
[2019.05.23-03.04.26:164][  0]LogSlate: Slate User Registered.  User Index 0, Is Virtual User: 0
[2019.05.23-03.04.26:343][  0]LogHMD: Failed to initialize OpenVR with code 110
[2019.05.23-03.04.26:343][  0]LogD3D11RHI: D3D11 adapters:
[2019.05.23-03.04.26:430][  0]LogD3D11RHI:    0. 'NVIDIA GeForce GTX 1080 Ti' (Feature Level 11_0)
[2019.05.23-03.04.26:430][  0]LogD3D11RHI:       11127/0/8152 MB DedicatedVideo/DedicatedSystem/SharedSystem, Outputs:1, VendorId:0x10de
[2019.05.23-03.04.26:434][  0]LogD3D11RHI:    1. 'Microsoft Basic Render Driver' (Feature Level 11_0)
[2019.05.23-03.04.26:435][  0]LogD3D11RHI:       0/0/8152 MB DedicatedVideo/DedicatedSystem/SharedSystem, Outputs:0, VendorId:0x1414
[2019.05.23-03.04.26:435][  0]LogD3D11RHI: Chosen D3D11 Adapter: 0
[2019.05.23-03.04.26:443][  0]LogD3D11RHI: Creating new Direct3DDevice
[2019.05.23-03.04.26:443][  0]LogD3D11RHI:     GPU DeviceId: 0x1b06 (for the marketing name, search the web for "GPU Device Id")
[2019.05.23-03.04.26:443][  0]LogWindows: EnumDisplayDevices:
[2019.05.23-03.04.26:443][  0]LogWindows:    0. 'NVIDIA GeForce GTX 1080 Ti' (P:1 D:1)
[2019.05.23-03.04.26:444][  0]LogWindows:    1. 'NVIDIA GeForce GTX 1080 Ti' (P:0 D:0)
[2019.05.23-03.04.26:444][  0]LogWindows:    2. 'NVIDIA GeForce GTX 1080 Ti' (P:0 D:0)
[2019.05.23-03.04.26:444][  0]LogWindows:    3. 'NVIDIA GeForce GTX 1080 Ti' (P:0 D:0)
[2019.05.23-03.04.26:444][  0]LogWindows: DebugString: FoundDriverCount:4 
[2019.05.23-03.04.26:444][  0]LogD3D11RHI:     Adapter Name: NVIDIA GeForce GTX 1080 Ti
[2019.05.23-03.04.26:444][  0]LogD3D11RHI:   Driver Version: 399.24 (internal:24.21.13.9924, unified:399.24)
[2019.05.23-03.04.26:444][  0]LogD3D11RHI:      Driver Date: 9-5-2018
[2019.05.23-03.04.26:445][  0]LogRHI: Texture pool is 7788 MB (70% of 11127 MB)
[2019.05.23-03.04.26:504][  0]LogD3D11RHI: Async texture creation enabled
[2019.05.23-03.04.26:522][  0]LogD3D11RHI: GPU Timing Frequency: 1000.000000 (Debug: 2 2)
[2019.05.23-03.04.26:870][  0]LogTemp: Display: Loaded TP AllDesktopTargetPlatform
[2019.05.23-03.04.26:894][  0]LogTemp: Display: Loaded TP MacClientTargetPlatform
[2019.05.23-03.04.26:913][  0]LogTemp: Display: Loaded TP MacNoEditorTargetPlatform
[2019.05.23-03.04.26:938][  0]LogTemp: Display: Loaded TP MacServerTargetPlatform
[2019.05.23-03.04.26:953][  0]LogTemp: Display: Loaded TP MacTargetPlatform
[2019.05.23-03.04.26:968][  0]LogTemp: Display: Loaded TP WindowsClientTargetPlatform
[2019.05.23-03.04.26:983][  0]LogTemp: Display: Loaded TP WindowsNoEditorTargetPlatform
[2019.05.23-03.04.27:013][  0]LogTemp: Display: Loaded TP WindowsServerTargetPlatform
[2019.05.23-03.04.27:021][  0]LogTemp: Display: Loaded TP WindowsTargetPlatform
[2019.05.23-03.04.27:121][  0]LogTemp: Display: Loaded TP AndroidTargetPlatform
[2019.05.23-03.04.27:121][  0]LogTemp: Display: Loaded TP AndroidTargetPlatform
[2019.05.23-03.04.27:121][  0]LogTemp: Display: Loaded TP AndroidTargetPlatform
[2019.05.23-03.04.27:121][  0]LogTemp: Display: Loaded TP AndroidTargetPlatform
[2019.05.23-03.04.27:121][  0]LogTemp: Display: Loaded TP AndroidTargetPlatform
[2019.05.23-03.04.27:121][  0]LogTemp: Display: Loaded TP AndroidTargetPlatform
[2019.05.23-03.04.27:121][  0]LogTemp: Display: Loaded TP AndroidTargetPlatform
[2019.05.23-03.04.27:121][  0]LogTemp: Display: Loaded TP AndroidTargetPlatform
[2019.05.23-03.04.27:121][  0]LogTemp: Display: Loaded TP AndroidTargetPlatform
[2019.05.23-03.04.27:121][  0]LogTemp: Display: Loaded TP AndroidTargetPlatform
[2019.05.23-03.04.27:121][  0]LogTemp: Display: Loaded TP AndroidTargetPlatform
[2019.05.23-03.04.27:122][  0]LogTemp: Display: Loaded TP AndroidTargetPlatform
[2019.05.23-03.04.27:122][  0]LogTemp: Display: Loaded TP AndroidTargetPlatform
[2019.05.23-03.04.27:122][  0]LogTemp: Display: Loaded TP AndroidTargetPlatform
[2019.05.23-03.04.27:122][  0]LogTemp: Display: Loaded TP AndroidTargetPlatform
[2019.05.23-03.04.27:122][  0]LogTemp: Display: Loaded TP AndroidTargetPlatform
[2019.05.23-03.04.27:122][  0]LogTemp: Display: Loaded TP AndroidTargetPlatform
[2019.05.23-03.04.27:122][  0]LogTemp: Display: Loaded TP AndroidTargetPlatform
[2019.05.23-03.04.27:126][  0]LogTemp: Display: Loaded TP HTML5TargetPlatform
[2019.05.23-03.04.27:216][  0]LogTemp: Display: Loaded TP IOSTargetPlatform
[2019.05.23-03.04.27:216][  0]LogTemp: Display: Loaded TP IOSTargetPlatform
[2019.05.23-03.04.27:260][  0]LogTemp: Display: Loaded TP TVOSTargetPlatform
[2019.05.23-03.04.27:260][  0]LogTemp: Display: Loaded TP TVOSTargetPlatform
[2019.05.23-03.04.27:284][  0]LogTemp: Display: Loaded TP LinuxClientTargetPlatform
[2019.05.23-03.04.27:310][  0]LogTemp: Display: Loaded TP LinuxNoEditorTargetPlatform
[2019.05.23-03.04.27:330][  0]LogTemp: Display: Loaded TP LinuxServerTargetPlatform
[2019.05.23-03.04.27:345][  0]LogTemp: Display: Loaded TP LinuxTargetPlatform
[2019.05.23-03.04.27:408][  0]LogTemp: Display: Loaded TP LuminTargetPlatform
[2019.05.23-03.04.27:408][  0]LogTemp: Display: Loaded TP LuminTargetPlatform
[2019.05.23-03.04.27:409][  0]LogTargetPlatformManager: Display: Building Assets For Windows
[2019.05.23-03.04.27:527][  0]LogShaderCompilers: Guid format shader working directory is -7 characters bigger than the processId version (../../../../../../UnrealEngineProject/MountainAndSea/Intermediate/Shaders/WorkingDirectory/15156/).
[2019.05.23-03.04.27:527][  0]LogShaderCompilers: Cleaned the shader compiler working directory 'C:/Users/yifan/AppData/Local/Temp/UnrealShaderWorkingDir/EEBB7AA5480FE5C44E3AA6AEC896A0A5/'.
[2019.05.23-03.04.27:530][  0]LogXGEController: Cleaning working directory: C:/Users/yifan/AppData/Local/Temp/UnrealXGEWorkingDir/
[2019.05.23-03.04.27:530][  0]LogXGEController: Cannot use XGE Controller as Incredibuild is not installed on this machine.
[2019.05.23-03.04.27:530][  0]LogShaderCompilers: Cannot use XGE Shader Compiler as Incredibuild is not installed on this machine.
[2019.05.23-03.04.27:530][  0]LogShaderCompilers: Display: Using Local Shader Compiler.
[2019.05.23-03.04.28:011][  0]LogDerivedDataCache: Display: Max Cache Size: 512 MB
[2019.05.23-03.04.28:069][  0]LogDerivedDataCache: Loaded boot cache 0.06s 74MB C:/Users/yifan/AppData/Local/UnrealEngine/4.21/DerivedDataCache/Boot.ddc.
[2019.05.23-03.04.28:069][  0]LogDerivedDataCache: Display: Loaded Boot cache: C:/Users/yifan/AppData/Local/UnrealEngine/4.21/DerivedDataCache/Boot.ddc
[2019.05.23-03.04.28:070][  0]LogDerivedDataCache: FDerivedDataBackendGraph:  Pak pak cache file ../../../../../../UnrealEngineProject/MountainAndSea/DerivedDataCache/DDC.ddp not found, will not use a pak cache.
[2019.05.23-03.04.28:070][  0]LogDerivedDataCache: Unable to find inner node Pak for hierarchical cache Hierarchy.
[2019.05.23-03.04.28:070][  0]LogDerivedDataCache: FDerivedDataBackendGraph:  CompressedPak pak cache file ../../../../../../UnrealEngineProject/MountainAndSea/DerivedDataCache/Compressed.ddp not found, will not use a pak cache.
[2019.05.23-03.04.28:070][  0]LogDerivedDataCache: Unable to find inner node CompressedPak for hierarchical cache Hierarchy.
[2019.05.23-03.04.28:086][  0]LogDerivedDataCache: Display: Pak cache opened for reading ../../../Engine/DerivedDataCache/Compressed.ddp.
[2019.05.23-03.04.28:086][  0]LogDerivedDataCache: FDerivedDataBackendGraph:  EnterprisePak pak cache file ../../../Enterprise/DerivedDataCache/Compressed.ddp not found, will not use a pak cache.
[2019.05.23-03.04.28:086][  0]LogDerivedDataCache: Unable to find inner node EnterprisePak for hierarchical cache Hierarchy.
[2019.05.23-03.04.28:100][  0]LogDerivedDataCache: Using Local data cache path C:/Users/yifan/AppData/Local/UnrealEngine/Common/DerivedDataCache: Writable
[2019.05.23-03.04.28:100][  0]LogDerivedDataCache: Shared data cache path not found in *engine.ini, will not use an Shared cache.
[2019.05.23-03.04.28:100][  0]LogDerivedDataCache: Unable to find inner node Shared for hierarchical cache Hierarchy.
[2019.05.23-03.04.28:140][  0]LogMaterial: Verifying Global Shaders for PCD3D_SM5
[2019.05.23-03.04.28:141][  0]LogSlate: Using FreeType 2.6.0
[2019.05.23-03.04.28:142][  0]LogSlate: SlateFontServices - WITH_FREETYPE: 1, WITH_HARFBUZZ: 1
[2019.05.23-03.04.28:224][  0]LogAssetRegistry: FAssetRegistry took 0.0364 seconds to start up
[2019.05.23-03.04.28:577][  0]LogInit: Selected Device Profile: [Windows]
[2019.05.23-03.04.28:729][  0]LogSimplygon: Simplygon DLL not present - disabling.
[2019.05.23-03.04.28:737][  0]LogMeshReduction: Using SimplygonSwarm for distributed automatic mesh merging
[2019.05.23-03.04.28:737][  0]LogMeshReduction: Using ProxyLODMeshReduction for automatic mesh merging
[2019.05.23-03.04.28:737][  0]LogMeshReduction: Using QuadricMeshReduction for automatic static mesh reduction
[2019.05.23-03.04.28:737][  0]LogMeshReduction: No automatic skeletal mesh reduction module available
[2019.05.23-03.04.28:751][  0]LogNetVersion: MountainAndSea 1.0.0, NetCL: 4541578, EngineNetVer: 5, GameNetVer: 0 (Checksum: 3138369148)
[2019.05.23-03.04.29:191][  0]LogPackageLocalizationCache: Processed 11 localized package path(s) for 1 prioritized culture(s) in 0.048962 seconds
[2019.05.23-03.04.29:199][  0]LogUObjectArray: 39776 objects as part of root set at end of initial load.
[2019.05.23-03.04.29:199][  0]LogUObjectAllocator: 6914888 out of 0 bytes used by permanent object pool.
[2019.05.23-03.04.29:199][  0]LogUObjectArray: CloseDisregardForGC: 0/0 objects in disregard for GC pool
[2019.05.23-03.04.30:090][  0]LogTcpMessaging: Initializing TcpMessaging bridge
[2019.05.23-03.04.30:108][  0]LogUdpMessaging: Initializing bridge on interface 0.0.0.0:0 to multicast group 230.0.0.1:6666.
[2019.05.23-03.04.30:976][  0]SourceControl: Source control is disabled
[2019.05.23-03.04.30:976][  0]SourceControl: Source control is disabled
[2019.05.23-03.04.30:980][  0]SourceControl: Source control is disabled
[2019.05.23-03.04.30:982][  0]SourceControl: Source control is disabled
[2019.05.23-03.04.31:237][  0]LogAndroidPermission: UAndroidPermissionCallbackProxy::GetInstance
[2019.05.23-03.04.31:361][  0]LogOcInput: OculusInput pre-init called
[2019.05.23-03.04.31:537][  0]LogEngine: Initializing Engine...
[2019.05.23-03.04.31:537][  0]LogHMD: Failed to initialize OpenVR with code 110
[2019.05.23-03.04.31:539][  0]LogStats: UGameplayTagsManager::ConstructGameplayTagTree: ImportINI prefixes -  0.000 s
[2019.05.23-03.04.31:539][  0]LogStats: UGameplayTagsManager::ConstructGameplayTagTree: Construct from data asset -  0.000 s
[2019.05.23-03.04.31:539][  0]LogStats: UGameplayTagsManager::ConstructGameplayTagTree: ImportINI -  0.000 s
[2019.05.23-03.04.31:539][  0]LogStats: UGameplayTagsManager::ConstructGameplayTagTree: GameplayTagTreeChangedEvent.Broadcast -  0.000 s
[2019.05.23-03.04.31:776][  0]LogInit: Initializing FReadOnlyCVARCache
[2019.05.23-03.04.31:793][  0]LogAIModule: Creating AISystem for world Untitled
[2019.05.23-03.04.31:814][  0]LogInit: XAudio2 using '扬声器 (2- High Definition Audio 设备)' : 2 channels at 48 kHz using 16 bits per sample (channel mask 0x3)
[2019.05.23-03.04.31:849][  0]LogInit: FAudioDevice initialized.
[2019.05.23-03.04.31:850][  0]LogNetVersion: Set ProjectVersion to 1.0.0.0. Version Checksum will be recalculated on next use.
[2019.05.23-03.04.31:942][  0]LogDerivedDataCache: Saved boot cache 0.09s 74MB C:/Users/yifan/AppData/Local/UnrealEngine/4.21/DerivedDataCache/Boot.ddc.
[2019.05.23-03.04.31:965][  0]LogInit: Texture streaming: Enabled
[2019.05.23-03.04.31:994][  0]LogEngineSessionManager: EngineSessionManager initialized
[2019.05.23-03.04.32:006][  0]LogInit: Transaction tracking system initialized
[2019.05.23-03.04.32:040][  0]BlueprintLog: New page: Editor Load
[2019.05.23-03.04.32:155][  0]LocalizationService: Localization service is disabled
[2019.05.23-03.04.32:769][  0]LogCook: Display: Max memory allowance for cook 16384mb min free memory 0mb
[2019.05.23-03.04.32:770][  0]LogCook: Display: Mobile HDR setting 1
[2019.05.23-03.04.32:770][  0]LogGameplayTags: Display: UGameplayTagsManager::DoneAddingNativeTags. DelegateIsBound: 0
[2019.05.23-03.04.32:770][  0]LogFileCache: Scanning file cache for directory 'D:/UnrealEngineProject/MountainAndSea/Content/' took 0.02s
[2019.05.23-03.04.32:770][  0]LogStats: UGameplayTagsManager::ConstructGameplayTagTree: ImportINI prefixes -  0.000 s
[2019.05.23-03.04.32:770][  0]LogStats: UGameplayTagsManager::ConstructGameplayTagTree: Construct from data asset -  0.000 s
[2019.05.23-03.04.32:770][  0]LogStats: UGameplayTagsManager::ConstructGameplayTagTree: ImportINI -  0.000 s
[2019.05.23-03.04.32:770][  0]LogStats: UGameplayTagsManager::ConstructGameplayTagTree: GameplayTagTreeChangedEvent.Broadcast -  0.000 s
[2019.05.23-03.04.32:969][  0]SourceControl: Source control is disabled
[2019.05.23-03.04.32:969][  0]Cmd: MAP LOAD FILE="../../../../../../UnrealEngineProject/MountainAndSea/Content/ThirdPersonCPP/Maps/ThirdPersonExampleMap.umap" TEMPLATE=0 SHOWPROGRESS=1 FEATURELEVEL=3
[2019.05.23-03.04.32:970][  0]LightingResults: New page: Lighting Build
[2019.05.23-03.04.32:973][  0]MapCheck: New page: Map Check
[2019.05.23-03.04.32:973][  0]LightingResults: New page: Lighting Build
[2019.05.23-03.04.33:205][  0]LogAIModule: Creating AISystem for world ThirdPersonExampleMap
[2019.05.23-03.04.33:226][  0]LogEditorServer: Finished looking for orphan Actors (0.000 secs)
[2019.05.23-03.04.33:272][  0]Cmd: MAP CHECKDEP NOCLEARLOG
[2019.05.23-03.04.33:272][  0]MapCheck: Map check complete: 0 Error(s), 0 Warning(s), took 0.122ms to complete.
[2019.05.23-03.04.33:272][  0]LogFileHelpers: Loading map 'ThirdPersonExampleMap' took 0.303
[2019.05.23-03.04.33:387][  0]LogSlate: Updating window title bar state: overlay mode, drag disabled, window buttons hidden, title bar hidden
[2019.05.23-03.04.33:399][  0]LogSlate: Updating window title bar state: overlay mode, drag disabled, window buttons hidden, title bar hidden
[2019.05.23-03.04.33:411][  0]LogSlate: Updating window title bar state: overlay mode, drag disabled, window buttons hidden, title bar hidden
[2019.05.23-03.04.33:420][  0]LogSlate: Updating window title bar state: overlay mode, drag disabled, window buttons hidden, title bar hidden
[2019.05.23-03.04.33:427][  0]LogCollectionManager: Loaded 0 collections in 0.000838 seconds
[2019.05.23-03.04.33:462][  0]LogFileCache: Scanning file cache for directory 'D:/UnrealEngineProject/MountainAndSea/Saved/Collections/' took 0.01s
[2019.05.23-03.04.33:462][  0]LogFileCache: Scanning file cache for directory 'D:/UnrealEngineProject/MountainAndSea/Content/Developers/yifan/Collections/' took 0.01s
[2019.05.23-03.04.33:462][  0]LogFileCache: Scanning file cache for directory 'D:/UnrealEngineProject/MountainAndSea/Content/Collections/' took 0.00s
[2019.05.23-03.04.33:462][  0]LogCollectionManager: Rebuilt the GUID cache for 0 collections in 0.000000 seconds
[2019.05.23-03.04.33:479][  0]LogContentBrowser: Native class hierarchy populated in 0.0165 seconds. Added 2658 classes and 625 folders.
[2019.05.23-03.04.33:484][  0]LogContentBrowser: Native class hierarchy updated for 'WidgetCarousel' in 0.0004 seconds. Added 0 classes and 0 folders.
[2019.05.23-03.04.33:487][  0]LogPakFile: Registered encryption key '00000000000000000000000000000000': 0 pak files mounted, 0 remain pending
[2019.05.23-03.04.33:488][  0]LogPakFile: Registered encryption key '00000000000000000000000000000000': 0 pak files mounted, 0 remain pending
[2019.05.23-03.04.33:488][  0]LogPakFile: Registered encryption key '00000000000000000000000000000000': 0 pak files mounted, 0 remain pending
[2019.05.23-03.04.33:489][  0]LogPakFile: Registered encryption key '00000000000000000000000000000000': 0 pak files mounted, 0 remain pending
[2019.05.23-03.04.33:490][  0]LogPakFile: Registered encryption key '00000000000000000000000000000000': 0 pak files mounted, 0 remain pending
[2019.05.23-03.04.33:490][  0]LogPakFile: Registered encryption key '00000000000000000000000000000000': 0 pak files mounted, 0 remain pending
[2019.05.23-03.04.33:491][  0]LogPakFile: Registered encryption key '00000000000000000000000000000000': 0 pak files mounted, 0 remain pending
[2019.05.23-03.04.33:492][  0]LogPakFile: Registered encryption key '00000000000000000000000000000000': 0 pak files mounted, 0 remain pending
[2019.05.23-03.04.33:492][  0]LogPakFile: Registered encryption key '00000000000000000000000000000000': 0 pak files mounted, 0 remain pending
[2019.05.23-03.04.33:493][  0]LogPakFile: Registered encryption key '00000000000000000000000000000000': 0 pak files mounted, 0 remain pending
[2019.05.23-03.04.33:494][  0]LogPakFile: Registered encryption key '00000000000000000000000000000000': 0 pak files mounted, 0 remain pending
[2019.05.23-03.04.33:495][  0]LogPakFile: Registered encryption key '00000000000000000000000000000000': 0 pak files mounted, 0 remain pending
[2019.05.23-03.04.33:495][  0]LogPakFile: Registered encryption key '00000000000000000000000000000000': 0 pak files mounted, 0 remain pending
[2019.05.23-03.04.33:496][  0]LogPakFile: Registered encryption key '00000000000000000000000000000000': 0 pak files mounted, 0 remain pending
[2019.05.23-03.04.33:497][  0]LogPakFile: Registered encryption key '00000000000000000000000000000000': 0 pak files mounted, 0 remain pending
[2019.05.23-03.04.33:497][  0]LogPakFile: Registered encryption key '00000000000000000000000000000000': 0 pak files mounted, 0 remain pending
[2019.05.23-03.04.33:498][  0]LogPakFile: Registered encryption key '00000000000000000000000000000000': 0 pak files mounted, 0 remain pending
[2019.05.23-03.04.33:498][  0]LogPakFile: Registered encryption key '00000000000000000000000000000000': 0 pak files mounted, 0 remain pending
[2019.05.23-03.04.33:499][  0]LogPakFile: Registered encryption key '00000000000000000000000000000000': 0 pak files mounted, 0 remain pending
[2019.05.23-03.04.33:499][  0]LogPakFile: Registered encryption key '00000000000000000000000000000000': 0 pak files mounted, 0 remain pending
[2019.05.23-03.04.33:500][  0]LogPakFile: Registered encryption key '00000000000000000000000000000000': 0 pak files mounted, 0 remain pending
[2019.05.23-03.04.33:500][  0]LogPakFile: Registered encryption key '00000000000000000000000000000000': 0 pak files mounted, 0 remain pending
[2019.05.23-03.04.33:501][  0]LogPakFile: Registered encryption key '00000000000000000000000000000000': 0 pak files mounted, 0 remain pending
[2019.05.23-03.04.33:501][  0]LogPakFile: Registered encryption key '00000000000000000000000000000000': 0 pak files mounted, 0 remain pending
[2019.05.23-03.04.33:502][  0]LogPakFile: Registered encryption key '00000000000000000000000000000000': 0 pak files mounted, 0 remain pending
[2019.05.23-03.04.33:502][  0]LogPakFile: Registered encryption key '00000000000000000000000000000000': 0 pak files mounted, 0 remain pending
[2019.05.23-03.04.33:527][  0]LogContentBrowser: Native class hierarchy updated for 'AddContentDialog' in 0.0003 seconds. Added 0 classes and 0 folders.
[2019.05.23-03.04.33:533][  0]LogContentBrowser: Native class hierarchy updated for 'SceneOutliner' in 0.0006 seconds. Added 1 classes and 2 folders.
[2019.05.23-03.04.33:613][  0]LogSlate: Took 0.000261 seconds to synchronously load lazily loaded font '../../../Engine/Content/Slate/Fonts/Roboto-Regular.ttf' (155K)
[2019.05.23-03.04.33:617][  0]LogSlate: Took 0.000210 seconds to synchronously load lazily loaded font '../../../Engine/Content/Slate/Fonts/Roboto-Bold.ttf' (160K)
[2019.05.23-03.04.33:629][  0]LogSlate: Took 0.003001 seconds to synchronously load lazily loaded font '../../../Engine/Content/Editor/Slate/Fonts/FontAwesome.ttf' (139K)
[2019.05.23-03.04.33:709][  0]LogRenderer: Reallocating scene render targets to support 1148x580 Format 10 NumSamples 1 (Frame:1).
[2019.05.23-03.04.33:838][  0]LogContentBrowser: Native class hierarchy updated for 'HierarchicalLODOutliner' in 0.0006 seconds. Added 0 classes and 0 folders.
[2019.05.23-03.04.33:838][  0]LogLoad: (Engine Initialization) Total time: 10.52 seconds
[2019.05.23-03.04.33:838][  0]LogLoad: (Engine Initialization) Total Blueprint compile time: 0.00 seconds
[2019.05.23-03.04.33:850][  0]LogWindowsTextInputMethodSystem: Display: IME system now activated using TSF (微软拼音).
[2019.05.23-03.04.33:920][  0]LogContentStreaming: Texture pool size now 1000 MB
[2019.05.23-03.04.33:957][  0]LogSlate: Took 0.000184 seconds to synchronously load lazily loaded font '../../../Engine/Content/Slate/Fonts/Roboto-Light.ttf' (167K)
[2019.05.23-03.04.34:009][  1]LogAssetRegistry: Asset discovery search completed in 5.8101 seconds
[2019.05.23-03.04.34:011][  1]LogCollectionManager: Rebuilt the object cache for 0 collections in 0.000000 seconds (found 0 objects)
[2019.05.23-03.04.34:011][  1]LogCollectionManager: Fixed up redirectors for 0 collections in 0.000139 seconds (updated 0 objects)
[2019.05.23-03.04.40:299][741]LogSlate: FSceneViewport::OnFocusLost() reason 0
[2019.05.23-03.04.40:407][754]LogTemp: Repeating last play command: Selected Viewport
[2019.05.23-03.04.40:424][754]LogBlueprintUserMessages: Early PlayInEditor Detection: Level '/Game/ThirdPersonCPP/Maps/ThirdPersonExampleMap.ThirdPersonExampleMap:PersistentLevel' has LevelScriptBlueprint '/Game/ThirdPersonCPP/Maps/ThirdPersonExampleMap.ThirdPersonExampleMap:PersistentLevel.ThirdPersonExampleMap' with GeneratedClass '/Game/ThirdPersonCPP/Maps/ThirdPersonExampleMap.ThirdPersonExampleMap_C' with ClassGeneratedBy '/Game/ThirdPersonCPP/Maps/ThirdPersonExampleMap.ThirdPersonExampleMap:PersistentLevel.ThirdPersonExampleMap'
[2019.05.23-03.04.40:424][754]LogPlayLevel: PlayLevel: No blueprints needed recompiling
[2019.05.23-03.04.40:425][754]PIE: New page: PIE session: ThirdPersonExampleMap (May 23, 2019, 7:04:40 PM)
[2019.05.23-03.04.40:438][754]LogPlayLevel: Creating play world package: /Game/ThirdPersonCPP/Maps/UEDPIE_0_ThirdPersonExampleMap
[2019.05.23-03.04.40:455][754]LogPlayLevel: PIE: StaticDuplicateObject took: (0.016068s)
[2019.05.23-03.04.40:455][754]LogAIModule: Creating AISystem for world ThirdPersonExampleMap
[2019.05.23-03.04.40:455][754]LogPlayLevel: PIE: World Init took: (0.000766s)
[2019.05.23-03.04.40:456][754]LogPlayLevel: PIE: Created PIE world by copying editor world from /Game/ThirdPersonCPP/Maps/ThirdPersonExampleMap.ThirdPersonExampleMap to /Game/ThirdPersonCPP/Maps/UEDPIE_0_ThirdPersonExampleMap.ThirdPersonExampleMap (0.017335s)
[2019.05.23-03.04.40:513][754]LogInit: XAudio2 using '扬声器 (2- High Definition Audio 设备)' : 2 channels at 48 kHz using 16 bits per sample (channel mask 0x3)
[2019.05.23-03.04.40:521][754]LogInit: FAudioDevice initialized.
[2019.05.23-03.04.40:566][754]LogLoad: Game class is 'MyGameMode_C'
[2019.05.23-03.04.40:569][754]LogWorld: Bringing World /Game/ThirdPersonCPP/Maps/UEDPIE_0_ThirdPersonExampleMap.ThirdPersonExampleMap up for play (max tick rate 0) at 2019.05.23-11.04.40
[2019.05.23-03.04.40:570][754]LogWorld: Bringing up level for play took: 0.001559
[2019.05.23-03.04.40:589][754]LogContentBrowser: Native class hierarchy updated for 'MovieSceneCapture' in 0.0007 seconds. Added 20 classes and 0 folders.
[2019.05.23-03.04.40:594][754]PIE: Play in editor start time for /Game/ThirdPersonCPP/Maps/UEDPIE_0_ThirdPersonExampleMap -0.55
[2019.05.23-03.04.40:595][754]LogBlueprintUserMessages: Late PlayInEditor Detection: Level '/Game/ThirdPersonCPP/Maps/ThirdPersonExampleMap.ThirdPersonExampleMap:PersistentLevel' has LevelScriptBlueprint '/Game/ThirdPersonCPP/Maps/ThirdPersonExampleMap.ThirdPersonExampleMap:PersistentLevel.ThirdPersonExampleMap' with GeneratedClass '/Game/ThirdPersonCPP/Maps/ThirdPersonExampleMap.ThirdPersonExampleMap_C' with ClassGeneratedBy '/Game/ThirdPersonCPP/Maps/ThirdPersonExampleMap.ThirdPersonExampleMap:PersistentLevel.ThirdPersonExampleMap'
